[0.000000] (-) TimerEvent: {}
[0.000718] (-) JobUnselected: {'identifier': 'create_bringup'}
[0.001000] (-) JobUnselected: {'identifier': 'create_description'}
[0.001041] (-) JobUnselected: {'identifier': 'create_msgs'}
[0.001076] (-) JobUnselected: {'identifier': 'create_robot'}
[0.001110] (generic_motor_driver) JobQueued: {'identifier': 'generic_motor_driver', 'dependencies': OrderedDict()}
[0.001132] (generic_motor_driver) JobStarted: {'identifier': 'generic_motor_driver'}
[0.012398] (generic_motor_driver) JobProgress: {'identifier': 'generic_motor_driver', 'progress': 'cmake'}
[0.013640] (generic_motor_driver) JobProgress: {'identifier': 'generic_motor_driver', 'progress': 'build'}
[0.014319] (generic_motor_driver) Command: {'cmd': ['/usr/bin/cmake', '--build', '/home/user/test_ws/build/generic_motor_driver', '--', '-j8', '-l8'], 'cwd': '/home/user/test_ws/build/generic_motor_driver', 'env': OrderedDict([('GJS_DEBUG_TOPICS', 'JS ERROR;JS LOG'), ('LESSOPEN', '| /usr/bin/lesspipe %s'), ('VSCODE_CWD', '/home/user'), ('VSCODE_ESM_ENTRYPOINT', 'vs/workbench/api/node/extensionHostProcess'), ('USER', 'user'), ('VSCODE_NLS_CONFIG', '{"userLocale":"en-us","osLocale":"en-us","resolvedLanguage":"en","defaultMessagesFile":"/usr/share/cursor/resources/app/out/nls.messages.json","locale":"en-us","availableLanguages":{}}'), ('VSCODE_HANDLES_UNCAUGHT_ERRORS', 'true'), ('XDG_SESSION_TYPE', 'wayland'), ('SHLVL', '0'), ('LD_LIBRARY_PATH', '/home/user/create3_examples_ws/install/create3_coverage/lib:/home/user/create3_examples_ws/install/create3_examples_msgs/lib:/home/user/create_ws/install/libcreate/lib:/home/user/create_ws/install/create_msgs/lib:/usr/lib/x86_64-linux-gnu/gazebo-11/plugins:/opt/ros/humble/opt/rviz_ogre_vendor/lib:/opt/ros/humble/lib/x86_64-linux-gnu:/opt/ros/humble/lib:/usr/lib/x86_64-linux-gnu/gazebo-11/plugins::/usr/lib/x86_64-linux-gnu/gazebo-11/plugins:/usr/lib/x86_64-linux-gnu/gazebo-11/plugins:'), ('HOME', '/home/user'), ('CHROME_DESKTOP', 'cursor.desktop'), ('OLDPWD', '/home/user/test_ws'), ('DESKTOP_SESSION', 'ubuntu'), ('NVM_BIN', '/home/user/.nvm/versions/node/v22.20.0/bin'), ('NVM_INC', '/home/user/.nvm/versions/node/v22.20.0/include/node'), ('VSCODE_IPC_HOOK', '/run/user/1000/vscode-204de299-1.7.-main.sock'), ('GIO_LAUNCHED_DESKTOP_FILE', '/usr/share/applications/cursor.desktop'), ('GAZEBO_MASTER_URI', 'http://localhost:11345'), ('ROS_PYTHON_VERSION', '3'), ('GNOME_SHELL_SESSION_MODE', 'ubuntu'), ('GTK_MODULES', 'gail:atk-bridge'), ('MANAGERPID', '1786'), ('SYSTEMD_EXEC_PID', '1961'), ('IM_CONFIG_CHECK_ENV', '1'), ('NO_COLOR', '1'), ('DBUS_SESSION_BUS_ADDRESS', 'unix:path=/run/user/1000/bus'), ('GIO_LAUNCHED_DESKTOP_FILE_PID', '4877'), ('NVM_DIR', '/home/user/.nvm'), ('VSCODE_CRASH_REPORTER_PROCESS_TYPE', 'extensionHost'), ('IM_CONFIG_PHASE', '1'), ('WAYLAND_DISPLAY', 'wayland-0'), ('VSCODE_L10N_BUNDLE_LOCATION', ''), ('COLCON_PREFIX_PATH', '/home/user/create3_examples_ws/install:/home/user/create_ws/install:/home/user/sweepbot_ws/install:/home/user/launch_ws/install'), ('ROS_DISTRO', 'humble'), ('LOGNAME', 'user'), ('FORCE_COLOR', '0'), ('JOURNAL_STREAM', '8:13067'), ('_', '/usr/bin/colcon'), ('ROS_VERSION', '2'), ('PKG_CONFIG_PATH', '/home/user/create_ws/install/libcreate/lib/x86_64-linux-gnu/pkgconfig:/home/user/create_ws/install/libcreate/lib/pkgconfig'), ('XDG_SESSION_CLASS', 'user'), ('USERNAME', 'user'), ('TERM', 'dumb'), ('GAZEBO_MODEL_PATH', '/usr/share/gazebo-11/models:/usr/share/gazebo-11/models:'), ('GNOME_DESKTOP_SESSION_ID', 'this-is-deprecated'), ('ROS_LOCALHOST_ONLY', '0'), ('COMPOSER_NO_INTERACTION', '1'), ('OGRE_RESOURCE_PATH', '/usr/lib/x86_64-linux-gnu/OGRE-1.9.0'), ('PATH', '/home/user/.local/bin:/home/user/.local/bin:/home/user/.nvm/versions/node/v22.20.0/bin:/opt/ros/humble/bin:/home/user/.local/bin:/usr/local/sbin:/usr/local/bin:/usr/sbin:/usr/bin:/sbin:/bin:/usr/games:/usr/local/games:/snap/bin:/snap/bin:/usr/bin/arduino-ide:/usr/bin/arduino-ide:/usr/bin/arduino-ide'), ('SESSION_MANAGER', 'local/mysweep1:@/tmp/.ICE-unix/1932,unix/mysweep1:/tmp/.ICE-unix/1932'), ('INVOCATION_ID', 'd10bfacdcb0c421dbe7dacac933c8ded'), ('XDG_MENU_PREFIX', 'gnome-'), ('VSCODE_PROCESS_TITLE', 'extension-host  [1-1]'), ('GNOME_SETUP_DISPLAY', ':1'), ('XDG_RUNTIME_DIR', '/run/user/1000'), ('GDK_BACKEND', 'x11'), ('CURSOR_AGENT', '1'), ('DISPLAY', ':0'), ('LANG', 'en_US.UTF-8'), ('XDG_CURRENT_DESKTOP', 'Unity'), ('RMW_IMPLEMENTATION', 'rmw_cyclonedds_cpp'), ('XMODIFIERS', '@im=ibus'), ('XDG_SESSION_DESKTOP', 'ubuntu'), ('XAUTHORITY', '/run/user/1000/.mutter-Xwaylandauth.UD36E3'), ('LS_COLORS', ''), ('CURSOR_TRACE_ID', '73558fa22b31401d8a5c811f263a4d53'), ('SSH_AGENT_LAUNCHER', 'gnome-keyring'), ('SSH_AUTH_SOCK', '/run/user/1000/keyring/ssh'), ('AMENT_PREFIX_PATH', '/home/user/launch_ws/install/py_launch_example:/home/user/create3_examples_ws/install/create3_teleop:/home/user/create3_examples_ws/install/create3_republisher:/home/user/create3_examples_ws/install/create3_lidar_slam:/home/user/create3_examples_ws/install/create3_examples_py:/home/user/create3_examples_ws/install/create3_coverage:/home/user/create3_examples_ws/install/create3_examples_msgs:/home/user/create_ws/install/create_robot:/home/user/create_ws/install/create_bringup:/home/user/create_ws/install/create_driver:/home/user/create_ws/install/create_msgs:/home/user/create_ws/install/create_description:/home/user/sweepbot_ws/install/sweepbot:/home/user/sweepbot_ws/install/my_teleop_config:/opt/ros/humble'), ('ORIGINAL_XDG_CURRENT_DESKTOP', 'ubuntu:GNOME'), ('SHELL', '/bin/bash'), ('QT_ACCESSIBILITY', '1'), ('GDMSESSION', 'ubuntu'), ('LESSCLOSE', '/usr/bin/lesspipe %s %s'), ('GAZEBO_RESOURCE_PATH', '/usr/share/gazebo-11:/usr/share/gazebo-11:'), ('GJS_DEBUG_OUTPUT', 'stderr'), ('GAZEBO_MODEL_DATABASE_URI', 'http://models.gazebosim.org'), ('QT_IM_MODULE', 'ibus'), ('PWD', '/home/user/test_ws/build/generic_motor_driver'), ('TURTLEBOT3_MODEL', 'waffle'), ('LC_ALL', 'en_US.UTF-8'), ('XDG_CONFIG_DIRS', '/etc/xdg/xdg-ubuntu:/etc/xdg'), ('VSCODE_CODE_CACHE_PATH', '/home/user/.config/Cursor/CachedData/9d178a4a5589981b62546448bb32920a8219a5d0'), ('GAZEBO_PLUGIN_PATH', '/usr/lib/x86_64-linux-gnu/gazebo-11/plugins:/usr/lib/x86_64-linux-gnu/gazebo-11/plugins:'), ('NVM_CD_FLAGS', ''), ('XDG_DATA_DIRS', '/usr/share/ubuntu:/usr/local/share/:/usr/share/:/var/lib/snapd/desktop'), ('PYTHONPATH', '/home/user/launch_ws/install/py_launch_example/lib/python3.10/site-packages:/home/user/create3_examples_ws/install/create3_teleop/lib/python3.10/site-packages:/home/user/create3_examples_ws/install/create3_examples_py/lib/python3.10/site-packages:/home/user/create3_examples_ws/install/create3_examples_msgs/local/lib/python3.10/dist-packages:/home/user/create_ws/install/create_msgs/local/lib/python3.10/dist-packages:/home/user/sweepbot_ws/install/sweepbot/lib/python3.10/site-packages:/home/user/sweepbot_ws/install/my_teleop_config/lib/python3.10/site-packages:/opt/ros/humble/lib/python3.10/site-packages:/opt/ros/humble/local/lib/python3.10/dist-packages'), ('COLCON', '1'), ('CMAKE_PREFIX_PATH', '/home/user/create3_examples_ws/install/create3_republisher:/home/user/create3_examples_ws/install/create3_lidar_slam:/home/user/create3_examples_ws/install/create3_coverage:/home/user/create3_examples_ws/install/create3_examples_msgs:/home/user/create_ws/install/create_robot:/home/user/create_ws/install/create_bringup:/home/user/create_ws/install/create_driver:/home/user/create_ws/install/libcreate:/home/user/create_ws/install/create_msgs:/home/user/create_ws/install/create_description:/home/user/launch_ws/install/py_launch_example:/home/user/create3_examples_ws/install/create3_teleop:/home/user/create3_examples_ws/install/create3_examples_py:/home/user/sweepbot_ws/install/sweepbot:/home/user/sweepbot_ws/install/my_teleop_config:/opt/ros/humble'), ('VSCODE_PID', '4877')]), 'shell': False}
[0.089100] (generic_motor_driver) StdoutLine: {'line': b'[ 50%] Built target relay_controller\n'}
[0.090271] (generic_motor_driver) StdoutLine: {'line': b'[ 75%] Building CXX object CMakeFiles/generic_motor_driver.dir/src/generic_motor_driver.cpp.o\n'}
[0.099352] (-) TimerEvent: {}
[0.199544] (-) TimerEvent: {}
[0.299694] (-) TimerEvent: {}
[0.399880] (-) TimerEvent: {}
[0.500058] (-) TimerEvent: {}
[0.600245] (-) TimerEvent: {}
[0.700455] (-) TimerEvent: {}
[0.800718] (-) TimerEvent: {}
[0.900982] (-) TimerEvent: {}
[1.001207] (-) TimerEvent: {}
[1.101426] (-) TimerEvent: {}
[1.201662] (-) TimerEvent: {}
[1.301902] (-) TimerEvent: {}
[1.402081] (-) TimerEvent: {}
[1.502269] (-) TimerEvent: {}
[1.602558] (-) TimerEvent: {}
[1.702770] (-) TimerEvent: {}
[1.802966] (-) TimerEvent: {}
[1.903160] (-) TimerEvent: {}
[2.003355] (-) TimerEvent: {}
[2.103553] (-) TimerEvent: {}
[2.203793] (-) TimerEvent: {}
[2.304018] (-) TimerEvent: {}
[2.404229] (-) TimerEvent: {}
[2.504420] (-) TimerEvent: {}
[2.604624] (-) TimerEvent: {}
[2.704798] (-) TimerEvent: {}
[2.804984] (-) TimerEvent: {}
[2.905179] (-) TimerEvent: {}
[3.005372] (-) TimerEvent: {}
[3.105556] (-) TimerEvent: {}
[3.205711] (-) TimerEvent: {}
[3.305860] (-) TimerEvent: {}
[3.406042] (-) TimerEvent: {}
[3.506231] (-) TimerEvent: {}
[3.606419] (-) TimerEvent: {}
[3.607288] (generic_motor_driver) StderrLine: {'line': b'In file included from /home/user/test_ws/src/create_robot/create_driver/src/generic_motor_driver.cpp:29:\n'}
[3.607468] (generic_motor_driver) StderrLine: {'line': b'/home/user/test_ws/src/create_robot/create_driver/include/create_driver/generic_motor_driver.h: In constructor \xe2\x80\x98GenericMotorDriver::GenericMotorDriver()\xe2\x80\x99:\n'}
[3.607545] (generic_motor_driver) StderrLine: {'line': b'/home/user/test_ws/src/create_robot/create_driver/include/create_driver/generic_motor_driver.h:108:8: warning: \xe2\x80\x98GenericMotorDriver::is_running_slowly_\xe2\x80\x99 will be initialized after [-Wreorder]\n'}
[3.607604] (generic_motor_driver) StderrLine: {'line': b'  108 |   bool is_running_slowly_;\n'}
[3.607697] (generic_motor_driver) StderrLine: {'line': b'      |        ^~~~~~~~~~~~~~~~~~\n'}
[3.607749] (generic_motor_driver) StderrLine: {'line': b'/home/user/test_ws/src/create_robot/create_driver/include/create_driver/generic_motor_driver.h:92:33: warning:   \xe2\x80\x98tf2_ros::TransformBroadcaster GenericMotorDriver::tf_broadcaster_\xe2\x80\x99 [-Wreorder]\n'}
[3.607803] (generic_motor_driver) StderrLine: {'line': b'   92 |   tf2_ros::TransformBroadcaster tf_broadcaster_;\n'}
[3.607871] (generic_motor_driver) StderrLine: {'line': b'      |                                 ^~~~~~~~~~~~~~~\n'}
[3.607921] (generic_motor_driver) StderrLine: {'line': b'/home/user/test_ws/src/create_robot/create_driver/src/generic_motor_driver.cpp:43:1: warning:   when initialized here [-Wreorder]\n'}
[3.607972] (generic_motor_driver) StderrLine: {'line': b'   43 | GenericMotorDriver::GenericMotorDriver()\n'}
[3.608023] (generic_motor_driver) StderrLine: {'line': b'      | ^~~~~~~~~~~~~~~~~~\n'}
[3.706508] (-) TimerEvent: {}
[3.806677] (-) TimerEvent: {}
[3.906880] (-) TimerEvent: {}
[4.007063] (-) TimerEvent: {}
[4.107245] (-) TimerEvent: {}
[4.207396] (-) TimerEvent: {}
[4.307659] (-) TimerEvent: {}
[4.407830] (-) TimerEvent: {}
[4.508003] (-) TimerEvent: {}
[4.608266] (-) TimerEvent: {}
[4.708512] (-) TimerEvent: {}
[4.808679] (-) TimerEvent: {}
[4.908869] (-) TimerEvent: {}
[5.009043] (-) TimerEvent: {}
[5.109233] (-) TimerEvent: {}
[5.209416] (-) TimerEvent: {}
[5.309728] (-) TimerEvent: {}
[5.409999] (-) TimerEvent: {}
[5.510226] (-) TimerEvent: {}
[5.610423] (-) TimerEvent: {}
[5.710616] (-) TimerEvent: {}
[5.810862] (-) TimerEvent: {}
[5.911076] (-) TimerEvent: {}
[6.011285] (-) TimerEvent: {}
[6.111531] (-) TimerEvent: {}
[6.211719] (-) TimerEvent: {}
[6.311927] (-) TimerEvent: {}
[6.412106] (-) TimerEvent: {}
[6.512281] (-) TimerEvent: {}
[6.612506] (-) TimerEvent: {}
[6.712726] (-) TimerEvent: {}
[6.812967] (-) TimerEvent: {}
[6.913191] (-) TimerEvent: {}
[7.013413] (-) TimerEvent: {}
[7.113604] (-) TimerEvent: {}
[7.213793] (-) TimerEvent: {}
[7.314001] (-) TimerEvent: {}
[7.414212] (-) TimerEvent: {}
[7.514475] (-) TimerEvent: {}
[7.614666] (-) TimerEvent: {}
[7.714871] (-) TimerEvent: {}
[7.815104] (-) TimerEvent: {}
[7.915285] (-) TimerEvent: {}
[8.015539] (-) TimerEvent: {}
[8.115729] (-) TimerEvent: {}
[8.215914] (-) TimerEvent: {}
[8.316124] (-) TimerEvent: {}
[8.416302] (-) TimerEvent: {}
[8.516543] (-) TimerEvent: {}
[8.616726] (-) TimerEvent: {}
[8.716910] (-) TimerEvent: {}
[8.817090] (-) TimerEvent: {}
[8.917265] (-) TimerEvent: {}
[9.017479] (-) TimerEvent: {}
[9.117659] (-) TimerEvent: {}
[9.217849] (-) TimerEvent: {}
[9.318034] (-) TimerEvent: {}
[9.418214] (-) TimerEvent: {}
[9.518392] (-) TimerEvent: {}
[9.618595] (-) TimerEvent: {}
[9.718749] (-) TimerEvent: {}
[9.818934] (-) TimerEvent: {}
[9.919086] (-) TimerEvent: {}
[10.019266] (-) TimerEvent: {}
[10.119485] (-) TimerEvent: {}
[10.219650] (-) TimerEvent: {}
[10.319822] (-) TimerEvent: {}
[10.420003] (-) TimerEvent: {}
[10.520187] (-) TimerEvent: {}
[10.620366] (-) TimerEvent: {}
[10.720595] (-) TimerEvent: {}
[10.820770] (-) TimerEvent: {}
[10.920927] (-) TimerEvent: {}
[11.021126] (-) TimerEvent: {}
[11.121321] (-) TimerEvent: {}
[11.221517] (-) TimerEvent: {}
[11.321717] (-) TimerEvent: {}
[11.421883] (-) TimerEvent: {}
[11.522061] (-) TimerEvent: {}
[11.622264] (-) TimerEvent: {}
[11.722515] (-) TimerEvent: {}
[11.822704] (-) TimerEvent: {}
[11.922940] (-) TimerEvent: {}
[12.023175] (-) TimerEvent: {}
[12.123377] (-) TimerEvent: {}
[12.223614] (-) TimerEvent: {}
[12.323869] (-) TimerEvent: {}
[12.424077] (-) TimerEvent: {}
[12.524279] (-) TimerEvent: {}
[12.624517] (-) TimerEvent: {}
[12.724673] (-) TimerEvent: {}
[12.824859] (-) TimerEvent: {}
[12.925137] (-) TimerEvent: {}
[13.025338] (-) TimerEvent: {}
[13.125572] (-) TimerEvent: {}
[13.225827] (-) TimerEvent: {}
[13.326107] (-) TimerEvent: {}
[13.426316] (-) TimerEvent: {}
[13.443575] (generic_motor_driver) StdoutLine: {'line': b'[100%] Linking CXX executable generic_motor_driver\n'}
[13.526567] (-) TimerEvent: {}
[13.626795] (-) TimerEvent: {}
[13.727065] (-) TimerEvent: {}
[13.827318] (-) TimerEvent: {}
[13.927552] (-) TimerEvent: {}
[14.027728] (-) TimerEvent: {}
[14.127903] (-) TimerEvent: {}
[14.189150] (generic_motor_driver) StdoutLine: {'line': b'[100%] Built target generic_motor_driver\n'}
[14.203078] (generic_motor_driver) CommandEnded: {'returncode': 0}
[14.204515] (generic_motor_driver) JobProgress: {'identifier': 'generic_motor_driver', 'progress': 'install'}
[14.215412] (generic_motor_driver) Command: {'cmd': ['/usr/bin/cmake', '--install', '/home/user/test_ws/build/generic_motor_driver'], 'cwd': '/home/user/test_ws/build/generic_motor_driver', 'env': OrderedDict([('GJS_DEBUG_TOPICS', 'JS ERROR;JS LOG'), ('LESSOPEN', '| /usr/bin/lesspipe %s'), ('VSCODE_CWD', '/home/user'), ('VSCODE_ESM_ENTRYPOINT', 'vs/workbench/api/node/extensionHostProcess'), ('USER', 'user'), ('VSCODE_NLS_CONFIG', '{"userLocale":"en-us","osLocale":"en-us","resolvedLanguage":"en","defaultMessagesFile":"/usr/share/cursor/resources/app/out/nls.messages.json","locale":"en-us","availableLanguages":{}}'), ('VSCODE_HANDLES_UNCAUGHT_ERRORS', 'true'), ('XDG_SESSION_TYPE', 'wayland'), ('SHLVL', '0'), ('LD_LIBRARY_PATH', '/home/user/create3_examples_ws/install/create3_coverage/lib:/home/user/create3_examples_ws/install/create3_examples_msgs/lib:/home/user/create_ws/install/libcreate/lib:/home/user/create_ws/install/create_msgs/lib:/usr/lib/x86_64-linux-gnu/gazebo-11/plugins:/opt/ros/humble/opt/rviz_ogre_vendor/lib:/opt/ros/humble/lib/x86_64-linux-gnu:/opt/ros/humble/lib:/usr/lib/x86_64-linux-gnu/gazebo-11/plugins::/usr/lib/x86_64-linux-gnu/gazebo-11/plugins:/usr/lib/x86_64-linux-gnu/gazebo-11/plugins:'), ('HOME', '/home/user'), ('CHROME_DESKTOP', 'cursor.desktop'), ('OLDPWD', '/home/user/test_ws'), ('DESKTOP_SESSION', 'ubuntu'), ('NVM_BIN', '/home/user/.nvm/versions/node/v22.20.0/bin'), ('NVM_INC', '/home/user/.nvm/versions/node/v22.20.0/include/node'), ('VSCODE_IPC_HOOK', '/run/user/1000/vscode-204de299-1.7.-main.sock'), ('GIO_LAUNCHED_DESKTOP_FILE', '/usr/share/applications/cursor.desktop'), ('GAZEBO_MASTER_URI', 'http://localhost:11345'), ('ROS_PYTHON_VERSION', '3'), ('GNOME_SHELL_SESSION_MODE', 'ubuntu'), ('GTK_MODULES', 'gail:atk-bridge'), ('MANAGERPID', '1786'), ('SYSTEMD_EXEC_PID', '1961'), ('IM_CONFIG_CHECK_ENV', '1'), ('NO_COLOR', '1'), ('DBUS_SESSION_BUS_ADDRESS', 'unix:path=/run/user/1000/bus'), ('GIO_LAUNCHED_DESKTOP_FILE_PID', '4877'), ('NVM_DIR', '/home/user/.nvm'), ('VSCODE_CRASH_REPORTER_PROCESS_TYPE', 'extensionHost'), ('IM_CONFIG_PHASE', '1'), ('WAYLAND_DISPLAY', 'wayland-0'), ('VSCODE_L10N_BUNDLE_LOCATION', ''), ('COLCON_PREFIX_PATH', '/home/user/create3_examples_ws/install:/home/user/create_ws/install:/home/user/sweepbot_ws/install:/home/user/launch_ws/install'), ('ROS_DISTRO', 'humble'), ('LOGNAME', 'user'), ('FORCE_COLOR', '0'), ('JOURNAL_STREAM', '8:13067'), ('_', '/usr/bin/colcon'), ('ROS_VERSION', '2'), ('PKG_CONFIG_PATH', '/home/user/create_ws/install/libcreate/lib/x86_64-linux-gnu/pkgconfig:/home/user/create_ws/install/libcreate/lib/pkgconfig'), ('XDG_SESSION_CLASS', 'user'), ('USERNAME', 'user'), ('TERM', 'dumb'), ('GAZEBO_MODEL_PATH', '/usr/share/gazebo-11/models:/usr/share/gazebo-11/models:'), ('GNOME_DESKTOP_SESSION_ID', 'this-is-deprecated'), ('ROS_LOCALHOST_ONLY', '0'), ('COMPOSER_NO_INTERACTION', '1'), ('OGRE_RESOURCE_PATH', '/usr/lib/x86_64-linux-gnu/OGRE-1.9.0'), ('PATH', '/home/user/.local/bin:/home/user/.local/bin:/home/user/.nvm/versions/node/v22.20.0/bin:/opt/ros/humble/bin:/home/user/.local/bin:/usr/local/sbin:/usr/local/bin:/usr/sbin:/usr/bin:/sbin:/bin:/usr/games:/usr/local/games:/snap/bin:/snap/bin:/usr/bin/arduino-ide:/usr/bin/arduino-ide:/usr/bin/arduino-ide'), ('SESSION_MANAGER', 'local/mysweep1:@/tmp/.ICE-unix/1932,unix/mysweep1:/tmp/.ICE-unix/1932'), ('INVOCATION_ID', 'd10bfacdcb0c421dbe7dacac933c8ded'), ('XDG_MENU_PREFIX', 'gnome-'), ('VSCODE_PROCESS_TITLE', 'extension-host  [1-1]'), ('GNOME_SETUP_DISPLAY', ':1'), ('XDG_RUNTIME_DIR', '/run/user/1000'), ('GDK_BACKEND', 'x11'), ('CURSOR_AGENT', '1'), ('DISPLAY', ':0'), ('LANG', 'en_US.UTF-8'), ('XDG_CURRENT_DESKTOP', 'Unity'), ('RMW_IMPLEMENTATION', 'rmw_cyclonedds_cpp'), ('XMODIFIERS', '@im=ibus'), ('XDG_SESSION_DESKTOP', 'ubuntu'), ('XAUTHORITY', '/run/user/1000/.mutter-Xwaylandauth.UD36E3'), ('LS_COLORS', ''), ('CURSOR_TRACE_ID', '73558fa22b31401d8a5c811f263a4d53'), ('SSH_AGENT_LAUNCHER', 'gnome-keyring'), ('SSH_AUTH_SOCK', '/run/user/1000/keyring/ssh'), ('AMENT_PREFIX_PATH', '/home/user/launch_ws/install/py_launch_example:/home/user/create3_examples_ws/install/create3_teleop:/home/user/create3_examples_ws/install/create3_republisher:/home/user/create3_examples_ws/install/create3_lidar_slam:/home/user/create3_examples_ws/install/create3_examples_py:/home/user/create3_examples_ws/install/create3_coverage:/home/user/create3_examples_ws/install/create3_examples_msgs:/home/user/create_ws/install/create_robot:/home/user/create_ws/install/create_bringup:/home/user/create_ws/install/create_driver:/home/user/create_ws/install/create_msgs:/home/user/create_ws/install/create_description:/home/user/sweepbot_ws/install/sweepbot:/home/user/sweepbot_ws/install/my_teleop_config:/opt/ros/humble'), ('ORIGINAL_XDG_CURRENT_DESKTOP', 'ubuntu:GNOME'), ('SHELL', '/bin/bash'), ('QT_ACCESSIBILITY', '1'), ('GDMSESSION', 'ubuntu'), ('LESSCLOSE', '/usr/bin/lesspipe %s %s'), ('GAZEBO_RESOURCE_PATH', '/usr/share/gazebo-11:/usr/share/gazebo-11:'), ('GJS_DEBUG_OUTPUT', 'stderr'), ('GAZEBO_MODEL_DATABASE_URI', 'http://models.gazebosim.org'), ('QT_IM_MODULE', 'ibus'), ('PWD', '/home/user/test_ws/build/generic_motor_driver'), ('TURTLEBOT3_MODEL', 'waffle'), ('LC_ALL', 'en_US.UTF-8'), ('XDG_CONFIG_DIRS', '/etc/xdg/xdg-ubuntu:/etc/xdg'), ('VSCODE_CODE_CACHE_PATH', '/home/user/.config/Cursor/CachedData/9d178a4a5589981b62546448bb32920a8219a5d0'), ('GAZEBO_PLUGIN_PATH', '/usr/lib/x86_64-linux-gnu/gazebo-11/plugins:/usr/lib/x86_64-linux-gnu/gazebo-11/plugins:'), ('NVM_CD_FLAGS', ''), ('XDG_DATA_DIRS', '/usr/share/ubuntu:/usr/local/share/:/usr/share/:/var/lib/snapd/desktop'), ('PYTHONPATH', '/home/user/launch_ws/install/py_launch_example/lib/python3.10/site-packages:/home/user/create3_examples_ws/install/create3_teleop/lib/python3.10/site-packages:/home/user/create3_examples_ws/install/create3_examples_py/lib/python3.10/site-packages:/home/user/create3_examples_ws/install/create3_examples_msgs/local/lib/python3.10/dist-packages:/home/user/create_ws/install/create_msgs/local/lib/python3.10/dist-packages:/home/user/sweepbot_ws/install/sweepbot/lib/python3.10/site-packages:/home/user/sweepbot_ws/install/my_teleop_config/lib/python3.10/site-packages:/opt/ros/humble/lib/python3.10/site-packages:/opt/ros/humble/local/lib/python3.10/dist-packages'), ('COLCON', '1'), ('CMAKE_PREFIX_PATH', '/home/user/create3_examples_ws/install/create3_republisher:/home/user/create3_examples_ws/install/create3_lidar_slam:/home/user/create3_examples_ws/install/create3_coverage:/home/user/create3_examples_ws/install/create3_examples_msgs:/home/user/create_ws/install/create_robot:/home/user/create_ws/install/create_bringup:/home/user/create_ws/install/create_driver:/home/user/create_ws/install/libcreate:/home/user/create_ws/install/create_msgs:/home/user/create_ws/install/create_description:/home/user/launch_ws/install/py_launch_example:/home/user/create3_examples_ws/install/create3_teleop:/home/user/create3_examples_ws/install/create3_examples_py:/home/user/sweepbot_ws/install/sweepbot:/home/user/sweepbot_ws/install/my_teleop_config:/opt/ros/humble'), ('VSCODE_PID', '4877')]), 'shell': False}
[14.226346] (generic_motor_driver) StdoutLine: {'line': b'-- Install configuration: ""\n'}
[14.226849] (generic_motor_driver) StdoutLine: {'line': b'-- Execute custom install script\n'}
[14.227146] (generic_motor_driver) StdoutLine: {'line': b'-- Up-to-date symlink: /home/user/test_ws/install/generic_motor_driver/lib/generic_motor_driver/generic_motor_driver\n'}
[14.227306] (generic_motor_driver) StdoutLine: {'line': b'-- Up-to-date symlink: /home/user/test_ws/install/generic_motor_driver/lib/generic_motor_driver/relay_controller\n'}
[14.227442] (generic_motor_driver) StdoutLine: {'line': b'-- Up-to-date symlink: /home/user/test_ws/install/generic_motor_driver/share/ament_index/resource_index/package_run_dependencies/generic_motor_driver\n'}
[14.227626] (generic_motor_driver) StdoutLine: {'line': b'-- Up-to-date symlink: /home/user/test_ws/install/generic_motor_driver/share/ament_index/resource_index/parent_prefix_path/generic_motor_driver\n'}
[14.227885] (generic_motor_driver) StdoutLine: {'line': b'-- Up-to-date symlink: /home/user/test_ws/install/generic_motor_driver/share/generic_motor_driver/environment/ament_prefix_path.sh\n'}
[14.228098] (-) TimerEvent: {}
[14.228120] (generic_motor_driver) StdoutLine: {'line': b'-- Up-to-date symlink: /home/user/test_ws/install/generic_motor_driver/share/generic_motor_driver/environment/ament_prefix_path.dsv\n'}
[14.228261] (generic_motor_driver) StdoutLine: {'line': b'-- Up-to-date symlink: /home/user/test_ws/install/generic_motor_driver/share/generic_motor_driver/environment/path.sh\n'}
[14.228322] (generic_motor_driver) StdoutLine: {'line': b'-- Up-to-date symlink: /home/user/test_ws/install/generic_motor_driver/share/generic_motor_driver/environment/path.dsv\n'}
[14.228436] (generic_motor_driver) StdoutLine: {'line': b'-- Up-to-date symlink: /home/user/test_ws/install/generic_motor_driver/share/generic_motor_driver/local_setup.bash\n'}
[14.228590] (generic_motor_driver) StdoutLine: {'line': b'-- Up-to-date symlink: /home/user/test_ws/install/generic_motor_driver/share/generic_motor_driver/local_setup.sh\n'}
[14.228713] (generic_motor_driver) StdoutLine: {'line': b'-- Up-to-date symlink: /home/user/test_ws/install/generic_motor_driver/share/generic_motor_driver/local_setup.zsh\n'}
[14.228851] (generic_motor_driver) StdoutLine: {'line': b'-- Up-to-date symlink: /home/user/test_ws/install/generic_motor_driver/share/generic_motor_driver/local_setup.dsv\n'}
[14.228955] (generic_motor_driver) StdoutLine: {'line': b'-- Symlinking: /home/user/test_ws/install/generic_motor_driver/share/generic_motor_driver/package.dsv\n'}
[14.240881] (generic_motor_driver) StdoutLine: {'line': b'-- Up-to-date symlink: /home/user/test_ws/install/generic_motor_driver/share/ament_index/resource_index/packages/generic_motor_driver\n'}
[14.241232] (generic_motor_driver) StdoutLine: {'line': b'-- Up-to-date symlink: /home/user/test_ws/install/generic_motor_driver/share/generic_motor_driver/cmake/generic_motor_driverConfig.cmake\n'}
[14.241480] (generic_motor_driver) StdoutLine: {'line': b'-- Up-to-date symlink: /home/user/test_ws/install/generic_motor_driver/share/generic_motor_driver/cmake/generic_motor_driverConfig-version.cmake\n'}
[14.241552] (generic_motor_driver) StdoutLine: {'line': b'-- Up-to-date symlink: /home/user/test_ws/install/generic_motor_driver/share/generic_motor_driver/package.xml\n'}
[14.241610] (generic_motor_driver) StdoutLine: {'line': b'-- Up-to-date: /home/user/test_ws/install/generic_motor_driver/include\n'}
[14.241671] (generic_motor_driver) StdoutLine: {'line': b'-- Up-to-date: /home/user/test_ws/install/generic_motor_driver/include/create_driver\n'}
[14.241729] (generic_motor_driver) StdoutLine: {'line': b'-- Up-to-date: /home/user/test_ws/install/generic_motor_driver/include/create_driver/create_driver.h\n'}
[14.241789] (generic_motor_driver) StdoutLine: {'line': b'-- Installing: /home/user/test_ws/install/generic_motor_driver/include/create_driver/generic_motor_driver.h\n'}
[14.242248] (generic_motor_driver) StdoutLine: {'line': b'-- Up-to-date: /home/user/test_ws/install/generic_motor_driver/include/create_driver/relay_controller.h\n'}
[14.242311] (generic_motor_driver) StdoutLine: {'line': b'-- Up-to-date: /home/user/test_ws/install/generic_motor_driver/share/generic_motor_driver/launch\n'}
[14.242369] (generic_motor_driver) StdoutLine: {'line': b'-- Up-to-date: /home/user/test_ws/install/generic_motor_driver/share/generic_motor_driver/launch/generic_motor_driver.launch.py\n'}
[14.242444] (generic_motor_driver) StdoutLine: {'line': b'-- Up-to-date: /home/user/test_ws/install/generic_motor_driver/share/generic_motor_driver/launch/urdf_test.launch.py\n'}
[14.242507] (generic_motor_driver) StdoutLine: {'line': b'-- Up-to-date: /home/user/test_ws/install/generic_motor_driver/share/generic_motor_driver/launch/rectangular_robot.launch.py\n'}
[14.242563] (generic_motor_driver) StdoutLine: {'line': b'-- Up-to-date: /home/user/test_ws/install/generic_motor_driver/share/generic_motor_driver/launch/complete_robot.launch.py\n'}
[14.242618] (generic_motor_driver) StdoutLine: {'line': b'-- Installing: /home/user/test_ws/install/generic_motor_driver/share/generic_motor_driver/launch/test_robot_model.launch.py\n'}
[14.242672] (generic_motor_driver) StdoutLine: {'line': b'-- Up-to-date: /home/user/test_ws/install/generic_motor_driver/share/generic_motor_driver/launch/teleop_joystick.launch.py\n'}
[14.242726] (generic_motor_driver) StdoutLine: {'line': b'-- Up-to-date: /home/user/test_ws/install/generic_motor_driver/share/generic_motor_driver/launch/relay_controller.launch.py\n'}
[14.242779] (generic_motor_driver) StdoutLine: {'line': b'-- Up-to-date: /home/user/test_ws/install/generic_motor_driver/share/generic_motor_driver/urdf\n'}
[14.242833] (generic_motor_driver) StdoutLine: {'line': b'-- Up-to-date: /home/user/test_ws/install/generic_motor_driver/share/generic_motor_driver/urdf/create_2.urdf\n'}
[14.242887] (generic_motor_driver) StdoutLine: {'line': b'-- Up-to-date: /home/user/test_ws/install/generic_motor_driver/share/generic_motor_driver/urdf/generic_robot.urdf\n'}
[14.242949] (generic_motor_driver) StdoutLine: {'line': b'-- Up-to-date: /home/user/test_ws/install/generic_motor_driver/share/generic_motor_driver/urdf/rectangular_robot.urdf\n'}
[14.243002] (generic_motor_driver) StdoutLine: {'line': b'-- Up-to-date: /home/user/test_ws/install/generic_motor_driver/share/generic_motor_driver/rviz\n'}
[14.243053] (generic_motor_driver) StdoutLine: {'line': b'-- Up-to-date: /home/user/test_ws/install/generic_motor_driver/share/generic_motor_driver/rviz/rectangular_robot.rviz\n'}
[14.243105] (generic_motor_driver) StdoutLine: {'line': b'-- Up-to-date: /home/user/test_ws/install/generic_motor_driver/share/generic_motor_driver/rviz/robot_view.rviz\n'}
[14.244004] (generic_motor_driver) CommandEnded: {'returncode': 0}
[14.262986] (generic_motor_driver) JobEnded: {'identifier': 'generic_motor_driver', 'rc': 0}
[14.263587] (-) EventReactorShutdown: {}
