[0.016s] Invoking command in '/home/user/test_ws/build/generic_motor_driver': CMAKE_PREFIX_PATH=${CMAKE_PREFIX_PATH}:/home/user/test_ws/install/create3_teleop:/home/user/test_ws/install/create3_examples_py:/home/user/launch_ws/install/py_launch_example:/home/user/create3_examples_ws/install/create3_teleop:/home/user/create3_examples_ws/install/create3_examples_py:/home/user/sweepbot_ws/install/sweepbot:/home/user/sweepbot_ws/install/my_teleop_config:/opt/ros/humble /usr/bin/cmake --build /home/user/test_ws/build/generic_motor_driver -- -j8 -l8
[0.080s] [ 50%] Built target relay_controller
[0.081s] [100%] Built target generic_motor_driver
[0.094s] Invoked command in '/home/user/test_ws/build/generic_motor_driver' returned '0': CMAKE_PREFIX_PATH=${CMAKE_PREFIX_PATH}:/home/user/test_ws/install/create3_teleop:/home/user/test_ws/install/create3_examples_py:/home/user/launch_ws/install/py_launch_example:/home/user/create3_examples_ws/install/create3_teleop:/home/user/create3_examples_ws/install/create3_examples_py:/home/user/sweepbot_ws/install/sweepbot:/home/user/sweepbot_ws/install/my_teleop_config:/opt/ros/humble /usr/bin/cmake --build /home/user/test_ws/build/generic_motor_driver -- -j8 -l8
[0.106s] Invoking command in '/home/user/test_ws/build/generic_motor_driver': CMAKE_PREFIX_PATH=${CMAKE_PREFIX_PATH}:/home/user/test_ws/install/create3_teleop:/home/user/test_ws/install/create3_examples_py:/home/user/launch_ws/install/py_launch_example:/home/user/create3_examples_ws/install/create3_teleop:/home/user/create3_examples_ws/install/create3_examples_py:/home/user/sweepbot_ws/install/sweepbot:/home/user/sweepbot_ws/install/my_teleop_config:/opt/ros/humble /usr/bin/cmake --install /home/user/test_ws/build/generic_motor_driver
[0.114s] -- Install configuration: ""
[0.115s] -- Execute custom install script
[0.115s] -- Up-to-date symlink: /home/user/test_ws/install/generic_motor_driver/lib/generic_motor_driver/generic_motor_driver
[0.115s] -- Up-to-date symlink: /home/user/test_ws/install/generic_motor_driver/lib/generic_motor_driver/relay_controller
[0.116s] -- Up-to-date symlink: /home/user/test_ws/install/generic_motor_driver/share/ament_index/resource_index/package_run_dependencies/generic_motor_driver
[0.116s] -- Up-to-date symlink: /home/user/test_ws/install/generic_motor_driver/share/ament_index/resource_index/parent_prefix_path/generic_motor_driver
[0.116s] -- Up-to-date symlink: /home/user/test_ws/install/generic_motor_driver/share/generic_motor_driver/environment/ament_prefix_path.sh
[0.116s] -- Up-to-date symlink: /home/user/test_ws/install/generic_motor_driver/share/generic_motor_driver/environment/ament_prefix_path.dsv
[0.117s] -- Up-to-date symlink: /home/user/test_ws/install/generic_motor_driver/share/generic_motor_driver/environment/path.sh
[0.117s] -- Up-to-date symlink: /home/user/test_ws/install/generic_motor_driver/share/generic_motor_driver/environment/path.dsv
[0.117s] -- Up-to-date symlink: /home/user/test_ws/install/generic_motor_driver/share/generic_motor_driver/local_setup.bash
[0.117s] -- Up-to-date symlink: /home/user/test_ws/install/generic_motor_driver/share/generic_motor_driver/local_setup.sh
[0.118s] -- Up-to-date symlink: /home/user/test_ws/install/generic_motor_driver/share/generic_motor_driver/local_setup.zsh
[0.118s] -- Up-to-date symlink: /home/user/test_ws/install/generic_motor_driver/share/generic_motor_driver/local_setup.dsv
[0.118s] -- Symlinking: /home/user/test_ws/install/generic_motor_driver/share/generic_motor_driver/package.dsv
[0.128s] -- Up-to-date symlink: /home/user/test_ws/install/generic_motor_driver/share/ament_index/resource_index/packages/generic_motor_driver
[0.129s] -- Up-to-date symlink: /home/user/test_ws/install/generic_motor_driver/share/generic_motor_driver/cmake/generic_motor_driverConfig.cmake
[0.129s] -- Up-to-date symlink: /home/user/test_ws/install/generic_motor_driver/share/generic_motor_driver/cmake/generic_motor_driverConfig-version.cmake
[0.129s] -- Up-to-date symlink: /home/user/test_ws/install/generic_motor_driver/share/generic_motor_driver/package.xml
[0.130s] -- Up-to-date: /home/user/test_ws/install/generic_motor_driver/include
[0.130s] -- Up-to-date: /home/user/test_ws/install/generic_motor_driver/include/create_driver
[0.130s] -- Up-to-date: /home/user/test_ws/install/generic_motor_driver/include/create_driver/create_driver.h
[0.130s] -- Up-to-date: /home/user/test_ws/install/generic_motor_driver/include/create_driver/generic_motor_driver.h
[0.130s] -- Up-to-date: /home/user/test_ws/install/generic_motor_driver/include/create_driver/relay_controller.h
[0.130s] -- Up-to-date: /home/user/test_ws/install/generic_motor_driver/share/generic_motor_driver/launch
[0.130s] -- Up-to-date: /home/user/test_ws/install/generic_motor_driver/share/generic_motor_driver/launch/generic_motor_driver.launch.py
[0.130s] -- Up-to-date: /home/user/test_ws/install/generic_motor_driver/share/generic_motor_driver/launch/urdf_test.launch.py
[0.131s] -- Up-to-date: /home/user/test_ws/install/generic_motor_driver/share/generic_motor_driver/launch/rectangular_robot.launch.py
[0.131s] -- Installing: /home/user/test_ws/install/generic_motor_driver/share/generic_motor_driver/launch/complete_robot.launch.py
[0.131s] -- Up-to-date: /home/user/test_ws/install/generic_motor_driver/share/generic_motor_driver/launch/teleop_joystick.launch.py
[0.131s] -- Up-to-date: /home/user/test_ws/install/generic_motor_driver/share/generic_motor_driver/launch/relay_controller.launch.py
[0.131s] -- Up-to-date: /home/user/test_ws/install/generic_motor_driver/share/generic_motor_driver/urdf
[0.131s] -- Up-to-date: /home/user/test_ws/install/generic_motor_driver/share/generic_motor_driver/urdf/create_2.urdf
[0.131s] -- Up-to-date: /home/user/test_ws/install/generic_motor_driver/share/generic_motor_driver/urdf/generic_robot.urdf
[0.131s] -- Up-to-date: /home/user/test_ws/install/generic_motor_driver/share/generic_motor_driver/urdf/rectangular_robot.urdf
[0.131s] -- Up-to-date: /home/user/test_ws/install/generic_motor_driver/share/generic_motor_driver/rviz
[0.131s] -- Up-to-date: /home/user/test_ws/install/generic_motor_driver/share/generic_motor_driver/rviz/rectangular_robot.rviz
[0.131s] -- Installing: /home/user/test_ws/install/generic_motor_driver/share/generic_motor_driver/rviz/robot_view.rviz
[0.133s] Invoked command in '/home/user/test_ws/build/generic_motor_driver' returned '0': CMAKE_PREFIX_PATH=${CMAKE_PREFIX_PATH}:/home/user/test_ws/install/create3_teleop:/home/user/test_ws/install/create3_examples_py:/home/user/launch_ws/install/py_launch_example:/home/user/create3_examples_ws/install/create3_teleop:/home/user/create3_examples_ws/install/create3_examples_py:/home/user/sweepbot_ws/install/sweepbot:/home/user/sweepbot_ws/install/my_teleop_config:/opt/ros/humble /usr/bin/cmake --install /home/user/test_ws/build/generic_motor_driver
