[0.015s] Invoking command in '/home/user/test_ws/build/generic_motor_driver': CMAKE_PREFIX_PATH=${CMAKE_PREFIX_PATH}:/home/user/launch_ws/install/py_launch_example:/home/user/create3_examples_ws/install/create3_teleop:/home/user/create3_examples_ws/install/create3_examples_py:/home/user/sweepbot_ws/install/sweepbot:/home/user/sweepbot_ws/install/my_teleop_config:/opt/ros/humble /usr/bin/cmake --build /home/user/test_ws/build/generic_motor_driver -- -j8 -l8
[0.073s] Consolidate compiler generated dependencies of target generic_motor_driver
[0.084s] [ 50%] Built target relay_controller
[0.092s] [ 75%] Building CXX object CMakeFiles/generic_motor_driver.dir/src/generic_motor_driver.cpp.o
[3.121s] In file included from /home/user/test_ws/src/create_robot/create_driver/src/generic_motor_driver.cpp:29:
[3.121s] /home/user/test_ws/src/create_robot/create_driver/include/create_driver/generic_motor_driver.h: In constructor ‘GenericMotorDriver::GenericMotorDriver()’:
[3.121s] /home/user/test_ws/src/create_robot/create_driver/include/create_driver/generic_motor_driver.h:108:8: warning: ‘GenericMotorDriver::is_running_slowly_’ will be initialized after [-Wreorder]
[3.121s]   108 |   bool is_running_slowly_;
[3.121s]       |        ^~~~~~~~~~~~~~~~~~
[3.121s] /home/user/test_ws/src/create_robot/create_driver/include/create_driver/generic_motor_driver.h:92:33: warning:   ‘tf2_ros::TransformBroadcaster GenericMotorDriver::tf_broadcaster_’ [-Wreorder]
[3.121s]    92 |   tf2_ros::TransformBroadcaster tf_broadcaster_;
[3.121s]       |                                 ^~~~~~~~~~~~~~~
[3.121s] /home/user/test_ws/src/create_robot/create_driver/src/generic_motor_driver.cpp:43:1: warning:   when initialized here [-Wreorder]
[3.121s]    43 | GenericMotorDriver::GenericMotorDriver()
[3.121s]       | ^~~~~~~~~~~~~~~~~~
[12.005s] [100%] Linking CXX executable generic_motor_driver
[12.671s] [100%] Built target generic_motor_driver
[12.685s] Invoked command in '/home/user/test_ws/build/generic_motor_driver' returned '0': CMAKE_PREFIX_PATH=${CMAKE_PREFIX_PATH}:/home/user/launch_ws/install/py_launch_example:/home/user/create3_examples_ws/install/create3_teleop:/home/user/create3_examples_ws/install/create3_examples_py:/home/user/sweepbot_ws/install/sweepbot:/home/user/sweepbot_ws/install/my_teleop_config:/opt/ros/humble /usr/bin/cmake --build /home/user/test_ws/build/generic_motor_driver -- -j8 -l8
[12.697s] Invoking command in '/home/user/test_ws/build/generic_motor_driver': CMAKE_PREFIX_PATH=${CMAKE_PREFIX_PATH}:/home/user/launch_ws/install/py_launch_example:/home/user/create3_examples_ws/install/create3_teleop:/home/user/create3_examples_ws/install/create3_examples_py:/home/user/sweepbot_ws/install/sweepbot:/home/user/sweepbot_ws/install/my_teleop_config:/opt/ros/humble /usr/bin/cmake --install /home/user/test_ws/build/generic_motor_driver
[12.708s] -- Install configuration: ""
[12.708s] -- Execute custom install script
[12.709s] -- Up-to-date symlink: /home/user/test_ws/install/generic_motor_driver/lib/generic_motor_driver/generic_motor_driver
[12.709s] -- Up-to-date symlink: /home/user/test_ws/install/generic_motor_driver/lib/generic_motor_driver/relay_controller
[12.709s] -- Up-to-date symlink: /home/user/test_ws/install/generic_motor_driver/share/ament_index/resource_index/package_run_dependencies/generic_motor_driver
[12.710s] -- Up-to-date symlink: /home/user/test_ws/install/generic_motor_driver/share/ament_index/resource_index/parent_prefix_path/generic_motor_driver
[12.710s] -- Up-to-date symlink: /home/user/test_ws/install/generic_motor_driver/share/generic_motor_driver/environment/ament_prefix_path.sh
[12.710s] -- Up-to-date symlink: /home/user/test_ws/install/generic_motor_driver/share/generic_motor_driver/environment/ament_prefix_path.dsv
[12.710s] -- Up-to-date symlink: /home/user/test_ws/install/generic_motor_driver/share/generic_motor_driver/environment/path.sh
[12.710s] -- Up-to-date symlink: /home/user/test_ws/install/generic_motor_driver/share/generic_motor_driver/environment/path.dsv
[12.711s] -- Up-to-date symlink: /home/user/test_ws/install/generic_motor_driver/share/generic_motor_driver/local_setup.bash
[12.711s] -- Up-to-date symlink: /home/user/test_ws/install/generic_motor_driver/share/generic_motor_driver/local_setup.sh
[12.711s] -- Up-to-date symlink: /home/user/test_ws/install/generic_motor_driver/share/generic_motor_driver/local_setup.zsh
[12.711s] -- Up-to-date symlink: /home/user/test_ws/install/generic_motor_driver/share/generic_motor_driver/local_setup.dsv
[12.711s] -- Symlinking: /home/user/test_ws/install/generic_motor_driver/share/generic_motor_driver/package.dsv
[12.721s] -- Up-to-date symlink: /home/user/test_ws/install/generic_motor_driver/share/ament_index/resource_index/packages/generic_motor_driver
[12.722s] -- Up-to-date symlink: /home/user/test_ws/install/generic_motor_driver/share/generic_motor_driver/cmake/generic_motor_driverConfig.cmake
[12.722s] -- Up-to-date symlink: /home/user/test_ws/install/generic_motor_driver/share/generic_motor_driver/cmake/generic_motor_driverConfig-version.cmake
[12.723s] -- Up-to-date symlink: /home/user/test_ws/install/generic_motor_driver/share/generic_motor_driver/package.xml
[12.723s] -- Up-to-date: /home/user/test_ws/install/generic_motor_driver/include
[12.723s] -- Up-to-date: /home/user/test_ws/install/generic_motor_driver/include/create_driver
[12.723s] -- Up-to-date: /home/user/test_ws/install/generic_motor_driver/include/create_driver/create_driver.h
[12.723s] -- Up-to-date: /home/user/test_ws/install/generic_motor_driver/include/create_driver/generic_motor_driver.h
[12.723s] -- Up-to-date: /home/user/test_ws/install/generic_motor_driver/include/create_driver/relay_controller.h
[12.723s] -- Up-to-date: /home/user/test_ws/install/generic_motor_driver/share/generic_motor_driver/launch
[12.723s] -- Up-to-date: /home/user/test_ws/install/generic_motor_driver/share/generic_motor_driver/launch/generic_motor_driver.launch.py
[12.723s] -- Up-to-date: /home/user/test_ws/install/generic_motor_driver/share/generic_motor_driver/launch/urdf_test.launch.py
[12.724s] -- Up-to-date: /home/user/test_ws/install/generic_motor_driver/share/generic_motor_driver/launch/rectangular_robot.launch.py
[12.724s] -- Up-to-date: /home/user/test_ws/install/generic_motor_driver/share/generic_motor_driver/launch/complete_robot.launch.py
[12.724s] -- Up-to-date: /home/user/test_ws/install/generic_motor_driver/share/generic_motor_driver/launch/teleop_joystick.launch.py
[12.724s] -- Up-to-date: /home/user/test_ws/install/generic_motor_driver/share/generic_motor_driver/launch/relay_controller.launch.py
[12.724s] -- Up-to-date: /home/user/test_ws/install/generic_motor_driver/share/generic_motor_driver/urdf
[12.724s] -- Up-to-date: /home/user/test_ws/install/generic_motor_driver/share/generic_motor_driver/urdf/create_2.urdf
[12.724s] -- Up-to-date: /home/user/test_ws/install/generic_motor_driver/share/generic_motor_driver/urdf/generic_robot.urdf
[12.725s] -- Up-to-date: /home/user/test_ws/install/generic_motor_driver/share/generic_motor_driver/urdf/rectangular_robot.urdf
[12.725s] -- Up-to-date: /home/user/test_ws/install/generic_motor_driver/share/generic_motor_driver/rviz
[12.725s] -- Up-to-date: /home/user/test_ws/install/generic_motor_driver/share/generic_motor_driver/rviz/rectangular_robot.rviz
[12.726s] -- Up-to-date: /home/user/test_ws/install/generic_motor_driver/share/generic_motor_driver/rviz/robot_view.rviz
[12.726s] Invoked command in '/home/user/test_ws/build/generic_motor_driver' returned '0': CMAKE_PREFIX_PATH=${CMAKE_PREFIX_PATH}:/home/user/launch_ws/install/py_launch_example:/home/user/create3_examples_ws/install/create3_teleop:/home/user/create3_examples_ws/install/create3_examples_py:/home/user/sweepbot_ws/install/sweepbot:/home/user/sweepbot_ws/install/my_teleop_config:/opt/ros/humble /usr/bin/cmake --install /home/user/test_ws/build/generic_motor_driver
