[0.020s] Invoking command in '/home/user/test_ws/build/create_bringup': CMAKE_PREFIX_PATH=/home/user/test_ws/install/create_description:/home/user/test_ws/install/generic_motor_driver:/home/user/test_ws/install/create_robot:/home/user/test_ws/install/create_msgs:/home/user/test_ws/install/create_bringup:/home/user/test_ws/install/create3_lidar_slam:/home/user/test_ws/install/create3_examples_msgs:/home/user/create3_examples_ws/install/create3_republisher:/home/user/create3_examples_ws/install/create3_lidar_slam:/home/user/create3_examples_ws/install/create3_coverage:/home/user/create3_examples_ws/install/create3_examples_msgs:/home/user/create_ws/install/create_robot:/home/user/create_ws/install/create_bringup:/home/user/create_ws/install/create_driver:/home/user/create_ws/install/libcreate:/home/user/create_ws/install/create_msgs:/home/user/create_ws/install/create_description:/home/user/test_ws/install/create3_teleop:/home/user/test_ws/install/create3_examples_py:/home/user/launch_ws/install/py_launch_example:/home/user/create3_examples_ws/install/create3_teleop:/home/user/create3_examples_ws/install/create3_examples_py:/home/user/sweepbot_ws/install/sweepbot:/home/user/sweepbot_ws/install/my_teleop_config:/opt/ros/humble /usr/bin/cmake --build /home/user/test_ws/build/create_bringup -- -j8 -l8
[0.070s] Invoked command in '/home/user/test_ws/build/create_bringup' returned '0': CMAKE_PREFIX_PATH=/home/user/test_ws/install/create_description:/home/user/test_ws/install/generic_motor_driver:/home/user/test_ws/install/create_robot:/home/user/test_ws/install/create_msgs:/home/user/test_ws/install/create_bringup:/home/user/test_ws/install/create3_lidar_slam:/home/user/test_ws/install/create3_examples_msgs:/home/user/create3_examples_ws/install/create3_republisher:/home/user/create3_examples_ws/install/create3_lidar_slam:/home/user/create3_examples_ws/install/create3_coverage:/home/user/create3_examples_ws/install/create3_examples_msgs:/home/user/create_ws/install/create_robot:/home/user/create_ws/install/create_bringup:/home/user/create_ws/install/create_driver:/home/user/create_ws/install/libcreate:/home/user/create_ws/install/create_msgs:/home/user/create_ws/install/create_description:/home/user/test_ws/install/create3_teleop:/home/user/test_ws/install/create3_examples_py:/home/user/launch_ws/install/py_launch_example:/home/user/create3_examples_ws/install/create3_teleop:/home/user/create3_examples_ws/install/create3_examples_py:/home/user/sweepbot_ws/install/sweepbot:/home/user/sweepbot_ws/install/my_teleop_config:/opt/ros/humble /usr/bin/cmake --build /home/user/test_ws/build/create_bringup -- -j8 -l8
[0.072s] Invoking command in '/home/user/test_ws/build/create_bringup': CMAKE_PREFIX_PATH=/home/user/test_ws/install/create_description:/home/user/test_ws/install/generic_motor_driver:/home/user/test_ws/install/create_robot:/home/user/test_ws/install/create_msgs:/home/user/test_ws/install/create_bringup:/home/user/test_ws/install/create3_lidar_slam:/home/user/test_ws/install/create3_examples_msgs:/home/user/create3_examples_ws/install/create3_republisher:/home/user/create3_examples_ws/install/create3_lidar_slam:/home/user/create3_examples_ws/install/create3_coverage:/home/user/create3_examples_ws/install/create3_examples_msgs:/home/user/create_ws/install/create_robot:/home/user/create_ws/install/create_bringup:/home/user/create_ws/install/create_driver:/home/user/create_ws/install/libcreate:/home/user/create_ws/install/create_msgs:/home/user/create_ws/install/create_description:/home/user/test_ws/install/create3_teleop:/home/user/test_ws/install/create3_examples_py:/home/user/launch_ws/install/py_launch_example:/home/user/create3_examples_ws/install/create3_teleop:/home/user/create3_examples_ws/install/create3_examples_py:/home/user/sweepbot_ws/install/sweepbot:/home/user/sweepbot_ws/install/my_teleop_config:/opt/ros/humble /usr/bin/cmake --install /home/user/test_ws/build/create_bringup
[0.081s] -- Install configuration: ""
[0.081s] -- Up-to-date: /home/user/test_ws/install/create_bringup/share/create_bringup/config
[0.081s] -- Up-to-date: /home/user/test_ws/install/create_bringup/share/create_bringup/config/dualshock4.yaml
[0.082s] -- Up-to-date: /home/user/test_ws/install/create_bringup/share/create_bringup/config/log710.yaml
[0.082s] -- Up-to-date: /home/user/test_ws/install/create_bringup/share/create_bringup/config/default.yaml
[0.082s] -- Up-to-date: /home/user/test_ws/install/create_bringup/share/create_bringup/config/xbox360.yaml
[0.082s] -- Up-to-date: /home/user/test_ws/install/create_bringup/share/create_bringup/launch
[0.083s] -- Up-to-date: /home/user/test_ws/install/create_bringup/share/create_bringup/launch/log
[0.083s] -- Up-to-date: /home/user/test_ws/install/create_bringup/share/create_bringup/launch/log/COLCON_IGNORE
[0.083s] -- Up-to-date: /home/user/test_ws/install/create_bringup/share/create_bringup/launch/log/latest_build
[0.083s] -- Up-to-date: /home/user/test_ws/install/create_bringup/share/create_bringup/launch/log/latest
[0.083s] -- Up-to-date: /home/user/test_ws/install/create_bringup/share/create_bringup/launch/log/build_2025-10-07_16-41-43
[0.083s] -- Up-to-date: /home/user/test_ws/install/create_bringup/share/create_bringup/launch/log/build_2025-10-07_16-41-43/events.log
[0.084s] -- Up-to-date: /home/user/test_ws/install/create_bringup/share/create_bringup/launch/log/build_2025-10-07_16-41-43/logger_all.log
[0.084s] -- Up-to-date: /home/user/test_ws/install/create_bringup/share/create_bringup/launch/build
[0.084s] -- Up-to-date: /home/user/test_ws/install/create_bringup/share/create_bringup/launch/build/COLCON_IGNORE
[0.084s] -- Up-to-date: /home/user/test_ws/install/create_bringup/share/create_bringup/launch/build/.built_by
[0.084s] -- Up-to-date: /home/user/test_ws/install/create_bringup/share/create_bringup/launch/genericJ.launch
[0.084s] -- Up-to-date: /home/user/test_ws/install/create_bringup/share/create_bringup/launch/create_1.launch
[0.084s] -- Up-to-date: /home/user/test_ws/install/create_bringup/share/create_bringup/launch/roomba_400.launch
[0.085s] -- Up-to-date: /home/user/test_ws/install/create_bringup/share/create_bringup/launch/create_2.launch
[0.085s] -- Up-to-date: /home/user/test_ws/install/create_bringup/share/create_bringup/launch/install
[0.085s] -- Up-to-date: /home/user/test_ws/install/create_bringup/share/create_bringup/launch/install/COLCON_IGNORE
[0.085s] -- Up-to-date: /home/user/test_ws/install/create_bringup/share/create_bringup/launch/install/local_setup.sh
[0.085s] -- Up-to-date: /home/user/test_ws/install/create_bringup/share/create_bringup/launch/install/setup.ps1
[0.085s] -- Up-to-date: /home/user/test_ws/install/create_bringup/share/create_bringup/launch/install/setup.zsh
[0.085s] -- Up-to-date: /home/user/test_ws/install/create_bringup/share/create_bringup/launch/install/setup.bash
[0.085s] -- Up-to-date: /home/user/test_ws/install/create_bringup/share/create_bringup/launch/install/setup.sh
[0.085s] -- Up-to-date: /home/user/test_ws/install/create_bringup/share/create_bringup/launch/install/_local_setup_util_sh.py
[0.085s] -- Up-to-date: /home/user/test_ws/install/create_bringup/share/create_bringup/launch/install/_local_setup_util_ps1.py
[0.086s] -- Up-to-date: /home/user/test_ws/install/create_bringup/share/create_bringup/launch/install/local_setup.ps1
[0.086s] -- Up-to-date: /home/user/test_ws/install/create_bringup/share/create_bringup/launch/install/local_setup.bash
[0.086s] -- Up-to-date: /home/user/test_ws/install/create_bringup/share/create_bringup/launch/install/.colcon_install_layout
[0.086s] -- Up-to-date: /home/user/test_ws/install/create_bringup/share/create_bringup/launch/install/local_setup.zsh
[0.086s] -- Up-to-date: /home/user/test_ws/install/create_bringup/share/create_bringup/launch/joy_teleop.launch
[0.086s] -- Up-to-date: /home/user/test_ws/install/create_bringup/share/ament_index/resource_index/package_run_dependencies/create_bringup
[0.086s] -- Up-to-date: /home/user/test_ws/install/create_bringup/share/ament_index/resource_index/parent_prefix_path/create_bringup
[0.086s] -- Up-to-date: /home/user/test_ws/install/create_bringup/share/create_bringup/environment/ament_prefix_path.sh
[0.086s] -- Up-to-date: /home/user/test_ws/install/create_bringup/share/create_bringup/environment/ament_prefix_path.dsv
[0.087s] -- Up-to-date: /home/user/test_ws/install/create_bringup/share/create_bringup/environment/path.sh
[0.087s] -- Up-to-date: /home/user/test_ws/install/create_bringup/share/create_bringup/environment/path.dsv
[0.087s] -- Up-to-date: /home/user/test_ws/install/create_bringup/share/create_bringup/local_setup.bash
[0.087s] -- Up-to-date: /home/user/test_ws/install/create_bringup/share/create_bringup/local_setup.sh
[0.087s] -- Up-to-date: /home/user/test_ws/install/create_bringup/share/create_bringup/local_setup.zsh
[0.087s] -- Up-to-date: /home/user/test_ws/install/create_bringup/share/create_bringup/local_setup.dsv
[0.087s] -- Installing: /home/user/test_ws/install/create_bringup/share/create_bringup/package.dsv
[0.088s] -- Up-to-date: /home/user/test_ws/install/create_bringup/share/ament_index/resource_index/packages/create_bringup
[0.088s] -- Up-to-date: /home/user/test_ws/install/create_bringup/share/create_bringup/cmake/create_bringupConfig.cmake
[0.088s] -- Up-to-date: /home/user/test_ws/install/create_bringup/share/create_bringup/cmake/create_bringupConfig-version.cmake
[0.088s] -- Up-to-date: /home/user/test_ws/install/create_bringup/share/create_bringup/package.xml
[0.089s] Invoked command in '/home/user/test_ws/build/create_bringup' returned '0': CMAKE_PREFIX_PATH=/home/user/test_ws/install/create_description:/home/user/test_ws/install/generic_motor_driver:/home/user/test_ws/install/create_robot:/home/user/test_ws/install/create_msgs:/home/user/test_ws/install/create_bringup:/home/user/test_ws/install/create3_lidar_slam:/home/user/test_ws/install/create3_examples_msgs:/home/user/create3_examples_ws/install/create3_republisher:/home/user/create3_examples_ws/install/create3_lidar_slam:/home/user/create3_examples_ws/install/create3_coverage:/home/user/create3_examples_ws/install/create3_examples_msgs:/home/user/create_ws/install/create_robot:/home/user/create_ws/install/create_bringup:/home/user/create_ws/install/create_driver:/home/user/create_ws/install/libcreate:/home/user/create_ws/install/create_msgs:/home/user/create_ws/install/create_description:/home/user/test_ws/install/create3_teleop:/home/user/test_ws/install/create3_examples_py:/home/user/launch_ws/install/py_launch_example:/home/user/create3_examples_ws/install/create3_teleop:/home/user/create3_examples_ws/install/create3_examples_py:/home/user/sweepbot_ws/install/sweepbot:/home/user/sweepbot_ws/install/my_teleop_config:/opt/ros/humble /usr/bin/cmake --install /home/user/test_ws/build/create_bringup
