[0.072s] Invoking command in '/home/user/test_ws/build/create_msgs': CMAKE_PREFIX_PATH=${CMAKE_PREFIX_PATH}:/home/user/test_ws/install/create3_examples_msgs:/home/user/launch_ws/install/py_launch_example:/home/user/create3_examples_ws/install/create3_teleop:/home/user/create3_examples_ws/install/create3_examples_py:/home/user/sweepbot_ws/install/sweepbot:/home/user/sweepbot_ws/install/my_teleop_config:/opt/ros/humble /usr/bin/cmake --build /home/user/test_ws/build/create_msgs -- -j8 -l8
[0.953s] [ 11%] Built target create_msgs__rosidl_generator_c
[0.953s] [ 12%] Built target create_msgs__cpp
[0.954s] [ 12%] Built target ament_cmake_python_copy_create_msgs
[0.954s] [ 24%] Built target create_msgs__rosidl_typesupport_c
[0.954s] [ 35%] Built target create_msgs__rosidl_typesupport_introspection_c
[0.955s] [ 46%] Built target create_msgs__rosidl_typesupport_fastrtps_c
[0.956s] [ 58%] Built target create_msgs__rosidl_typesupport_fastrtps_cpp
[0.956s] [ 74%] Built target create_msgs__rosidl_typesupport_introspection_cpp
[0.956s] [ 81%] Built target create_msgs__rosidl_typesupport_cpp
[0.956s] [ 81%] Built target create_msgs
[0.957s] [ 82%] Built target create_msgs__py
[0.957s] [ 92%] Built target create_msgs__rosidl_generator_py
[0.957s] [ 94%] Built target create_msgs__rosidl_typesupport_introspection_c__pyext
[0.957s] [ 97%] Built target create_msgs__rosidl_typesupport_fastrtps_c__pyext
[0.958s] [100%] Built target create_msgs__rosidl_typesupport_c__pyext
[0.958s] running egg_info
[0.958s] writing create_msgs.egg-info/PKG-INFO
[0.958s] writing dependency_links to create_msgs.egg-info/dependency_links.txt
[0.958s] writing top-level names to create_msgs.egg-info/top_level.txt
[0.958s] reading manifest file 'create_msgs.egg-info/SOURCES.txt'
[0.958s] writing manifest file 'create_msgs.egg-info/SOURCES.txt'
[0.959s] [100%] Built target ament_cmake_python_build_create_msgs_egg
[0.975s] Invoked command in '/home/user/test_ws/build/create_msgs' returned '0': CMAKE_PREFIX_PATH=${CMAKE_PREFIX_PATH}:/home/user/test_ws/install/create3_examples_msgs:/home/user/launch_ws/install/py_launch_example:/home/user/create3_examples_ws/install/create3_teleop:/home/user/create3_examples_ws/install/create3_examples_py:/home/user/sweepbot_ws/install/sweepbot:/home/user/sweepbot_ws/install/my_teleop_config:/opt/ros/humble /usr/bin/cmake --build /home/user/test_ws/build/create_msgs -- -j8 -l8
[0.978s] Invoking command in '/home/user/test_ws/build/create_msgs': CMAKE_PREFIX_PATH=${CMAKE_PREFIX_PATH}:/home/user/test_ws/install/create3_examples_msgs:/home/user/launch_ws/install/py_launch_example:/home/user/create3_examples_ws/install/create3_teleop:/home/user/create3_examples_ws/install/create3_examples_py:/home/user/sweepbot_ws/install/sweepbot:/home/user/sweepbot_ws/install/my_teleop_config:/opt/ros/humble /usr/bin/cmake --install /home/user/test_ws/build/create_msgs
[1.017s] -- Install configuration: ""
[1.018s] -- Up-to-date: /home/user/test_ws/install/create_msgs/share/ament_index/resource_index/rosidl_interfaces/create_msgs
[1.019s] -- Up-to-date: /home/user/test_ws/install/create_msgs/include/create_msgs/create_msgs
[1.019s] -- Up-to-date: /home/user/test_ws/install/create_msgs/include/create_msgs/create_msgs/msg
[1.019s] -- Up-to-date: /home/user/test_ws/install/create_msgs/include/create_msgs/create_msgs/msg/define_song.h
[1.020s] -- Up-to-date: /home/user/test_ws/install/create_msgs/include/create_msgs/create_msgs/msg/charging_state.h
[1.020s] -- Up-to-date: /home/user/test_ws/install/create_msgs/include/create_msgs/create_msgs/msg/cliff.h
[1.020s] -- Up-to-date: /home/user/test_ws/install/create_msgs/include/create_msgs/create_msgs/msg/motor_setpoint.h
[1.021s] -- Up-to-date: /home/user/test_ws/install/create_msgs/include/create_msgs/create_msgs/msg/rosidl_generator_c__visibility_control.h
[1.021s] -- Up-to-date: /home/user/test_ws/install/create_msgs/include/create_msgs/create_msgs/msg/detail
[1.021s] -- Up-to-date: /home/user/test_ws/install/create_msgs/include/create_msgs/create_msgs/msg/detail/mode__type_support.h
[1.021s] -- Up-to-date: /home/user/test_ws/install/create_msgs/include/create_msgs/create_msgs/msg/detail/bumper__struct.h
[1.022s] -- Up-to-date: /home/user/test_ws/install/create_msgs/include/create_msgs/create_msgs/msg/detail/mode__functions.h
[1.022s] -- Up-to-date: /home/user/test_ws/install/create_msgs/include/create_msgs/create_msgs/msg/detail/charging_state__functions.c
[1.022s] -- Up-to-date: /home/user/test_ws/install/create_msgs/include/create_msgs/create_msgs/msg/detail/cliff__type_support.h
[1.022s] -- Up-to-date: /home/user/test_ws/install/create_msgs/include/create_msgs/create_msgs/msg/detail/charging_state__type_support.h
[1.022s] -- Up-to-date: /home/user/test_ws/install/create_msgs/include/create_msgs/create_msgs/msg/detail/mode__struct.h
[1.022s] -- Up-to-date: /home/user/test_ws/install/create_msgs/include/create_msgs/create_msgs/msg/detail/play_song__type_support.h
[1.023s] -- Up-to-date: /home/user/test_ws/install/create_msgs/include/create_msgs/create_msgs/msg/detail/play_song__functions.c
[1.023s] -- Up-to-date: /home/user/test_ws/install/create_msgs/include/create_msgs/create_msgs/msg/detail/play_song__functions.h
[1.023s] -- Up-to-date: /home/user/test_ws/install/create_msgs/include/create_msgs/create_msgs/msg/detail/motor_setpoint__functions.c
[1.023s] -- Up-to-date: /home/user/test_ws/install/create_msgs/include/create_msgs/create_msgs/msg/detail/define_song__functions.c
[1.023s] -- Up-to-date: /home/user/test_ws/install/create_msgs/include/create_msgs/create_msgs/msg/detail/motor_setpoint__struct.h
[1.023s] -- Up-to-date: /home/user/test_ws/install/create_msgs/include/create_msgs/create_msgs/msg/detail/define_song__type_support.h
[1.023s] -- Up-to-date: /home/user/test_ws/install/create_msgs/include/create_msgs/create_msgs/msg/detail/cliff__functions.h
[1.024s] -- Up-to-date: /home/user/test_ws/install/create_msgs/include/create_msgs/create_msgs/msg/detail/motor_setpoint__type_support.h
[1.024s] -- Up-to-date: /home/user/test_ws/install/create_msgs/include/create_msgs/create_msgs/msg/detail/play_song__struct.h
[1.024s] -- Up-to-date: /home/user/test_ws/install/create_msgs/include/create_msgs/create_msgs/msg/detail/cliff__struct.h
[1.024s] -- Up-to-date: /home/user/test_ws/install/create_msgs/include/create_msgs/create_msgs/msg/detail/charging_state__struct.h
[1.024s] -- Up-to-date: /home/user/test_ws/install/create_msgs/include/create_msgs/create_msgs/msg/detail/motor_setpoint__functions.h
[1.024s] -- Up-to-date: /home/user/test_ws/install/create_msgs/include/create_msgs/create_msgs/msg/detail/bumper__functions.h
[1.024s] -- Up-to-date: /home/user/test_ws/install/create_msgs/include/create_msgs/create_msgs/msg/detail/cliff__functions.c
[1.024s] -- Up-to-date: /home/user/test_ws/install/create_msgs/include/create_msgs/create_msgs/msg/detail/mode__functions.c
[1.025s] -- Up-to-date: /home/user/test_ws/install/create_msgs/include/create_msgs/create_msgs/msg/detail/bumper__type_support.h
[1.025s] -- Up-to-date: /home/user/test_ws/install/create_msgs/include/create_msgs/create_msgs/msg/detail/define_song__functions.h
[1.025s] -- Up-to-date: /home/user/test_ws/install/create_msgs/include/create_msgs/create_msgs/msg/detail/charging_state__functions.h
[1.025s] -- Up-to-date: /home/user/test_ws/install/create_msgs/include/create_msgs/create_msgs/msg/detail/bumper__functions.c
[1.025s] -- Up-to-date: /home/user/test_ws/install/create_msgs/include/create_msgs/create_msgs/msg/detail/define_song__struct.h
[1.025s] -- Up-to-date: /home/user/test_ws/install/create_msgs/include/create_msgs/create_msgs/msg/mode.h
[1.025s] -- Up-to-date: /home/user/test_ws/install/create_msgs/include/create_msgs/create_msgs/msg/bumper.h
[1.025s] -- Up-to-date: /home/user/test_ws/install/create_msgs/include/create_msgs/create_msgs/msg/play_song.h
[1.026s] -- Up-to-date: /home/user/test_ws/install/create_msgs/share/create_msgs/environment/library_path.sh
[1.026s] -- Up-to-date: /home/user/test_ws/install/create_msgs/share/create_msgs/environment/library_path.dsv
[1.026s] -- Up-to-date: /home/user/test_ws/install/create_msgs/lib/libcreate_msgs__rosidl_generator_c.so
[1.026s] -- Up-to-date: /home/user/test_ws/install/create_msgs/include/create_msgs/create_msgs
[1.026s] -- Up-to-date: /home/user/test_ws/install/create_msgs/include/create_msgs/create_msgs/msg
[1.026s] -- Up-to-date: /home/user/test_ws/install/create_msgs/include/create_msgs/create_msgs/msg/rosidl_typesupport_fastrtps_c__visibility_control.h
[1.026s] -- Up-to-date: /home/user/test_ws/install/create_msgs/include/create_msgs/create_msgs/msg/detail
[1.026s] -- Up-to-date: /home/user/test_ws/install/create_msgs/include/create_msgs/create_msgs/msg/detail/mode__rosidl_typesupport_fastrtps_c.h
[1.027s] -- Up-to-date: /home/user/test_ws/install/create_msgs/include/create_msgs/create_msgs/msg/detail/play_song__rosidl_typesupport_fastrtps_c.h
[1.027s] -- Up-to-date: /home/user/test_ws/install/create_msgs/include/create_msgs/create_msgs/msg/detail/cliff__rosidl_typesupport_fastrtps_c.h
[1.027s] -- Up-to-date: /home/user/test_ws/install/create_msgs/include/create_msgs/create_msgs/msg/detail/bumper__rosidl_typesupport_fastrtps_c.h
[1.027s] -- Up-to-date: /home/user/test_ws/install/create_msgs/include/create_msgs/create_msgs/msg/detail/charging_state__rosidl_typesupport_fastrtps_c.h
[1.027s] -- Up-to-date: /home/user/test_ws/install/create_msgs/include/create_msgs/create_msgs/msg/detail/define_song__rosidl_typesupport_fastrtps_c.h
[1.027s] -- Up-to-date: /home/user/test_ws/install/create_msgs/include/create_msgs/create_msgs/msg/detail/motor_setpoint__rosidl_typesupport_fastrtps_c.h
[1.027s] -- Up-to-date: /home/user/test_ws/install/create_msgs/lib/libcreate_msgs__rosidl_typesupport_fastrtps_c.so
[1.027s] -- Up-to-date: /home/user/test_ws/install/create_msgs/include/create_msgs/create_msgs
[1.028s] -- Up-to-date: /home/user/test_ws/install/create_msgs/include/create_msgs/create_msgs/msg
[1.028s] -- Up-to-date: /home/user/test_ws/install/create_msgs/include/create_msgs/create_msgs/msg/detail
[1.028s] -- Up-to-date: /home/user/test_ws/install/create_msgs/include/create_msgs/create_msgs/msg/detail/mode__type_support.c
[1.028s] -- Up-to-date: /home/user/test_ws/install/create_msgs/include/create_msgs/create_msgs/msg/detail/bumper__rosidl_typesupport_introspection_c.h
[1.028s] -- Up-to-date: /home/user/test_ws/install/create_msgs/include/create_msgs/create_msgs/msg/detail/bumper__type_support.c
[1.028s] -- Up-to-date: /home/user/test_ws/install/create_msgs/include/create_msgs/create_msgs/msg/detail/play_song__rosidl_typesupport_introspection_c.h
[1.028s] -- Up-to-date: /home/user/test_ws/install/create_msgs/include/create_msgs/create_msgs/msg/detail/cliff__type_support.c
[1.029s] -- Up-to-date: /home/user/test_ws/install/create_msgs/include/create_msgs/create_msgs/msg/detail/define_song__rosidl_typesupport_introspection_c.h
[1.029s] -- Up-to-date: /home/user/test_ws/install/create_msgs/include/create_msgs/create_msgs/msg/detail/charging_state__type_support.c
[1.029s] -- Up-to-date: /home/user/test_ws/install/create_msgs/include/create_msgs/create_msgs/msg/detail/charging_state__rosidl_typesupport_introspection_c.h
[1.029s] -- Up-to-date: /home/user/test_ws/install/create_msgs/include/create_msgs/create_msgs/msg/detail/motor_setpoint__rosidl_typesupport_introspection_c.h
[1.029s] -- Up-to-date: /home/user/test_ws/install/create_msgs/include/create_msgs/create_msgs/msg/detail/motor_setpoint__type_support.c
[1.029s] -- Up-to-date: /home/user/test_ws/install/create_msgs/include/create_msgs/create_msgs/msg/detail/play_song__type_support.c
[1.029s] -- Up-to-date: /home/user/test_ws/install/create_msgs/include/create_msgs/create_msgs/msg/detail/cliff__rosidl_typesupport_introspection_c.h
[1.030s] -- Up-to-date: /home/user/test_ws/install/create_msgs/include/create_msgs/create_msgs/msg/detail/mode__rosidl_typesupport_introspection_c.h
[1.030s] -- Up-to-date: /home/user/test_ws/install/create_msgs/include/create_msgs/create_msgs/msg/detail/define_song__type_support.c
[1.030s] -- Up-to-date: /home/user/test_ws/install/create_msgs/include/create_msgs/create_msgs/msg/rosidl_typesupport_introspection_c__visibility_control.h
[1.030s] -- Up-to-date: /home/user/test_ws/install/create_msgs/lib/libcreate_msgs__rosidl_typesupport_introspection_c.so
[1.030s] -- Up-to-date: /home/user/test_ws/install/create_msgs/lib/libcreate_msgs__rosidl_typesupport_c.so
[1.030s] -- Up-to-date: /home/user/test_ws/install/create_msgs/include/create_msgs/create_msgs
[1.030s] -- Up-to-date: /home/user/test_ws/install/create_msgs/include/create_msgs/create_msgs/msg
[1.030s] -- Up-to-date: /home/user/test_ws/install/create_msgs/include/create_msgs/create_msgs/msg/define_song.hpp
[1.030s] -- Up-to-date: /home/user/test_ws/install/create_msgs/include/create_msgs/create_msgs/msg/charging_state.hpp
[1.030s] -- Up-to-date: /home/user/test_ws/install/create_msgs/include/create_msgs/create_msgs/msg/cliff.hpp
[1.031s] -- Up-to-date: /home/user/test_ws/install/create_msgs/include/create_msgs/create_msgs/msg/mode.hpp
[1.031s] -- Up-to-date: /home/user/test_ws/install/create_msgs/include/create_msgs/create_msgs/msg/play_song.hpp
[1.031s] -- Up-to-date: /home/user/test_ws/install/create_msgs/include/create_msgs/create_msgs/msg/detail
[1.031s] -- Up-to-date: /home/user/test_ws/install/create_msgs/include/create_msgs/create_msgs/msg/detail/play_song__builder.hpp
[1.031s] -- Up-to-date: /home/user/test_ws/install/create_msgs/include/create_msgs/create_msgs/msg/detail/bumper__traits.hpp
[1.031s] -- Up-to-date: /home/user/test_ws/install/create_msgs/include/create_msgs/create_msgs/msg/detail/cliff__builder.hpp
[1.031s] -- Up-to-date: /home/user/test_ws/install/create_msgs/include/create_msgs/create_msgs/msg/detail/play_song__traits.hpp
[1.031s] -- Up-to-date: /home/user/test_ws/install/create_msgs/include/create_msgs/create_msgs/msg/detail/cliff__type_support.hpp
[1.032s] -- Up-to-date: /home/user/test_ws/install/create_msgs/include/create_msgs/create_msgs/msg/detail/charging_state__type_support.hpp
[1.032s] -- Up-to-date: /home/user/test_ws/install/create_msgs/include/create_msgs/create_msgs/msg/detail/play_song__struct.hpp
[1.032s] -- Up-to-date: /home/user/test_ws/install/create_msgs/include/create_msgs/create_msgs/msg/detail/define_song__builder.hpp
[1.033s] -- Up-to-date: /home/user/test_ws/install/create_msgs/include/create_msgs/create_msgs/msg/detail/define_song__type_support.hpp
[1.033s] -- Up-to-date: /home/user/test_ws/install/create_msgs/include/create_msgs/create_msgs/msg/detail/cliff__traits.hpp
[1.033s] -- Up-to-date: /home/user/test_ws/install/create_msgs/include/create_msgs/create_msgs/msg/detail/mode__builder.hpp
[1.033s] -- Up-to-date: /home/user/test_ws/install/create_msgs/include/create_msgs/create_msgs/msg/detail/charging_state__struct.hpp
[1.033s] -- Up-to-date: /home/user/test_ws/install/create_msgs/include/create_msgs/create_msgs/msg/detail/play_song__type_support.hpp
[1.033s] -- Up-to-date: /home/user/test_ws/install/create_msgs/include/create_msgs/create_msgs/msg/detail/charging_state__builder.hpp
[1.033s] -- Up-to-date: /home/user/test_ws/install/create_msgs/include/create_msgs/create_msgs/msg/detail/charging_state__traits.hpp
[1.033s] -- Up-to-date: /home/user/test_ws/install/create_msgs/include/create_msgs/create_msgs/msg/detail/motor_setpoint__struct.hpp
[1.034s] -- Up-to-date: /home/user/test_ws/install/create_msgs/include/create_msgs/create_msgs/msg/detail/bumper__type_support.hpp
[1.034s] -- Up-to-date: /home/user/test_ws/install/create_msgs/include/create_msgs/create_msgs/msg/detail/define_song__traits.hpp
[1.034s] -- Up-to-date: /home/user/test_ws/install/create_msgs/include/create_msgs/create_msgs/msg/detail/bumper__struct.hpp
[1.034s] -- Up-to-date: /home/user/test_ws/install/create_msgs/include/create_msgs/create_msgs/msg/detail/mode__struct.hpp
[1.034s] -- Up-to-date: /home/user/test_ws/install/create_msgs/include/create_msgs/create_msgs/msg/detail/motor_setpoint__builder.hpp
[1.034s] -- Up-to-date: /home/user/test_ws/install/create_msgs/include/create_msgs/create_msgs/msg/detail/motor_setpoint__traits.hpp
[1.034s] -- Up-to-date: /home/user/test_ws/install/create_msgs/include/create_msgs/create_msgs/msg/detail/mode__type_support.hpp
[1.034s] -- Up-to-date: /home/user/test_ws/install/create_msgs/include/create_msgs/create_msgs/msg/detail/bumper__builder.hpp
[1.035s] -- Up-to-date: /home/user/test_ws/install/create_msgs/include/create_msgs/create_msgs/msg/detail/mode__traits.hpp
[1.035s] -- Up-to-date: /home/user/test_ws/install/create_msgs/include/create_msgs/create_msgs/msg/detail/define_song__struct.hpp
[1.035s] -- Up-to-date: /home/user/test_ws/install/create_msgs/include/create_msgs/create_msgs/msg/detail/motor_setpoint__type_support.hpp
[1.035s] -- Up-to-date: /home/user/test_ws/install/create_msgs/include/create_msgs/create_msgs/msg/detail/cliff__struct.hpp
[1.035s] -- Up-to-date: /home/user/test_ws/install/create_msgs/include/create_msgs/create_msgs/msg/bumper.hpp
[1.035s] -- Up-to-date: /home/user/test_ws/install/create_msgs/include/create_msgs/create_msgs/msg/motor_setpoint.hpp
[1.035s] -- Up-to-date: /home/user/test_ws/install/create_msgs/include/create_msgs/create_msgs/msg/rosidl_generator_cpp__visibility_control.hpp
[1.036s] -- Up-to-date: /home/user/test_ws/install/create_msgs/include/create_msgs/create_msgs
[1.036s] -- Up-to-date: /home/user/test_ws/install/create_msgs/include/create_msgs/create_msgs/msg
[1.036s] -- Up-to-date: /home/user/test_ws/install/create_msgs/include/create_msgs/create_msgs/msg/rosidl_typesupport_fastrtps_cpp__visibility_control.h
[1.037s] -- Up-to-date: /home/user/test_ws/install/create_msgs/include/create_msgs/create_msgs/msg/detail
[1.037s] -- Up-to-date: /home/user/test_ws/install/create_msgs/include/create_msgs/create_msgs/msg/detail/motor_setpoint__rosidl_typesupport_fastrtps_cpp.hpp
[1.037s] -- Up-to-date: /home/user/test_ws/install/create_msgs/include/create_msgs/create_msgs/msg/detail/cliff__rosidl_typesupport_fastrtps_cpp.hpp
[1.037s] -- Up-to-date: /home/user/test_ws/install/create_msgs/include/create_msgs/create_msgs/msg/detail/mode__rosidl_typesupport_fastrtps_cpp.hpp
[1.037s] -- Up-to-date: /home/user/test_ws/install/create_msgs/include/create_msgs/create_msgs/msg/detail/play_song__rosidl_typesupport_fastrtps_cpp.hpp
[1.037s] -- Up-to-date: /home/user/test_ws/install/create_msgs/include/create_msgs/create_msgs/msg/detail/charging_state__rosidl_typesupport_fastrtps_cpp.hpp
[1.037s] -- Up-to-date: /home/user/test_ws/install/create_msgs/include/create_msgs/create_msgs/msg/detail/define_song__rosidl_typesupport_fastrtps_cpp.hpp
[1.037s] -- Up-to-date: /home/user/test_ws/install/create_msgs/include/create_msgs/create_msgs/msg/detail/bumper__rosidl_typesupport_fastrtps_cpp.hpp
[1.038s] -- Up-to-date: /home/user/test_ws/install/create_msgs/include/create_msgs/create_msgs/msg/detail/dds_fastrtps
[1.038s] -- Up-to-date: /home/user/test_ws/install/create_msgs/lib/libcreate_msgs__rosidl_typesupport_fastrtps_cpp.so
[1.038s] -- Up-to-date: /home/user/test_ws/install/create_msgs/include/create_msgs/create_msgs
[1.038s] -- Up-to-date: /home/user/test_ws/install/create_msgs/include/create_msgs/create_msgs/msg
[1.038s] -- Up-to-date: /home/user/test_ws/install/create_msgs/include/create_msgs/create_msgs/msg/detail
[1.039s] -- Up-to-date: /home/user/test_ws/install/create_msgs/include/create_msgs/create_msgs/msg/detail/motor_setpoint__type_support.cpp
[1.039s] -- Up-to-date: /home/user/test_ws/install/create_msgs/include/create_msgs/create_msgs/msg/detail/cliff__rosidl_typesupport_introspection_cpp.hpp
[1.039s] -- Up-to-date: /home/user/test_ws/install/create_msgs/include/create_msgs/create_msgs/msg/detail/bumper__type_support.cpp
[1.039s] -- Up-to-date: /home/user/test_ws/install/create_msgs/include/create_msgs/create_msgs/msg/detail/mode__type_support.cpp
[1.039s] -- Up-to-date: /home/user/test_ws/install/create_msgs/include/create_msgs/create_msgs/msg/detail/cliff__type_support.cpp
[1.039s] -- Up-to-date: /home/user/test_ws/install/create_msgs/include/create_msgs/create_msgs/msg/detail/charging_state__type_support.cpp
[1.040s] -- Up-to-date: /home/user/test_ws/install/create_msgs/include/create_msgs/create_msgs/msg/detail/charging_state__rosidl_typesupport_introspection_cpp.hpp
[1.040s] -- Up-to-date: /home/user/test_ws/install/create_msgs/include/create_msgs/create_msgs/msg/detail/define_song__type_support.cpp
[1.040s] -- Up-to-date: /home/user/test_ws/install/create_msgs/include/create_msgs/create_msgs/msg/detail/bumper__rosidl_typesupport_introspection_cpp.hpp
[1.040s] -- Up-to-date: /home/user/test_ws/install/create_msgs/include/create_msgs/create_msgs/msg/detail/play_song__type_support.cpp
[1.040s] -- Up-to-date: /home/user/test_ws/install/create_msgs/include/create_msgs/create_msgs/msg/detail/play_song__rosidl_typesupport_introspection_cpp.hpp
[1.040s] -- Up-to-date: /home/user/test_ws/install/create_msgs/include/create_msgs/create_msgs/msg/detail/define_song__rosidl_typesupport_introspection_cpp.hpp
[1.040s] -- Up-to-date: /home/user/test_ws/install/create_msgs/include/create_msgs/create_msgs/msg/detail/motor_setpoint__rosidl_typesupport_introspection_cpp.hpp
[1.041s] -- Up-to-date: /home/user/test_ws/install/create_msgs/include/create_msgs/create_msgs/msg/detail/mode__rosidl_typesupport_introspection_cpp.hpp
[1.041s] -- Up-to-date: /home/user/test_ws/install/create_msgs/lib/libcreate_msgs__rosidl_typesupport_introspection_cpp.so
[1.041s] -- Up-to-date: /home/user/test_ws/install/create_msgs/lib/libcreate_msgs__rosidl_typesupport_cpp.so
[1.041s] -- Up-to-date: /home/user/test_ws/install/create_msgs/share/create_msgs/environment/pythonpath.sh
[1.041s] -- Up-to-date: /home/user/test_ws/install/create_msgs/share/create_msgs/environment/pythonpath.dsv
[1.041s] -- Up-to-date: /home/user/test_ws/install/create_msgs/local/lib/python3.10/dist-packages/create_msgs-3.1.0-py3.10.egg-info
[1.041s] -- Installing: /home/user/test_ws/install/create_msgs/local/lib/python3.10/dist-packages/create_msgs-3.1.0-py3.10.egg-info/top_level.txt
[1.041s] -- Installing: /home/user/test_ws/install/create_msgs/local/lib/python3.10/dist-packages/create_msgs-3.1.0-py3.10.egg-info/SOURCES.txt
[1.041s] -- Installing: /home/user/test_ws/install/create_msgs/local/lib/python3.10/dist-packages/create_msgs-3.1.0-py3.10.egg-info/dependency_links.txt
[1.042s] -- Installing: /home/user/test_ws/install/create_msgs/local/lib/python3.10/dist-packages/create_msgs-3.1.0-py3.10.egg-info/PKG-INFO
[1.042s] -- Up-to-date: /home/user/test_ws/install/create_msgs/local/lib/python3.10/dist-packages/create_msgs
[1.042s] -- Up-to-date: /home/user/test_ws/install/create_msgs/local/lib/python3.10/dist-packages/create_msgs/msg
[1.042s] -- Up-to-date: /home/user/test_ws/install/create_msgs/local/lib/python3.10/dist-packages/create_msgs/msg/_cliff.py
[1.042s] -- Up-to-date: /home/user/test_ws/install/create_msgs/local/lib/python3.10/dist-packages/create_msgs/msg/_bumper_s.c
[1.042s] -- Up-to-date: /home/user/test_ws/install/create_msgs/local/lib/python3.10/dist-packages/create_msgs/msg/_charging_state.py
[1.043s] -- Up-to-date: /home/user/test_ws/install/create_msgs/local/lib/python3.10/dist-packages/create_msgs/msg/_play_song.py
[1.043s] -- Up-to-date: /home/user/test_ws/install/create_msgs/local/lib/python3.10/dist-packages/create_msgs/msg/_define_song_s.c
[1.043s] -- Up-to-date: /home/user/test_ws/install/create_msgs/local/lib/python3.10/dist-packages/create_msgs/msg/_bumper.py
[1.043s] -- Up-to-date: /home/user/test_ws/install/create_msgs/local/lib/python3.10/dist-packages/create_msgs/msg/_play_song_s.c
[1.043s] -- Up-to-date: /home/user/test_ws/install/create_msgs/local/lib/python3.10/dist-packages/create_msgs/msg/_mode_s.c
[1.043s] -- Up-to-date: /home/user/test_ws/install/create_msgs/local/lib/python3.10/dist-packages/create_msgs/msg/_cliff_s.c
[1.043s] -- Up-to-date: /home/user/test_ws/install/create_msgs/local/lib/python3.10/dist-packages/create_msgs/msg/_motor_setpoint.py
[1.044s] -- Up-to-date: /home/user/test_ws/install/create_msgs/local/lib/python3.10/dist-packages/create_msgs/msg/__init__.py
[1.044s] -- Up-to-date: /home/user/test_ws/install/create_msgs/local/lib/python3.10/dist-packages/create_msgs/msg/_define_song.py
[1.044s] -- Up-to-date: /home/user/test_ws/install/create_msgs/local/lib/python3.10/dist-packages/create_msgs/msg/_charging_state_s.c
[1.044s] -- Up-to-date: /home/user/test_ws/install/create_msgs/local/lib/python3.10/dist-packages/create_msgs/msg/_mode.py
[1.044s] -- Up-to-date: /home/user/test_ws/install/create_msgs/local/lib/python3.10/dist-packages/create_msgs/msg/_motor_setpoint_s.c
[1.045s] -- Up-to-date: /home/user/test_ws/install/create_msgs/local/lib/python3.10/dist-packages/create_msgs/_create_msgs_s.ep.rosidl_typesupport_c.c
[1.045s] -- Up-to-date: /home/user/test_ws/install/create_msgs/local/lib/python3.10/dist-packages/create_msgs/create_msgs_s__rosidl_typesupport_introspection_c.cpython-310-x86_64-linux-gnu.so
[1.045s] -- Up-to-date: /home/user/test_ws/install/create_msgs/local/lib/python3.10/dist-packages/create_msgs/create_msgs_s__rosidl_typesupport_c.cpython-310-x86_64-linux-gnu.so
[1.045s] -- Up-to-date: /home/user/test_ws/install/create_msgs/local/lib/python3.10/dist-packages/create_msgs/libcreate_msgs__rosidl_generator_py.so
[1.046s] -- Up-to-date: /home/user/test_ws/install/create_msgs/local/lib/python3.10/dist-packages/create_msgs/_create_msgs_s.ep.rosidl_typesupport_fastrtps_c.c
[1.048s] -- Up-to-date: /home/user/test_ws/install/create_msgs/local/lib/python3.10/dist-packages/create_msgs/create_msgs_s__rosidl_typesupport_fastrtps_c.cpython-310-x86_64-linux-gnu.so
[1.049s] -- Up-to-date: /home/user/test_ws/install/create_msgs/local/lib/python3.10/dist-packages/create_msgs/__init__.py
[1.049s] -- Up-to-date: /home/user/test_ws/install/create_msgs/local/lib/python3.10/dist-packages/create_msgs/_create_msgs_s.ep.rosidl_typesupport_introspection_c.c
[1.071s] Listing '/home/user/test_ws/install/create_msgs/local/lib/python3.10/dist-packages/create_msgs'...
[1.071s] Listing '/home/user/test_ws/install/create_msgs/local/lib/python3.10/dist-packages/create_msgs/msg'...
[1.076s] -- Up-to-date: /home/user/test_ws/install/create_msgs/local/lib/python3.10/dist-packages/create_msgs/create_msgs_s__rosidl_typesupport_fastrtps_c.cpython-310-x86_64-linux-gnu.so
[1.076s] -- Up-to-date: /home/user/test_ws/install/create_msgs/local/lib/python3.10/dist-packages/create_msgs/create_msgs_s__rosidl_typesupport_introspection_c.cpython-310-x86_64-linux-gnu.so
[1.079s] -- Up-to-date: /home/user/test_ws/install/create_msgs/local/lib/python3.10/dist-packages/create_msgs/create_msgs_s__rosidl_typesupport_c.cpython-310-x86_64-linux-gnu.so
[1.079s] -- Up-to-date: /home/user/test_ws/install/create_msgs/lib/libcreate_msgs__rosidl_generator_py.so
[1.079s] -- Up-to-date: /home/user/test_ws/install/create_msgs/share/create_msgs/msg/Bumper.idl
[1.079s] -- Up-to-date: /home/user/test_ws/install/create_msgs/share/create_msgs/msg/ChargingState.idl
[1.079s] -- Up-to-date: /home/user/test_ws/install/create_msgs/share/create_msgs/msg/DefineSong.idl
[1.079s] -- Up-to-date: /home/user/test_ws/install/create_msgs/share/create_msgs/msg/Mode.idl
[1.079s] -- Up-to-date: /home/user/test_ws/install/create_msgs/share/create_msgs/msg/PlaySong.idl
[1.079s] -- Up-to-date: /home/user/test_ws/install/create_msgs/share/create_msgs/msg/MotorSetpoint.idl
[1.079s] -- Up-to-date: /home/user/test_ws/install/create_msgs/share/create_msgs/msg/Cliff.idl
[1.079s] -- Up-to-date: /home/user/test_ws/install/create_msgs/share/create_msgs/msg/Bumper.msg
[1.079s] -- Up-to-date: /home/user/test_ws/install/create_msgs/share/create_msgs/msg/ChargingState.msg
[1.079s] -- Up-to-date: /home/user/test_ws/install/create_msgs/share/create_msgs/msg/DefineSong.msg
[1.080s] -- Up-to-date: /home/user/test_ws/install/create_msgs/share/create_msgs/msg/Mode.msg
[1.080s] -- Up-to-date: /home/user/test_ws/install/create_msgs/share/create_msgs/msg/PlaySong.msg
[1.081s] -- Up-to-date: /home/user/test_ws/install/create_msgs/share/create_msgs/msg/MotorSetpoint.msg
[1.081s] -- Up-to-date: /home/user/test_ws/install/create_msgs/share/create_msgs/msg/Cliff.msg
[1.081s] -- Up-to-date: /home/user/test_ws/install/create_msgs/share/ament_index/resource_index/package_run_dependencies/create_msgs
[1.081s] -- Up-to-date: /home/user/test_ws/install/create_msgs/share/ament_index/resource_index/parent_prefix_path/create_msgs
[1.081s] -- Up-to-date: /home/user/test_ws/install/create_msgs/share/create_msgs/environment/ament_prefix_path.sh
[1.082s] -- Up-to-date: /home/user/test_ws/install/create_msgs/share/create_msgs/environment/ament_prefix_path.dsv
[1.082s] -- Up-to-date: /home/user/test_ws/install/create_msgs/share/create_msgs/environment/path.sh
[1.082s] -- Up-to-date: /home/user/test_ws/install/create_msgs/share/create_msgs/environment/path.dsv
[1.083s] -- Up-to-date: /home/user/test_ws/install/create_msgs/share/create_msgs/local_setup.bash
[1.083s] -- Up-to-date: /home/user/test_ws/install/create_msgs/share/create_msgs/local_setup.sh
[1.083s] -- Up-to-date: /home/user/test_ws/install/create_msgs/share/create_msgs/local_setup.zsh
[1.083s] -- Up-to-date: /home/user/test_ws/install/create_msgs/share/create_msgs/local_setup.dsv
[1.083s] -- Up-to-date: /home/user/test_ws/install/create_msgs/share/create_msgs/package.dsv
[1.083s] -- Up-to-date: /home/user/test_ws/install/create_msgs/share/ament_index/resource_index/packages/create_msgs
[1.084s] -- Up-to-date: /home/user/test_ws/install/create_msgs/share/create_msgs/cmake/export_create_msgs__rosidl_generator_cExport.cmake
[1.084s] -- Up-to-date: /home/user/test_ws/install/create_msgs/share/create_msgs/cmake/export_create_msgs__rosidl_generator_cExport-noconfig.cmake
[1.084s] -- Up-to-date: /home/user/test_ws/install/create_msgs/share/create_msgs/cmake/export_create_msgs__rosidl_typesupport_fastrtps_cExport.cmake
[1.084s] -- Up-to-date: /home/user/test_ws/install/create_msgs/share/create_msgs/cmake/export_create_msgs__rosidl_typesupport_fastrtps_cExport-noconfig.cmake
[1.085s] -- Up-to-date: /home/user/test_ws/install/create_msgs/share/create_msgs/cmake/create_msgs__rosidl_typesupport_introspection_cExport.cmake
[1.085s] -- Up-to-date: /home/user/test_ws/install/create_msgs/share/create_msgs/cmake/create_msgs__rosidl_typesupport_introspection_cExport-noconfig.cmake
[1.085s] -- Up-to-date: /home/user/test_ws/install/create_msgs/share/create_msgs/cmake/create_msgs__rosidl_typesupport_cExport.cmake
[1.085s] -- Up-to-date: /home/user/test_ws/install/create_msgs/share/create_msgs/cmake/create_msgs__rosidl_typesupport_cExport-noconfig.cmake
[1.086s] -- Up-to-date: /home/user/test_ws/install/create_msgs/share/create_msgs/cmake/export_create_msgs__rosidl_generator_cppExport.cmake
[1.086s] -- Up-to-date: /home/user/test_ws/install/create_msgs/share/create_msgs/cmake/export_create_msgs__rosidl_typesupport_fastrtps_cppExport.cmake
[1.086s] -- Up-to-date: /home/user/test_ws/install/create_msgs/share/create_msgs/cmake/export_create_msgs__rosidl_typesupport_fastrtps_cppExport-noconfig.cmake
[1.086s] -- Up-to-date: /home/user/test_ws/install/create_msgs/share/create_msgs/cmake/create_msgs__rosidl_typesupport_introspection_cppExport.cmake
[1.086s] -- Up-to-date: /home/user/test_ws/install/create_msgs/share/create_msgs/cmake/create_msgs__rosidl_typesupport_introspection_cppExport-noconfig.cmake
[1.087s] -- Up-to-date: /home/user/test_ws/install/create_msgs/share/create_msgs/cmake/create_msgs__rosidl_typesupport_cppExport.cmake
[1.087s] -- Up-to-date: /home/user/test_ws/install/create_msgs/share/create_msgs/cmake/create_msgs__rosidl_typesupport_cppExport-noconfig.cmake
[1.087s] -- Up-to-date: /home/user/test_ws/install/create_msgs/share/create_msgs/cmake/export_create_msgs__rosidl_generator_pyExport.cmake
[1.087s] -- Up-to-date: /home/user/test_ws/install/create_msgs/share/create_msgs/cmake/export_create_msgs__rosidl_generator_pyExport-noconfig.cmake
[1.087s] -- Up-to-date: /home/user/test_ws/install/create_msgs/share/create_msgs/cmake/rosidl_cmake-extras.cmake
[1.087s] -- Up-to-date: /home/user/test_ws/install/create_msgs/share/create_msgs/cmake/ament_cmake_export_dependencies-extras.cmake
[1.088s] -- Up-to-date: /home/user/test_ws/install/create_msgs/share/create_msgs/cmake/ament_cmake_export_include_directories-extras.cmake
[1.088s] -- Up-to-date: /home/user/test_ws/install/create_msgs/share/create_msgs/cmake/ament_cmake_export_libraries-extras.cmake
[1.088s] -- Up-to-date: /home/user/test_ws/install/create_msgs/share/create_msgs/cmake/ament_cmake_export_targets-extras.cmake
[1.088s] -- Up-to-date: /home/user/test_ws/install/create_msgs/share/create_msgs/cmake/rosidl_cmake_export_typesupport_targets-extras.cmake
[1.088s] -- Up-to-date: /home/user/test_ws/install/create_msgs/share/create_msgs/cmake/rosidl_cmake_export_typesupport_libraries-extras.cmake
[1.089s] -- Up-to-date: /home/user/test_ws/install/create_msgs/share/create_msgs/cmake/create_msgsConfig.cmake
[1.089s] -- Up-to-date: /home/user/test_ws/install/create_msgs/share/create_msgs/cmake/create_msgsConfig-version.cmake
[1.089s] -- Up-to-date: /home/user/test_ws/install/create_msgs/share/create_msgs/package.xml
