[0.077s] Invoking command in '/home/user/test_ws/build/create3_examples_msgs': CMAKE_PREFIX_PATH=${CMAKE_PREFIX_PATH}:/home/user/test_ws/install/create3_examples_msgs:/home/user/launch_ws/install/py_launch_example:/home/user/create3_examples_ws/install/create3_teleop:/home/user/create3_examples_ws/install/create3_examples_py:/home/user/sweepbot_ws/install/sweepbot:/home/user/sweepbot_ws/install/my_teleop_config:/opt/ros/humble /usr/bin/cmake --build /home/user/test_ws/build/create3_examples_msgs -- -j8 -l8
[0.956s] [  9%] Built target create3_examples_msgs__rosidl_generator_c
[0.957s] [ 12%] Built target create3_examples_msgs__cpp
[0.957s] [ 12%] Built target ament_cmake_python_copy_create3_examples_msgs
[0.958s] [ 22%] Built target create3_examples_msgs__rosidl_typesupport_c
[0.958s] [ 32%] Built target create3_examples_msgs__rosidl_typesupport_fastrtps_c
[0.958s] [ 41%] Built target create3_examples_msgs__rosidl_typesupport_introspection_c
[0.959s] [ 51%] Built target create3_examples_msgs__rosidl_typesupport_fastrtps_cpp
[0.960s] [ 61%] Built target create3_examples_msgs__rosidl_typesupport_introspection_cpp
[0.960s] [ 70%] Built target create3_examples_msgs__rosidl_typesupport_cpp
[0.960s] [ 70%] Built target create3_examples_msgs
[0.960s] [ 74%] Built target create3_examples_msgs__py
[0.960s] [ 80%] Built target create3_examples_msgs__rosidl_generator_py
[0.961s] [ 87%] Built target create3_examples_msgs__rosidl_typesupport_c__pyext
[0.961s] [ 93%] Built target create3_examples_msgs__rosidl_typesupport_introspection_c__pyext
[0.961s] [100%] Built target create3_examples_msgs__rosidl_typesupport_fastrtps_c__pyext
[0.961s] running egg_info
[0.961s] writing create3_examples_msgs.egg-info/PKG-INFO
[0.961s] writing dependency_links to create3_examples_msgs.egg-info/dependency_links.txt
[0.961s] writing top-level names to create3_examples_msgs.egg-info/top_level.txt
[0.962s] reading manifest file 'create3_examples_msgs.egg-info/SOURCES.txt'
[0.962s] writing manifest file 'create3_examples_msgs.egg-info/SOURCES.txt'
[0.962s] [100%] Built target ament_cmake_python_build_create3_examples_msgs_egg
[0.978s] Invoked command in '/home/user/test_ws/build/create3_examples_msgs' returned '0': CMAKE_PREFIX_PATH=${CMAKE_PREFIX_PATH}:/home/user/test_ws/install/create3_examples_msgs:/home/user/launch_ws/install/py_launch_example:/home/user/create3_examples_ws/install/create3_teleop:/home/user/create3_examples_ws/install/create3_examples_py:/home/user/sweepbot_ws/install/sweepbot:/home/user/sweepbot_ws/install/my_teleop_config:/opt/ros/humble /usr/bin/cmake --build /home/user/test_ws/build/create3_examples_msgs -- -j8 -l8
[0.979s] Invoking command in '/home/user/test_ws/build/create3_examples_msgs': CMAKE_PREFIX_PATH=${CMAKE_PREFIX_PATH}:/home/user/test_ws/install/create3_examples_msgs:/home/user/launch_ws/install/py_launch_example:/home/user/create3_examples_ws/install/create3_teleop:/home/user/create3_examples_ws/install/create3_examples_py:/home/user/sweepbot_ws/install/sweepbot:/home/user/sweepbot_ws/install/my_teleop_config:/opt/ros/humble /usr/bin/cmake --install /home/user/test_ws/build/create3_examples_msgs
[1.000s] -- Install configuration: ""
[1.001s] -- Up-to-date: /home/user/test_ws/install/create3_examples_msgs/share/ament_index/resource_index/rosidl_interfaces/create3_examples_msgs
[1.002s] -- Up-to-date: /home/user/test_ws/install/create3_examples_msgs/include/create3_examples_msgs/create3_examples_msgs
[1.002s] -- Up-to-date: /home/user/test_ws/install/create3_examples_msgs/include/create3_examples_msgs/create3_examples_msgs/msg
[1.004s] -- Up-to-date: /home/user/test_ws/install/create3_examples_msgs/include/create3_examples_msgs/create3_examples_msgs/msg/rosidl_generator_c__visibility_control.h
[1.004s] -- Up-to-date: /home/user/test_ws/install/create3_examples_msgs/include/create3_examples_msgs/create3_examples_msgs/action
[1.004s] -- Up-to-date: /home/user/test_ws/install/create3_examples_msgs/include/create3_examples_msgs/create3_examples_msgs/action/coverage.h
[1.004s] -- Up-to-date: /home/user/test_ws/install/create3_examples_msgs/include/create3_examples_msgs/create3_examples_msgs/action/detail
[1.005s] -- Up-to-date: /home/user/test_ws/install/create3_examples_msgs/include/create3_examples_msgs/create3_examples_msgs/action/detail/coverage__functions.c
[1.007s] -- Up-to-date: /home/user/test_ws/install/create3_examples_msgs/include/create3_examples_msgs/create3_examples_msgs/action/detail/coverage__type_support.h
[1.008s] -- Up-to-date: /home/user/test_ws/install/create3_examples_msgs/include/create3_examples_msgs/create3_examples_msgs/action/detail/coverage__functions.h
[1.008s] -- Up-to-date: /home/user/test_ws/install/create3_examples_msgs/include/create3_examples_msgs/create3_examples_msgs/action/detail/coverage__struct.h
[1.009s] -- Up-to-date: /home/user/test_ws/install/create3_examples_msgs/share/create3_examples_msgs/environment/library_path.sh
[1.009s] -- Up-to-date: /home/user/test_ws/install/create3_examples_msgs/share/create3_examples_msgs/environment/library_path.dsv
[1.009s] -- Up-to-date: /home/user/test_ws/install/create3_examples_msgs/lib/libcreate3_examples_msgs__rosidl_generator_c.so
[1.009s] -- Up-to-date: /home/user/test_ws/install/create3_examples_msgs/include/create3_examples_msgs/create3_examples_msgs
[1.009s] -- Up-to-date: /home/user/test_ws/install/create3_examples_msgs/include/create3_examples_msgs/create3_examples_msgs/msg
[1.010s] -- Up-to-date: /home/user/test_ws/install/create3_examples_msgs/include/create3_examples_msgs/create3_examples_msgs/msg/rosidl_typesupport_fastrtps_c__visibility_control.h
[1.010s] -- Up-to-date: /home/user/test_ws/install/create3_examples_msgs/include/create3_examples_msgs/create3_examples_msgs/action
[1.010s] -- Up-to-date: /home/user/test_ws/install/create3_examples_msgs/include/create3_examples_msgs/create3_examples_msgs/action/detail
[1.011s] -- Up-to-date: /home/user/test_ws/install/create3_examples_msgs/include/create3_examples_msgs/create3_examples_msgs/action/detail/coverage__rosidl_typesupport_fastrtps_c.h
[1.011s] -- Up-to-date: /home/user/test_ws/install/create3_examples_msgs/lib/libcreate3_examples_msgs__rosidl_typesupport_fastrtps_c.so
[1.011s] -- Up-to-date: /home/user/test_ws/install/create3_examples_msgs/include/create3_examples_msgs/create3_examples_msgs
[1.011s] -- Up-to-date: /home/user/test_ws/install/create3_examples_msgs/include/create3_examples_msgs/create3_examples_msgs/msg
[1.012s] -- Up-to-date: /home/user/test_ws/install/create3_examples_msgs/include/create3_examples_msgs/create3_examples_msgs/msg/rosidl_typesupport_introspection_c__visibility_control.h
[1.012s] -- Up-to-date: /home/user/test_ws/install/create3_examples_msgs/include/create3_examples_msgs/create3_examples_msgs/action
[1.013s] -- Up-to-date: /home/user/test_ws/install/create3_examples_msgs/include/create3_examples_msgs/create3_examples_msgs/action/detail
[1.013s] -- Up-to-date: /home/user/test_ws/install/create3_examples_msgs/include/create3_examples_msgs/create3_examples_msgs/action/detail/coverage__rosidl_typesupport_introspection_c.h
[1.013s] -- Up-to-date: /home/user/test_ws/install/create3_examples_msgs/include/create3_examples_msgs/create3_examples_msgs/action/detail/coverage__type_support.c
[1.013s] -- Up-to-date: /home/user/test_ws/install/create3_examples_msgs/lib/libcreate3_examples_msgs__rosidl_typesupport_introspection_c.so
[1.013s] -- Up-to-date: /home/user/test_ws/install/create3_examples_msgs/lib/libcreate3_examples_msgs__rosidl_typesupport_c.so
[1.013s] -- Up-to-date: /home/user/test_ws/install/create3_examples_msgs/include/create3_examples_msgs/create3_examples_msgs
[1.013s] -- Up-to-date: /home/user/test_ws/install/create3_examples_msgs/include/create3_examples_msgs/create3_examples_msgs/msg
[1.013s] -- Up-to-date: /home/user/test_ws/install/create3_examples_msgs/include/create3_examples_msgs/create3_examples_msgs/msg/rosidl_generator_cpp__visibility_control.hpp
[1.014s] -- Up-to-date: /home/user/test_ws/install/create3_examples_msgs/include/create3_examples_msgs/create3_examples_msgs/action
[1.014s] -- Up-to-date: /home/user/test_ws/install/create3_examples_msgs/include/create3_examples_msgs/create3_examples_msgs/action/coverage.hpp
[1.014s] -- Up-to-date: /home/user/test_ws/install/create3_examples_msgs/include/create3_examples_msgs/create3_examples_msgs/action/detail
[1.014s] -- Up-to-date: /home/user/test_ws/install/create3_examples_msgs/include/create3_examples_msgs/create3_examples_msgs/action/detail/coverage__builder.hpp
[1.014s] -- Up-to-date: /home/user/test_ws/install/create3_examples_msgs/include/create3_examples_msgs/create3_examples_msgs/action/detail/coverage__type_support.hpp
[1.015s] -- Up-to-date: /home/user/test_ws/install/create3_examples_msgs/include/create3_examples_msgs/create3_examples_msgs/action/detail/coverage__struct.hpp
[1.015s] -- Up-to-date: /home/user/test_ws/install/create3_examples_msgs/include/create3_examples_msgs/create3_examples_msgs/action/detail/coverage__traits.hpp
[1.015s] -- Up-to-date: /home/user/test_ws/install/create3_examples_msgs/include/create3_examples_msgs/create3_examples_msgs
[1.015s] -- Up-to-date: /home/user/test_ws/install/create3_examples_msgs/include/create3_examples_msgs/create3_examples_msgs/msg
[1.015s] -- Up-to-date: /home/user/test_ws/install/create3_examples_msgs/include/create3_examples_msgs/create3_examples_msgs/msg/rosidl_typesupport_fastrtps_cpp__visibility_control.h
[1.015s] -- Up-to-date: /home/user/test_ws/install/create3_examples_msgs/include/create3_examples_msgs/create3_examples_msgs/action
[1.015s] -- Up-to-date: /home/user/test_ws/install/create3_examples_msgs/include/create3_examples_msgs/create3_examples_msgs/action/detail
[1.015s] -- Up-to-date: /home/user/test_ws/install/create3_examples_msgs/include/create3_examples_msgs/create3_examples_msgs/action/detail/coverage__rosidl_typesupport_fastrtps_cpp.hpp
[1.016s] -- Up-to-date: /home/user/test_ws/install/create3_examples_msgs/include/create3_examples_msgs/create3_examples_msgs/action/detail/dds_fastrtps
[1.016s] -- Up-to-date: /home/user/test_ws/install/create3_examples_msgs/lib/libcreate3_examples_msgs__rosidl_typesupport_fastrtps_cpp.so
[1.018s] -- Up-to-date: /home/user/test_ws/install/create3_examples_msgs/include/create3_examples_msgs/create3_examples_msgs
[1.018s] -- Up-to-date: /home/user/test_ws/install/create3_examples_msgs/include/create3_examples_msgs/create3_examples_msgs/action
[1.018s] -- Up-to-date: /home/user/test_ws/install/create3_examples_msgs/include/create3_examples_msgs/create3_examples_msgs/action/detail
[1.018s] -- Up-to-date: /home/user/test_ws/install/create3_examples_msgs/include/create3_examples_msgs/create3_examples_msgs/action/detail/coverage__type_support.cpp
[1.019s] -- Up-to-date: /home/user/test_ws/install/create3_examples_msgs/include/create3_examples_msgs/create3_examples_msgs/action/detail/coverage__rosidl_typesupport_introspection_cpp.hpp
[1.023s] -- Up-to-date: /home/user/test_ws/install/create3_examples_msgs/lib/libcreate3_examples_msgs__rosidl_typesupport_introspection_cpp.so
[1.023s] -- Up-to-date: /home/user/test_ws/install/create3_examples_msgs/lib/libcreate3_examples_msgs__rosidl_typesupport_cpp.so
[1.023s] -- Up-to-date: /home/user/test_ws/install/create3_examples_msgs/share/create3_examples_msgs/environment/pythonpath.sh
[1.023s] -- Up-to-date: /home/user/test_ws/install/create3_examples_msgs/share/create3_examples_msgs/environment/pythonpath.dsv
[1.023s] -- Up-to-date: /home/user/test_ws/install/create3_examples_msgs/local/lib/python3.10/dist-packages/create3_examples_msgs-1.0.0-py3.10.egg-info
[1.023s] -- Installing: /home/user/test_ws/install/create3_examples_msgs/local/lib/python3.10/dist-packages/create3_examples_msgs-1.0.0-py3.10.egg-info/top_level.txt
[1.024s] -- Installing: /home/user/test_ws/install/create3_examples_msgs/local/lib/python3.10/dist-packages/create3_examples_msgs-1.0.0-py3.10.egg-info/SOURCES.txt
[1.024s] -- Installing: /home/user/test_ws/install/create3_examples_msgs/local/lib/python3.10/dist-packages/create3_examples_msgs-1.0.0-py3.10.egg-info/dependency_links.txt
[1.024s] -- Installing: /home/user/test_ws/install/create3_examples_msgs/local/lib/python3.10/dist-packages/create3_examples_msgs-1.0.0-py3.10.egg-info/PKG-INFO
[1.024s] -- Up-to-date: /home/user/test_ws/install/create3_examples_msgs/local/lib/python3.10/dist-packages/create3_examples_msgs
[1.024s] -- Up-to-date: /home/user/test_ws/install/create3_examples_msgs/local/lib/python3.10/dist-packages/create3_examples_msgs/create3_examples_msgs_s__rosidl_typesupport_c.cpython-310-x86_64-linux-gnu.so
[1.024s] -- Up-to-date: /home/user/test_ws/install/create3_examples_msgs/local/lib/python3.10/dist-packages/create3_examples_msgs/create3_examples_msgs_s__rosidl_typesupport_fastrtps_c.cpython-310-x86_64-linux-gnu.so
[1.024s] -- Up-to-date: /home/user/test_ws/install/create3_examples_msgs/local/lib/python3.10/dist-packages/create3_examples_msgs/_create3_examples_msgs_s.ep.rosidl_typesupport_introspection_c.c
[1.025s] -- Up-to-date: /home/user/test_ws/install/create3_examples_msgs/local/lib/python3.10/dist-packages/create3_examples_msgs/libcreate3_examples_msgs__rosidl_generator_py.so
[1.025s] -- Up-to-date: /home/user/test_ws/install/create3_examples_msgs/local/lib/python3.10/dist-packages/create3_examples_msgs/create3_examples_msgs_s__rosidl_typesupport_introspection_c.cpython-310-x86_64-linux-gnu.so
[1.025s] -- Up-to-date: /home/user/test_ws/install/create3_examples_msgs/local/lib/python3.10/dist-packages/create3_examples_msgs/__init__.py
[1.025s] -- Up-to-date: /home/user/test_ws/install/create3_examples_msgs/local/lib/python3.10/dist-packages/create3_examples_msgs/_create3_examples_msgs_s.ep.rosidl_typesupport_c.c
[1.025s] -- Up-to-date: /home/user/test_ws/install/create3_examples_msgs/local/lib/python3.10/dist-packages/create3_examples_msgs/action
[1.025s] -- Up-to-date: /home/user/test_ws/install/create3_examples_msgs/local/lib/python3.10/dist-packages/create3_examples_msgs/action/_coverage_s.c
[1.026s] -- Up-to-date: /home/user/test_ws/install/create3_examples_msgs/local/lib/python3.10/dist-packages/create3_examples_msgs/action/_coverage.py
[1.026s] -- Up-to-date: /home/user/test_ws/install/create3_examples_msgs/local/lib/python3.10/dist-packages/create3_examples_msgs/action/__init__.py
[1.026s] -- Up-to-date: /home/user/test_ws/install/create3_examples_msgs/local/lib/python3.10/dist-packages/create3_examples_msgs/_create3_examples_msgs_s.ep.rosidl_typesupport_fastrtps_c.c
[1.060s] Listing '/home/user/test_ws/install/create3_examples_msgs/local/lib/python3.10/dist-packages/create3_examples_msgs'...
[1.061s] Listing '/home/user/test_ws/install/create3_examples_msgs/local/lib/python3.10/dist-packages/create3_examples_msgs/action'...
[1.070s] -- Up-to-date: /home/user/test_ws/install/create3_examples_msgs/local/lib/python3.10/dist-packages/create3_examples_msgs/create3_examples_msgs_s__rosidl_typesupport_fastrtps_c.cpython-310-x86_64-linux-gnu.so
[1.070s] -- Up-to-date: /home/user/test_ws/install/create3_examples_msgs/local/lib/python3.10/dist-packages/create3_examples_msgs/create3_examples_msgs_s__rosidl_typesupport_introspection_c.cpython-310-x86_64-linux-gnu.so
[1.071s] -- Up-to-date: /home/user/test_ws/install/create3_examples_msgs/local/lib/python3.10/dist-packages/create3_examples_msgs/create3_examples_msgs_s__rosidl_typesupport_c.cpython-310-x86_64-linux-gnu.so
[1.071s] -- Up-to-date: /home/user/test_ws/install/create3_examples_msgs/lib/libcreate3_examples_msgs__rosidl_generator_py.so
[1.072s] -- Up-to-date: /home/user/test_ws/install/create3_examples_msgs/share/create3_examples_msgs/action/Coverage.idl
[1.072s] -- Up-to-date: /home/user/test_ws/install/create3_examples_msgs/share/create3_examples_msgs/action/Coverage.action
[1.072s] -- Up-to-date: /home/user/test_ws/install/create3_examples_msgs/share/ament_index/resource_index/package_run_dependencies/create3_examples_msgs
[1.072s] -- Up-to-date: /home/user/test_ws/install/create3_examples_msgs/share/ament_index/resource_index/parent_prefix_path/create3_examples_msgs
[1.073s] -- Up-to-date: /home/user/test_ws/install/create3_examples_msgs/share/create3_examples_msgs/environment/ament_prefix_path.sh
[1.073s] -- Up-to-date: /home/user/test_ws/install/create3_examples_msgs/share/create3_examples_msgs/environment/ament_prefix_path.dsv
[1.073s] -- Up-to-date: /home/user/test_ws/install/create3_examples_msgs/share/create3_examples_msgs/environment/path.sh
[1.074s] -- Up-to-date: /home/user/test_ws/install/create3_examples_msgs/share/create3_examples_msgs/environment/path.dsv
[1.074s] -- Up-to-date: /home/user/test_ws/install/create3_examples_msgs/share/create3_examples_msgs/local_setup.bash
[1.074s] -- Up-to-date: /home/user/test_ws/install/create3_examples_msgs/share/create3_examples_msgs/local_setup.sh
[1.074s] -- Up-to-date: /home/user/test_ws/install/create3_examples_msgs/share/create3_examples_msgs/local_setup.zsh
[1.075s] -- Up-to-date: /home/user/test_ws/install/create3_examples_msgs/share/create3_examples_msgs/local_setup.dsv
[1.075s] -- Up-to-date: /home/user/test_ws/install/create3_examples_msgs/share/create3_examples_msgs/package.dsv
[1.075s] -- Up-to-date: /home/user/test_ws/install/create3_examples_msgs/share/ament_index/resource_index/packages/create3_examples_msgs
[1.075s] -- Up-to-date: /home/user/test_ws/install/create3_examples_msgs/share/create3_examples_msgs/cmake/export_create3_examples_msgs__rosidl_generator_cExport.cmake
[1.075s] -- Up-to-date: /home/user/test_ws/install/create3_examples_msgs/share/create3_examples_msgs/cmake/export_create3_examples_msgs__rosidl_generator_cExport-noconfig.cmake
[1.075s] -- Up-to-date: /home/user/test_ws/install/create3_examples_msgs/share/create3_examples_msgs/cmake/export_create3_examples_msgs__rosidl_typesupport_fastrtps_cExport.cmake
[1.076s] -- Up-to-date: /home/user/test_ws/install/create3_examples_msgs/share/create3_examples_msgs/cmake/export_create3_examples_msgs__rosidl_typesupport_fastrtps_cExport-noconfig.cmake
[1.076s] -- Up-to-date: /home/user/test_ws/install/create3_examples_msgs/share/create3_examples_msgs/cmake/create3_examples_msgs__rosidl_typesupport_introspection_cExport.cmake
[1.076s] -- Up-to-date: /home/user/test_ws/install/create3_examples_msgs/share/create3_examples_msgs/cmake/create3_examples_msgs__rosidl_typesupport_introspection_cExport-noconfig.cmake
[1.076s] -- Up-to-date: /home/user/test_ws/install/create3_examples_msgs/share/create3_examples_msgs/cmake/create3_examples_msgs__rosidl_typesupport_cExport.cmake
[1.077s] -- Up-to-date: /home/user/test_ws/install/create3_examples_msgs/share/create3_examples_msgs/cmake/create3_examples_msgs__rosidl_typesupport_cExport-noconfig.cmake
[1.077s] -- Up-to-date: /home/user/test_ws/install/create3_examples_msgs/share/create3_examples_msgs/cmake/export_create3_examples_msgs__rosidl_generator_cppExport.cmake
[1.077s] -- Up-to-date: /home/user/test_ws/install/create3_examples_msgs/share/create3_examples_msgs/cmake/export_create3_examples_msgs__rosidl_typesupport_fastrtps_cppExport.cmake
[1.077s] -- Up-to-date: /home/user/test_ws/install/create3_examples_msgs/share/create3_examples_msgs/cmake/export_create3_examples_msgs__rosidl_typesupport_fastrtps_cppExport-noconfig.cmake
[1.077s] -- Up-to-date: /home/user/test_ws/install/create3_examples_msgs/share/create3_examples_msgs/cmake/create3_examples_msgs__rosidl_typesupport_introspection_cppExport.cmake
[1.077s] -- Up-to-date: /home/user/test_ws/install/create3_examples_msgs/share/create3_examples_msgs/cmake/create3_examples_msgs__rosidl_typesupport_introspection_cppExport-noconfig.cmake
[1.078s] -- Up-to-date: /home/user/test_ws/install/create3_examples_msgs/share/create3_examples_msgs/cmake/create3_examples_msgs__rosidl_typesupport_cppExport.cmake
[1.078s] -- Up-to-date: /home/user/test_ws/install/create3_examples_msgs/share/create3_examples_msgs/cmake/create3_examples_msgs__rosidl_typesupport_cppExport-noconfig.cmake
[1.078s] -- Up-to-date: /home/user/test_ws/install/create3_examples_msgs/share/create3_examples_msgs/cmake/export_create3_examples_msgs__rosidl_generator_pyExport.cmake
[1.078s] -- Up-to-date: /home/user/test_ws/install/create3_examples_msgs/share/create3_examples_msgs/cmake/export_create3_examples_msgs__rosidl_generator_pyExport-noconfig.cmake
[1.078s] -- Up-to-date: /home/user/test_ws/install/create3_examples_msgs/share/create3_examples_msgs/cmake/rosidl_cmake-extras.cmake
[1.078s] -- Up-to-date: /home/user/test_ws/install/create3_examples_msgs/share/create3_examples_msgs/cmake/ament_cmake_export_dependencies-extras.cmake
[1.078s] -- Up-to-date: /home/user/test_ws/install/create3_examples_msgs/share/create3_examples_msgs/cmake/ament_cmake_export_include_directories-extras.cmake
[1.078s] -- Up-to-date: /home/user/test_ws/install/create3_examples_msgs/share/create3_examples_msgs/cmake/ament_cmake_export_libraries-extras.cmake
[1.079s] -- Up-to-date: /home/user/test_ws/install/create3_examples_msgs/share/create3_examples_msgs/cmake/ament_cmake_export_targets-extras.cmake
[1.079s] -- Up-to-date: /home/user/test_ws/install/create3_examples_msgs/share/create3_examples_msgs/cmake/rosidl_cmake_export_typesupport_targets-extras.cmake
[1.079s] -- Up-to-date: /home/user/test_ws/install/create3_examples_msgs/share/create3_examples_msgs/cmake/rosidl_cmake_export_typesupport_libraries-extras.cmake
[1.079s] -- Up-to-date: /home/user/test_ws/install/create3_examples_msgs/share/create3_examples_msgs/cmake/create3_examples_msgsConfig.cmake
[1.079s] -- Up-to-date: /home/user/test_ws/install/create3_examples_msgs/share/create3_examples_msgs/cmake/create3_examples_msgsConfig-version.cmake
[1.079s] -- Up-to-date: /home/user/test_ws/install/create3_examples_msgs/share/create3_examples_msgs/package.xml
[1.136s] Invoked command in '/home/user/test_ws/build/create3_examples_msgs' returned '0': CMAKE_PREFIX_PATH=${CMAKE_PREFIX_PATH}:/home/user/test_ws/install/create3_examples_msgs:/home/user/launch_ws/install/py_launch_example:/home/user/create3_examples_ws/install/create3_teleop:/home/user/create3_examples_ws/install/create3_examples_py:/home/user/sweepbot_ws/install/sweepbot:/home/user/sweepbot_ws/install/my_teleop_config:/opt/ros/humble /usr/bin/cmake --install /home/user/test_ws/build/create3_examples_msgs
