[35m[1mConsolidate compiler generated dependencies of target generic_motor_driver[0m
[ 50%] Built target relay_controller
[ 75%] [32mBuilding CXX object CMakeFiles/generic_motor_driver.dir/src/generic_motor_driver.cpp.o[0m
[100%] [32m[1mLinking CXX executable generic_motor_driver[0m
[100%] Built target generic_motor_driver
-- Install configuration: ""
-- Execute custom install script
-- Up-to-date symlink: /home/user/test_ws/install/generic_motor_driver/lib/generic_motor_driver/generic_motor_driver
-- Up-to-date symlink: /home/user/test_ws/install/generic_motor_driver/lib/generic_motor_driver/relay_controller
-- Up-to-date symlink: /home/user/test_ws/install/generic_motor_driver/share/ament_index/resource_index/package_run_dependencies/generic_motor_driver
-- Up-to-date symlink: /home/user/test_ws/install/generic_motor_driver/share/ament_index/resource_index/parent_prefix_path/generic_motor_driver
-- Up-to-date symlink: /home/user/test_ws/install/generic_motor_driver/share/generic_motor_driver/environment/ament_prefix_path.sh
-- Up-to-date symlink: /home/user/test_ws/install/generic_motor_driver/share/generic_motor_driver/environment/ament_prefix_path.dsv
-- Up-to-date symlink: /home/user/test_ws/install/generic_motor_driver/share/generic_motor_driver/environment/path.sh
-- Up-to-date symlink: /home/user/test_ws/install/generic_motor_driver/share/generic_motor_driver/environment/path.dsv
-- Up-to-date symlink: /home/user/test_ws/install/generic_motor_driver/share/generic_motor_driver/local_setup.bash
-- Up-to-date symlink: /home/user/test_ws/install/generic_motor_driver/share/generic_motor_driver/local_setup.sh
-- Up-to-date symlink: /home/user/test_ws/install/generic_motor_driver/share/generic_motor_driver/local_setup.zsh
-- Up-to-date symlink: /home/user/test_ws/install/generic_motor_driver/share/generic_motor_driver/local_setup.dsv
-- Symlinking: /home/user/test_ws/install/generic_motor_driver/share/generic_motor_driver/package.dsv
-- Up-to-date symlink: /home/user/test_ws/install/generic_motor_driver/share/ament_index/resource_index/packages/generic_motor_driver
-- Up-to-date symlink: /home/user/test_ws/install/generic_motor_driver/share/generic_motor_driver/cmake/generic_motor_driverConfig.cmake
-- Up-to-date symlink: /home/user/test_ws/install/generic_motor_driver/share/generic_motor_driver/cmake/generic_motor_driverConfig-version.cmake
-- Up-to-date symlink: /home/user/test_ws/install/generic_motor_driver/share/generic_motor_driver/package.xml
-- Up-to-date: /home/user/test_ws/install/generic_motor_driver/include
-- Up-to-date: /home/user/test_ws/install/generic_motor_driver/include/create_driver
-- Up-to-date: /home/user/test_ws/install/generic_motor_driver/include/create_driver/create_driver.h
-- Installing: /home/user/test_ws/install/generic_motor_driver/include/create_driver/generic_motor_driver.h
-- Up-to-date: /home/user/test_ws/install/generic_motor_driver/include/create_driver/relay_controller.h
-- Up-to-date: /home/user/test_ws/install/generic_motor_driver/share/generic_motor_driver/launch
-- Up-to-date: /home/user/test_ws/install/generic_motor_driver/share/generic_motor_driver/launch/generic_motor_driver.launch.py
-- Up-to-date: /home/user/test_ws/install/generic_motor_driver/share/generic_motor_driver/launch/urdf_test.launch.py
-- Up-to-date: /home/user/test_ws/install/generic_motor_driver/share/generic_motor_driver/launch/rectangular_robot.launch.py
-- Up-to-date: /home/user/test_ws/install/generic_motor_driver/share/generic_motor_driver/launch/complete_robot.launch.py
-- Installing: /home/user/test_ws/install/generic_motor_driver/share/generic_motor_driver/launch/test_robot_model.launch.py
-- Up-to-date: /home/user/test_ws/install/generic_motor_driver/share/generic_motor_driver/launch/teleop_joystick.launch.py
-- Up-to-date: /home/user/test_ws/install/generic_motor_driver/share/generic_motor_driver/launch/relay_controller.launch.py
-- Up-to-date: /home/user/test_ws/install/generic_motor_driver/share/generic_motor_driver/urdf
-- Up-to-date: /home/user/test_ws/install/generic_motor_driver/share/generic_motor_driver/urdf/create_2.urdf
-- Up-to-date: /home/user/test_ws/install/generic_motor_driver/share/generic_motor_driver/urdf/generic_robot.urdf
-- Up-to-date: /home/user/test_ws/install/generic_motor_driver/share/generic_motor_driver/urdf/rectangular_robot.urdf
-- Up-to-date: /home/user/test_ws/install/generic_motor_driver/share/generic_motor_driver/rviz
-- Up-to-date: /home/user/test_ws/install/generic_motor_driver/share/generic_motor_driver/rviz/rectangular_robot.rviz
-- Up-to-date: /home/user/test_ws/install/generic_motor_driver/share/generic_motor_driver/rviz/robot_view.rviz
