[ 50%] Built target relay_controller
[ 75%] Building CXX object CMakeFiles/generic_motor_driver.dir/src/generic_motor_driver.cpp.o
In file included from /home/user/test_ws/src/create_robot/create_driver/src/generic_motor_driver.cpp:29:
/home/user/test_ws/src/create_robot/create_driver/include/create_driver/generic_motor_driver.h: In constructor ‘GenericMotorDriver::GenericMotorDriver()’:
/home/user/test_ws/src/create_robot/create_driver/include/create_driver/generic_motor_driver.h:108:8: warning: ‘GenericMotorDriver::is_running_slowly_’ will be initialized after [-Wreorder]
  108 |   bool is_running_slowly_;
      |        ^~~~~~~~~~~~~~~~~~
/home/user/test_ws/src/create_robot/create_driver/include/create_driver/generic_motor_driver.h:92:33: warning:   ‘tf2_ros::TransformBroadcaster GenericMotorDriver::tf_broadcaster_’ [-Wreorder]
   92 |   tf2_ros::TransformBroadcaster tf_broadcaster_;
      |                                 ^~~~~~~~~~~~~~~
/home/user/test_ws/src/create_robot/create_driver/src/generic_motor_driver.cpp:43:1: warning:   when initialized here [-Wreorder]
   43 | GenericMotorDriver::GenericMotorDriver()
      | ^~~~~~~~~~~~~~~~~~
[100%] Linking CXX executable generic_motor_driver
[100%] Built target generic_motor_driver
-- Install configuration: ""
-- Execute custom install script
-- Up-to-date symlink: /home/user/test_ws/install/generic_motor_driver/lib/generic_motor_driver/generic_motor_driver
-- Up-to-date symlink: /home/user/test_ws/install/generic_motor_driver/lib/generic_motor_driver/relay_controller
-- Up-to-date symlink: /home/user/test_ws/install/generic_motor_driver/share/ament_index/resource_index/package_run_dependencies/generic_motor_driver
-- Up-to-date symlink: /home/user/test_ws/install/generic_motor_driver/share/ament_index/resource_index/parent_prefix_path/generic_motor_driver
-- Up-to-date symlink: /home/user/test_ws/install/generic_motor_driver/share/generic_motor_driver/environment/ament_prefix_path.sh
-- Up-to-date symlink: /home/user/test_ws/install/generic_motor_driver/share/generic_motor_driver/environment/ament_prefix_path.dsv
-- Up-to-date symlink: /home/user/test_ws/install/generic_motor_driver/share/generic_motor_driver/environment/path.sh
-- Up-to-date symlink: /home/user/test_ws/install/generic_motor_driver/share/generic_motor_driver/environment/path.dsv
-- Up-to-date symlink: /home/user/test_ws/install/generic_motor_driver/share/generic_motor_driver/local_setup.bash
-- Up-to-date symlink: /home/user/test_ws/install/generic_motor_driver/share/generic_motor_driver/local_setup.sh
-- Up-to-date symlink: /home/user/test_ws/install/generic_motor_driver/share/generic_motor_driver/local_setup.zsh
-- Up-to-date symlink: /home/user/test_ws/install/generic_motor_driver/share/generic_motor_driver/local_setup.dsv
-- Symlinking: /home/user/test_ws/install/generic_motor_driver/share/generic_motor_driver/package.dsv
-- Up-to-date symlink: /home/user/test_ws/install/generic_motor_driver/share/ament_index/resource_index/packages/generic_motor_driver
-- Up-to-date symlink: /home/user/test_ws/install/generic_motor_driver/share/generic_motor_driver/cmake/generic_motor_driverConfig.cmake
-- Up-to-date symlink: /home/user/test_ws/install/generic_motor_driver/share/generic_motor_driver/cmake/generic_motor_driverConfig-version.cmake
-- Up-to-date symlink: /home/user/test_ws/install/generic_motor_driver/share/generic_motor_driver/package.xml
-- Up-to-date: /home/user/test_ws/install/generic_motor_driver/include
-- Up-to-date: /home/user/test_ws/install/generic_motor_driver/include/create_driver
-- Up-to-date: /home/user/test_ws/install/generic_motor_driver/include/create_driver/create_driver.h
-- Installing: /home/user/test_ws/install/generic_motor_driver/include/create_driver/generic_motor_driver.h
-- Up-to-date: /home/user/test_ws/install/generic_motor_driver/include/create_driver/relay_controller.h
-- Up-to-date: /home/user/test_ws/install/generic_motor_driver/share/generic_motor_driver/launch
-- Up-to-date: /home/user/test_ws/install/generic_motor_driver/share/generic_motor_driver/launch/generic_motor_driver.launch.py
-- Up-to-date: /home/user/test_ws/install/generic_motor_driver/share/generic_motor_driver/launch/urdf_test.launch.py
-- Up-to-date: /home/user/test_ws/install/generic_motor_driver/share/generic_motor_driver/launch/rectangular_robot.launch.py
-- Up-to-date: /home/user/test_ws/install/generic_motor_driver/share/generic_motor_driver/launch/complete_robot.launch.py
-- Installing: /home/user/test_ws/install/generic_motor_driver/share/generic_motor_driver/launch/test_robot_model.launch.py
-- Up-to-date: /home/user/test_ws/install/generic_motor_driver/share/generic_motor_driver/launch/teleop_joystick.launch.py
-- Up-to-date: /home/user/test_ws/install/generic_motor_driver/share/generic_motor_driver/launch/relay_controller.launch.py
-- Up-to-date: /home/user/test_ws/install/generic_motor_driver/share/generic_motor_driver/urdf
-- Up-to-date: /home/user/test_ws/install/generic_motor_driver/share/generic_motor_driver/urdf/create_2.urdf
-- Up-to-date: /home/user/test_ws/install/generic_motor_driver/share/generic_motor_driver/urdf/generic_robot.urdf
-- Up-to-date: /home/user/test_ws/install/generic_motor_driver/share/generic_motor_driver/urdf/rectangular_robot.urdf
-- Up-to-date: /home/user/test_ws/install/generic_motor_driver/share/generic_motor_driver/rviz
-- Up-to-date: /home/user/test_ws/install/generic_motor_driver/share/generic_motor_driver/rviz/rectangular_robot.rviz
-- Up-to-date: /home/user/test_ws/install/generic_motor_driver/share/generic_motor_driver/rviz/robot_view.rviz
