[0.014s] Invoking command in '/home/user/test_ws/build/generic_motor_driver': CMAKE_PREFIX_PATH=${CMAKE_PREFIX_PATH}:/home/user/launch_ws/install/py_launch_example:/home/user/create3_examples_ws/install/create3_teleop:/home/user/create3_examples_ws/install/create3_examples_py:/home/user/sweepbot_ws/install/sweepbot:/home/user/sweepbot_ws/install/my_teleop_config:/opt/ros/humble /usr/bin/cmake --build /home/user/test_ws/build/generic_motor_driver -- -j8 -l8
[0.088s] [ 50%] Built target relay_controller
[0.089s] [ 75%] Building CXX object CMakeFiles/generic_motor_driver.dir/src/generic_motor_driver.cpp.o
[3.606s] In file included from /home/user/test_ws/src/create_robot/create_driver/src/generic_motor_driver.cpp:29:
[3.606s] /home/user/test_ws/src/create_robot/create_driver/include/create_driver/generic_motor_driver.h: In constructor ‘GenericMotorDriver::GenericMotorDriver()’:
[3.606s] /home/user/test_ws/src/create_robot/create_driver/include/create_driver/generic_motor_driver.h:108:8: warning: ‘GenericMotorDriver::is_running_slowly_’ will be initialized after [-Wreorder]
[3.607s]   108 |   bool is_running_slowly_;
[3.607s]       |        ^~~~~~~~~~~~~~~~~~
[3.607s] /home/user/test_ws/src/create_robot/create_driver/include/create_driver/generic_motor_driver.h:92:33: warning:   ‘tf2_ros::TransformBroadcaster GenericMotorDriver::tf_broadcaster_’ [-Wreorder]
[3.607s]    92 |   tf2_ros::TransformBroadcaster tf_broadcaster_;
[3.607s]       |                                 ^~~~~~~~~~~~~~~
[3.607s] /home/user/test_ws/src/create_robot/create_driver/src/generic_motor_driver.cpp:43:1: warning:   when initialized here [-Wreorder]
[3.607s]    43 | GenericMotorDriver::GenericMotorDriver()
[3.607s]       | ^~~~~~~~~~~~~~~~~~
[13.443s] [100%] Linking CXX executable generic_motor_driver
[14.188s] [100%] Built target generic_motor_driver
[14.202s] Invoked command in '/home/user/test_ws/build/generic_motor_driver' returned '0': CMAKE_PREFIX_PATH=${CMAKE_PREFIX_PATH}:/home/user/launch_ws/install/py_launch_example:/home/user/create3_examples_ws/install/create3_teleop:/home/user/create3_examples_ws/install/create3_examples_py:/home/user/sweepbot_ws/install/sweepbot:/home/user/sweepbot_ws/install/my_teleop_config:/opt/ros/humble /usr/bin/cmake --build /home/user/test_ws/build/generic_motor_driver -- -j8 -l8
[14.215s] Invoking command in '/home/user/test_ws/build/generic_motor_driver': CMAKE_PREFIX_PATH=${CMAKE_PREFIX_PATH}:/home/user/launch_ws/install/py_launch_example:/home/user/create3_examples_ws/install/create3_teleop:/home/user/create3_examples_ws/install/create3_examples_py:/home/user/sweepbot_ws/install/sweepbot:/home/user/sweepbot_ws/install/my_teleop_config:/opt/ros/humble /usr/bin/cmake --install /home/user/test_ws/build/generic_motor_driver
[14.225s] -- Install configuration: ""
[14.226s] -- Execute custom install script
[14.226s] -- Up-to-date symlink: /home/user/test_ws/install/generic_motor_driver/lib/generic_motor_driver/generic_motor_driver
[14.226s] -- Up-to-date symlink: /home/user/test_ws/install/generic_motor_driver/lib/generic_motor_driver/relay_controller
[14.226s] -- Up-to-date symlink: /home/user/test_ws/install/generic_motor_driver/share/ament_index/resource_index/package_run_dependencies/generic_motor_driver
[14.227s] -- Up-to-date symlink: /home/user/test_ws/install/generic_motor_driver/share/ament_index/resource_index/parent_prefix_path/generic_motor_driver
[14.227s] -- Up-to-date symlink: /home/user/test_ws/install/generic_motor_driver/share/generic_motor_driver/environment/ament_prefix_path.sh
[14.227s] -- Up-to-date symlink: /home/user/test_ws/install/generic_motor_driver/share/generic_motor_driver/environment/ament_prefix_path.dsv
[14.227s] -- Up-to-date symlink: /home/user/test_ws/install/generic_motor_driver/share/generic_motor_driver/environment/path.sh
[14.227s] -- Up-to-date symlink: /home/user/test_ws/install/generic_motor_driver/share/generic_motor_driver/environment/path.dsv
[14.227s] -- Up-to-date symlink: /home/user/test_ws/install/generic_motor_driver/share/generic_motor_driver/local_setup.bash
[14.227s] -- Up-to-date symlink: /home/user/test_ws/install/generic_motor_driver/share/generic_motor_driver/local_setup.sh
[14.228s] -- Up-to-date symlink: /home/user/test_ws/install/generic_motor_driver/share/generic_motor_driver/local_setup.zsh
[14.228s] -- Up-to-date symlink: /home/user/test_ws/install/generic_motor_driver/share/generic_motor_driver/local_setup.dsv
[14.228s] -- Symlinking: /home/user/test_ws/install/generic_motor_driver/share/generic_motor_driver/package.dsv
[14.240s] -- Up-to-date symlink: /home/user/test_ws/install/generic_motor_driver/share/ament_index/resource_index/packages/generic_motor_driver
[14.240s] -- Up-to-date symlink: /home/user/test_ws/install/generic_motor_driver/share/generic_motor_driver/cmake/generic_motor_driverConfig.cmake
[14.240s] -- Up-to-date symlink: /home/user/test_ws/install/generic_motor_driver/share/generic_motor_driver/cmake/generic_motor_driverConfig-version.cmake
[14.240s] -- Up-to-date symlink: /home/user/test_ws/install/generic_motor_driver/share/generic_motor_driver/package.xml
[14.241s] -- Up-to-date: /home/user/test_ws/install/generic_motor_driver/include
[14.241s] -- Up-to-date: /home/user/test_ws/install/generic_motor_driver/include/create_driver
[14.241s] -- Up-to-date: /home/user/test_ws/install/generic_motor_driver/include/create_driver/create_driver.h
[14.241s] -- Installing: /home/user/test_ws/install/generic_motor_driver/include/create_driver/generic_motor_driver.h
[14.241s] -- Up-to-date: /home/user/test_ws/install/generic_motor_driver/include/create_driver/relay_controller.h
[14.241s] -- Up-to-date: /home/user/test_ws/install/generic_motor_driver/share/generic_motor_driver/launch
[14.241s] -- Up-to-date: /home/user/test_ws/install/generic_motor_driver/share/generic_motor_driver/launch/generic_motor_driver.launch.py
[14.241s] -- Up-to-date: /home/user/test_ws/install/generic_motor_driver/share/generic_motor_driver/launch/urdf_test.launch.py
[14.241s] -- Up-to-date: /home/user/test_ws/install/generic_motor_driver/share/generic_motor_driver/launch/rectangular_robot.launch.py
[14.241s] -- Up-to-date: /home/user/test_ws/install/generic_motor_driver/share/generic_motor_driver/launch/complete_robot.launch.py
[14.242s] -- Installing: /home/user/test_ws/install/generic_motor_driver/share/generic_motor_driver/launch/test_robot_model.launch.py
[14.242s] -- Up-to-date: /home/user/test_ws/install/generic_motor_driver/share/generic_motor_driver/launch/teleop_joystick.launch.py
[14.242s] -- Up-to-date: /home/user/test_ws/install/generic_motor_driver/share/generic_motor_driver/launch/relay_controller.launch.py
[14.242s] -- Up-to-date: /home/user/test_ws/install/generic_motor_driver/share/generic_motor_driver/urdf
[14.242s] -- Up-to-date: /home/user/test_ws/install/generic_motor_driver/share/generic_motor_driver/urdf/create_2.urdf
[14.242s] -- Up-to-date: /home/user/test_ws/install/generic_motor_driver/share/generic_motor_driver/urdf/generic_robot.urdf
[14.242s] -- Up-to-date: /home/user/test_ws/install/generic_motor_driver/share/generic_motor_driver/urdf/rectangular_robot.urdf
[14.242s] -- Up-to-date: /home/user/test_ws/install/generic_motor_driver/share/generic_motor_driver/rviz
[14.242s] -- Up-to-date: /home/user/test_ws/install/generic_motor_driver/share/generic_motor_driver/rviz/rectangular_robot.rviz
[14.242s] -- Up-to-date: /home/user/test_ws/install/generic_motor_driver/share/generic_motor_driver/rviz/robot_view.rviz
[14.243s] Invoked command in '/home/user/test_ws/build/generic_motor_driver' returned '0': CMAKE_PREFIX_PATH=${CMAKE_PREFIX_PATH}:/home/user/launch_ws/install/py_launch_example:/home/user/create3_examples_ws/install/create3_teleop:/home/user/create3_examples_ws/install/create3_examples_py:/home/user/sweepbot_ws/install/sweepbot:/home/user/sweepbot_ws/install/my_teleop_config:/opt/ros/humble /usr/bin/cmake --install /home/user/test_ws/build/generic_motor_driver
