[1.512s] Invoking command in '/home/user/test_ws/src/create3_examples/create3_examples_py': PYTHONPATH=/home/user/test_ws/build/create3_examples_py/prefix_override:/usr/lib/python3/dist-packages/colcon_core/task/python/colcon_distutils_commands:/home/user/test_ws/install/create3_examples_py/lib/python3.10/site-packages:${PYTHONPATH} /usr/bin/python3 -W ignore:setup.py install is deprecated -W ignore:easy_install command is deprecated setup.py egg_info --egg-base ../../../build/create3_examples_py build --build-base /home/user/test_ws/build/create3_examples_py/build install --record /home/user/test_ws/build/create3_examples_py/install.log --single-version-externally-managed install_data
[1.846s] running egg_info
[1.847s] creating ../../../build/create3_examples_py/create3_examples_py.egg-info
[1.848s] writing ../../../build/create3_examples_py/create3_examples_py.egg-info/PKG-INFO
[1.848s] writing dependency_links to ../../../build/create3_examples_py/create3_examples_py.egg-info/dependency_links.txt
[1.848s] writing entry points to ../../../build/create3_examples_py/create3_examples_py.egg-info/entry_points.txt
[1.848s] writing requirements to ../../../build/create3_examples_py/create3_examples_py.egg-info/requires.txt
[1.848s] writing top-level names to ../../../build/create3_examples_py/create3_examples_py.egg-info/top_level.txt
[1.849s] writing manifest file '../../../build/create3_examples_py/create3_examples_py.egg-info/SOURCES.txt'
[1.851s] reading manifest file '../../../build/create3_examples_py/create3_examples_py.egg-info/SOURCES.txt'
[1.852s] writing manifest file '../../../build/create3_examples_py/create3_examples_py.egg-info/SOURCES.txt'
[1.852s] running build
[1.852s] running build_py
[1.853s] creating /home/user/test_ws/build/create3_examples_py/build
[1.853s] creating /home/user/test_ws/build/create3_examples_py/build/lib
[1.853s] creating /home/user/test_ws/build/create3_examples_py/build/lib/create3_examples_py
[1.853s] copying create3_examples_py/__init__.py -> /home/user/test_ws/build/create3_examples_py/build/lib/create3_examples_py
[1.854s] creating /home/user/test_ws/build/create3_examples_py/build/lib/create3_examples_py/dance
[1.854s] copying create3_examples_py/dance/create3_dance.py -> /home/user/test_ws/build/create3_examples_py/build/lib/create3_examples_py/dance
[1.854s] copying create3_examples_py/dance/__init__.py -> /home/user/test_ws/build/create3_examples_py/build/lib/create3_examples_py/dance
[1.854s] copying create3_examples_py/dance/dance_choreograph.py -> /home/user/test_ws/build/create3_examples_py/build/lib/create3_examples_py/dance
[1.854s] running install
[1.855s] running install_lib
[1.856s] creating /home/user/test_ws/install/create3_examples_py/lib/python3.10/site-packages/create3_examples_py
[1.856s] creating /home/user/test_ws/install/create3_examples_py/lib/python3.10/site-packages/create3_examples_py/dance
[1.857s] copying /home/user/test_ws/build/create3_examples_py/build/lib/create3_examples_py/dance/create3_dance.py -> /home/user/test_ws/install/create3_examples_py/lib/python3.10/site-packages/create3_examples_py/dance
[1.857s] copying /home/user/test_ws/build/create3_examples_py/build/lib/create3_examples_py/dance/__init__.py -> /home/user/test_ws/install/create3_examples_py/lib/python3.10/site-packages/create3_examples_py/dance
[1.857s] copying /home/user/test_ws/build/create3_examples_py/build/lib/create3_examples_py/dance/dance_choreograph.py -> /home/user/test_ws/install/create3_examples_py/lib/python3.10/site-packages/create3_examples_py/dance
[1.857s] copying /home/user/test_ws/build/create3_examples_py/build/lib/create3_examples_py/__init__.py -> /home/user/test_ws/install/create3_examples_py/lib/python3.10/site-packages/create3_examples_py
[1.858s] byte-compiling /home/user/test_ws/install/create3_examples_py/lib/python3.10/site-packages/create3_examples_py/dance/create3_dance.py to create3_dance.cpython-310.pyc
[1.860s] byte-compiling /home/user/test_ws/install/create3_examples_py/lib/python3.10/site-packages/create3_examples_py/dance/__init__.py to __init__.cpython-310.pyc
[1.860s] byte-compiling /home/user/test_ws/install/create3_examples_py/lib/python3.10/site-packages/create3_examples_py/dance/dance_choreograph.py to dance_choreograph.cpython-310.pyc
[1.862s] byte-compiling /home/user/test_ws/install/create3_examples_py/lib/python3.10/site-packages/create3_examples_py/__init__.py to __init__.cpython-310.pyc
[1.862s] running install_data
[1.862s] creating /home/user/test_ws/install/create3_examples_py/share/ament_index
[1.862s] creating /home/user/test_ws/install/create3_examples_py/share/ament_index/resource_index
[1.863s] creating /home/user/test_ws/install/create3_examples_py/share/ament_index/resource_index/packages
[1.863s] copying resource/create3_examples_py -> /home/user/test_ws/install/create3_examples_py/share/ament_index/resource_index/packages
[1.863s] copying package.xml -> /home/user/test_ws/install/create3_examples_py/share/create3_examples_py
[1.863s] running install_egg_info
[1.865s] Copying ../../../build/create3_examples_py/create3_examples_py.egg-info to /home/user/test_ws/install/create3_examples_py/lib/python3.10/site-packages/create3_examples_py-0.0.5-py3.10.egg-info
[1.866s] running install_scripts
[1.890s] Installing create3_dance script to /home/user/test_ws/install/create3_examples_py/lib/create3_examples_py
[1.890s] writing list of installed files to '/home/user/test_ws/build/create3_examples_py/install.log'
[1.940s] Invoked command in '/home/user/test_ws/src/create3_examples/create3_examples_py' returned '0': PYTHONPATH=/home/user/test_ws/build/create3_examples_py/prefix_override:/usr/lib/python3/dist-packages/colcon_core/task/python/colcon_distutils_commands:/home/user/test_ws/install/create3_examples_py/lib/python3.10/site-packages:${PYTHONPATH} /usr/bin/python3 -W ignore:setup.py install is deprecated -W ignore:easy_install command is deprecated setup.py egg_info --egg-base ../../../build/create3_examples_py build --build-base /home/user/test_ws/build/create3_examples_py/build install --record /home/user/test_ws/build/create3_examples_py/install.log --single-version-externally-managed install_data
