[0.057s] Invoking command in '/home/user/test_ws/build/create_msgs': CMAKE_PREFIX_PATH=${CMAKE_PREFIX_PATH}:/home/user/launch_ws/install/py_launch_example:/home/user/create3_examples_ws/install/create3_teleop:/home/user/create3_examples_ws/install/create3_examples_py:/home/user/sweepbot_ws/install/sweepbot:/home/user/sweepbot_ws/install/my_teleop_config:/opt/ros/humble /usr/bin/cmake --build /home/user/test_ws/build/create_msgs -- -j8 -l8
[0.965s] [35m[1mConsolidate compiler generated dependencies of target create_msgs__rosidl_generator_c[0m
[0.965s] [  1%] Built target create_msgs__cpp
[0.965s] [ 12%] Built target create_msgs__rosidl_generator_c
[0.965s] [35m[1mConsolidate compiler generated dependencies of target create_msgs__rosidl_typesupport_cpp[0m
[0.966s] [35m[1mConsolidate compiler generated dependencies of target create_msgs__rosidl_typesupport_introspection_cpp[0m
[0.966s] [35m[1mConsolidate compiler generated dependencies of target create_msgs__rosidl_typesupport_fastrtps_cpp[0m
[0.966s] [35m[1mConsolidate compiler generated dependencies of target create_msgs__rosidl_typesupport_introspection_c[0m
[0.966s] [ 12%] Built target ament_cmake_python_copy_create_msgs
[0.966s] [35m[1mConsolidate compiler generated dependencies of target create_msgs__rosidl_typesupport_c[0m
[0.966s] [35m[1mConsolidate compiler generated dependencies of target create_msgs__rosidl_typesupport_fastrtps_c[0m
[0.966s] [ 24%] Built target create_msgs__rosidl_typesupport_introspection_cpp
[0.966s] [ 35%] Built target create_msgs__rosidl_typesupport_cpp
[0.967s] [ 58%] Built target create_msgs__rosidl_typesupport_fastrtps_cpp
[0.967s] [ 69%] Built target create_msgs__rosidl_typesupport_c
[0.967s] [ 58%] Built target create_msgs__rosidl_typesupport_introspection_c
[0.967s] [ 81%] Built target create_msgs__rosidl_typesupport_fastrtps_c
[0.967s] [ 81%] Built target create_msgs
[0.967s] [ 82%] Built target create_msgs__py
[0.967s] [35m[1mConsolidate compiler generated dependencies of target create_msgs__rosidl_generator_py[0m
[0.967s] [ 92%] Built target create_msgs__rosidl_generator_py
[0.967s] [35m[1mConsolidate compiler generated dependencies of target create_msgs__rosidl_typesupport_fastrtps_c__pyext[0m
[0.967s] [35m[1mConsolidate compiler generated dependencies of target create_msgs__rosidl_typesupport_introspection_c__pyext[0m
[0.967s] [35m[1mConsolidate compiler generated dependencies of target create_msgs__rosidl_typesupport_c__pyext[0m
[0.968s] [ 94%] Built target create_msgs__rosidl_typesupport_c__pyext
[0.968s] [ 97%] Built target create_msgs__rosidl_typesupport_fastrtps_c__pyext
[0.968s] [100%] Built target create_msgs__rosidl_typesupport_introspection_c__pyext
[0.968s] running egg_info
[0.968s] writing create_msgs.egg-info/PKG-INFO
[0.968s] writing dependency_links to create_msgs.egg-info/dependency_links.txt
[0.968s] writing top-level names to create_msgs.egg-info/top_level.txt
[0.968s] reading manifest file 'create_msgs.egg-info/SOURCES.txt'
[0.968s] writing manifest file 'create_msgs.egg-info/SOURCES.txt'
[0.968s] [100%] Built target ament_cmake_python_build_create_msgs_egg
[0.997s] Invoked command in '/home/user/test_ws/build/create_msgs' returned '0': CMAKE_PREFIX_PATH=${CMAKE_PREFIX_PATH}:/home/user/launch_ws/install/py_launch_example:/home/user/create3_examples_ws/install/create3_teleop:/home/user/create3_examples_ws/install/create3_examples_py:/home/user/sweepbot_ws/install/sweepbot:/home/user/sweepbot_ws/install/my_teleop_config:/opt/ros/humble /usr/bin/cmake --build /home/user/test_ws/build/create_msgs -- -j8 -l8
[1.000s] Invoking command in '/home/user/test_ws/build/create_msgs': CMAKE_PREFIX_PATH=${CMAKE_PREFIX_PATH}:/home/user/launch_ws/install/py_launch_example:/home/user/create3_examples_ws/install/create3_teleop:/home/user/create3_examples_ws/install/create3_examples_py:/home/user/sweepbot_ws/install/sweepbot:/home/user/sweepbot_ws/install/my_teleop_config:/opt/ros/humble /usr/bin/cmake --install /home/user/test_ws/build/create_msgs
[1.034s] -- Install configuration: ""
[1.034s] -- Installing: /home/user/test_ws/install/create_msgs/share/ament_index/resource_index/rosidl_interfaces/create_msgs
[1.034s] -- Installing: /home/user/test_ws/install/create_msgs/include/create_msgs/create_msgs
[1.034s] -- Installing: /home/user/test_ws/install/create_msgs/include/create_msgs/create_msgs/msg
[1.037s] -- Installing: /home/user/test_ws/install/create_msgs/include/create_msgs/create_msgs/msg/define_song.h
[1.037s] -- Installing: /home/user/test_ws/install/create_msgs/include/create_msgs/create_msgs/msg/charging_state.h
[1.037s] -- Installing: /home/user/test_ws/install/create_msgs/include/create_msgs/create_msgs/msg/cliff.h
[1.037s] -- Installing: /home/user/test_ws/install/create_msgs/include/create_msgs/create_msgs/msg/motor_setpoint.h
[1.038s] -- Installing: /home/user/test_ws/install/create_msgs/include/create_msgs/create_msgs/msg/rosidl_generator_c__visibility_control.h
[1.038s] -- Installing: /home/user/test_ws/install/create_msgs/include/create_msgs/create_msgs/msg/detail
[1.038s] -- Installing: /home/user/test_ws/install/create_msgs/include/create_msgs/create_msgs/msg/detail/mode__type_support.h
[1.039s] -- Installing: /home/user/test_ws/install/create_msgs/include/create_msgs/create_msgs/msg/detail/bumper__struct.h
[1.039s] -- Installing: /home/user/test_ws/install/create_msgs/include/create_msgs/create_msgs/msg/detail/mode__functions.h
[1.039s] -- Installing: /home/user/test_ws/install/create_msgs/include/create_msgs/create_msgs/msg/detail/charging_state__functions.c
[1.040s] -- Installing: /home/user/test_ws/install/create_msgs/include/create_msgs/create_msgs/msg/detail/cliff__type_support.h
[1.041s] -- Installing: /home/user/test_ws/install/create_msgs/include/create_msgs/create_msgs/msg/detail/charging_state__type_support.h
[1.041s] -- Installing: /home/user/test_ws/install/create_msgs/include/create_msgs/create_msgs/msg/detail/mode__struct.h
[1.041s] -- Installing: /home/user/test_ws/install/create_msgs/include/create_msgs/create_msgs/msg/detail/play_song__type_support.h
[1.041s] -- Installing: /home/user/test_ws/install/create_msgs/include/create_msgs/create_msgs/msg/detail/play_song__functions.c
[1.042s] -- Installing: /home/user/test_ws/install/create_msgs/include/create_msgs/create_msgs/msg/detail/play_song__functions.h
[1.042s] -- Installing: /home/user/test_ws/install/create_msgs/include/create_msgs/create_msgs/msg/detail/motor_setpoint__functions.c
[1.042s] -- Installing: /home/user/test_ws/install/create_msgs/include/create_msgs/create_msgs/msg/detail/define_song__functions.c
[1.042s] -- Installing: /home/user/test_ws/install/create_msgs/include/create_msgs/create_msgs/msg/detail/motor_setpoint__struct.h
[1.042s] -- Installing: /home/user/test_ws/install/create_msgs/include/create_msgs/create_msgs/msg/detail/define_song__type_support.h
[1.043s] -- Installing: /home/user/test_ws/install/create_msgs/include/create_msgs/create_msgs/msg/detail/cliff__functions.h
[1.044s] -- Installing: /home/user/test_ws/install/create_msgs/include/create_msgs/create_msgs/msg/detail/motor_setpoint__type_support.h
[1.044s] -- Installing: /home/user/test_ws/install/create_msgs/include/create_msgs/create_msgs/msg/detail/play_song__struct.h
[1.045s] -- Installing: /home/user/test_ws/install/create_msgs/include/create_msgs/create_msgs/msg/detail/cliff__struct.h
[1.045s] -- Installing: /home/user/test_ws/install/create_msgs/include/create_msgs/create_msgs/msg/detail/charging_state__struct.h
[1.046s] -- Installing: /home/user/test_ws/install/create_msgs/include/create_msgs/create_msgs/msg/detail/motor_setpoint__functions.h
[1.046s] -- Installing: /home/user/test_ws/install/create_msgs/include/create_msgs/create_msgs/msg/detail/bumper__functions.h
[1.047s] -- Installing: /home/user/test_ws/install/create_msgs/include/create_msgs/create_msgs/msg/detail/cliff__functions.c
[1.047s] -- Installing: /home/user/test_ws/install/create_msgs/include/create_msgs/create_msgs/msg/detail/mode__functions.c
[1.047s] -- Installing: /home/user/test_ws/install/create_msgs/include/create_msgs/create_msgs/msg/detail/bumper__type_support.h
[1.047s] -- Installing: /home/user/test_ws/install/create_msgs/include/create_msgs/create_msgs/msg/detail/define_song__functions.h
[1.048s] -- Installing: /home/user/test_ws/install/create_msgs/include/create_msgs/create_msgs/msg/detail/charging_state__functions.h
[1.048s] -- Installing: /home/user/test_ws/install/create_msgs/include/create_msgs/create_msgs/msg/detail/bumper__functions.c
[1.048s] -- Installing: /home/user/test_ws/install/create_msgs/include/create_msgs/create_msgs/msg/detail/define_song__struct.h
[1.048s] -- Installing: /home/user/test_ws/install/create_msgs/include/create_msgs/create_msgs/msg/mode.h
[1.049s] -- Installing: /home/user/test_ws/install/create_msgs/include/create_msgs/create_msgs/msg/bumper.h
[1.049s] -- Installing: /home/user/test_ws/install/create_msgs/include/create_msgs/create_msgs/msg/play_song.h
[1.049s] -- Installing: /home/user/test_ws/install/create_msgs/share/create_msgs/environment/library_path.sh
[1.049s] -- Installing: /home/user/test_ws/install/create_msgs/share/create_msgs/environment/library_path.dsv
[1.049s] -- Installing: /home/user/test_ws/install/create_msgs/lib/libcreate_msgs__rosidl_generator_c.so
[1.050s] -- Set runtime path of "/home/user/test_ws/install/create_msgs/lib/libcreate_msgs__rosidl_generator_c.so" to ""
[1.050s] -- Up-to-date: /home/user/test_ws/install/create_msgs/include/create_msgs/create_msgs
[1.050s] -- Up-to-date: /home/user/test_ws/install/create_msgs/include/create_msgs/create_msgs/msg
[1.050s] -- Installing: /home/user/test_ws/install/create_msgs/include/create_msgs/create_msgs/msg/rosidl_typesupport_fastrtps_c__visibility_control.h
[1.050s] -- Up-to-date: /home/user/test_ws/install/create_msgs/include/create_msgs/create_msgs/msg/detail
[1.051s] -- Installing: /home/user/test_ws/install/create_msgs/include/create_msgs/create_msgs/msg/detail/mode__rosidl_typesupport_fastrtps_c.h
[1.051s] -- Installing: /home/user/test_ws/install/create_msgs/include/create_msgs/create_msgs/msg/detail/play_song__rosidl_typesupport_fastrtps_c.h
[1.052s] -- Installing: /home/user/test_ws/install/create_msgs/include/create_msgs/create_msgs/msg/detail/cliff__rosidl_typesupport_fastrtps_c.h
[1.054s] -- Installing: /home/user/test_ws/install/create_msgs/include/create_msgs/create_msgs/msg/detail/bumper__rosidl_typesupport_fastrtps_c.h
[1.054s] -- Installing: /home/user/test_ws/install/create_msgs/include/create_msgs/create_msgs/msg/detail/charging_state__rosidl_typesupport_fastrtps_c.h
[1.054s] -- Installing: /home/user/test_ws/install/create_msgs/include/create_msgs/create_msgs/msg/detail/define_song__rosidl_typesupport_fastrtps_c.h
[1.054s] -- Installing: /home/user/test_ws/install/create_msgs/include/create_msgs/create_msgs/msg/detail/motor_setpoint__rosidl_typesupport_fastrtps_c.h
[1.055s] -- Installing: /home/user/test_ws/install/create_msgs/lib/libcreate_msgs__rosidl_typesupport_fastrtps_c.so
[1.057s] -- Set runtime path of "/home/user/test_ws/install/create_msgs/lib/libcreate_msgs__rosidl_typesupport_fastrtps_c.so" to ""
[1.057s] -- Up-to-date: /home/user/test_ws/install/create_msgs/include/create_msgs/create_msgs
[1.057s] -- Up-to-date: /home/user/test_ws/install/create_msgs/include/create_msgs/create_msgs/msg
[1.057s] -- Up-to-date: /home/user/test_ws/install/create_msgs/include/create_msgs/create_msgs/msg/detail
[1.057s] -- Installing: /home/user/test_ws/install/create_msgs/include/create_msgs/create_msgs/msg/detail/mode__type_support.c
[1.057s] -- Installing: /home/user/test_ws/install/create_msgs/include/create_msgs/create_msgs/msg/detail/bumper__rosidl_typesupport_introspection_c.h
[1.057s] -- Installing: /home/user/test_ws/install/create_msgs/include/create_msgs/create_msgs/msg/detail/bumper__type_support.c
[1.058s] -- Installing: /home/user/test_ws/install/create_msgs/include/create_msgs/create_msgs/msg/detail/play_song__rosidl_typesupport_introspection_c.h
[1.058s] -- Installing: /home/user/test_ws/install/create_msgs/include/create_msgs/create_msgs/msg/detail/cliff__type_support.c
[1.058s] -- Installing: /home/user/test_ws/install/create_msgs/include/create_msgs/create_msgs/msg/detail/define_song__rosidl_typesupport_introspection_c.h
[1.058s] -- Installing: /home/user/test_ws/install/create_msgs/include/create_msgs/create_msgs/msg/detail/charging_state__type_support.c
[1.060s] -- Installing: /home/user/test_ws/install/create_msgs/include/create_msgs/create_msgs/msg/detail/charging_state__rosidl_typesupport_introspection_c.h
[1.060s] -- Installing: /home/user/test_ws/install/create_msgs/include/create_msgs/create_msgs/msg/detail/motor_setpoint__rosidl_typesupport_introspection_c.h
[1.061s] -- Installing: /home/user/test_ws/install/create_msgs/include/create_msgs/create_msgs/msg/detail/motor_setpoint__type_support.c
[1.061s] -- Installing: /home/user/test_ws/install/create_msgs/include/create_msgs/create_msgs/msg/detail/play_song__type_support.c
[1.061s] -- Installing: /home/user/test_ws/install/create_msgs/include/create_msgs/create_msgs/msg/detail/cliff__rosidl_typesupport_introspection_c.h
[1.062s] -- Installing: /home/user/test_ws/install/create_msgs/include/create_msgs/create_msgs/msg/detail/mode__rosidl_typesupport_introspection_c.h
[1.062s] -- Installing: /home/user/test_ws/install/create_msgs/include/create_msgs/create_msgs/msg/detail/define_song__type_support.c
[1.063s] -- Installing: /home/user/test_ws/install/create_msgs/include/create_msgs/create_msgs/msg/rosidl_typesupport_introspection_c__visibility_control.h
[1.063s] -- Installing: /home/user/test_ws/install/create_msgs/lib/libcreate_msgs__rosidl_typesupport_introspection_c.so
[1.063s] -- Set runtime path of "/home/user/test_ws/install/create_msgs/lib/libcreate_msgs__rosidl_typesupport_introspection_c.so" to ""
[1.063s] -- Installing: /home/user/test_ws/install/create_msgs/lib/libcreate_msgs__rosidl_typesupport_c.so
[1.063s] -- Set runtime path of "/home/user/test_ws/install/create_msgs/lib/libcreate_msgs__rosidl_typesupport_c.so" to ""
[1.063s] -- Up-to-date: /home/user/test_ws/install/create_msgs/include/create_msgs/create_msgs
[1.065s] -- Up-to-date: /home/user/test_ws/install/create_msgs/include/create_msgs/create_msgs/msg
[1.065s] -- Installing: /home/user/test_ws/install/create_msgs/include/create_msgs/create_msgs/msg/define_song.hpp
[1.065s] -- Installing: /home/user/test_ws/install/create_msgs/include/create_msgs/create_msgs/msg/charging_state.hpp
[1.066s] -- Installing: /home/user/test_ws/install/create_msgs/include/create_msgs/create_msgs/msg/cliff.hpp
[1.066s] -- Installing: /home/user/test_ws/install/create_msgs/include/create_msgs/create_msgs/msg/mode.hpp
[1.068s] -- Installing: /home/user/test_ws/install/create_msgs/include/create_msgs/create_msgs/msg/play_song.hpp
[1.068s] -- Up-to-date: /home/user/test_ws/install/create_msgs/include/create_msgs/create_msgs/msg/detail
[1.068s] -- Installing: /home/user/test_ws/install/create_msgs/include/create_msgs/create_msgs/msg/detail/play_song__builder.hpp
[1.068s] -- Installing: /home/user/test_ws/install/create_msgs/include/create_msgs/create_msgs/msg/detail/bumper__traits.hpp
[1.069s] -- Installing: /home/user/test_ws/install/create_msgs/include/create_msgs/create_msgs/msg/detail/cliff__builder.hpp
[1.069s] -- Installing: /home/user/test_ws/install/create_msgs/include/create_msgs/create_msgs/msg/detail/play_song__traits.hpp
[1.069s] -- Installing: /home/user/test_ws/install/create_msgs/include/create_msgs/create_msgs/msg/detail/cliff__type_support.hpp
[1.069s] -- Installing: /home/user/test_ws/install/create_msgs/include/create_msgs/create_msgs/msg/detail/charging_state__type_support.hpp
[1.069s] -- Installing: /home/user/test_ws/install/create_msgs/include/create_msgs/create_msgs/msg/detail/play_song__struct.hpp
[1.069s] -- Installing: /home/user/test_ws/install/create_msgs/include/create_msgs/create_msgs/msg/detail/define_song__builder.hpp
[1.069s] -- Installing: /home/user/test_ws/install/create_msgs/include/create_msgs/create_msgs/msg/detail/define_song__type_support.hpp
[1.070s] -- Installing: /home/user/test_ws/install/create_msgs/include/create_msgs/create_msgs/msg/detail/cliff__traits.hpp
[1.071s] -- Installing: /home/user/test_ws/install/create_msgs/include/create_msgs/create_msgs/msg/detail/mode__builder.hpp
[1.071s] -- Installing: /home/user/test_ws/install/create_msgs/include/create_msgs/create_msgs/msg/detail/charging_state__struct.hpp
[1.072s] -- Installing: /home/user/test_ws/install/create_msgs/include/create_msgs/create_msgs/msg/detail/play_song__type_support.hpp
[1.072s] -- Installing: /home/user/test_ws/install/create_msgs/include/create_msgs/create_msgs/msg/detail/charging_state__builder.hpp
[1.072s] -- Installing: /home/user/test_ws/install/create_msgs/include/create_msgs/create_msgs/msg/detail/charging_state__traits.hpp
[1.072s] -- Installing: /home/user/test_ws/install/create_msgs/include/create_msgs/create_msgs/msg/detail/motor_setpoint__struct.hpp
[1.072s] -- Installing: /home/user/test_ws/install/create_msgs/include/create_msgs/create_msgs/msg/detail/bumper__type_support.hpp
[1.072s] -- Installing: /home/user/test_ws/install/create_msgs/include/create_msgs/create_msgs/msg/detail/define_song__traits.hpp
[1.072s] -- Installing: /home/user/test_ws/install/create_msgs/include/create_msgs/create_msgs/msg/detail/bumper__struct.hpp
[1.073s] -- Installing: /home/user/test_ws/install/create_msgs/include/create_msgs/create_msgs/msg/detail/mode__struct.hpp
[1.073s] -- Installing: /home/user/test_ws/install/create_msgs/include/create_msgs/create_msgs/msg/detail/motor_setpoint__builder.hpp
[1.073s] -- Installing: /home/user/test_ws/install/create_msgs/include/create_msgs/create_msgs/msg/detail/motor_setpoint__traits.hpp
[1.073s] -- Installing: /home/user/test_ws/install/create_msgs/include/create_msgs/create_msgs/msg/detail/mode__type_support.hpp
[1.073s] -- Installing: /home/user/test_ws/install/create_msgs/include/create_msgs/create_msgs/msg/detail/bumper__builder.hpp
[1.073s] -- Installing: /home/user/test_ws/install/create_msgs/include/create_msgs/create_msgs/msg/detail/mode__traits.hpp
[1.074s] -- Installing: /home/user/test_ws/install/create_msgs/include/create_msgs/create_msgs/msg/detail/define_song__struct.hpp
[1.075s] -- Installing: /home/user/test_ws/install/create_msgs/include/create_msgs/create_msgs/msg/detail/motor_setpoint__type_support.hpp
[1.075s] -- Installing: /home/user/test_ws/install/create_msgs/include/create_msgs/create_msgs/msg/detail/cliff__struct.hpp
[1.075s] -- Installing: /home/user/test_ws/install/create_msgs/include/create_msgs/create_msgs/msg/bumper.hpp
[1.075s] -- Installing: /home/user/test_ws/install/create_msgs/include/create_msgs/create_msgs/msg/motor_setpoint.hpp
[1.075s] -- Installing: /home/user/test_ws/install/create_msgs/include/create_msgs/create_msgs/msg/rosidl_generator_cpp__visibility_control.hpp
[1.076s] -- Up-to-date: /home/user/test_ws/install/create_msgs/include/create_msgs/create_msgs
[1.076s] -- Up-to-date: /home/user/test_ws/install/create_msgs/include/create_msgs/create_msgs/msg
[1.076s] -- Installing: /home/user/test_ws/install/create_msgs/include/create_msgs/create_msgs/msg/rosidl_typesupport_fastrtps_cpp__visibility_control.h
[1.076s] -- Up-to-date: /home/user/test_ws/install/create_msgs/include/create_msgs/create_msgs/msg/detail
[1.076s] -- Installing: /home/user/test_ws/install/create_msgs/include/create_msgs/create_msgs/msg/detail/motor_setpoint__rosidl_typesupport_fastrtps_cpp.hpp
[1.076s] -- Installing: /home/user/test_ws/install/create_msgs/include/create_msgs/create_msgs/msg/detail/cliff__rosidl_typesupport_fastrtps_cpp.hpp
[1.077s] -- Installing: /home/user/test_ws/install/create_msgs/include/create_msgs/create_msgs/msg/detail/mode__rosidl_typesupport_fastrtps_cpp.hpp
[1.077s] -- Installing: /home/user/test_ws/install/create_msgs/include/create_msgs/create_msgs/msg/detail/play_song__rosidl_typesupport_fastrtps_cpp.hpp
[1.077s] -- Installing: /home/user/test_ws/install/create_msgs/include/create_msgs/create_msgs/msg/detail/charging_state__rosidl_typesupport_fastrtps_cpp.hpp
[1.077s] -- Installing: /home/user/test_ws/install/create_msgs/include/create_msgs/create_msgs/msg/detail/define_song__rosidl_typesupport_fastrtps_cpp.hpp
[1.077s] -- Installing: /home/user/test_ws/install/create_msgs/include/create_msgs/create_msgs/msg/detail/bumper__rosidl_typesupport_fastrtps_cpp.hpp
[1.077s] -- Installing: /home/user/test_ws/install/create_msgs/include/create_msgs/create_msgs/msg/detail/dds_fastrtps
[1.077s] -- Installing: /home/user/test_ws/install/create_msgs/lib/libcreate_msgs__rosidl_typesupport_fastrtps_cpp.so
[1.077s] -- Set runtime path of "/home/user/test_ws/install/create_msgs/lib/libcreate_msgs__rosidl_typesupport_fastrtps_cpp.so" to ""
[1.078s] -- Up-to-date: /home/user/test_ws/install/create_msgs/include/create_msgs/create_msgs
[1.079s] -- Up-to-date: /home/user/test_ws/install/create_msgs/include/create_msgs/create_msgs/msg
[1.079s] -- Up-to-date: /home/user/test_ws/install/create_msgs/include/create_msgs/create_msgs/msg/detail
[1.079s] -- Installing: /home/user/test_ws/install/create_msgs/include/create_msgs/create_msgs/msg/detail/motor_setpoint__type_support.cpp
[1.079s] -- Installing: /home/user/test_ws/install/create_msgs/include/create_msgs/create_msgs/msg/detail/cliff__rosidl_typesupport_introspection_cpp.hpp
[1.079s] -- Installing: /home/user/test_ws/install/create_msgs/include/create_msgs/create_msgs/msg/detail/bumper__type_support.cpp
[1.079s] -- Installing: /home/user/test_ws/install/create_msgs/include/create_msgs/create_msgs/msg/detail/mode__type_support.cpp
[1.079s] -- Installing: /home/user/test_ws/install/create_msgs/include/create_msgs/create_msgs/msg/detail/cliff__type_support.cpp
[1.080s] -- Installing: /home/user/test_ws/install/create_msgs/include/create_msgs/create_msgs/msg/detail/charging_state__type_support.cpp
[1.080s] -- Installing: /home/user/test_ws/install/create_msgs/include/create_msgs/create_msgs/msg/detail/charging_state__rosidl_typesupport_introspection_cpp.hpp
[1.080s] -- Installing: /home/user/test_ws/install/create_msgs/include/create_msgs/create_msgs/msg/detail/define_song__type_support.cpp
[1.080s] -- Installing: /home/user/test_ws/install/create_msgs/include/create_msgs/create_msgs/msg/detail/bumper__rosidl_typesupport_introspection_cpp.hpp
[1.080s] -- Installing: /home/user/test_ws/install/create_msgs/include/create_msgs/create_msgs/msg/detail/play_song__type_support.cpp
[1.081s] -- Installing: /home/user/test_ws/install/create_msgs/include/create_msgs/create_msgs/msg/detail/play_song__rosidl_typesupport_introspection_cpp.hpp
[1.081s] -- Installing: /home/user/test_ws/install/create_msgs/include/create_msgs/create_msgs/msg/detail/define_song__rosidl_typesupport_introspection_cpp.hpp
[1.081s] -- Installing: /home/user/test_ws/install/create_msgs/include/create_msgs/create_msgs/msg/detail/motor_setpoint__rosidl_typesupport_introspection_cpp.hpp
[1.081s] -- Installing: /home/user/test_ws/install/create_msgs/include/create_msgs/create_msgs/msg/detail/mode__rosidl_typesupport_introspection_cpp.hpp
[1.081s] -- Installing: /home/user/test_ws/install/create_msgs/lib/libcreate_msgs__rosidl_typesupport_introspection_cpp.so
[1.081s] -- Set runtime path of "/home/user/test_ws/install/create_msgs/lib/libcreate_msgs__rosidl_typesupport_introspection_cpp.so" to ""
[1.081s] -- Installing: /home/user/test_ws/install/create_msgs/lib/libcreate_msgs__rosidl_typesupport_cpp.so
[1.082s] -- Set runtime path of "/home/user/test_ws/install/create_msgs/lib/libcreate_msgs__rosidl_typesupport_cpp.so" to ""
[1.082s] -- Installing: /home/user/test_ws/install/create_msgs/share/create_msgs/environment/pythonpath.sh
[1.082s] -- Installing: /home/user/test_ws/install/create_msgs/share/create_msgs/environment/pythonpath.dsv
[1.082s] -- Installing: /home/user/test_ws/install/create_msgs/local/lib/python3.10/dist-packages/create_msgs-3.1.0-py3.10.egg-info
[1.082s] -- Installing: /home/user/test_ws/install/create_msgs/local/lib/python3.10/dist-packages/create_msgs-3.1.0-py3.10.egg-info/top_level.txt
[1.082s] -- Installing: /home/user/test_ws/install/create_msgs/local/lib/python3.10/dist-packages/create_msgs-3.1.0-py3.10.egg-info/SOURCES.txt
[1.083s] -- Installing: /home/user/test_ws/install/create_msgs/local/lib/python3.10/dist-packages/create_msgs-3.1.0-py3.10.egg-info/dependency_links.txt
[1.083s] -- Installing: /home/user/test_ws/install/create_msgs/local/lib/python3.10/dist-packages/create_msgs-3.1.0-py3.10.egg-info/PKG-INFO
[1.084s] -- Installing: /home/user/test_ws/install/create_msgs/local/lib/python3.10/dist-packages/create_msgs
[1.085s] -- Installing: /home/user/test_ws/install/create_msgs/local/lib/python3.10/dist-packages/create_msgs/msg
[1.085s] -- Installing: /home/user/test_ws/install/create_msgs/local/lib/python3.10/dist-packages/create_msgs/msg/_cliff.py
[1.085s] -- Installing: /home/user/test_ws/install/create_msgs/local/lib/python3.10/dist-packages/create_msgs/msg/_bumper_s.c
[1.085s] -- Installing: /home/user/test_ws/install/create_msgs/local/lib/python3.10/dist-packages/create_msgs/msg/_charging_state.py
[1.085s] -- Installing: /home/user/test_ws/install/create_msgs/local/lib/python3.10/dist-packages/create_msgs/msg/_play_song.py
[1.085s] -- Installing: /home/user/test_ws/install/create_msgs/local/lib/python3.10/dist-packages/create_msgs/msg/_define_song_s.c
[1.085s] -- Installing: /home/user/test_ws/install/create_msgs/local/lib/python3.10/dist-packages/create_msgs/msg/_bumper.py
[1.085s] -- Installing: /home/user/test_ws/install/create_msgs/local/lib/python3.10/dist-packages/create_msgs/msg/_play_song_s.c
[1.086s] -- Installing: /home/user/test_ws/install/create_msgs/local/lib/python3.10/dist-packages/create_msgs/msg/_mode_s.c
[1.086s] -- Installing: /home/user/test_ws/install/create_msgs/local/lib/python3.10/dist-packages/create_msgs/msg/_cliff_s.c
[1.086s] -- Installing: /home/user/test_ws/install/create_msgs/local/lib/python3.10/dist-packages/create_msgs/msg/_motor_setpoint.py
[1.086s] -- Installing: /home/user/test_ws/install/create_msgs/local/lib/python3.10/dist-packages/create_msgs/msg/__init__.py
[1.086s] -- Installing: /home/user/test_ws/install/create_msgs/local/lib/python3.10/dist-packages/create_msgs/msg/_define_song.py
[1.086s] -- Installing: /home/user/test_ws/install/create_msgs/local/lib/python3.10/dist-packages/create_msgs/msg/_charging_state_s.c
[1.087s] -- Installing: /home/user/test_ws/install/create_msgs/local/lib/python3.10/dist-packages/create_msgs/msg/_mode.py
[1.087s] -- Installing: /home/user/test_ws/install/create_msgs/local/lib/python3.10/dist-packages/create_msgs/msg/_motor_setpoint_s.c
[1.087s] -- Installing: /home/user/test_ws/install/create_msgs/local/lib/python3.10/dist-packages/create_msgs/_create_msgs_s.ep.rosidl_typesupport_c.c
[1.087s] -- Installing: /home/user/test_ws/install/create_msgs/local/lib/python3.10/dist-packages/create_msgs/create_msgs_s__rosidl_typesupport_introspection_c.cpython-310-x86_64-linux-gnu.so
[1.087s] -- Installing: /home/user/test_ws/install/create_msgs/local/lib/python3.10/dist-packages/create_msgs/create_msgs_s__rosidl_typesupport_c.cpython-310-x86_64-linux-gnu.so
[1.087s] -- Installing: /home/user/test_ws/install/create_msgs/local/lib/python3.10/dist-packages/create_msgs/libcreate_msgs__rosidl_generator_py.so
[1.087s] -- Installing: /home/user/test_ws/install/create_msgs/local/lib/python3.10/dist-packages/create_msgs/_create_msgs_s.ep.rosidl_typesupport_fastrtps_c.c
[1.088s] -- Installing: /home/user/test_ws/install/create_msgs/local/lib/python3.10/dist-packages/create_msgs/create_msgs_s__rosidl_typesupport_fastrtps_c.cpython-310-x86_64-linux-gnu.so
[1.088s] -- Installing: /home/user/test_ws/install/create_msgs/local/lib/python3.10/dist-packages/create_msgs/__init__.py
[1.088s] -- Installing: /home/user/test_ws/install/create_msgs/local/lib/python3.10/dist-packages/create_msgs/_create_msgs_s.ep.rosidl_typesupport_introspection_c.c
[1.151s] Listing '/home/user/test_ws/install/create_msgs/local/lib/python3.10/dist-packages/create_msgs'...
[1.151s] Compiling '/home/user/test_ws/install/create_msgs/local/lib/python3.10/dist-packages/create_msgs/__init__.py'...
[1.151s] Listing '/home/user/test_ws/install/create_msgs/local/lib/python3.10/dist-packages/create_msgs/msg'...
[1.151s] Compiling '/home/user/test_ws/install/create_msgs/local/lib/python3.10/dist-packages/create_msgs/msg/__init__.py'...
[1.151s] Compiling '/home/user/test_ws/install/create_msgs/local/lib/python3.10/dist-packages/create_msgs/msg/_bumper.py'...
[1.152s] Compiling '/home/user/test_ws/install/create_msgs/local/lib/python3.10/dist-packages/create_msgs/msg/_charging_state.py'...
[1.152s] Compiling '/home/user/test_ws/install/create_msgs/local/lib/python3.10/dist-packages/create_msgs/msg/_cliff.py'...
[1.152s] Compiling '/home/user/test_ws/install/create_msgs/local/lib/python3.10/dist-packages/create_msgs/msg/_define_song.py'...
[1.152s] Compiling '/home/user/test_ws/install/create_msgs/local/lib/python3.10/dist-packages/create_msgs/msg/_mode.py'...
[1.152s] Compiling '/home/user/test_ws/install/create_msgs/local/lib/python3.10/dist-packages/create_msgs/msg/_motor_setpoint.py'...
[1.152s] Compiling '/home/user/test_ws/install/create_msgs/local/lib/python3.10/dist-packages/create_msgs/msg/_play_song.py'...
[1.158s] -- Installing: /home/user/test_ws/install/create_msgs/local/lib/python3.10/dist-packages/create_msgs/create_msgs_s__rosidl_typesupport_fastrtps_c.cpython-310-x86_64-linux-gnu.so
[1.158s] -- Set runtime path of "/home/user/test_ws/install/create_msgs/local/lib/python3.10/dist-packages/create_msgs/create_msgs_s__rosidl_typesupport_fastrtps_c.cpython-310-x86_64-linux-gnu.so" to ""
[1.158s] -- Installing: /home/user/test_ws/install/create_msgs/local/lib/python3.10/dist-packages/create_msgs/create_msgs_s__rosidl_typesupport_introspection_c.cpython-310-x86_64-linux-gnu.so
[1.159s] -- Set runtime path of "/home/user/test_ws/install/create_msgs/local/lib/python3.10/dist-packages/create_msgs/create_msgs_s__rosidl_typesupport_introspection_c.cpython-310-x86_64-linux-gnu.so" to ""
[1.159s] -- Installing: /home/user/test_ws/install/create_msgs/local/lib/python3.10/dist-packages/create_msgs/create_msgs_s__rosidl_typesupport_c.cpython-310-x86_64-linux-gnu.so
[1.159s] -- Set runtime path of "/home/user/test_ws/install/create_msgs/local/lib/python3.10/dist-packages/create_msgs/create_msgs_s__rosidl_typesupport_c.cpython-310-x86_64-linux-gnu.so" to ""
[1.160s] -- Installing: /home/user/test_ws/install/create_msgs/lib/libcreate_msgs__rosidl_generator_py.so
[1.160s] -- Set runtime path of "/home/user/test_ws/install/create_msgs/lib/libcreate_msgs__rosidl_generator_py.so" to ""
[1.161s] -- Installing: /home/user/test_ws/install/create_msgs/share/create_msgs/msg/Bumper.idl
[1.161s] -- Installing: /home/user/test_ws/install/create_msgs/share/create_msgs/msg/ChargingState.idl
[1.161s] -- Installing: /home/user/test_ws/install/create_msgs/share/create_msgs/msg/DefineSong.idl
[1.162s] -- Installing: /home/user/test_ws/install/create_msgs/share/create_msgs/msg/Mode.idl
[1.162s] -- Installing: /home/user/test_ws/install/create_msgs/share/create_msgs/msg/PlaySong.idl
[1.162s] -- Installing: /home/user/test_ws/install/create_msgs/share/create_msgs/msg/MotorSetpoint.idl
[1.162s] -- Installing: /home/user/test_ws/install/create_msgs/share/create_msgs/msg/Cliff.idl
[1.163s] -- Installing: /home/user/test_ws/install/create_msgs/share/create_msgs/msg/Bumper.msg
[1.163s] -- Installing: /home/user/test_ws/install/create_msgs/share/create_msgs/msg/ChargingState.msg
[1.163s] -- Installing: /home/user/test_ws/install/create_msgs/share/create_msgs/msg/DefineSong.msg
[1.163s] -- Installing: /home/user/test_ws/install/create_msgs/share/create_msgs/msg/Mode.msg
[1.163s] -- Installing: /home/user/test_ws/install/create_msgs/share/create_msgs/msg/PlaySong.msg
[1.164s] -- Installing: /home/user/test_ws/install/create_msgs/share/create_msgs/msg/MotorSetpoint.msg
[1.164s] -- Installing: /home/user/test_ws/install/create_msgs/share/create_msgs/msg/Cliff.msg
[1.164s] -- Installing: /home/user/test_ws/install/create_msgs/share/ament_index/resource_index/package_run_dependencies/create_msgs
[1.164s] -- Installing: /home/user/test_ws/install/create_msgs/share/ament_index/resource_index/parent_prefix_path/create_msgs
[1.165s] -- Installing: /home/user/test_ws/install/create_msgs/share/create_msgs/environment/ament_prefix_path.sh
[1.165s] -- Installing: /home/user/test_ws/install/create_msgs/share/create_msgs/environment/ament_prefix_path.dsv
[1.165s] -- Installing: /home/user/test_ws/install/create_msgs/share/create_msgs/environment/path.sh
[1.165s] -- Installing: /home/user/test_ws/install/create_msgs/share/create_msgs/environment/path.dsv
[1.166s] -- Installing: /home/user/test_ws/install/create_msgs/share/create_msgs/local_setup.bash
[1.166s] -- Installing: /home/user/test_ws/install/create_msgs/share/create_msgs/local_setup.sh
[1.166s] -- Installing: /home/user/test_ws/install/create_msgs/share/create_msgs/local_setup.zsh
[1.167s] -- Installing: /home/user/test_ws/install/create_msgs/share/create_msgs/local_setup.dsv
[1.167s] -- Installing: /home/user/test_ws/install/create_msgs/share/create_msgs/package.dsv
[1.167s] -- Installing: /home/user/test_ws/install/create_msgs/share/ament_index/resource_index/packages/create_msgs
[1.168s] -- Installing: /home/user/test_ws/install/create_msgs/share/create_msgs/cmake/export_create_msgs__rosidl_generator_cExport.cmake
[1.168s] -- Installing: /home/user/test_ws/install/create_msgs/share/create_msgs/cmake/export_create_msgs__rosidl_generator_cExport-noconfig.cmake
[1.168s] -- Installing: /home/user/test_ws/install/create_msgs/share/create_msgs/cmake/export_create_msgs__rosidl_typesupport_fastrtps_cExport.cmake
[1.168s] -- Installing: /home/user/test_ws/install/create_msgs/share/create_msgs/cmake/export_create_msgs__rosidl_typesupport_fastrtps_cExport-noconfig.cmake
[1.169s] -- Installing: /home/user/test_ws/install/create_msgs/share/create_msgs/cmake/create_msgs__rosidl_typesupport_introspection_cExport.cmake
[1.169s] -- Installing: /home/user/test_ws/install/create_msgs/share/create_msgs/cmake/create_msgs__rosidl_typesupport_introspection_cExport-noconfig.cmake
[1.170s] -- Installing: /home/user/test_ws/install/create_msgs/share/create_msgs/cmake/create_msgs__rosidl_typesupport_cExport.cmake
[1.170s] -- Installing: /home/user/test_ws/install/create_msgs/share/create_msgs/cmake/create_msgs__rosidl_typesupport_cExport-noconfig.cmake
[1.170s] -- Installing: /home/user/test_ws/install/create_msgs/share/create_msgs/cmake/export_create_msgs__rosidl_generator_cppExport.cmake
[1.170s] -- Installing: /home/user/test_ws/install/create_msgs/share/create_msgs/cmake/export_create_msgs__rosidl_typesupport_fastrtps_cppExport.cmake
[1.171s] -- Installing: /home/user/test_ws/install/create_msgs/share/create_msgs/cmake/export_create_msgs__rosidl_typesupport_fastrtps_cppExport-noconfig.cmake
[1.171s] -- Installing: /home/user/test_ws/install/create_msgs/share/create_msgs/cmake/create_msgs__rosidl_typesupport_introspection_cppExport.cmake
[1.171s] -- Installing: /home/user/test_ws/install/create_msgs/share/create_msgs/cmake/create_msgs__rosidl_typesupport_introspection_cppExport-noconfig.cmake
[1.172s] -- Installing: /home/user/test_ws/install/create_msgs/share/create_msgs/cmake/create_msgs__rosidl_typesupport_cppExport.cmake
[1.172s] -- Installing: /home/user/test_ws/install/create_msgs/share/create_msgs/cmake/create_msgs__rosidl_typesupport_cppExport-noconfig.cmake
[1.172s] -- Installing: /home/user/test_ws/install/create_msgs/share/create_msgs/cmake/export_create_msgs__rosidl_generator_pyExport.cmake
[1.173s] -- Installing: /home/user/test_ws/install/create_msgs/share/create_msgs/cmake/export_create_msgs__rosidl_generator_pyExport-noconfig.cmake
[1.173s] -- Installing: /home/user/test_ws/install/create_msgs/share/create_msgs/cmake/rosidl_cmake-extras.cmake
[1.173s] -- Installing: /home/user/test_ws/install/create_msgs/share/create_msgs/cmake/ament_cmake_export_dependencies-extras.cmake
[1.173s] -- Installing: /home/user/test_ws/install/create_msgs/share/create_msgs/cmake/ament_cmake_export_include_directories-extras.cmake
[1.174s] -- Installing: /home/user/test_ws/install/create_msgs/share/create_msgs/cmake/ament_cmake_export_libraries-extras.cmake
[1.174s] -- Installing: /home/user/test_ws/install/create_msgs/share/create_msgs/cmake/ament_cmake_export_targets-extras.cmake
[1.174s] -- Installing: /home/user/test_ws/install/create_msgs/share/create_msgs/cmake/rosidl_cmake_export_typesupport_targets-extras.cmake
[1.174s] -- Installing: /home/user/test_ws/install/create_msgs/share/create_msgs/cmake/rosidl_cmake_export_typesupport_libraries-extras.cmake
[1.175s] -- Installing: /home/user/test_ws/install/create_msgs/share/create_msgs/cmake/create_msgsConfig.cmake
[1.175s] -- Installing: /home/user/test_ws/install/create_msgs/share/create_msgs/cmake/create_msgsConfig-version.cmake
[1.175s] -- Installing: /home/user/test_ws/install/create_msgs/share/create_msgs/package.xml
