[0.123s] DEBUG:colcon:Command line arguments: ['/usr/bin/colcon', 'build', '--packages-select', 'generic_motor_driver']
[0.123s] DEBUG:colcon:Parsed command line arguments: Namespace(log_base=None, log_level=None, verb_name='build', build_base='build', install_base='install', merge_install=False, symlink_install=False, test_result_base=None, continue_on_error=False, executor='parallel', parallel_workers=8, event_handlers=None, ignore_user_meta=False, metas=['./colcon.meta'], base_paths=['.'], packages_ignore=None, packages_ignore_regex=None, paths=None, packages_up_to=None, packages_up_to_regex=None, packages_above=None, packages_above_and_dependencies=None, packages_above_depth=None, packages_select_by_dep=None, packages_skip_by_dep=None, packages_skip_up_to=None, packages_select_build_failed=False, packages_skip_build_finished=False, packages_select_test_failures=False, packages_skip_test_passed=False, packages_select=['generic_motor_driver'], packages_skip=None, packages_select_regex=None, packages_skip_regex=None, packages_start=None, packages_end=None, allow_overriding=[], cmake_args=None, cmake_target=None, cmake_target_skip_unavailable=False, cmake_clean_cache=False, cmake_clean_first=False, cmake_force_configure=False, ament_cmake_args=None, catkin_cmake_args=None, catkin_skip_building_tests=False, verb_parser=<colcon_defaults.argument_parser.defaults.DefaultArgumentsDecorator object at 0x706a847ebb50>, verb_extension=<colcon_core.verb.build.BuildVerb object at 0x706a84990f10>, main=<bound method BuildVerb.main of <colcon_core.verb.build.BuildVerb object at 0x706a84990f10>>)
[0.351s] Level 1:colcon.colcon_core.package_discovery:discover_packages(colcon_meta) check parameters
[0.351s] Level 1:colcon.colcon_core.package_discovery:discover_packages(recursive) check parameters
[0.351s] Level 1:colcon.colcon_core.package_discovery:discover_packages(ignore) check parameters
[0.351s] Level 1:colcon.colcon_core.package_discovery:discover_packages(path) check parameters
[0.351s] Level 1:colcon.colcon_core.package_discovery:discover_packages(colcon_meta) discover
[0.351s] Level 1:colcon.colcon_core.package_discovery:discover_packages(recursive) discover
[0.351s] INFO:colcon.colcon_core.package_discovery:Crawling recursively for packages in '/home/user/test_ws'
[0.351s] Level 1:colcon.colcon_core.package_identification:_identify(.) by extensions ['ignore', 'ignore_ament_install']
[0.351s] Level 1:colcon.colcon_core.package_identification:_identify(.) by extension 'ignore'
[0.351s] Level 1:colcon.colcon_core.package_identification:_identify(.) by extension 'ignore_ament_install'
[0.352s] Level 1:colcon.colcon_core.package_identification:_identify(.) by extensions ['colcon_pkg']
[0.352s] Level 1:colcon.colcon_core.package_identification:_identify(.) by extension 'colcon_pkg'
[0.352s] Level 1:colcon.colcon_core.package_identification:_identify(.) by extensions ['colcon_meta']
[0.352s] Level 1:colcon.colcon_core.package_identification:_identify(.) by extension 'colcon_meta'
[0.352s] Level 1:colcon.colcon_core.package_identification:_identify(.) by extensions ['ros']
[0.352s] Level 1:colcon.colcon_core.package_identification:_identify(.) by extension 'ros'
[0.372s] Level 1:colcon.colcon_core.package_identification:_identify(.) by extensions ['cmake', 'python']
[0.372s] Level 1:colcon.colcon_core.package_identification:_identify(.) by extension 'cmake'
[0.372s] Level 1:colcon.colcon_core.package_identification:_identify(.) by extension 'python'
[0.372s] Level 1:colcon.colcon_core.package_identification:_identify(.) by extensions ['python_setup_py']
[0.372s] Level 1:colcon.colcon_core.package_identification:_identify(.) by extension 'python_setup_py'
[0.372s] Level 1:colcon.colcon_core.package_identification:_identify(build) by extensions ['ignore', 'ignore_ament_install']
[0.372s] Level 1:colcon.colcon_core.package_identification:_identify(build) by extension 'ignore'
[0.372s] Level 1:colcon.colcon_core.package_identification:_identify(build) ignored
[0.372s] Level 1:colcon.colcon_core.package_identification:_identify(install) by extensions ['ignore', 'ignore_ament_install']
[0.372s] Level 1:colcon.colcon_core.package_identification:_identify(install) by extension 'ignore'
[0.372s] Level 1:colcon.colcon_core.package_identification:_identify(install) ignored
[0.373s] Level 1:colcon.colcon_core.package_identification:_identify(log) by extensions ['ignore', 'ignore_ament_install']
[0.373s] Level 1:colcon.colcon_core.package_identification:_identify(log) by extension 'ignore'
[0.373s] Level 1:colcon.colcon_core.package_identification:_identify(log) ignored
[0.373s] Level 1:colcon.colcon_core.package_identification:_identify(src) by extensions ['ignore', 'ignore_ament_install']
[0.373s] Level 1:colcon.colcon_core.package_identification:_identify(src) by extension 'ignore'
[0.373s] Level 1:colcon.colcon_core.package_identification:_identify(src) by extension 'ignore_ament_install'
[0.373s] Level 1:colcon.colcon_core.package_identification:_identify(src) by extensions ['colcon_pkg']
[0.373s] Level 1:colcon.colcon_core.package_identification:_identify(src) by extension 'colcon_pkg'
[0.373s] Level 1:colcon.colcon_core.package_identification:_identify(src) by extensions ['colcon_meta']
[0.373s] Level 1:colcon.colcon_core.package_identification:_identify(src) by extension 'colcon_meta'
[0.373s] Level 1:colcon.colcon_core.package_identification:_identify(src) by extensions ['ros']
[0.373s] Level 1:colcon.colcon_core.package_identification:_identify(src) by extension 'ros'
[0.373s] Level 1:colcon.colcon_core.package_identification:_identify(src) by extensions ['cmake', 'python']
[0.373s] Level 1:colcon.colcon_core.package_identification:_identify(src) by extension 'cmake'
[0.373s] Level 1:colcon.colcon_core.package_identification:_identify(src) by extension 'python'
[0.374s] Level 1:colcon.colcon_core.package_identification:_identify(src) by extensions ['python_setup_py']
[0.374s] Level 1:colcon.colcon_core.package_identification:_identify(src) by extension 'python_setup_py'
[0.374s] Level 1:colcon.colcon_core.package_identification:_identify(src/create_robot) by extensions ['ignore', 'ignore_ament_install']
[0.374s] Level 1:colcon.colcon_core.package_identification:_identify(src/create_robot) by extension 'ignore'
[0.374s] Level 1:colcon.colcon_core.package_identification:_identify(src/create_robot) by extension 'ignore_ament_install'
[0.374s] Level 1:colcon.colcon_core.package_identification:_identify(src/create_robot) by extensions ['colcon_pkg']
[0.374s] Level 1:colcon.colcon_core.package_identification:_identify(src/create_robot) by extension 'colcon_pkg'
[0.374s] Level 1:colcon.colcon_core.package_identification:_identify(src/create_robot) by extensions ['colcon_meta']
[0.374s] Level 1:colcon.colcon_core.package_identification:_identify(src/create_robot) by extension 'colcon_meta'
[0.374s] Level 1:colcon.colcon_core.package_identification:_identify(src/create_robot) by extensions ['ros']
[0.374s] Level 1:colcon.colcon_core.package_identification:_identify(src/create_robot) by extension 'ros'
[0.374s] Level 1:colcon.colcon_core.package_identification:_identify(src/create_robot) by extensions ['cmake', 'python']
[0.374s] Level 1:colcon.colcon_core.package_identification:_identify(src/create_robot) by extension 'cmake'
[0.374s] Level 1:colcon.colcon_core.package_identification:_identify(src/create_robot) by extension 'python'
[0.374s] Level 1:colcon.colcon_core.package_identification:_identify(src/create_robot) by extensions ['python_setup_py']
[0.374s] Level 1:colcon.colcon_core.package_identification:_identify(src/create_robot) by extension 'python_setup_py'
[0.374s] Level 1:colcon.colcon_core.package_identification:_identify(src/create_robot/build) by extensions ['ignore', 'ignore_ament_install']
[0.375s] Level 1:colcon.colcon_core.package_identification:_identify(src/create_robot/build) by extension 'ignore'
[0.375s] Level 1:colcon.colcon_core.package_identification:_identify(src/create_robot/build) ignored
[0.375s] Level 1:colcon.colcon_core.package_identification:_identify(src/create_robot/create_bringup) by extensions ['ignore', 'ignore_ament_install']
[0.375s] Level 1:colcon.colcon_core.package_identification:_identify(src/create_robot/create_bringup) by extension 'ignore'
[0.375s] Level 1:colcon.colcon_core.package_identification:_identify(src/create_robot/create_bringup) by extension 'ignore_ament_install'
[0.375s] Level 1:colcon.colcon_core.package_identification:_identify(src/create_robot/create_bringup) by extensions ['colcon_pkg']
[0.375s] Level 1:colcon.colcon_core.package_identification:_identify(src/create_robot/create_bringup) by extension 'colcon_pkg'
[0.375s] Level 1:colcon.colcon_core.package_identification:_identify(src/create_robot/create_bringup) by extensions ['colcon_meta']
[0.375s] Level 1:colcon.colcon_core.package_identification:_identify(src/create_robot/create_bringup) by extension 'colcon_meta'
[0.375s] Level 1:colcon.colcon_core.package_identification:_identify(src/create_robot/create_bringup) by extensions ['ros']
[0.375s] Level 1:colcon.colcon_core.package_identification:_identify(src/create_robot/create_bringup) by extension 'ros'
[0.378s] DEBUG:colcon.colcon_core.package_identification:Package 'src/create_robot/create_bringup' with type 'ros.ament_cmake' and name 'create_bringup'
[0.378s] Level 1:colcon.colcon_core.package_identification:_identify(src/create_robot/create_description) by extensions ['ignore', 'ignore_ament_install']
[0.378s] Level 1:colcon.colcon_core.package_identification:_identify(src/create_robot/create_description) by extension 'ignore'
[0.378s] Level 1:colcon.colcon_core.package_identification:_identify(src/create_robot/create_description) by extension 'ignore_ament_install'
[0.379s] Level 1:colcon.colcon_core.package_identification:_identify(src/create_robot/create_description) by extensions ['colcon_pkg']
[0.379s] Level 1:colcon.colcon_core.package_identification:_identify(src/create_robot/create_description) by extension 'colcon_pkg'
[0.379s] Level 1:colcon.colcon_core.package_identification:_identify(src/create_robot/create_description) by extensions ['colcon_meta']
[0.379s] Level 1:colcon.colcon_core.package_identification:_identify(src/create_robot/create_description) by extension 'colcon_meta'
[0.379s] Level 1:colcon.colcon_core.package_identification:_identify(src/create_robot/create_description) by extensions ['ros']
[0.379s] Level 1:colcon.colcon_core.package_identification:_identify(src/create_robot/create_description) by extension 'ros'
[0.379s] DEBUG:colcon.colcon_core.package_identification:Package 'src/create_robot/create_description' with type 'ros.ament_cmake' and name 'create_description'
[0.380s] Level 1:colcon.colcon_core.package_identification:_identify(src/create_robot/create_driver) by extensions ['ignore', 'ignore_ament_install']
[0.380s] Level 1:colcon.colcon_core.package_identification:_identify(src/create_robot/create_driver) by extension 'ignore'
[0.380s] Level 1:colcon.colcon_core.package_identification:_identify(src/create_robot/create_driver) by extension 'ignore_ament_install'
[0.380s] Level 1:colcon.colcon_core.package_identification:_identify(src/create_robot/create_driver) by extensions ['colcon_pkg']
[0.380s] Level 1:colcon.colcon_core.package_identification:_identify(src/create_robot/create_driver) by extension 'colcon_pkg'
[0.380s] Level 1:colcon.colcon_core.package_identification:_identify(src/create_robot/create_driver) by extensions ['colcon_meta']
[0.380s] Level 1:colcon.colcon_core.package_identification:_identify(src/create_robot/create_driver) by extension 'colcon_meta'
[0.380s] Level 1:colcon.colcon_core.package_identification:_identify(src/create_robot/create_driver) by extensions ['ros']
[0.380s] Level 1:colcon.colcon_core.package_identification:_identify(src/create_robot/create_driver) by extension 'ros'
[0.382s] DEBUG:colcon.colcon_core.package_identification:Package 'src/create_robot/create_driver' with type 'ros.ament_cmake' and name 'generic_motor_driver'
[0.382s] Level 1:colcon.colcon_core.package_identification:_identify(src/create_robot/create_msgs) by extensions ['ignore', 'ignore_ament_install']
[0.382s] Level 1:colcon.colcon_core.package_identification:_identify(src/create_robot/create_msgs) by extension 'ignore'
[0.382s] Level 1:colcon.colcon_core.package_identification:_identify(src/create_robot/create_msgs) by extension 'ignore_ament_install'
[0.382s] Level 1:colcon.colcon_core.package_identification:_identify(src/create_robot/create_msgs) by extensions ['colcon_pkg']
[0.382s] Level 1:colcon.colcon_core.package_identification:_identify(src/create_robot/create_msgs) by extension 'colcon_pkg'
[0.382s] Level 1:colcon.colcon_core.package_identification:_identify(src/create_robot/create_msgs) by extensions ['colcon_meta']
[0.382s] Level 1:colcon.colcon_core.package_identification:_identify(src/create_robot/create_msgs) by extension 'colcon_meta'
[0.382s] Level 1:colcon.colcon_core.package_identification:_identify(src/create_robot/create_msgs) by extensions ['ros']
[0.382s] Level 1:colcon.colcon_core.package_identification:_identify(src/create_robot/create_msgs) by extension 'ros'
[0.383s] DEBUG:colcon.colcon_core.package_identification:Package 'src/create_robot/create_msgs' with type 'ros.ament_cmake' and name 'create_msgs'
[0.383s] Level 1:colcon.colcon_core.package_identification:_identify(src/create_robot/create_robot) by extensions ['ignore', 'ignore_ament_install']
[0.383s] Level 1:colcon.colcon_core.package_identification:_identify(src/create_robot/create_robot) by extension 'ignore'
[0.383s] Level 1:colcon.colcon_core.package_identification:_identify(src/create_robot/create_robot) by extension 'ignore_ament_install'
[0.383s] Level 1:colcon.colcon_core.package_identification:_identify(src/create_robot/create_robot) by extensions ['colcon_pkg']
[0.383s] Level 1:colcon.colcon_core.package_identification:_identify(src/create_robot/create_robot) by extension 'colcon_pkg'
[0.384s] Level 1:colcon.colcon_core.package_identification:_identify(src/create_robot/create_robot) by extensions ['colcon_meta']
[0.384s] Level 1:colcon.colcon_core.package_identification:_identify(src/create_robot/create_robot) by extension 'colcon_meta'
[0.384s] Level 1:colcon.colcon_core.package_identification:_identify(src/create_robot/create_robot) by extensions ['ros']
[0.384s] Level 1:colcon.colcon_core.package_identification:_identify(src/create_robot/create_robot) by extension 'ros'
[0.384s] DEBUG:colcon.colcon_core.package_identification:Package 'src/create_robot/create_robot' with type 'ros.ament_cmake' and name 'create_robot'
[0.384s] Level 1:colcon.colcon_core.package_identification:_identify(src/create_robot/install) by extensions ['ignore', 'ignore_ament_install']
[0.384s] Level 1:colcon.colcon_core.package_identification:_identify(src/create_robot/install) by extension 'ignore'
[0.385s] Level 1:colcon.colcon_core.package_identification:_identify(src/create_robot/install) ignored
[0.385s] Level 1:colcon.colcon_core.package_identification:_identify(src/create_robot/log) by extensions ['ignore', 'ignore_ament_install']
[0.385s] Level 1:colcon.colcon_core.package_identification:_identify(src/create_robot/log) by extension 'ignore'
[0.385s] Level 1:colcon.colcon_core.package_identification:_identify(src/create_robot/log) ignored
[0.385s] Level 1:colcon.colcon_core.package_discovery:discover_packages(recursive) using defaults
[0.385s] Level 1:colcon.colcon_core.package_discovery:discover_packages(ignore) discover
[0.385s] Level 1:colcon.colcon_core.package_discovery:discover_packages(ignore) using defaults
[0.385s] Level 1:colcon.colcon_core.package_discovery:discover_packages(path) discover
[0.385s] Level 1:colcon.colcon_core.package_discovery:discover_packages(path) using defaults
[0.408s] INFO:colcon.colcon_core.package_selection:Skipping not selected package 'create_description' in 'src/create_robot/create_description'
[0.409s] INFO:colcon.colcon_core.package_selection:Skipping not selected package 'create_msgs' in 'src/create_robot/create_msgs'
[0.409s] INFO:colcon.colcon_core.package_selection:Skipping not selected package 'create_bringup' in 'src/create_robot/create_bringup'
[0.409s] INFO:colcon.colcon_core.package_selection:Skipping not selected package 'create_robot' in 'src/create_robot/create_robot'
[0.409s] Level 1:colcon.colcon_core.package_discovery:discover_packages(prefix_path) check parameters
[0.409s] Level 1:colcon.colcon_core.package_discovery:discover_packages(prefix_path) discover
[0.412s] DEBUG:colcon.colcon_installed_package_information.package_discovery:Found 11 installed packages in /home/user/test_ws/install
[0.413s] DEBUG:colcon.colcon_installed_package_information.package_discovery:Found 6 installed packages in /home/user/create3_examples_ws/install
[0.414s] DEBUG:colcon.colcon_installed_package_information.package_discovery:Found 7 installed packages in /home/user/create_ws/install
[0.415s] DEBUG:colcon.colcon_installed_package_information.package_discovery:Found 2 installed packages in /home/user/sweepbot_ws/install
[0.415s] DEBUG:colcon.colcon_installed_package_information.package_discovery:Found 1 installed packages in /home/user/launch_ws/install
[0.416s] DEBUG:colcon.colcon_installed_package_information.package_discovery:Found 5 installed packages in /home/user/test_ws/src/create_robot/install
[0.418s] DEBUG:colcon.colcon_installed_package_information.package_discovery:Found 435 installed packages in /opt/ros/humble
[0.421s] Level 1:colcon.colcon_core.package_discovery:discover_packages(prefix_path) using defaults
[0.483s] Level 5:colcon.colcon_core.verb:set package 'generic_motor_driver' build argument 'cmake_args' from command line to 'None'
[0.483s] Level 5:colcon.colcon_core.verb:set package 'generic_motor_driver' build argument 'cmake_target' from command line to 'None'
[0.483s] Level 5:colcon.colcon_core.verb:set package 'generic_motor_driver' build argument 'cmake_target_skip_unavailable' from command line to 'False'
[0.483s] Level 5:colcon.colcon_core.verb:set package 'generic_motor_driver' build argument 'cmake_clean_cache' from command line to 'False'
[0.483s] Level 5:colcon.colcon_core.verb:set package 'generic_motor_driver' build argument 'cmake_clean_first' from command line to 'False'
[0.483s] Level 5:colcon.colcon_core.verb:set package 'generic_motor_driver' build argument 'cmake_force_configure' from command line to 'False'
[0.483s] Level 5:colcon.colcon_core.verb:set package 'generic_motor_driver' build argument 'ament_cmake_args' from command line to 'None'
[0.484s] Level 5:colcon.colcon_core.verb:set package 'generic_motor_driver' build argument 'catkin_cmake_args' from command line to 'None'
[0.484s] Level 5:colcon.colcon_core.verb:set package 'generic_motor_driver' build argument 'catkin_skip_building_tests' from command line to 'False'
[0.484s] DEBUG:colcon.colcon_core.verb:Building package 'generic_motor_driver' with the following arguments: {'ament_cmake_args': None, 'build_base': '/home/user/test_ws/build/generic_motor_driver', 'catkin_cmake_args': None, 'catkin_skip_building_tests': False, 'cmake_args': None, 'cmake_clean_cache': False, 'cmake_clean_first': False, 'cmake_force_configure': False, 'cmake_target': None, 'cmake_target_skip_unavailable': False, 'install_base': '/home/user/test_ws/install/generic_motor_driver', 'merge_install': False, 'path': '/home/user/test_ws/src/create_robot/create_driver', 'symlink_install': False, 'test_result_base': None}
[0.484s] INFO:colcon.colcon_core.executor:Executing jobs using 'parallel' executor
[0.485s] DEBUG:colcon.colcon_parallel_executor.executor.parallel:run_until_complete
[0.485s] INFO:colcon.colcon_ros.task.ament_cmake.build:Building ROS package in '/home/user/test_ws/src/create_robot/create_driver' with build type 'ament_cmake'
[0.485s] INFO:colcon.colcon_cmake.task.cmake.build:Building CMake package in '/home/user/test_ws/src/create_robot/create_driver'
[0.488s] INFO:colcon.colcon_core.plugin_system:Skipping extension 'colcon_core.shell.bat': Not used on non-Windows systems
[0.488s] INFO:colcon.colcon_core.shell:Skip shell extension 'powershell' for command environment: Not usable outside of PowerShell
[0.488s] DEBUG:colcon.colcon_core.shell:Skip shell extension 'dsv' for command environment
[0.501s] DEBUG:colcon.colcon_core.event_handler.log_command:Invoking command in '/home/user/test_ws/build/generic_motor_driver': CMAKE_PREFIX_PATH=${CMAKE_PREFIX_PATH}:/home/user/test_ws/install/create3_teleop:/home/user/test_ws/install/create3_examples_py:/home/user/launch_ws/install/py_launch_example:/home/user/create3_examples_ws/install/create3_teleop:/home/user/create3_examples_ws/install/create3_examples_py:/home/user/sweepbot_ws/install/sweepbot:/home/user/sweepbot_ws/install/my_teleop_config:/opt/ros/humble /usr/bin/cmake --build /home/user/test_ws/build/generic_motor_driver -- -j8 -l8
[6.458s] DEBUG:colcon.colcon_core.event_handler.log_command:Invoked command in '/home/user/test_ws/build/generic_motor_driver' returned '2': CMAKE_PREFIX_PATH=${CMAKE_PREFIX_PATH}:/home/user/test_ws/install/create3_teleop:/home/user/test_ws/install/create3_examples_py:/home/user/launch_ws/install/py_launch_example:/home/user/create3_examples_ws/install/create3_teleop:/home/user/create3_examples_ws/install/create3_examples_py:/home/user/sweepbot_ws/install/sweepbot:/home/user/sweepbot_ws/install/my_teleop_config:/opt/ros/humble /usr/bin/cmake --build /home/user/test_ws/build/generic_motor_driver -- -j8 -l8
[6.459s] Level 1:colcon.colcon_core.environment:create_environment_scripts_only(generic_motor_driver)
[6.461s] Level 1:colcon.colcon_core.environment:checking '/home/user/test_ws/install/generic_motor_driver' for CMake module files
[6.462s] Level 1:colcon.colcon_core.environment:checking '/home/user/test_ws/install/generic_motor_driver' for CMake config files
[6.462s] Level 1:colcon.colcon_core.shell:create_environment_hook('generic_motor_driver', 'cmake_prefix_path')
[6.462s] INFO:colcon.colcon_core.shell:Creating environment hook '/home/user/test_ws/install/generic_motor_driver/share/generic_motor_driver/hook/cmake_prefix_path.ps1'
[6.463s] INFO:colcon.colcon_core.shell:Creating environment descriptor '/home/user/test_ws/install/generic_motor_driver/share/generic_motor_driver/hook/cmake_prefix_path.dsv'
[6.464s] INFO:colcon.colcon_core.shell:Creating environment hook '/home/user/test_ws/install/generic_motor_driver/share/generic_motor_driver/hook/cmake_prefix_path.sh'
[6.464s] Level 1:colcon.colcon_core.environment:checking '/home/user/test_ws/install/generic_motor_driver/lib'
[6.465s] Level 1:colcon.colcon_core.environment:checking '/home/user/test_ws/install/generic_motor_driver/bin'
[6.465s] Level 1:colcon.colcon_core.environment:checking '/home/user/test_ws/install/generic_motor_driver/lib/pkgconfig/generic_motor_driver.pc'
[6.465s] Level 1:colcon.colcon_core.environment:checking '/home/user/test_ws/install/generic_motor_driver/lib/python3.10/site-packages'
[6.465s] Level 1:colcon.colcon_core.environment:checking '/home/user/test_ws/install/generic_motor_driver/bin'
[6.466s] INFO:colcon.colcon_core.shell:Creating package script '/home/user/test_ws/install/generic_motor_driver/share/generic_motor_driver/package.ps1'
[6.467s] INFO:colcon.colcon_core.shell:Creating package descriptor '/home/user/test_ws/install/generic_motor_driver/share/generic_motor_driver/package.dsv'
[6.467s] INFO:colcon.colcon_core.shell:Creating package script '/home/user/test_ws/install/generic_motor_driver/share/generic_motor_driver/package.sh'
[6.468s] INFO:colcon.colcon_core.shell:Creating package script '/home/user/test_ws/install/generic_motor_driver/share/generic_motor_driver/package.bash'
[6.469s] INFO:colcon.colcon_core.shell:Creating package script '/home/user/test_ws/install/generic_motor_driver/share/generic_motor_driver/package.zsh'
[6.469s] Level 1:colcon.colcon_core.environment:create_file_with_runtime_dependencies(/home/user/test_ws/install/generic_motor_driver/share/colcon-core/packages/generic_motor_driver)
[6.480s] DEBUG:colcon.colcon_parallel_executor.executor.parallel:closing loop
[6.480s] DEBUG:colcon.colcon_parallel_executor.executor.parallel:loop closed
[6.480s] DEBUG:colcon.colcon_parallel_executor.executor.parallel:run_until_complete finished with '2'
[6.480s] DEBUG:colcon.colcon_core.event_reactor:joining thread
[6.486s] INFO:colcon.colcon_core.plugin_system:Skipping extension 'colcon_notification.desktop_notification.terminal_notifier': Not used on non-Darwin systems
[6.486s] INFO:colcon.colcon_core.plugin_system:Skipping extension 'colcon_notification.desktop_notification.win32': Not used on non-Windows systems
[6.486s] INFO:colcon.colcon_notification.desktop_notification:Sending desktop notification using 'notify2'
[6.499s] DEBUG:colcon.colcon_core.event_reactor:joined thread
[6.499s] INFO:colcon.colcon_core.shell:Creating prefix script '/home/user/test_ws/install/local_setup.ps1'
[6.500s] INFO:colcon.colcon_core.shell:Creating prefix util module '/home/user/test_ws/install/_local_setup_util_ps1.py'
[6.502s] INFO:colcon.colcon_core.shell:Creating prefix chain script '/home/user/test_ws/install/setup.ps1'
[6.505s] INFO:colcon.colcon_core.shell:Creating prefix script '/home/user/test_ws/install/local_setup.sh'
[6.505s] INFO:colcon.colcon_core.shell:Creating prefix util module '/home/user/test_ws/install/_local_setup_util_sh.py'
[6.506s] INFO:colcon.colcon_core.shell:Creating prefix chain script '/home/user/test_ws/install/setup.sh'
[6.509s] INFO:colcon.colcon_core.shell:Creating prefix script '/home/user/test_ws/install/local_setup.bash'
[6.510s] INFO:colcon.colcon_core.shell:Creating prefix chain script '/home/user/test_ws/install/setup.bash'
[6.513s] INFO:colcon.colcon_core.shell:Creating prefix script '/home/user/test_ws/install/local_setup.zsh'
[6.513s] INFO:colcon.colcon_core.shell:Creating prefix chain script '/home/user/test_ws/install/setup.zsh'
