[0.061s] Invoking command in '/home/user/test_ws/build/create3_examples_msgs': CMAKE_PREFIX_PATH=${CMAKE_PREFIX_PATH}:/home/user/launch_ws/install/py_launch_example:/home/user/create3_examples_ws/install/create3_teleop:/home/user/create3_examples_ws/install/create3_examples_py:/home/user/sweepbot_ws/install/sweepbot:/home/user/sweepbot_ws/install/my_teleop_config:/opt/ros/humble /usr/bin/cmake --build /home/user/test_ws/build/create3_examples_msgs -- -j8 -l8
[0.876s] [ 12%] Built target create3_examples_msgs__rosidl_generator_c
[0.876s] [ 12%] Built target create3_examples_msgs__cpp
[0.876s] [ 12%] Built target ament_cmake_python_copy_create3_examples_msgs
[0.877s] [ 22%] Built target create3_examples_msgs__rosidl_typesupport_introspection_cpp
[0.877s] [ 32%] Built target create3_examples_msgs__rosidl_typesupport_cpp
[0.877s] [ 41%] Built target create3_examples_msgs__rosidl_typesupport_fastrtps_cpp
[0.878s] [ 51%] Built target create3_examples_msgs__rosidl_typesupport_fastrtps_c
[0.878s] [ 61%] Built target create3_examples_msgs__rosidl_typesupport_c
[0.878s] [ 70%] Built target create3_examples_msgs__rosidl_typesupport_introspection_c
[0.878s] [ 70%] Built target create3_examples_msgs
[0.878s] [ 74%] Built target create3_examples_msgs__py
[0.878s] [ 80%] Built target create3_examples_msgs__rosidl_generator_py
[0.878s] [ 87%] Built target create3_examples_msgs__rosidl_typesupport_fastrtps_c__pyext
[0.879s] [ 93%] Built target create3_examples_msgs__rosidl_typesupport_c__pyext
[0.879s] [100%] Built target create3_examples_msgs__rosidl_typesupport_introspection_c__pyext
[0.879s] running egg_info
[0.879s] writing create3_examples_msgs.egg-info/PKG-INFO
[0.880s] writing dependency_links to create3_examples_msgs.egg-info/dependency_links.txt
[0.880s] writing top-level names to create3_examples_msgs.egg-info/top_level.txt
[0.880s] reading manifest file 'create3_examples_msgs.egg-info/SOURCES.txt'
[0.881s] writing manifest file 'create3_examples_msgs.egg-info/SOURCES.txt'
[0.881s] [100%] Built target ament_cmake_python_build_create3_examples_msgs_egg
[0.901s] Invoked command in '/home/user/test_ws/build/create3_examples_msgs' returned '0': CMAKE_PREFIX_PATH=${CMAKE_PREFIX_PATH}:/home/user/launch_ws/install/py_launch_example:/home/user/create3_examples_ws/install/create3_teleop:/home/user/create3_examples_ws/install/create3_examples_py:/home/user/sweepbot_ws/install/sweepbot:/home/user/sweepbot_ws/install/my_teleop_config:/opt/ros/humble /usr/bin/cmake --build /home/user/test_ws/build/create3_examples_msgs -- -j8 -l8
[0.903s] Invoking command in '/home/user/test_ws/build/create3_examples_msgs': CMAKE_PREFIX_PATH=${CMAKE_PREFIX_PATH}:/home/user/launch_ws/install/py_launch_example:/home/user/create3_examples_ws/install/create3_teleop:/home/user/create3_examples_ws/install/create3_examples_py:/home/user/sweepbot_ws/install/sweepbot:/home/user/sweepbot_ws/install/my_teleop_config:/opt/ros/humble /usr/bin/cmake --install /home/user/test_ws/build/create3_examples_msgs
[0.930s] -- Install configuration: ""
[0.930s] -- Up-to-date: /home/user/test_ws/install/create3_examples_msgs/share/ament_index/resource_index/rosidl_interfaces/create3_examples_msgs
[0.931s] -- Up-to-date: /home/user/test_ws/install/create3_examples_msgs/include/create3_examples_msgs/create3_examples_msgs
[0.932s] -- Up-to-date: /home/user/test_ws/install/create3_examples_msgs/include/create3_examples_msgs/create3_examples_msgs/msg
[0.933s] -- Up-to-date: /home/user/test_ws/install/create3_examples_msgs/include/create3_examples_msgs/create3_examples_msgs/msg/rosidl_generator_c__visibility_control.h
[0.934s] -- Up-to-date: /home/user/test_ws/install/create3_examples_msgs/include/create3_examples_msgs/create3_examples_msgs/action
[0.934s] -- Up-to-date: /home/user/test_ws/install/create3_examples_msgs/include/create3_examples_msgs/create3_examples_msgs/action/coverage.h
[0.934s] -- Up-to-date: /home/user/test_ws/install/create3_examples_msgs/include/create3_examples_msgs/create3_examples_msgs/action/detail
[0.934s] -- Up-to-date: /home/user/test_ws/install/create3_examples_msgs/include/create3_examples_msgs/create3_examples_msgs/action/detail/coverage__functions.c
[0.934s] -- Up-to-date: /home/user/test_ws/install/create3_examples_msgs/include/create3_examples_msgs/create3_examples_msgs/action/detail/coverage__type_support.h
[0.934s] -- Up-to-date: /home/user/test_ws/install/create3_examples_msgs/include/create3_examples_msgs/create3_examples_msgs/action/detail/coverage__functions.h
[0.935s] -- Up-to-date: /home/user/test_ws/install/create3_examples_msgs/include/create3_examples_msgs/create3_examples_msgs/action/detail/coverage__struct.h
[0.935s] -- Up-to-date: /home/user/test_ws/install/create3_examples_msgs/share/create3_examples_msgs/environment/library_path.sh
[0.935s] -- Up-to-date: /home/user/test_ws/install/create3_examples_msgs/share/create3_examples_msgs/environment/library_path.dsv
[0.935s] -- Up-to-date: /home/user/test_ws/install/create3_examples_msgs/lib/libcreate3_examples_msgs__rosidl_generator_c.so
[0.935s] -- Up-to-date: /home/user/test_ws/install/create3_examples_msgs/include/create3_examples_msgs/create3_examples_msgs
[0.935s] -- Up-to-date: /home/user/test_ws/install/create3_examples_msgs/include/create3_examples_msgs/create3_examples_msgs/msg
[0.935s] -- Up-to-date: /home/user/test_ws/install/create3_examples_msgs/include/create3_examples_msgs/create3_examples_msgs/msg/rosidl_typesupport_fastrtps_c__visibility_control.h
[0.936s] -- Up-to-date: /home/user/test_ws/install/create3_examples_msgs/include/create3_examples_msgs/create3_examples_msgs/action
[0.936s] -- Up-to-date: /home/user/test_ws/install/create3_examples_msgs/include/create3_examples_msgs/create3_examples_msgs/action/detail
[0.936s] -- Up-to-date: /home/user/test_ws/install/create3_examples_msgs/include/create3_examples_msgs/create3_examples_msgs/action/detail/coverage__rosidl_typesupport_fastrtps_c.h
[0.936s] -- Up-to-date: /home/user/test_ws/install/create3_examples_msgs/lib/libcreate3_examples_msgs__rosidl_typesupport_fastrtps_c.so
[0.936s] -- Up-to-date: /home/user/test_ws/install/create3_examples_msgs/include/create3_examples_msgs/create3_examples_msgs
[0.936s] -- Up-to-date: /home/user/test_ws/install/create3_examples_msgs/include/create3_examples_msgs/create3_examples_msgs/msg
[0.936s] -- Up-to-date: /home/user/test_ws/install/create3_examples_msgs/include/create3_examples_msgs/create3_examples_msgs/msg/rosidl_typesupport_introspection_c__visibility_control.h
[0.937s] -- Up-to-date: /home/user/test_ws/install/create3_examples_msgs/include/create3_examples_msgs/create3_examples_msgs/action
[0.937s] -- Up-to-date: /home/user/test_ws/install/create3_examples_msgs/include/create3_examples_msgs/create3_examples_msgs/action/detail
[0.937s] -- Up-to-date: /home/user/test_ws/install/create3_examples_msgs/include/create3_examples_msgs/create3_examples_msgs/action/detail/coverage__rosidl_typesupport_introspection_c.h
[0.937s] -- Up-to-date: /home/user/test_ws/install/create3_examples_msgs/include/create3_examples_msgs/create3_examples_msgs/action/detail/coverage__type_support.c
[0.937s] -- Up-to-date: /home/user/test_ws/install/create3_examples_msgs/lib/libcreate3_examples_msgs__rosidl_typesupport_introspection_c.so
[0.937s] -- Up-to-date: /home/user/test_ws/install/create3_examples_msgs/lib/libcreate3_examples_msgs__rosidl_typesupport_c.so
[0.937s] -- Up-to-date: /home/user/test_ws/install/create3_examples_msgs/include/create3_examples_msgs/create3_examples_msgs
[0.937s] -- Up-to-date: /home/user/test_ws/install/create3_examples_msgs/include/create3_examples_msgs/create3_examples_msgs/msg
[0.938s] -- Up-to-date: /home/user/test_ws/install/create3_examples_msgs/include/create3_examples_msgs/create3_examples_msgs/msg/rosidl_generator_cpp__visibility_control.hpp
[0.938s] -- Up-to-date: /home/user/test_ws/install/create3_examples_msgs/include/create3_examples_msgs/create3_examples_msgs/action
[0.938s] -- Up-to-date: /home/user/test_ws/install/create3_examples_msgs/include/create3_examples_msgs/create3_examples_msgs/action/coverage.hpp
[0.939s] -- Up-to-date: /home/user/test_ws/install/create3_examples_msgs/include/create3_examples_msgs/create3_examples_msgs/action/detail
[0.939s] -- Up-to-date: /home/user/test_ws/install/create3_examples_msgs/include/create3_examples_msgs/create3_examples_msgs/action/detail/coverage__builder.hpp
[0.942s] -- Up-to-date: /home/user/test_ws/install/create3_examples_msgs/include/create3_examples_msgs/create3_examples_msgs/action/detail/coverage__type_support.hpp
[0.943s] -- Up-to-date: /home/user/test_ws/install/create3_examples_msgs/include/create3_examples_msgs/create3_examples_msgs/action/detail/coverage__struct.hpp
[0.943s] -- Up-to-date: /home/user/test_ws/install/create3_examples_msgs/include/create3_examples_msgs/create3_examples_msgs/action/detail/coverage__traits.hpp
[0.943s] -- Up-to-date: /home/user/test_ws/install/create3_examples_msgs/include/create3_examples_msgs/create3_examples_msgs
[0.943s] -- Up-to-date: /home/user/test_ws/install/create3_examples_msgs/include/create3_examples_msgs/create3_examples_msgs/msg
[0.943s] -- Up-to-date: /home/user/test_ws/install/create3_examples_msgs/include/create3_examples_msgs/create3_examples_msgs/msg/rosidl_typesupport_fastrtps_cpp__visibility_control.h
[0.944s] -- Up-to-date: /home/user/test_ws/install/create3_examples_msgs/include/create3_examples_msgs/create3_examples_msgs/action
[0.944s] -- Up-to-date: /home/user/test_ws/install/create3_examples_msgs/include/create3_examples_msgs/create3_examples_msgs/action/detail
[0.944s] -- Up-to-date: /home/user/test_ws/install/create3_examples_msgs/include/create3_examples_msgs/create3_examples_msgs/action/detail/coverage__rosidl_typesupport_fastrtps_cpp.hpp
[0.944s] -- Up-to-date: /home/user/test_ws/install/create3_examples_msgs/include/create3_examples_msgs/create3_examples_msgs/action/detail/dds_fastrtps
[0.944s] -- Up-to-date: /home/user/test_ws/install/create3_examples_msgs/lib/libcreate3_examples_msgs__rosidl_typesupport_fastrtps_cpp.so
[0.944s] -- Up-to-date: /home/user/test_ws/install/create3_examples_msgs/include/create3_examples_msgs/create3_examples_msgs
[0.945s] -- Up-to-date: /home/user/test_ws/install/create3_examples_msgs/include/create3_examples_msgs/create3_examples_msgs/action
[0.945s] -- Up-to-date: /home/user/test_ws/install/create3_examples_msgs/include/create3_examples_msgs/create3_examples_msgs/action/detail
[0.945s] -- Up-to-date: /home/user/test_ws/install/create3_examples_msgs/include/create3_examples_msgs/create3_examples_msgs/action/detail/coverage__type_support.cpp
[0.945s] -- Up-to-date: /home/user/test_ws/install/create3_examples_msgs/include/create3_examples_msgs/create3_examples_msgs/action/detail/coverage__rosidl_typesupport_introspection_cpp.hpp
[0.945s] -- Up-to-date: /home/user/test_ws/install/create3_examples_msgs/lib/libcreate3_examples_msgs__rosidl_typesupport_introspection_cpp.so
[0.945s] -- Up-to-date: /home/user/test_ws/install/create3_examples_msgs/lib/libcreate3_examples_msgs__rosidl_typesupport_cpp.so
[0.945s] -- Up-to-date: /home/user/test_ws/install/create3_examples_msgs/share/create3_examples_msgs/environment/pythonpath.sh
[0.945s] -- Up-to-date: /home/user/test_ws/install/create3_examples_msgs/share/create3_examples_msgs/environment/pythonpath.dsv
[0.946s] -- Up-to-date: /home/user/test_ws/install/create3_examples_msgs/local/lib/python3.10/dist-packages/create3_examples_msgs-1.0.0-py3.10.egg-info
[0.946s] -- Installing: /home/user/test_ws/install/create3_examples_msgs/local/lib/python3.10/dist-packages/create3_examples_msgs-1.0.0-py3.10.egg-info/top_level.txt
[0.947s] -- Installing: /home/user/test_ws/install/create3_examples_msgs/local/lib/python3.10/dist-packages/create3_examples_msgs-1.0.0-py3.10.egg-info/SOURCES.txt
[0.947s] -- Installing: /home/user/test_ws/install/create3_examples_msgs/local/lib/python3.10/dist-packages/create3_examples_msgs-1.0.0-py3.10.egg-info/dependency_links.txt
[0.947s] -- Installing: /home/user/test_ws/install/create3_examples_msgs/local/lib/python3.10/dist-packages/create3_examples_msgs-1.0.0-py3.10.egg-info/PKG-INFO
[0.948s] -- Up-to-date: /home/user/test_ws/install/create3_examples_msgs/local/lib/python3.10/dist-packages/create3_examples_msgs
[0.948s] -- Up-to-date: /home/user/test_ws/install/create3_examples_msgs/local/lib/python3.10/dist-packages/create3_examples_msgs/create3_examples_msgs_s__rosidl_typesupport_c.cpython-310-x86_64-linux-gnu.so
[0.952s] -- Up-to-date: /home/user/test_ws/install/create3_examples_msgs/local/lib/python3.10/dist-packages/create3_examples_msgs/create3_examples_msgs_s__rosidl_typesupport_fastrtps_c.cpython-310-x86_64-linux-gnu.so
[0.952s] -- Up-to-date: /home/user/test_ws/install/create3_examples_msgs/local/lib/python3.10/dist-packages/create3_examples_msgs/_create3_examples_msgs_s.ep.rosidl_typesupport_introspection_c.c
[0.952s] -- Up-to-date: /home/user/test_ws/install/create3_examples_msgs/local/lib/python3.10/dist-packages/create3_examples_msgs/libcreate3_examples_msgs__rosidl_generator_py.so
[0.953s] -- Up-to-date: /home/user/test_ws/install/create3_examples_msgs/local/lib/python3.10/dist-packages/create3_examples_msgs/create3_examples_msgs_s__rosidl_typesupport_introspection_c.cpython-310-x86_64-linux-gnu.so
[0.953s] -- Up-to-date: /home/user/test_ws/install/create3_examples_msgs/local/lib/python3.10/dist-packages/create3_examples_msgs/__init__.py
[0.953s] -- Up-to-date: /home/user/test_ws/install/create3_examples_msgs/local/lib/python3.10/dist-packages/create3_examples_msgs/_create3_examples_msgs_s.ep.rosidl_typesupport_c.c
[0.953s] -- Up-to-date: /home/user/test_ws/install/create3_examples_msgs/local/lib/python3.10/dist-packages/create3_examples_msgs/action
[0.953s] -- Up-to-date: /home/user/test_ws/install/create3_examples_msgs/local/lib/python3.10/dist-packages/create3_examples_msgs/action/_coverage_s.c
[0.953s] -- Up-to-date: /home/user/test_ws/install/create3_examples_msgs/local/lib/python3.10/dist-packages/create3_examples_msgs/action/_coverage.py
[0.953s] -- Up-to-date: /home/user/test_ws/install/create3_examples_msgs/local/lib/python3.10/dist-packages/create3_examples_msgs/action/__init__.py
[0.953s] -- Up-to-date: /home/user/test_ws/install/create3_examples_msgs/local/lib/python3.10/dist-packages/create3_examples_msgs/_create3_examples_msgs_s.ep.rosidl_typesupport_fastrtps_c.c
[0.984s] Listing '/home/user/test_ws/install/create3_examples_msgs/local/lib/python3.10/dist-packages/create3_examples_msgs'...
[0.985s] Listing '/home/user/test_ws/install/create3_examples_msgs/local/lib/python3.10/dist-packages/create3_examples_msgs/action'...
[0.993s] -- Up-to-date: /home/user/test_ws/install/create3_examples_msgs/local/lib/python3.10/dist-packages/create3_examples_msgs/create3_examples_msgs_s__rosidl_typesupport_fastrtps_c.cpython-310-x86_64-linux-gnu.so
[0.994s] -- Up-to-date: /home/user/test_ws/install/create3_examples_msgs/local/lib/python3.10/dist-packages/create3_examples_msgs/create3_examples_msgs_s__rosidl_typesupport_introspection_c.cpython-310-x86_64-linux-gnu.so
[0.994s] -- Up-to-date: /home/user/test_ws/install/create3_examples_msgs/local/lib/python3.10/dist-packages/create3_examples_msgs/create3_examples_msgs_s__rosidl_typesupport_c.cpython-310-x86_64-linux-gnu.so
[0.995s] -- Up-to-date: /home/user/test_ws/install/create3_examples_msgs/lib/libcreate3_examples_msgs__rosidl_generator_py.so
[0.997s] -- Up-to-date: /home/user/test_ws/install/create3_examples_msgs/share/create3_examples_msgs/action/Coverage.idl
[0.997s] -- Up-to-date: /home/user/test_ws/install/create3_examples_msgs/share/create3_examples_msgs/action/Coverage.action
[0.997s] -- Up-to-date: /home/user/test_ws/install/create3_examples_msgs/share/ament_index/resource_index/package_run_dependencies/create3_examples_msgs
[0.997s] -- Up-to-date: /home/user/test_ws/install/create3_examples_msgs/share/ament_index/resource_index/parent_prefix_path/create3_examples_msgs
[0.998s] -- Up-to-date: /home/user/test_ws/install/create3_examples_msgs/share/create3_examples_msgs/environment/ament_prefix_path.sh
[0.998s] -- Up-to-date: /home/user/test_ws/install/create3_examples_msgs/share/create3_examples_msgs/environment/ament_prefix_path.dsv
[0.998s] -- Up-to-date: /home/user/test_ws/install/create3_examples_msgs/share/create3_examples_msgs/environment/path.sh
[0.998s] -- Up-to-date: /home/user/test_ws/install/create3_examples_msgs/share/create3_examples_msgs/environment/path.dsv
[0.998s] -- Up-to-date: /home/user/test_ws/install/create3_examples_msgs/share/create3_examples_msgs/local_setup.bash
[0.999s] -- Up-to-date: /home/user/test_ws/install/create3_examples_msgs/share/create3_examples_msgs/local_setup.sh
[0.999s] -- Up-to-date: /home/user/test_ws/install/create3_examples_msgs/share/create3_examples_msgs/local_setup.zsh
[0.999s] -- Up-to-date: /home/user/test_ws/install/create3_examples_msgs/share/create3_examples_msgs/local_setup.dsv
[0.999s] -- Installing: /home/user/test_ws/install/create3_examples_msgs/share/create3_examples_msgs/package.dsv
[0.999s] -- Up-to-date: /home/user/test_ws/install/create3_examples_msgs/share/ament_index/resource_index/packages/create3_examples_msgs
[0.999s] -- Up-to-date: /home/user/test_ws/install/create3_examples_msgs/share/create3_examples_msgs/cmake/export_create3_examples_msgs__rosidl_generator_cExport.cmake
[1.000s] -- Up-to-date: /home/user/test_ws/install/create3_examples_msgs/share/create3_examples_msgs/cmake/export_create3_examples_msgs__rosidl_generator_cExport-noconfig.cmake
[1.000s] -- Up-to-date: /home/user/test_ws/install/create3_examples_msgs/share/create3_examples_msgs/cmake/export_create3_examples_msgs__rosidl_typesupport_fastrtps_cExport.cmake
[1.000s] -- Up-to-date: /home/user/test_ws/install/create3_examples_msgs/share/create3_examples_msgs/cmake/export_create3_examples_msgs__rosidl_typesupport_fastrtps_cExport-noconfig.cmake
[1.000s] -- Up-to-date: /home/user/test_ws/install/create3_examples_msgs/share/create3_examples_msgs/cmake/create3_examples_msgs__rosidl_typesupport_introspection_cExport.cmake
[1.000s] -- Up-to-date: /home/user/test_ws/install/create3_examples_msgs/share/create3_examples_msgs/cmake/create3_examples_msgs__rosidl_typesupport_introspection_cExport-noconfig.cmake
[1.000s] -- Up-to-date: /home/user/test_ws/install/create3_examples_msgs/share/create3_examples_msgs/cmake/create3_examples_msgs__rosidl_typesupport_cExport.cmake
[1.001s] -- Up-to-date: /home/user/test_ws/install/create3_examples_msgs/share/create3_examples_msgs/cmake/create3_examples_msgs__rosidl_typesupport_cExport-noconfig.cmake
[1.001s] -- Up-to-date: /home/user/test_ws/install/create3_examples_msgs/share/create3_examples_msgs/cmake/export_create3_examples_msgs__rosidl_generator_cppExport.cmake
[1.001s] -- Up-to-date: /home/user/test_ws/install/create3_examples_msgs/share/create3_examples_msgs/cmake/export_create3_examples_msgs__rosidl_typesupport_fastrtps_cppExport.cmake
[1.002s] -- Up-to-date: /home/user/test_ws/install/create3_examples_msgs/share/create3_examples_msgs/cmake/export_create3_examples_msgs__rosidl_typesupport_fastrtps_cppExport-noconfig.cmake
[1.002s] -- Up-to-date: /home/user/test_ws/install/create3_examples_msgs/share/create3_examples_msgs/cmake/create3_examples_msgs__rosidl_typesupport_introspection_cppExport.cmake
[1.004s] -- Up-to-date: /home/user/test_ws/install/create3_examples_msgs/share/create3_examples_msgs/cmake/create3_examples_msgs__rosidl_typesupport_introspection_cppExport-noconfig.cmake
[1.005s] -- Up-to-date: /home/user/test_ws/install/create3_examples_msgs/share/create3_examples_msgs/cmake/create3_examples_msgs__rosidl_typesupport_cppExport.cmake
[1.005s] -- Up-to-date: /home/user/test_ws/install/create3_examples_msgs/share/create3_examples_msgs/cmake/create3_examples_msgs__rosidl_typesupport_cppExport-noconfig.cmake
[1.005s] -- Up-to-date: /home/user/test_ws/install/create3_examples_msgs/share/create3_examples_msgs/cmake/export_create3_examples_msgs__rosidl_generator_pyExport.cmake
[1.005s] -- Up-to-date: /home/user/test_ws/install/create3_examples_msgs/share/create3_examples_msgs/cmake/export_create3_examples_msgs__rosidl_generator_pyExport-noconfig.cmake
[1.005s] -- Up-to-date: /home/user/test_ws/install/create3_examples_msgs/share/create3_examples_msgs/cmake/rosidl_cmake-extras.cmake
[1.007s] -- Up-to-date: /home/user/test_ws/install/create3_examples_msgs/share/create3_examples_msgs/cmake/ament_cmake_export_dependencies-extras.cmake
[1.007s] -- Up-to-date: /home/user/test_ws/install/create3_examples_msgs/share/create3_examples_msgs/cmake/ament_cmake_export_include_directories-extras.cmake
[1.007s] -- Up-to-date: /home/user/test_ws/install/create3_examples_msgs/share/create3_examples_msgs/cmake/ament_cmake_export_libraries-extras.cmake
[1.007s] -- Up-to-date: /home/user/test_ws/install/create3_examples_msgs/share/create3_examples_msgs/cmake/ament_cmake_export_targets-extras.cmake
[1.007s] -- Up-to-date: /home/user/test_ws/install/create3_examples_msgs/share/create3_examples_msgs/cmake/rosidl_cmake_export_typesupport_targets-extras.cmake
[1.007s] -- Up-to-date: /home/user/test_ws/install/create3_examples_msgs/share/create3_examples_msgs/cmake/rosidl_cmake_export_typesupport_libraries-extras.cmake
[1.008s] -- Up-to-date: /home/user/test_ws/install/create3_examples_msgs/share/create3_examples_msgs/cmake/create3_examples_msgsConfig.cmake
[1.008s] -- Up-to-date: /home/user/test_ws/install/create3_examples_msgs/share/create3_examples_msgs/cmake/create3_examples_msgsConfig-version.cmake
[1.008s] -- Up-to-date: /home/user/test_ws/install/create3_examples_msgs/share/create3_examples_msgs/package.xml
