[1.448s] Invoking command in '/home/user/test_ws/src/create3_examples/create3_teleop': PYTHONPATH=/home/user/test_ws/build/create3_teleop/prefix_override:/usr/lib/python3/dist-packages/colcon_core/task/python/colcon_distutils_commands:/home/user/test_ws/install/create3_teleop/lib/python3.10/site-packages:${PYTHONPATH} /usr/bin/python3 -W ignore:setup.py install is deprecated -W ignore:easy_install command is deprecated setup.py egg_info --egg-base ../../../build/create3_teleop build --build-base /home/user/test_ws/build/create3_teleop/build install --record /home/user/test_ws/build/create3_teleop/install.log --single-version-externally-managed install_data
[1.835s] running egg_info
[1.836s] creating ../../../build/create3_teleop/create3_teleop.egg-info
[1.836s] writing ../../../build/create3_teleop/create3_teleop.egg-info/PKG-INFO
[1.836s] writing dependency_links to ../../../build/create3_teleop/create3_teleop.egg-info/dependency_links.txt
[1.837s] writing requirements to ../../../build/create3_teleop/create3_teleop.egg-info/requires.txt
[1.837s] writing top-level names to ../../../build/create3_teleop/create3_teleop.egg-info/top_level.txt
[1.837s] writing manifest file '../../../build/create3_teleop/create3_teleop.egg-info/SOURCES.txt'
[1.839s] reading manifest file '../../../build/create3_teleop/create3_teleop.egg-info/SOURCES.txt'
[1.840s] writing manifest file '../../../build/create3_teleop/create3_teleop.egg-info/SOURCES.txt'
[1.840s] running build
[1.840s] running install
[1.840s] running install_data
[1.841s] creating /home/user/test_ws/install/create3_teleop/share/ament_index
[1.841s] creating /home/user/test_ws/install/create3_teleop/share/ament_index/resource_index
[1.841s] creating /home/user/test_ws/install/create3_teleop/share/ament_index/resource_index/packages
[1.841s] copying resource/create3_teleop -> /home/user/test_ws/install/create3_teleop/share/ament_index/resource_index/packages
[1.842s] copying package.xml -> /home/user/test_ws/install/create3_teleop/share/create3_teleop
[1.842s] creating /home/user/test_ws/install/create3_teleop/share/create3_teleop/launch
[1.842s] copying launch/teleop_joystick_launch.py -> /home/user/test_ws/install/create3_teleop/share/create3_teleop/launch
[1.842s] running install_egg_info
[1.845s] Copying ../../../build/create3_teleop/create3_teleop.egg-info to /home/user/test_ws/install/create3_teleop/lib/python3.10/site-packages/create3_teleop-0.0.5-py3.10.egg-info
[1.846s] running install_scripts
[1.869s] writing list of installed files to '/home/user/test_ws/build/create3_teleop/install.log'
[1.911s] Invoked command in '/home/user/test_ws/src/create3_examples/create3_teleop' returned '0': PYTHONPATH=/home/user/test_ws/build/create3_teleop/prefix_override:/usr/lib/python3/dist-packages/colcon_core/task/python/colcon_distutils_commands:/home/user/test_ws/install/create3_teleop/lib/python3.10/site-packages:${PYTHONPATH} /usr/bin/python3 -W ignore:setup.py install is deprecated -W ignore:easy_install command is deprecated setup.py egg_info --egg-base ../../../build/create3_teleop build --build-base /home/user/test_ws/build/create3_teleop/build install --record /home/user/test_ws/build/create3_teleop/install.log --single-version-externally-managed install_data
