[0.848s] Invoking command in '/home/user/test_ws/build/generic_motor_driver': CMAKE_PREFIX_PATH=${CMAKE_PREFIX_PATH}:/home/user/test_ws/install/create3_examples_msgs:/home/user/launch_ws/install/py_launch_example:/home/user/create3_examples_ws/install/create3_teleop:/home/user/create3_examples_ws/install/create3_examples_py:/home/user/sweepbot_ws/install/sweepbot:/home/user/sweepbot_ws/install/my_teleop_config:/opt/ros/humble /usr/bin/cmake --build /home/user/test_ws/build/generic_motor_driver -- -j8 -l8
[0.940s] [100%] Built target generic_motor_driver
[1.015s] Invoked command in '/home/user/test_ws/build/generic_motor_driver' returned '0': CMAKE_PREFIX_PATH=${CMAKE_PREFIX_PATH}:/home/user/test_ws/install/create3_examples_msgs:/home/user/launch_ws/install/py_launch_example:/home/user/create3_examples_ws/install/create3_teleop:/home/user/create3_examples_ws/install/create3_examples_py:/home/user/sweepbot_ws/install/sweepbot:/home/user/sweepbot_ws/install/my_teleop_config:/opt/ros/humble /usr/bin/cmake --build /home/user/test_ws/build/generic_motor_driver -- -j8 -l8
[1.016s] Invoking command in '/home/user/test_ws/build/generic_motor_driver': CMAKE_PREFIX_PATH=${CMAKE_PREFIX_PATH}:/home/user/test_ws/install/create3_examples_msgs:/home/user/launch_ws/install/py_launch_example:/home/user/create3_examples_ws/install/create3_teleop:/home/user/create3_examples_ws/install/create3_examples_py:/home/user/sweepbot_ws/install/sweepbot:/home/user/sweepbot_ws/install/my_teleop_config:/opt/ros/humble /usr/bin/cmake --install /home/user/test_ws/build/generic_motor_driver
[1.034s] -- Install configuration: ""
[1.034s] -- Up-to-date: /home/user/test_ws/install/generic_motor_driver/lib/generic_motor_driver/generic_motor_driver
[1.034s] -- Up-to-date: /home/user/test_ws/install/generic_motor_driver/include
[1.034s] -- Up-to-date: /home/user/test_ws/install/generic_motor_driver/include/create_driver
[1.034s] -- Up-to-date: /home/user/test_ws/install/generic_motor_driver/include/create_driver/create_driver.h
[1.034s] -- Up-to-date: /home/user/test_ws/install/generic_motor_driver/include/create_driver/generic_motor_driver.h
[1.035s] -- Up-to-date: /home/user/test_ws/install/generic_motor_driver/share/generic_motor_driver/launch
[1.035s] -- Up-to-date: /home/user/test_ws/install/generic_motor_driver/share/generic_motor_driver/launch/generic_motor_driver.launch.py
[1.035s] -- Up-to-date: /home/user/test_ws/install/generic_motor_driver/share/generic_motor_driver/launch/complete_robot.launch.py
[1.035s] -- Up-to-date: /home/user/test_ws/install/generic_motor_driver/share/generic_motor_driver/urdf
[1.035s] -- Up-to-date: /home/user/test_ws/install/generic_motor_driver/share/generic_motor_driver/urdf/generic_robot.urdf
[1.035s] -- Up-to-date: /home/user/test_ws/install/generic_motor_driver/share/generic_motor_driver/rviz
[1.035s] -- Up-to-date: /home/user/test_ws/install/generic_motor_driver/share/generic_motor_driver/rviz/robot_view.rviz
[1.035s] -- Up-to-date: /home/user/test_ws/install/generic_motor_driver/share/ament_index/resource_index/package_run_dependencies/generic_motor_driver
[1.036s] -- Up-to-date: /home/user/test_ws/install/generic_motor_driver/share/ament_index/resource_index/parent_prefix_path/generic_motor_driver
[1.036s] -- Up-to-date: /home/user/test_ws/install/generic_motor_driver/share/generic_motor_driver/environment/ament_prefix_path.sh
[1.036s] -- Up-to-date: /home/user/test_ws/install/generic_motor_driver/share/generic_motor_driver/environment/ament_prefix_path.dsv
[1.036s] -- Up-to-date: /home/user/test_ws/install/generic_motor_driver/share/generic_motor_driver/environment/path.sh
[1.036s] -- Up-to-date: /home/user/test_ws/install/generic_motor_driver/share/generic_motor_driver/environment/path.dsv
[1.036s] -- Up-to-date: /home/user/test_ws/install/generic_motor_driver/share/generic_motor_driver/local_setup.bash
[1.036s] -- Up-to-date: /home/user/test_ws/install/generic_motor_driver/share/generic_motor_driver/local_setup.sh
[1.036s] -- Up-to-date: /home/user/test_ws/install/generic_motor_driver/share/generic_motor_driver/local_setup.zsh
[1.037s] -- Up-to-date: /home/user/test_ws/install/generic_motor_driver/share/generic_motor_driver/local_setup.dsv
[1.037s] -- Up-to-date: /home/user/test_ws/install/generic_motor_driver/share/generic_motor_driver/package.dsv
[1.037s] -- Up-to-date: /home/user/test_ws/install/generic_motor_driver/share/ament_index/resource_index/packages/generic_motor_driver
[1.038s] -- Up-to-date: /home/user/test_ws/install/generic_motor_driver/share/generic_motor_driver/cmake/generic_motor_driverConfig.cmake
[1.038s] -- Up-to-date: /home/user/test_ws/install/generic_motor_driver/share/generic_motor_driver/cmake/generic_motor_driverConfig-version.cmake
[1.038s] -- Up-to-date: /home/user/test_ws/install/generic_motor_driver/share/generic_motor_driver/package.xml
[1.059s] Invoked command in '/home/user/test_ws/build/generic_motor_driver' returned '0': CMAKE_PREFIX_PATH=${CMAKE_PREFIX_PATH}:/home/user/test_ws/install/create3_examples_msgs:/home/user/launch_ws/install/py_launch_example:/home/user/create3_examples_ws/install/create3_teleop:/home/user/create3_examples_ws/install/create3_examples_py:/home/user/sweepbot_ws/install/sweepbot:/home/user/sweepbot_ws/install/my_teleop_config:/opt/ros/humble /usr/bin/cmake --install /home/user/test_ws/build/generic_motor_driver
