[0.060s] Invoking command in '/home/user/test_ws/build/create_msgs': CMAKE_PREFIX_PATH=${CMAKE_PREFIX_PATH}:/home/user/launch_ws/install/py_launch_example:/home/user/create3_examples_ws/install/create3_teleop:/home/user/create3_examples_ws/install/create3_examples_py:/home/user/sweepbot_ws/install/sweepbot:/home/user/sweepbot_ws/install/my_teleop_config:/opt/ros/humble /usr/bin/cmake --build /home/user/test_ws/build/create_msgs -- -j8 -l8
[1.279s] [  1%] [34m[1mGenerating C code for ROS interfaces[0m
[1.279s] [  2%] [34m[1mGenerating C++ code for ROS interfaces[0m
[1.279s] [  2%] Built target ament_cmake_python_copy_create_msgs
[1.279s] running egg_info
[1.279s] creating create_msgs.egg-info
[1.279s] writing create_msgs.egg-info/PKG-INFO
[1.279s] writing dependency_links to create_msgs.egg-info/dependency_links.txt
[1.279s] writing top-level names to create_msgs.egg-info/top_level.txt
[1.279s] writing manifest file 'create_msgs.egg-info/SOURCES.txt'
[1.280s] reading manifest file 'create_msgs.egg-info/SOURCES.txt'
[1.280s] writing manifest file 'create_msgs.egg-info/SOURCES.txt'
[1.280s] [  2%] Built target ament_cmake_python_build_create_msgs_egg
[1.631s] [  2%] Built target create_msgs__cpp
[1.662s] [  3%] [34m[1mGenerating C++ type support for eProsima Fast-RTPS[0m
[1.680s] [  5%] [34m[1mGenerating C++ introspection for ROS interfaces[0m
[1.687s] [  6%] [34m[1mGenerating C++ type support dispatch for ROS interfaces[0m
[2.194s] [  7%] [32mBuilding C object CMakeFiles/create_msgs__rosidl_generator_c.dir/rosidl_generator_c/create_msgs/msg/detail/charging_state__functions.c.o[0m
[2.194s] [  8%] [32mBuilding C object CMakeFiles/create_msgs__rosidl_generator_c.dir/rosidl_generator_c/create_msgs/msg/detail/bumper__functions.c.o[0m
[2.194s] [ 10%] [32mBuilding C object CMakeFiles/create_msgs__rosidl_generator_c.dir/rosidl_generator_c/create_msgs/msg/detail/define_song__functions.c.o[0m
[2.209s] [ 11%] [32mBuilding C object CMakeFiles/create_msgs__rosidl_generator_c.dir/rosidl_generator_c/create_msgs/msg/detail/mode__functions.c.o[0m
[2.210s] [ 12%] [32mBuilding C object CMakeFiles/create_msgs__rosidl_generator_c.dir/rosidl_generator_c/create_msgs/msg/detail/play_song__functions.c.o[0m
[2.346s] [ 13%] [32mBuilding C object CMakeFiles/create_msgs__rosidl_generator_c.dir/rosidl_generator_c/create_msgs/msg/detail/motor_setpoint__functions.c.o[0m
[2.400s] [ 15%] [32mBuilding C object CMakeFiles/create_msgs__rosidl_generator_c.dir/rosidl_generator_c/create_msgs/msg/detail/cliff__functions.c.o[0m
[2.507s] [ 16%] [32m[1mLinking C shared library libcreate_msgs__rosidl_generator_c.so[0m
[2.660s] [ 16%] Built target create_msgs__rosidl_generator_c
[2.690s] [ 17%] [34m[1mGenerating C introspection for ROS interfaces[0m
[2.699s] [ 18%] [34m[1mGenerating C type support for eProsima Fast-RTPS[0m
[2.714s] [ 20%] [34m[1mGenerating C type support dispatch for ROS interfaces[0m
[3.616s] [ 21%] [32mBuilding CXX object CMakeFiles/create_msgs__rosidl_typesupport_fastrtps_cpp.dir/rosidl_typesupport_fastrtps_cpp/create_msgs/msg/detail/dds_fastrtps/bumper__type_support.cpp.o[0m
[3.652s] [ 22%] [32mBuilding CXX object CMakeFiles/create_msgs__rosidl_typesupport_fastrtps_cpp.dir/rosidl_typesupport_fastrtps_cpp/create_msgs/msg/detail/dds_fastrtps/charging_state__type_support.cpp.o[0m
[3.668s] [ 24%] [32mBuilding CXX object CMakeFiles/create_msgs__rosidl_typesupport_fastrtps_cpp.dir/rosidl_typesupport_fastrtps_cpp/create_msgs/msg/detail/dds_fastrtps/define_song__type_support.cpp.o[0m
[3.739s] [ 25%] [32mBuilding CXX object CMakeFiles/create_msgs__rosidl_typesupport_cpp.dir/rosidl_typesupport_cpp/create_msgs/msg/bumper__type_support.cpp.o[0m
[4.305s] [ 26%] [32mBuilding CXX object CMakeFiles/create_msgs__rosidl_typesupport_introspection_cpp.dir/rosidl_typesupport_introspection_cpp/create_msgs/msg/detail/bumper__type_support.cpp.o[0m
[4.368s] [ 27%] [32mBuilding CXX object CMakeFiles/create_msgs__rosidl_typesupport_cpp.dir/rosidl_typesupport_cpp/create_msgs/msg/charging_state__type_support.cpp.o[0m
[4.531s] [ 29%] [32mBuilding CXX object CMakeFiles/create_msgs__rosidl_typesupport_cpp.dir/rosidl_typesupport_cpp/create_msgs/msg/define_song__type_support.cpp.o[0m
[4.597s] [ 30%] [32mBuilding CXX object CMakeFiles/create_msgs__rosidl_typesupport_introspection_cpp.dir/rosidl_typesupport_introspection_cpp/create_msgs/msg/detail/charging_state__type_support.cpp.o[0m
[4.643s] [ 31%] [32mBuilding C object CMakeFiles/create_msgs__rosidl_typesupport_introspection_c.dir/rosidl_typesupport_introspection_c/create_msgs/msg/detail/bumper__type_support.c.o[0m
[4.747s] [ 32%] [32mBuilding CXX object CMakeFiles/create_msgs__rosidl_typesupport_c.dir/rosidl_typesupport_c/create_msgs/msg/bumper__type_support.cpp.o[0m
[4.754s] [ 34%] [32mBuilding C object CMakeFiles/create_msgs__rosidl_typesupport_introspection_c.dir/rosidl_typesupport_introspection_c/create_msgs/msg/detail/charging_state__type_support.c.o[0m
[4.820s] [ 35%] [32mBuilding CXX object CMakeFiles/create_msgs__rosidl_typesupport_c.dir/rosidl_typesupport_c/create_msgs/msg/charging_state__type_support.cpp.o[0m
[4.847s] [ 36%] [32mBuilding C object CMakeFiles/create_msgs__rosidl_typesupport_introspection_c.dir/rosidl_typesupport_introspection_c/create_msgs/msg/detail/define_song__type_support.c.o[0m
[4.868s] [ 37%] [32mBuilding CXX object CMakeFiles/create_msgs__rosidl_typesupport_fastrtps_cpp.dir/rosidl_typesupport_fastrtps_cpp/create_msgs/msg/detail/dds_fastrtps/mode__type_support.cpp.o[0m
[4.886s] [ 39%] [32mBuilding CXX object CMakeFiles/create_msgs__rosidl_typesupport_c.dir/rosidl_typesupport_c/create_msgs/msg/define_song__type_support.cpp.o[0m
[4.922s] [ 40%] [32mBuilding C object CMakeFiles/create_msgs__rosidl_typesupport_introspection_c.dir/rosidl_typesupport_introspection_c/create_msgs/msg/detail/mode__type_support.c.o[0m
[4.957s] [ 41%] [32mBuilding CXX object CMakeFiles/create_msgs__rosidl_typesupport_c.dir/rosidl_typesupport_c/create_msgs/msg/mode__type_support.cpp.o[0m
[5.003s] [ 43%] [32mBuilding C object CMakeFiles/create_msgs__rosidl_typesupport_introspection_c.dir/rosidl_typesupport_introspection_c/create_msgs/msg/detail/play_song__type_support.c.o[0m
[5.026s] [ 44%] [32mBuilding CXX object CMakeFiles/create_msgs__rosidl_typesupport_c.dir/rosidl_typesupport_c/create_msgs/msg/play_song__type_support.cpp.o[0m
[5.051s] [ 45%] [32mBuilding C object CMakeFiles/create_msgs__rosidl_typesupport_introspection_c.dir/rosidl_typesupport_introspection_c/create_msgs/msg/detail/motor_setpoint__type_support.c.o[0m
[5.074s] [ 46%] [32mBuilding CXX object CMakeFiles/create_msgs__rosidl_typesupport_cpp.dir/rosidl_typesupport_cpp/create_msgs/msg/mode__type_support.cpp.o[0m
[5.091s] [ 48%] [32mBuilding CXX object CMakeFiles/create_msgs__rosidl_typesupport_c.dir/rosidl_typesupport_c/create_msgs/msg/motor_setpoint__type_support.cpp.o[0m
[5.093s] [ 49%] [32mBuilding CXX object CMakeFiles/create_msgs__rosidl_typesupport_introspection_cpp.dir/rosidl_typesupport_introspection_cpp/create_msgs/msg/detail/define_song__type_support.cpp.o[0m
[5.102s] [ 50%] [32mBuilding CXX object CMakeFiles/create_msgs__rosidl_typesupport_fastrtps_c.dir/rosidl_typesupport_fastrtps_c/create_msgs/msg/detail/bumper__type_support_c.cpp.o[0m
[5.114s] [ 51%] [32mBuilding C object CMakeFiles/create_msgs__rosidl_typesupport_introspection_c.dir/rosidl_typesupport_introspection_c/create_msgs/msg/detail/cliff__type_support.c.o[0m
[5.166s] [ 53%] [32mBuilding CXX object CMakeFiles/create_msgs__rosidl_typesupport_c.dir/rosidl_typesupport_c/create_msgs/msg/cliff__type_support.cpp.o[0m
[5.179s] [ 54%] [32mBuilding CXX object CMakeFiles/create_msgs__rosidl_typesupport_cpp.dir/rosidl_typesupport_cpp/create_msgs/msg/play_song__type_support.cpp.o[0m
[5.187s] [ 55%] [32m[1mLinking C shared library libcreate_msgs__rosidl_typesupport_introspection_c.so[0m
[5.269s] [ 56%] [32m[1mLinking CXX shared library libcreate_msgs__rosidl_typesupport_c.so[0m
[5.290s] [ 56%] Built target create_msgs__rosidl_typesupport_introspection_c
[5.325s] [ 58%] [32mBuilding CXX object CMakeFiles/create_msgs__rosidl_typesupport_cpp.dir/rosidl_typesupport_cpp/create_msgs/msg/motor_setpoint__type_support.cpp.o[0m
[5.374s] [ 58%] Built target create_msgs__rosidl_typesupport_c
[5.409s] [ 59%] [32mBuilding CXX object CMakeFiles/create_msgs__rosidl_typesupport_cpp.dir/rosidl_typesupport_cpp/create_msgs/msg/cliff__type_support.cpp.o[0m
[5.464s] [ 60%] [32mBuilding CXX object CMakeFiles/create_msgs__rosidl_typesupport_fastrtps_c.dir/rosidl_typesupport_fastrtps_c/create_msgs/msg/detail/charging_state__type_support_c.cpp.o[0m
[5.561s] [ 62%] [32mBuilding CXX object CMakeFiles/create_msgs__rosidl_typesupport_fastrtps_cpp.dir/rosidl_typesupport_fastrtps_cpp/create_msgs/msg/detail/dds_fastrtps/play_song__type_support.cpp.o[0m
[5.654s] [ 63%] [32mBuilding CXX object CMakeFiles/create_msgs__rosidl_typesupport_fastrtps_cpp.dir/rosidl_typesupport_fastrtps_cpp/create_msgs/msg/detail/dds_fastrtps/motor_setpoint__type_support.cpp.o[0m
[5.728s] [ 64%] [32mBuilding CXX object CMakeFiles/create_msgs__rosidl_typesupport_fastrtps_cpp.dir/rosidl_typesupport_fastrtps_cpp/create_msgs/msg/detail/dds_fastrtps/cliff__type_support.cpp.o[0m
[5.900s] [ 65%] [32mBuilding CXX object CMakeFiles/create_msgs__rosidl_typesupport_introspection_cpp.dir/rosidl_typesupport_introspection_cpp/create_msgs/msg/detail/mode__type_support.cpp.o[0m
[5.931s] [ 67%] [32mBuilding CXX object CMakeFiles/create_msgs__rosidl_typesupport_introspection_cpp.dir/rosidl_typesupport_introspection_cpp/create_msgs/msg/detail/play_song__type_support.cpp.o[0m
[6.010s] [ 68%] [32m[1mLinking CXX shared library libcreate_msgs__rosidl_typesupport_cpp.so[0m
[6.032s] [ 69%] [32mBuilding CXX object CMakeFiles/create_msgs__rosidl_typesupport_introspection_cpp.dir/rosidl_typesupport_introspection_cpp/create_msgs/msg/detail/motor_setpoint__type_support.cpp.o[0m
[6.140s] [ 69%] Built target create_msgs__rosidl_typesupport_cpp
[6.140s] [ 70%] [32mBuilding CXX object CMakeFiles/create_msgs__rosidl_typesupport_fastrtps_c.dir/rosidl_typesupport_fastrtps_c/create_msgs/msg/detail/define_song__type_support_c.cpp.o[0m
[6.176s] [ 72%] [32mBuilding CXX object CMakeFiles/create_msgs__rosidl_typesupport_introspection_cpp.dir/rosidl_typesupport_introspection_cpp/create_msgs/msg/detail/cliff__type_support.cpp.o[0m
[6.300s] [ 73%] [32mBuilding CXX object CMakeFiles/create_msgs__rosidl_typesupport_fastrtps_c.dir/rosidl_typesupport_fastrtps_c/create_msgs/msg/detail/mode__type_support_c.cpp.o[0m
[6.477s] [ 74%] [32mBuilding CXX object CMakeFiles/create_msgs__rosidl_typesupport_fastrtps_c.dir/rosidl_typesupport_fastrtps_c/create_msgs/msg/detail/play_song__type_support_c.cpp.o[0m
[6.537s] [ 75%] [32m[1mLinking CXX shared library libcreate_msgs__rosidl_typesupport_fastrtps_cpp.so[0m
[6.635s] [ 77%] [32mBuilding CXX object CMakeFiles/create_msgs__rosidl_typesupport_fastrtps_c.dir/rosidl_typesupport_fastrtps_c/create_msgs/msg/detail/motor_setpoint__type_support_c.cpp.o[0m
[6.689s] [ 77%] Built target create_msgs__rosidl_typesupport_fastrtps_cpp
[6.704s] [ 78%] [32mBuilding CXX object CMakeFiles/create_msgs__rosidl_typesupport_fastrtps_c.dir/rosidl_typesupport_fastrtps_c/create_msgs/msg/detail/cliff__type_support_c.cpp.o[0m
[7.001s] [ 79%] [32m[1mLinking CXX shared library libcreate_msgs__rosidl_typesupport_introspection_cpp.so[0m
[7.124s] [ 79%] Built target create_msgs__rosidl_typesupport_introspection_cpp
[7.265s] [ 81%] [32m[1mLinking CXX shared library libcreate_msgs__rosidl_typesupport_fastrtps_c.so[0m
[7.356s] [ 81%] Built target create_msgs__rosidl_typesupport_fastrtps_c
[7.382s] [ 81%] Built target create_msgs
[7.409s] [ 82%] [34m[1mGenerating Python code for ROS interfaces[0m
[8.771s] [ 82%] Built target create_msgs__py
[8.799s] [ 83%] [32mBuilding C object CMakeFiles/create_msgs__rosidl_generator_py.dir/rosidl_generator_py/create_msgs/msg/_define_song_s.c.o[0m
[8.801s] [ 84%] [32mBuilding C object CMakeFiles/create_msgs__rosidl_generator_py.dir/rosidl_generator_py/create_msgs/msg/_charging_state_s.c.o[0m
[8.803s] [ 86%] [32mBuilding C object CMakeFiles/create_msgs__rosidl_generator_py.dir/rosidl_generator_py/create_msgs/msg/_bumper_s.c.o[0m
[8.803s] [ 88%] [32mBuilding C object CMakeFiles/create_msgs__rosidl_generator_py.dir/rosidl_generator_py/create_msgs/msg/_motor_setpoint_s.c.o[0m
[8.803s] [ 88%] [32mBuilding C object CMakeFiles/create_msgs__rosidl_generator_py.dir/rosidl_generator_py/create_msgs/msg/_play_song_s.c.o[0m
[8.803s] [ 89%] [32mBuilding C object CMakeFiles/create_msgs__rosidl_generator_py.dir/rosidl_generator_py/create_msgs/msg/_mode_s.c.o[0m
[8.803s] [ 91%] [32mBuilding C object CMakeFiles/create_msgs__rosidl_generator_py.dir/rosidl_generator_py/create_msgs/msg/_cliff_s.c.o[0m
[9.000s] [ 92%] [32m[1mLinking C shared library rosidl_generator_py/create_msgs/libcreate_msgs__rosidl_generator_py.so[0m
[9.052s] [ 92%] Built target create_msgs__rosidl_generator_py
[9.077s] [ 94%] [32mBuilding C object CMakeFiles/create_msgs__rosidl_typesupport_c__pyext.dir/rosidl_generator_py/create_msgs/_create_msgs_s.ep.rosidl_typesupport_c.c.o[0m
[9.077s] [ 94%] [32mBuilding C object CMakeFiles/create_msgs__rosidl_typesupport_introspection_c__pyext.dir/rosidl_generator_py/create_msgs/_create_msgs_s.ep.rosidl_typesupport_introspection_c.c.o[0m
[9.077s] [ 96%] [32mBuilding C object CMakeFiles/create_msgs__rosidl_typesupport_fastrtps_c__pyext.dir/rosidl_generator_py/create_msgs/_create_msgs_s.ep.rosidl_typesupport_fastrtps_c.c.o[0m
[9.210s] [ 97%] [32m[1mLinking C shared library rosidl_generator_py/create_msgs/create_msgs_s__rosidl_typesupport_introspection_c.cpython-310-x86_64-linux-gnu.so[0m
[9.213s] [ 98%] [32m[1mLinking C shared library rosidl_generator_py/create_msgs/create_msgs_s__rosidl_typesupport_c.cpython-310-x86_64-linux-gnu.so[0m
[9.216s] [100%] [32m[1mLinking C shared library rosidl_generator_py/create_msgs/create_msgs_s__rosidl_typesupport_fastrtps_c.cpython-310-x86_64-linux-gnu.so[0m
[9.259s] [100%] Built target create_msgs__rosidl_typesupport_introspection_c__pyext
[9.260s] [100%] Built target create_msgs__rosidl_typesupport_c__pyext
[9.266s] [100%] Built target create_msgs__rosidl_typesupport_fastrtps_c__pyext
