[0.081s] Invoking command in '/home/user/test_ws/build/create_description': CMAKE_PREFIX_PATH=${CMAKE_PREFIX_PATH}:/home/user/test_ws/install/create3_examples_msgs:/home/user/launch_ws/install/py_launch_example:/home/user/create3_examples_ws/install/create3_teleop:/home/user/create3_examples_ws/install/create3_examples_py:/home/user/sweepbot_ws/install/sweepbot:/home/user/sweepbot_ws/install/my_teleop_config:/opt/ros/humble /usr/bin/cmake --build /home/user/test_ws/build/create_description -- -j8 -l8
[0.992s] Invoked command in '/home/user/test_ws/build/create_description' returned '0': CMAKE_PREFIX_PATH=${CMAKE_PREFIX_PATH}:/home/user/test_ws/install/create3_examples_msgs:/home/user/launch_ws/install/py_launch_example:/home/user/create3_examples_ws/install/create3_teleop:/home/user/create3_examples_ws/install/create3_examples_py:/home/user/sweepbot_ws/install/sweepbot:/home/user/sweepbot_ws/install/my_teleop_config:/opt/ros/humble /usr/bin/cmake --build /home/user/test_ws/build/create_description -- -j8 -l8
[0.994s] Invoking command in '/home/user/test_ws/build/create_description': CMAKE_PREFIX_PATH=${CMAKE_PREFIX_PATH}:/home/user/test_ws/install/create3_examples_msgs:/home/user/launch_ws/install/py_launch_example:/home/user/create3_examples_ws/install/create3_teleop:/home/user/create3_examples_ws/install/create3_examples_py:/home/user/sweepbot_ws/install/sweepbot:/home/user/sweepbot_ws/install/my_teleop_config:/opt/ros/humble /usr/bin/cmake --install /home/user/test_ws/build/create_description
[1.023s] -- Install configuration: ""
[1.023s] -- Up-to-date: /home/user/test_ws/install/create_description/share/create_description/launch
[1.024s] -- Up-to-date: /home/user/test_ws/install/create_description/share/create_description/launch/create_1.launch
[1.027s] -- Up-to-date: /home/user/test_ws/install/create_description/share/create_description/launch/roomba_400.launch
[1.028s] -- Up-to-date: /home/user/test_ws/install/create_description/share/create_description/launch/create_2.launch
[1.028s] -- Up-to-date: /home/user/test_ws/install/create_description/share/create_description/meshes
[1.028s] -- Up-to-date: /home/user/test_ws/install/create_description/share/create_description/meshes/create_2.dae
[1.028s] -- Up-to-date: /home/user/test_ws/install/create_description/share/create_description/meshes/create_1.dae
[1.028s] -- Up-to-date: /home/user/test_ws/install/create_description/share/create_description/meshes/create_1.tga
[1.028s] -- Up-to-date: /home/user/test_ws/install/create_description/share/create_description/urdf
[1.029s] -- Up-to-date: /home/user/test_ws/install/create_description/share/create_description/urdf/create_base_gazebo.urdf.xacro
[1.029s] -- Up-to-date: /home/user/test_ws/install/create_description/share/create_description/urdf/create_base.urdf.xacro
[1.029s] -- Up-to-date: /home/user/test_ws/install/create_description/share/create_description/urdf/create_2_gazebo.urdf.xacro
[1.030s] -- Up-to-date: /home/user/test_ws/install/create_description/share/create_description/urdf/create_1.urdf.xacro
[1.030s] -- Up-to-date: /home/user/test_ws/install/create_description/share/create_description/urdf/create_1_gazebo.urdf.xacro
[1.030s] -- Up-to-date: /home/user/test_ws/install/create_description/share/create_description/urdf/create_2.urdf.xacro
[1.030s] -- Up-to-date: /home/user/test_ws/install/create_description/share/ament_index/resource_index/package_run_dependencies/create_description
[1.031s] -- Up-to-date: /home/user/test_ws/install/create_description/share/ament_index/resource_index/parent_prefix_path/create_description
[1.031s] -- Up-to-date: /home/user/test_ws/install/create_description/share/create_description/environment/ament_prefix_path.sh
[1.031s] -- Up-to-date: /home/user/test_ws/install/create_description/share/create_description/environment/ament_prefix_path.dsv
[1.031s] -- Up-to-date: /home/user/test_ws/install/create_description/share/create_description/environment/path.sh
[1.031s] -- Up-to-date: /home/user/test_ws/install/create_description/share/create_description/environment/path.dsv
[1.031s] -- Up-to-date: /home/user/test_ws/install/create_description/share/create_description/local_setup.bash
[1.031s] -- Up-to-date: /home/user/test_ws/install/create_description/share/create_description/local_setup.sh
[1.033s] -- Up-to-date: /home/user/test_ws/install/create_description/share/create_description/local_setup.zsh
[1.033s] -- Up-to-date: /home/user/test_ws/install/create_description/share/create_description/local_setup.dsv
[1.033s] -- Installing: /home/user/test_ws/install/create_description/share/create_description/package.dsv
[1.033s] -- Up-to-date: /home/user/test_ws/install/create_description/share/ament_index/resource_index/packages/create_description
[1.033s] -- Up-to-date: /home/user/test_ws/install/create_description/share/create_description/cmake/create_descriptionConfig.cmake
[1.033s] -- Up-to-date: /home/user/test_ws/install/create_description/share/create_description/cmake/create_descriptionConfig-version.cmake
[1.034s] -- Up-to-date: /home/user/test_ws/install/create_description/share/create_description/package.xml
[1.093s] Invoked command in '/home/user/test_ws/build/create_description' returned '0': CMAKE_PREFIX_PATH=${CMAKE_PREFIX_PATH}:/home/user/test_ws/install/create3_examples_msgs:/home/user/launch_ws/install/py_launch_example:/home/user/create3_examples_ws/install/create3_teleop:/home/user/create3_examples_ws/install/create3_examples_py:/home/user/sweepbot_ws/install/sweepbot:/home/user/sweepbot_ws/install/my_teleop_config:/opt/ros/humble /usr/bin/cmake --install /home/user/test_ws/build/create_description
