[0.066s] Invoking command in '/home/user/test_ws/build/create_description': CMAKE_PREFIX_PATH=${CMAKE_PREFIX_PATH}:/home/user/launch_ws/install/py_launch_example:/home/user/create3_examples_ws/install/create3_teleop:/home/user/create3_examples_ws/install/create3_examples_py:/home/user/sweepbot_ws/install/sweepbot:/home/user/sweepbot_ws/install/my_teleop_config:/opt/ros/humble /usr/bin/cmake --build /home/user/test_ws/build/create_description -- -j8 -l8
[0.897s] Invoked command in '/home/user/test_ws/build/create_description' returned '0': CMAKE_PREFIX_PATH=${CMAKE_PREFIX_PATH}:/home/user/launch_ws/install/py_launch_example:/home/user/create3_examples_ws/install/create3_teleop:/home/user/create3_examples_ws/install/create3_examples_py:/home/user/sweepbot_ws/install/sweepbot:/home/user/sweepbot_ws/install/my_teleop_config:/opt/ros/humble /usr/bin/cmake --build /home/user/test_ws/build/create_description -- -j8 -l8
[0.909s] Invoking command in '/home/user/test_ws/build/create_description': CMAKE_PREFIX_PATH=${CMAKE_PREFIX_PATH}:/home/user/launch_ws/install/py_launch_example:/home/user/create3_examples_ws/install/create3_teleop:/home/user/create3_examples_ws/install/create3_examples_py:/home/user/sweepbot_ws/install/sweepbot:/home/user/sweepbot_ws/install/my_teleop_config:/opt/ros/humble /usr/bin/cmake --install /home/user/test_ws/build/create_description
[0.924s] -- Install configuration: ""
[0.924s] -- Up-to-date: /home/user/test_ws/install/create_description/share/create_description/launch
[0.925s] -- Up-to-date: /home/user/test_ws/install/create_description/share/create_description/launch/create_1.launch
[0.927s] -- Up-to-date: /home/user/test_ws/install/create_description/share/create_description/launch/roomba_400.launch
[0.928s] -- Up-to-date: /home/user/test_ws/install/create_description/share/create_description/launch/create_2.launch
[0.928s] -- Up-to-date: /home/user/test_ws/install/create_description/share/create_description/meshes
[0.929s] -- Up-to-date: /home/user/test_ws/install/create_description/share/create_description/meshes/create_2.dae
[0.929s] -- Up-to-date: /home/user/test_ws/install/create_description/share/create_description/meshes/create_1.dae
[0.929s] -- Up-to-date: /home/user/test_ws/install/create_description/share/create_description/meshes/create_1.tga
[0.929s] -- Up-to-date: /home/user/test_ws/install/create_description/share/create_description/urdf
[0.929s] -- Up-to-date: /home/user/test_ws/install/create_description/share/create_description/urdf/create_base_gazebo.urdf.xacro
[0.929s] -- Up-to-date: /home/user/test_ws/install/create_description/share/create_description/urdf/create_base.urdf.xacro
[0.930s] -- Up-to-date: /home/user/test_ws/install/create_description/share/create_description/urdf/create_2_gazebo.urdf.xacro
[0.931s] -- Up-to-date: /home/user/test_ws/install/create_description/share/create_description/urdf/create_1.urdf.xacro
[0.933s] -- Up-to-date: /home/user/test_ws/install/create_description/share/create_description/urdf/create_1_gazebo.urdf.xacro
[0.933s] -- Up-to-date: /home/user/test_ws/install/create_description/share/create_description/urdf/create_2.urdf.xacro
[0.934s] -- Up-to-date: /home/user/test_ws/install/create_description/share/ament_index/resource_index/package_run_dependencies/create_description
[0.934s] -- Up-to-date: /home/user/test_ws/install/create_description/share/ament_index/resource_index/parent_prefix_path/create_description
[0.934s] -- Up-to-date: /home/user/test_ws/install/create_description/share/create_description/environment/ament_prefix_path.sh
[0.934s] -- Up-to-date: /home/user/test_ws/install/create_description/share/create_description/environment/ament_prefix_path.dsv
[0.934s] -- Up-to-date: /home/user/test_ws/install/create_description/share/create_description/environment/path.sh
[0.934s] -- Up-to-date: /home/user/test_ws/install/create_description/share/create_description/environment/path.dsv
[0.934s] -- Up-to-date: /home/user/test_ws/install/create_description/share/create_description/local_setup.bash
[0.935s] -- Up-to-date: /home/user/test_ws/install/create_description/share/create_description/local_setup.sh
[0.936s] -- Up-to-date: /home/user/test_ws/install/create_description/share/create_description/local_setup.zsh
[0.937s] -- Up-to-date: /home/user/test_ws/install/create_description/share/create_description/local_setup.dsv
[0.938s] -- Installing: /home/user/test_ws/install/create_description/share/create_description/package.dsv
[0.938s] -- Up-to-date: /home/user/test_ws/install/create_description/share/ament_index/resource_index/packages/create_description
[0.938s] -- Up-to-date: /home/user/test_ws/install/create_description/share/create_description/cmake/create_descriptionConfig.cmake
[0.938s] -- Up-to-date: /home/user/test_ws/install/create_description/share/create_description/cmake/create_descriptionConfig-version.cmake
[0.938s] -- Up-to-date: /home/user/test_ws/install/create_description/share/create_description/package.xml
[0.989s] Invoked command in '/home/user/test_ws/build/create_description' returned '0': CMAKE_PREFIX_PATH=${CMAKE_PREFIX_PATH}:/home/user/launch_ws/install/py_launch_example:/home/user/create3_examples_ws/install/create3_teleop:/home/user/create3_examples_ws/install/create3_examples_py:/home/user/sweepbot_ws/install/sweepbot:/home/user/sweepbot_ws/install/my_teleop_config:/opt/ros/humble /usr/bin/cmake --install /home/user/test_ws/build/create_description
