[0.025s] Invoking command in '/home/user/test_ws/build/create_msgs': CMAKE_PREFIX_PATH=${CMAKE_PREFIX_PATH}:/home/user/test_ws/install/create3_teleop:/home/user/test_ws/install/create3_examples_py:/home/user/launch_ws/install/py_launch_example:/home/user/create3_examples_ws/install/create3_teleop:/home/user/create3_examples_ws/install/create3_examples_py:/home/user/sweepbot_ws/install/sweepbot:/home/user/sweepbot_ws/install/my_teleop_config:/opt/ros/humble /usr/bin/cmake --build /home/user/test_ws/build/create_msgs -- -j8 -l8
[0.091s] [  1%] Built target create_msgs__cpp
[0.102s] [ 12%] Built target create_msgs__rosidl_generator_c
[0.121s] [ 12%] Built target ament_cmake_python_copy_create_msgs
[0.138s] [ 24%] Built target create_msgs__rosidl_typesupport_introspection_cpp
[0.151s] [ 35%] Built target create_msgs__rosidl_typesupport_cpp
[0.152s] [ 46%] Built target create_msgs__rosidl_typesupport_fastrtps_cpp
[0.155s] [ 58%] Built target create_msgs__rosidl_typesupport_fastrtps_c
[0.155s] [ 69%] Built target create_msgs__rosidl_typesupport_introspection_c
[0.157s] [ 81%] Built target create_msgs__rosidl_typesupport_c
[0.183s] [ 81%] Built target create_msgs
[0.211s] [ 82%] Built target create_msgs__py
[0.246s] [ 92%] Built target create_msgs__rosidl_generator_py
[0.276s] [ 94%] Built target create_msgs__rosidl_typesupport_introspection_c__pyext
[0.277s] [ 97%] Built target create_msgs__rosidl_typesupport_c__pyext
[0.279s] [100%] Built target create_msgs__rosidl_typesupport_fastrtps_c__pyext
[0.483s] running egg_info
[0.484s] writing create_msgs.egg-info/PKG-INFO
[0.484s] writing dependency_links to create_msgs.egg-info/dependency_links.txt
[0.485s] writing top-level names to create_msgs.egg-info/top_level.txt
[0.488s] reading manifest file 'create_msgs.egg-info/SOURCES.txt'
[0.489s] writing manifest file 'create_msgs.egg-info/SOURCES.txt'
[0.518s] [100%] Built target ament_cmake_python_build_create_msgs_egg
[0.532s] Invoked command in '/home/user/test_ws/build/create_msgs' returned '0': CMAKE_PREFIX_PATH=${CMAKE_PREFIX_PATH}:/home/user/test_ws/install/create3_teleop:/home/user/test_ws/install/create3_examples_py:/home/user/launch_ws/install/py_launch_example:/home/user/create3_examples_ws/install/create3_teleop:/home/user/create3_examples_ws/install/create3_examples_py:/home/user/sweepbot_ws/install/sweepbot:/home/user/sweepbot_ws/install/my_teleop_config:/opt/ros/humble /usr/bin/cmake --build /home/user/test_ws/build/create_msgs -- -j8 -l8
[0.534s] Invoking command in '/home/user/test_ws/build/create_msgs': CMAKE_PREFIX_PATH=${CMAKE_PREFIX_PATH}:/home/user/test_ws/install/create3_teleop:/home/user/test_ws/install/create3_examples_py:/home/user/launch_ws/install/py_launch_example:/home/user/create3_examples_ws/install/create3_teleop:/home/user/create3_examples_ws/install/create3_examples_py:/home/user/sweepbot_ws/install/sweepbot:/home/user/sweepbot_ws/install/my_teleop_config:/opt/ros/humble /usr/bin/cmake --install /home/user/test_ws/build/create_msgs
[0.544s] -- Install configuration: ""
[0.544s] -- Up-to-date: /home/user/test_ws/install/create_msgs/share/ament_index/resource_index/rosidl_interfaces/create_msgs
[0.544s] -- Up-to-date: /home/user/test_ws/install/create_msgs/include/create_msgs/create_msgs
[0.544s] -- Up-to-date: /home/user/test_ws/install/create_msgs/include/create_msgs/create_msgs/msg
[0.544s] -- Up-to-date: /home/user/test_ws/install/create_msgs/include/create_msgs/create_msgs/msg/define_song.h
[0.544s] -- Up-to-date: /home/user/test_ws/install/create_msgs/include/create_msgs/create_msgs/msg/charging_state.h
[0.545s] -- Up-to-date: /home/user/test_ws/install/create_msgs/include/create_msgs/create_msgs/msg/cliff.h
[0.545s] -- Up-to-date: /home/user/test_ws/install/create_msgs/include/create_msgs/create_msgs/msg/motor_setpoint.h
[0.545s] -- Up-to-date: /home/user/test_ws/install/create_msgs/include/create_msgs/create_msgs/msg/rosidl_generator_c__visibility_control.h
[0.545s] -- Up-to-date: /home/user/test_ws/install/create_msgs/include/create_msgs/create_msgs/msg/detail
[0.545s] -- Up-to-date: /home/user/test_ws/install/create_msgs/include/create_msgs/create_msgs/msg/detail/mode__type_support.h
[0.545s] -- Up-to-date: /home/user/test_ws/install/create_msgs/include/create_msgs/create_msgs/msg/detail/bumper__struct.h
[0.545s] -- Up-to-date: /home/user/test_ws/install/create_msgs/include/create_msgs/create_msgs/msg/detail/mode__functions.h
[0.545s] -- Up-to-date: /home/user/test_ws/install/create_msgs/include/create_msgs/create_msgs/msg/detail/charging_state__functions.c
[0.545s] -- Up-to-date: /home/user/test_ws/install/create_msgs/include/create_msgs/create_msgs/msg/detail/cliff__type_support.h
[0.545s] -- Up-to-date: /home/user/test_ws/install/create_msgs/include/create_msgs/create_msgs/msg/detail/charging_state__type_support.h
[0.545s] -- Up-to-date: /home/user/test_ws/install/create_msgs/include/create_msgs/create_msgs/msg/detail/mode__struct.h
[0.545s] -- Up-to-date: /home/user/test_ws/install/create_msgs/include/create_msgs/create_msgs/msg/detail/play_song__type_support.h
[0.546s] -- Up-to-date: /home/user/test_ws/install/create_msgs/include/create_msgs/create_msgs/msg/detail/play_song__functions.c
[0.546s] -- Up-to-date: /home/user/test_ws/install/create_msgs/include/create_msgs/create_msgs/msg/detail/play_song__functions.h
[0.546s] -- Up-to-date: /home/user/test_ws/install/create_msgs/include/create_msgs/create_msgs/msg/detail/motor_setpoint__functions.c
[0.546s] -- Up-to-date: /home/user/test_ws/install/create_msgs/include/create_msgs/create_msgs/msg/detail/define_song__functions.c
[0.546s] -- Up-to-date: /home/user/test_ws/install/create_msgs/include/create_msgs/create_msgs/msg/detail/motor_setpoint__struct.h
[0.546s] -- Up-to-date: /home/user/test_ws/install/create_msgs/include/create_msgs/create_msgs/msg/detail/define_song__type_support.h
[0.546s] -- Up-to-date: /home/user/test_ws/install/create_msgs/include/create_msgs/create_msgs/msg/detail/cliff__functions.h
[0.546s] -- Up-to-date: /home/user/test_ws/install/create_msgs/include/create_msgs/create_msgs/msg/detail/motor_setpoint__type_support.h
[0.546s] -- Up-to-date: /home/user/test_ws/install/create_msgs/include/create_msgs/create_msgs/msg/detail/play_song__struct.h
[0.546s] -- Up-to-date: /home/user/test_ws/install/create_msgs/include/create_msgs/create_msgs/msg/detail/cliff__struct.h
[0.546s] -- Up-to-date: /home/user/test_ws/install/create_msgs/include/create_msgs/create_msgs/msg/detail/charging_state__struct.h
[0.546s] -- Up-to-date: /home/user/test_ws/install/create_msgs/include/create_msgs/create_msgs/msg/detail/motor_setpoint__functions.h
[0.546s] -- Up-to-date: /home/user/test_ws/install/create_msgs/include/create_msgs/create_msgs/msg/detail/bumper__functions.h
[0.546s] -- Up-to-date: /home/user/test_ws/install/create_msgs/include/create_msgs/create_msgs/msg/detail/cliff__functions.c
[0.546s] -- Up-to-date: /home/user/test_ws/install/create_msgs/include/create_msgs/create_msgs/msg/detail/mode__functions.c
[0.547s] -- Up-to-date: /home/user/test_ws/install/create_msgs/include/create_msgs/create_msgs/msg/detail/bumper__type_support.h
[0.547s] -- Up-to-date: /home/user/test_ws/install/create_msgs/include/create_msgs/create_msgs/msg/detail/define_song__functions.h
[0.547s] -- Up-to-date: /home/user/test_ws/install/create_msgs/include/create_msgs/create_msgs/msg/detail/charging_state__functions.h
[0.547s] -- Up-to-date: /home/user/test_ws/install/create_msgs/include/create_msgs/create_msgs/msg/detail/bumper__functions.c
[0.547s] -- Up-to-date: /home/user/test_ws/install/create_msgs/include/create_msgs/create_msgs/msg/detail/define_song__struct.h
[0.547s] -- Up-to-date: /home/user/test_ws/install/create_msgs/include/create_msgs/create_msgs/msg/mode.h
[0.547s] -- Up-to-date: /home/user/test_ws/install/create_msgs/include/create_msgs/create_msgs/msg/bumper.h
[0.547s] -- Up-to-date: /home/user/test_ws/install/create_msgs/include/create_msgs/create_msgs/msg/play_song.h
[0.547s] -- Up-to-date: /home/user/test_ws/install/create_msgs/share/create_msgs/environment/library_path.sh
[0.547s] -- Up-to-date: /home/user/test_ws/install/create_msgs/share/create_msgs/environment/library_path.dsv
[0.547s] -- Up-to-date: /home/user/test_ws/install/create_msgs/lib/libcreate_msgs__rosidl_generator_c.so
[0.547s] -- Up-to-date: /home/user/test_ws/install/create_msgs/include/create_msgs/create_msgs
[0.547s] -- Up-to-date: /home/user/test_ws/install/create_msgs/include/create_msgs/create_msgs/msg
[0.547s] -- Up-to-date: /home/user/test_ws/install/create_msgs/include/create_msgs/create_msgs/msg/rosidl_typesupport_fastrtps_c__visibility_control.h
[0.547s] -- Up-to-date: /home/user/test_ws/install/create_msgs/include/create_msgs/create_msgs/msg/detail
[0.548s] -- Up-to-date: /home/user/test_ws/install/create_msgs/include/create_msgs/create_msgs/msg/detail/mode__rosidl_typesupport_fastrtps_c.h
[0.548s] -- Up-to-date: /home/user/test_ws/install/create_msgs/include/create_msgs/create_msgs/msg/detail/play_song__rosidl_typesupport_fastrtps_c.h
[0.548s] -- Up-to-date: /home/user/test_ws/install/create_msgs/include/create_msgs/create_msgs/msg/detail/cliff__rosidl_typesupport_fastrtps_c.h
[0.548s] -- Up-to-date: /home/user/test_ws/install/create_msgs/include/create_msgs/create_msgs/msg/detail/bumper__rosidl_typesupport_fastrtps_c.h
[0.548s] -- Up-to-date: /home/user/test_ws/install/create_msgs/include/create_msgs/create_msgs/msg/detail/charging_state__rosidl_typesupport_fastrtps_c.h
[0.548s] -- Up-to-date: /home/user/test_ws/install/create_msgs/include/create_msgs/create_msgs/msg/detail/define_song__rosidl_typesupport_fastrtps_c.h
[0.548s] -- Up-to-date: /home/user/test_ws/install/create_msgs/include/create_msgs/create_msgs/msg/detail/motor_setpoint__rosidl_typesupport_fastrtps_c.h
[0.548s] -- Up-to-date: /home/user/test_ws/install/create_msgs/lib/libcreate_msgs__rosidl_typesupport_fastrtps_c.so
[0.548s] -- Up-to-date: /home/user/test_ws/install/create_msgs/include/create_msgs/create_msgs
[0.548s] -- Up-to-date: /home/user/test_ws/install/create_msgs/include/create_msgs/create_msgs/msg
[0.548s] -- Up-to-date: /home/user/test_ws/install/create_msgs/include/create_msgs/create_msgs/msg/detail
[0.548s] -- Up-to-date: /home/user/test_ws/install/create_msgs/include/create_msgs/create_msgs/msg/detail/mode__type_support.c
[0.548s] -- Up-to-date: /home/user/test_ws/install/create_msgs/include/create_msgs/create_msgs/msg/detail/bumper__rosidl_typesupport_introspection_c.h
[0.548s] -- Up-to-date: /home/user/test_ws/install/create_msgs/include/create_msgs/create_msgs/msg/detail/bumper__type_support.c
[0.549s] -- Up-to-date: /home/user/test_ws/install/create_msgs/include/create_msgs/create_msgs/msg/detail/play_song__rosidl_typesupport_introspection_c.h
[0.549s] -- Up-to-date: /home/user/test_ws/install/create_msgs/include/create_msgs/create_msgs/msg/detail/cliff__type_support.c
[0.549s] -- Up-to-date: /home/user/test_ws/install/create_msgs/include/create_msgs/create_msgs/msg/detail/define_song__rosidl_typesupport_introspection_c.h
[0.549s] -- Up-to-date: /home/user/test_ws/install/create_msgs/include/create_msgs/create_msgs/msg/detail/charging_state__type_support.c
[0.549s] -- Up-to-date: /home/user/test_ws/install/create_msgs/include/create_msgs/create_msgs/msg/detail/charging_state__rosidl_typesupport_introspection_c.h
[0.549s] -- Up-to-date: /home/user/test_ws/install/create_msgs/include/create_msgs/create_msgs/msg/detail/motor_setpoint__rosidl_typesupport_introspection_c.h
[0.549s] -- Up-to-date: /home/user/test_ws/install/create_msgs/include/create_msgs/create_msgs/msg/detail/motor_setpoint__type_support.c
[0.549s] -- Up-to-date: /home/user/test_ws/install/create_msgs/include/create_msgs/create_msgs/msg/detail/play_song__type_support.c
[0.549s] -- Up-to-date: /home/user/test_ws/install/create_msgs/include/create_msgs/create_msgs/msg/detail/cliff__rosidl_typesupport_introspection_c.h
[0.549s] -- Up-to-date: /home/user/test_ws/install/create_msgs/include/create_msgs/create_msgs/msg/detail/mode__rosidl_typesupport_introspection_c.h
[0.549s] -- Up-to-date: /home/user/test_ws/install/create_msgs/include/create_msgs/create_msgs/msg/detail/define_song__type_support.c
[0.549s] -- Up-to-date: /home/user/test_ws/install/create_msgs/include/create_msgs/create_msgs/msg/rosidl_typesupport_introspection_c__visibility_control.h
[0.549s] -- Up-to-date: /home/user/test_ws/install/create_msgs/lib/libcreate_msgs__rosidl_typesupport_introspection_c.so
[0.550s] -- Up-to-date: /home/user/test_ws/install/create_msgs/lib/libcreate_msgs__rosidl_typesupport_c.so
[0.550s] -- Up-to-date: /home/user/test_ws/install/create_msgs/include/create_msgs/create_msgs
[0.550s] -- Up-to-date: /home/user/test_ws/install/create_msgs/include/create_msgs/create_msgs/msg
[0.550s] -- Up-to-date: /home/user/test_ws/install/create_msgs/include/create_msgs/create_msgs/msg/define_song.hpp
[0.550s] -- Up-to-date: /home/user/test_ws/install/create_msgs/include/create_msgs/create_msgs/msg/charging_state.hpp
[0.550s] -- Up-to-date: /home/user/test_ws/install/create_msgs/include/create_msgs/create_msgs/msg/cliff.hpp
[0.550s] -- Up-to-date: /home/user/test_ws/install/create_msgs/include/create_msgs/create_msgs/msg/mode.hpp
[0.550s] -- Up-to-date: /home/user/test_ws/install/create_msgs/include/create_msgs/create_msgs/msg/play_song.hpp
[0.550s] -- Up-to-date: /home/user/test_ws/install/create_msgs/include/create_msgs/create_msgs/msg/detail
[0.550s] -- Up-to-date: /home/user/test_ws/install/create_msgs/include/create_msgs/create_msgs/msg/detail/play_song__builder.hpp
[0.550s] -- Up-to-date: /home/user/test_ws/install/create_msgs/include/create_msgs/create_msgs/msg/detail/bumper__traits.hpp
[0.550s] -- Up-to-date: /home/user/test_ws/install/create_msgs/include/create_msgs/create_msgs/msg/detail/cliff__builder.hpp
[0.550s] -- Up-to-date: /home/user/test_ws/install/create_msgs/include/create_msgs/create_msgs/msg/detail/play_song__traits.hpp
[0.550s] -- Up-to-date: /home/user/test_ws/install/create_msgs/include/create_msgs/create_msgs/msg/detail/cliff__type_support.hpp
[0.550s] -- Up-to-date: /home/user/test_ws/install/create_msgs/include/create_msgs/create_msgs/msg/detail/charging_state__type_support.hpp
[0.551s] -- Up-to-date: /home/user/test_ws/install/create_msgs/include/create_msgs/create_msgs/msg/detail/play_song__struct.hpp
[0.551s] -- Up-to-date: /home/user/test_ws/install/create_msgs/include/create_msgs/create_msgs/msg/detail/define_song__builder.hpp
[0.551s] -- Up-to-date: /home/user/test_ws/install/create_msgs/include/create_msgs/create_msgs/msg/detail/define_song__type_support.hpp
[0.551s] -- Up-to-date: /home/user/test_ws/install/create_msgs/include/create_msgs/create_msgs/msg/detail/cliff__traits.hpp
[0.551s] -- Up-to-date: /home/user/test_ws/install/create_msgs/include/create_msgs/create_msgs/msg/detail/mode__builder.hpp
[0.551s] -- Up-to-date: /home/user/test_ws/install/create_msgs/include/create_msgs/create_msgs/msg/detail/charging_state__struct.hpp
[0.551s] -- Up-to-date: /home/user/test_ws/install/create_msgs/include/create_msgs/create_msgs/msg/detail/play_song__type_support.hpp
[0.551s] -- Up-to-date: /home/user/test_ws/install/create_msgs/include/create_msgs/create_msgs/msg/detail/charging_state__builder.hpp
[0.551s] -- Up-to-date: /home/user/test_ws/install/create_msgs/include/create_msgs/create_msgs/msg/detail/charging_state__traits.hpp
[0.551s] -- Up-to-date: /home/user/test_ws/install/create_msgs/include/create_msgs/create_msgs/msg/detail/motor_setpoint__struct.hpp
[0.551s] -- Up-to-date: /home/user/test_ws/install/create_msgs/include/create_msgs/create_msgs/msg/detail/bumper__type_support.hpp
[0.551s] -- Up-to-date: /home/user/test_ws/install/create_msgs/include/create_msgs/create_msgs/msg/detail/define_song__traits.hpp
[0.551s] -- Up-to-date: /home/user/test_ws/install/create_msgs/include/create_msgs/create_msgs/msg/detail/bumper__struct.hpp
[0.551s] -- Up-to-date: /home/user/test_ws/install/create_msgs/include/create_msgs/create_msgs/msg/detail/mode__struct.hpp
[0.552s] -- Up-to-date: /home/user/test_ws/install/create_msgs/include/create_msgs/create_msgs/msg/detail/motor_setpoint__builder.hpp
[0.552s] -- Up-to-date: /home/user/test_ws/install/create_msgs/include/create_msgs/create_msgs/msg/detail/motor_setpoint__traits.hpp
[0.552s] -- Up-to-date: /home/user/test_ws/install/create_msgs/include/create_msgs/create_msgs/msg/detail/mode__type_support.hpp
[0.552s] -- Up-to-date: /home/user/test_ws/install/create_msgs/include/create_msgs/create_msgs/msg/detail/bumper__builder.hpp
[0.552s] -- Up-to-date: /home/user/test_ws/install/create_msgs/include/create_msgs/create_msgs/msg/detail/mode__traits.hpp
[0.552s] -- Up-to-date: /home/user/test_ws/install/create_msgs/include/create_msgs/create_msgs/msg/detail/define_song__struct.hpp
[0.552s] -- Up-to-date: /home/user/test_ws/install/create_msgs/include/create_msgs/create_msgs/msg/detail/motor_setpoint__type_support.hpp
[0.552s] -- Up-to-date: /home/user/test_ws/install/create_msgs/include/create_msgs/create_msgs/msg/detail/cliff__struct.hpp
[0.552s] -- Up-to-date: /home/user/test_ws/install/create_msgs/include/create_msgs/create_msgs/msg/bumper.hpp
[0.552s] -- Up-to-date: /home/user/test_ws/install/create_msgs/include/create_msgs/create_msgs/msg/motor_setpoint.hpp
[0.552s] -- Up-to-date: /home/user/test_ws/install/create_msgs/include/create_msgs/create_msgs/msg/rosidl_generator_cpp__visibility_control.hpp
[0.552s] -- Up-to-date: /home/user/test_ws/install/create_msgs/include/create_msgs/create_msgs
[0.552s] -- Up-to-date: /home/user/test_ws/install/create_msgs/include/create_msgs/create_msgs/msg
[0.552s] -- Up-to-date: /home/user/test_ws/install/create_msgs/include/create_msgs/create_msgs/msg/rosidl_typesupport_fastrtps_cpp__visibility_control.h
[0.552s] -- Up-to-date: /home/user/test_ws/install/create_msgs/include/create_msgs/create_msgs/msg/detail
[0.553s] -- Up-to-date: /home/user/test_ws/install/create_msgs/include/create_msgs/create_msgs/msg/detail/motor_setpoint__rosidl_typesupport_fastrtps_cpp.hpp
[0.553s] -- Up-to-date: /home/user/test_ws/install/create_msgs/include/create_msgs/create_msgs/msg/detail/cliff__rosidl_typesupport_fastrtps_cpp.hpp
[0.553s] -- Up-to-date: /home/user/test_ws/install/create_msgs/include/create_msgs/create_msgs/msg/detail/mode__rosidl_typesupport_fastrtps_cpp.hpp
[0.553s] -- Up-to-date: /home/user/test_ws/install/create_msgs/include/create_msgs/create_msgs/msg/detail/play_song__rosidl_typesupport_fastrtps_cpp.hpp
[0.553s] -- Up-to-date: /home/user/test_ws/install/create_msgs/include/create_msgs/create_msgs/msg/detail/charging_state__rosidl_typesupport_fastrtps_cpp.hpp
[0.553s] -- Up-to-date: /home/user/test_ws/install/create_msgs/include/create_msgs/create_msgs/msg/detail/define_song__rosidl_typesupport_fastrtps_cpp.hpp
[0.553s] -- Up-to-date: /home/user/test_ws/install/create_msgs/include/create_msgs/create_msgs/msg/detail/bumper__rosidl_typesupport_fastrtps_cpp.hpp
[0.553s] -- Up-to-date: /home/user/test_ws/install/create_msgs/include/create_msgs/create_msgs/msg/detail/dds_fastrtps
[0.553s] -- Up-to-date: /home/user/test_ws/install/create_msgs/lib/libcreate_msgs__rosidl_typesupport_fastrtps_cpp.so
[0.553s] -- Up-to-date: /home/user/test_ws/install/create_msgs/include/create_msgs/create_msgs
[0.553s] -- Up-to-date: /home/user/test_ws/install/create_msgs/include/create_msgs/create_msgs/msg
[0.553s] -- Up-to-date: /home/user/test_ws/install/create_msgs/include/create_msgs/create_msgs/msg/detail
[0.553s] -- Up-to-date: /home/user/test_ws/install/create_msgs/include/create_msgs/create_msgs/msg/detail/motor_setpoint__type_support.cpp
[0.553s] -- Up-to-date: /home/user/test_ws/install/create_msgs/include/create_msgs/create_msgs/msg/detail/cliff__rosidl_typesupport_introspection_cpp.hpp
[0.554s] -- Up-to-date: /home/user/test_ws/install/create_msgs/include/create_msgs/create_msgs/msg/detail/bumper__type_support.cpp
[0.554s] -- Up-to-date: /home/user/test_ws/install/create_msgs/include/create_msgs/create_msgs/msg/detail/mode__type_support.cpp
[0.554s] -- Up-to-date: /home/user/test_ws/install/create_msgs/include/create_msgs/create_msgs/msg/detail/cliff__type_support.cpp
[0.554s] -- Up-to-date: /home/user/test_ws/install/create_msgs/include/create_msgs/create_msgs/msg/detail/charging_state__type_support.cpp
[0.554s] -- Up-to-date: /home/user/test_ws/install/create_msgs/include/create_msgs/create_msgs/msg/detail/charging_state__rosidl_typesupport_introspection_cpp.hpp
[0.554s] -- Up-to-date: /home/user/test_ws/install/create_msgs/include/create_msgs/create_msgs/msg/detail/define_song__type_support.cpp
[0.554s] -- Up-to-date: /home/user/test_ws/install/create_msgs/include/create_msgs/create_msgs/msg/detail/bumper__rosidl_typesupport_introspection_cpp.hpp
[0.554s] -- Up-to-date: /home/user/test_ws/install/create_msgs/include/create_msgs/create_msgs/msg/detail/play_song__type_support.cpp
[0.554s] -- Up-to-date: /home/user/test_ws/install/create_msgs/include/create_msgs/create_msgs/msg/detail/play_song__rosidl_typesupport_introspection_cpp.hpp
[0.554s] -- Up-to-date: /home/user/test_ws/install/create_msgs/include/create_msgs/create_msgs/msg/detail/define_song__rosidl_typesupport_introspection_cpp.hpp
[0.554s] -- Up-to-date: /home/user/test_ws/install/create_msgs/include/create_msgs/create_msgs/msg/detail/motor_setpoint__rosidl_typesupport_introspection_cpp.hpp
[0.554s] -- Up-to-date: /home/user/test_ws/install/create_msgs/include/create_msgs/create_msgs/msg/detail/mode__rosidl_typesupport_introspection_cpp.hpp
[0.554s] -- Up-to-date: /home/user/test_ws/install/create_msgs/lib/libcreate_msgs__rosidl_typesupport_introspection_cpp.so
[0.554s] -- Up-to-date: /home/user/test_ws/install/create_msgs/lib/libcreate_msgs__rosidl_typesupport_cpp.so
[0.554s] -- Up-to-date: /home/user/test_ws/install/create_msgs/share/create_msgs/environment/pythonpath.sh
[0.554s] -- Up-to-date: /home/user/test_ws/install/create_msgs/share/create_msgs/environment/pythonpath.dsv
[0.554s] -- Up-to-date: /home/user/test_ws/install/create_msgs/local/lib/python3.10/dist-packages/create_msgs-3.1.0-py3.10.egg-info
[0.554s] -- Installing: /home/user/test_ws/install/create_msgs/local/lib/python3.10/dist-packages/create_msgs-3.1.0-py3.10.egg-info/top_level.txt
[0.555s] -- Installing: /home/user/test_ws/install/create_msgs/local/lib/python3.10/dist-packages/create_msgs-3.1.0-py3.10.egg-info/SOURCES.txt
[0.555s] -- Installing: /home/user/test_ws/install/create_msgs/local/lib/python3.10/dist-packages/create_msgs-3.1.0-py3.10.egg-info/dependency_links.txt
[0.555s] -- Installing: /home/user/test_ws/install/create_msgs/local/lib/python3.10/dist-packages/create_msgs-3.1.0-py3.10.egg-info/PKG-INFO
[0.555s] -- Up-to-date: /home/user/test_ws/install/create_msgs/local/lib/python3.10/dist-packages/create_msgs
[0.555s] -- Up-to-date: /home/user/test_ws/install/create_msgs/local/lib/python3.10/dist-packages/create_msgs/msg
[0.555s] -- Up-to-date: /home/user/test_ws/install/create_msgs/local/lib/python3.10/dist-packages/create_msgs/msg/_cliff.py
[0.555s] -- Up-to-date: /home/user/test_ws/install/create_msgs/local/lib/python3.10/dist-packages/create_msgs/msg/_bumper_s.c
[0.555s] -- Up-to-date: /home/user/test_ws/install/create_msgs/local/lib/python3.10/dist-packages/create_msgs/msg/_charging_state.py
[0.555s] -- Up-to-date: /home/user/test_ws/install/create_msgs/local/lib/python3.10/dist-packages/create_msgs/msg/_play_song.py
[0.555s] -- Up-to-date: /home/user/test_ws/install/create_msgs/local/lib/python3.10/dist-packages/create_msgs/msg/_define_song_s.c
[0.555s] -- Up-to-date: /home/user/test_ws/install/create_msgs/local/lib/python3.10/dist-packages/create_msgs/msg/_bumper.py
[0.555s] -- Up-to-date: /home/user/test_ws/install/create_msgs/local/lib/python3.10/dist-packages/create_msgs/msg/_play_song_s.c
[0.555s] -- Up-to-date: /home/user/test_ws/install/create_msgs/local/lib/python3.10/dist-packages/create_msgs/msg/_mode_s.c
[0.555s] -- Up-to-date: /home/user/test_ws/install/create_msgs/local/lib/python3.10/dist-packages/create_msgs/msg/_cliff_s.c
[0.555s] -- Up-to-date: /home/user/test_ws/install/create_msgs/local/lib/python3.10/dist-packages/create_msgs/msg/_motor_setpoint.py
[0.555s] -- Up-to-date: /home/user/test_ws/install/create_msgs/local/lib/python3.10/dist-packages/create_msgs/msg/__init__.py
[0.555s] -- Up-to-date: /home/user/test_ws/install/create_msgs/local/lib/python3.10/dist-packages/create_msgs/msg/_define_song.py
[0.555s] -- Up-to-date: /home/user/test_ws/install/create_msgs/local/lib/python3.10/dist-packages/create_msgs/msg/_charging_state_s.c
[0.556s] -- Up-to-date: /home/user/test_ws/install/create_msgs/local/lib/python3.10/dist-packages/create_msgs/msg/_mode.py
[0.556s] -- Up-to-date: /home/user/test_ws/install/create_msgs/local/lib/python3.10/dist-packages/create_msgs/msg/_motor_setpoint_s.c
[0.556s] -- Up-to-date: /home/user/test_ws/install/create_msgs/local/lib/python3.10/dist-packages/create_msgs/_create_msgs_s.ep.rosidl_typesupport_c.c
[0.556s] -- Up-to-date: /home/user/test_ws/install/create_msgs/local/lib/python3.10/dist-packages/create_msgs/create_msgs_s__rosidl_typesupport_introspection_c.cpython-310-x86_64-linux-gnu.so
[0.556s] -- Up-to-date: /home/user/test_ws/install/create_msgs/local/lib/python3.10/dist-packages/create_msgs/create_msgs_s__rosidl_typesupport_c.cpython-310-x86_64-linux-gnu.so
[0.556s] -- Up-to-date: /home/user/test_ws/install/create_msgs/local/lib/python3.10/dist-packages/create_msgs/libcreate_msgs__rosidl_generator_py.so
[0.556s] -- Up-to-date: /home/user/test_ws/install/create_msgs/local/lib/python3.10/dist-packages/create_msgs/_create_msgs_s.ep.rosidl_typesupport_fastrtps_c.c
[0.556s] -- Up-to-date: /home/user/test_ws/install/create_msgs/local/lib/python3.10/dist-packages/create_msgs/create_msgs_s__rosidl_typesupport_fastrtps_c.cpython-310-x86_64-linux-gnu.so
[0.556s] -- Up-to-date: /home/user/test_ws/install/create_msgs/local/lib/python3.10/dist-packages/create_msgs/__init__.py
[0.556s] -- Up-to-date: /home/user/test_ws/install/create_msgs/local/lib/python3.10/dist-packages/create_msgs/_create_msgs_s.ep.rosidl_typesupport_introspection_c.c
[0.592s] Listing '/home/user/test_ws/install/create_msgs/local/lib/python3.10/dist-packages/create_msgs'...
[0.593s] Listing '/home/user/test_ws/install/create_msgs/local/lib/python3.10/dist-packages/create_msgs/msg'...
[0.597s] -- Up-to-date: /home/user/test_ws/install/create_msgs/local/lib/python3.10/dist-packages/create_msgs/create_msgs_s__rosidl_typesupport_fastrtps_c.cpython-310-x86_64-linux-gnu.so
[0.598s] -- Up-to-date: /home/user/test_ws/install/create_msgs/local/lib/python3.10/dist-packages/create_msgs/create_msgs_s__rosidl_typesupport_introspection_c.cpython-310-x86_64-linux-gnu.so
[0.598s] -- Up-to-date: /home/user/test_ws/install/create_msgs/local/lib/python3.10/dist-packages/create_msgs/create_msgs_s__rosidl_typesupport_c.cpython-310-x86_64-linux-gnu.so
[0.598s] -- Up-to-date: /home/user/test_ws/install/create_msgs/lib/libcreate_msgs__rosidl_generator_py.so
[0.599s] -- Up-to-date: /home/user/test_ws/install/create_msgs/share/create_msgs/msg/Bumper.idl
[0.599s] -- Up-to-date: /home/user/test_ws/install/create_msgs/share/create_msgs/msg/ChargingState.idl
[0.599s] -- Up-to-date: /home/user/test_ws/install/create_msgs/share/create_msgs/msg/DefineSong.idl
[0.599s] -- Up-to-date: /home/user/test_ws/install/create_msgs/share/create_msgs/msg/Mode.idl
[0.599s] -- Up-to-date: /home/user/test_ws/install/create_msgs/share/create_msgs/msg/PlaySong.idl
[0.599s] -- Up-to-date: /home/user/test_ws/install/create_msgs/share/create_msgs/msg/MotorSetpoint.idl
[0.599s] -- Up-to-date: /home/user/test_ws/install/create_msgs/share/create_msgs/msg/Cliff.idl
[0.599s] -- Up-to-date: /home/user/test_ws/install/create_msgs/share/create_msgs/msg/Bumper.msg
[0.600s] -- Up-to-date: /home/user/test_ws/install/create_msgs/share/create_msgs/msg/ChargingState.msg
[0.600s] -- Up-to-date: /home/user/test_ws/install/create_msgs/share/create_msgs/msg/DefineSong.msg
[0.600s] -- Up-to-date: /home/user/test_ws/install/create_msgs/share/create_msgs/msg/Mode.msg
[0.600s] -- Up-to-date: /home/user/test_ws/install/create_msgs/share/create_msgs/msg/PlaySong.msg
[0.600s] -- Up-to-date: /home/user/test_ws/install/create_msgs/share/create_msgs/msg/MotorSetpoint.msg
[0.600s] -- Up-to-date: /home/user/test_ws/install/create_msgs/share/create_msgs/msg/Cliff.msg
[0.600s] -- Up-to-date: /home/user/test_ws/install/create_msgs/share/ament_index/resource_index/package_run_dependencies/create_msgs
[0.600s] -- Up-to-date: /home/user/test_ws/install/create_msgs/share/ament_index/resource_index/parent_prefix_path/create_msgs
[0.600s] -- Up-to-date: /home/user/test_ws/install/create_msgs/share/create_msgs/environment/ament_prefix_path.sh
[0.600s] -- Up-to-date: /home/user/test_ws/install/create_msgs/share/create_msgs/environment/ament_prefix_path.dsv
[0.600s] -- Up-to-date: /home/user/test_ws/install/create_msgs/share/create_msgs/environment/path.sh
[0.600s] -- Up-to-date: /home/user/test_ws/install/create_msgs/share/create_msgs/environment/path.dsv
[0.601s] -- Up-to-date: /home/user/test_ws/install/create_msgs/share/create_msgs/local_setup.bash
[0.601s] -- Up-to-date: /home/user/test_ws/install/create_msgs/share/create_msgs/local_setup.sh
[0.601s] -- Up-to-date: /home/user/test_ws/install/create_msgs/share/create_msgs/local_setup.zsh
[0.601s] -- Up-to-date: /home/user/test_ws/install/create_msgs/share/create_msgs/local_setup.dsv
[0.601s] -- Installing: /home/user/test_ws/install/create_msgs/share/create_msgs/package.dsv
[0.601s] -- Up-to-date: /home/user/test_ws/install/create_msgs/share/ament_index/resource_index/packages/create_msgs
[0.601s] -- Up-to-date: /home/user/test_ws/install/create_msgs/share/create_msgs/cmake/export_create_msgs__rosidl_generator_cExport.cmake
[0.601s] -- Up-to-date: /home/user/test_ws/install/create_msgs/share/create_msgs/cmake/export_create_msgs__rosidl_generator_cExport-noconfig.cmake
[0.601s] -- Up-to-date: /home/user/test_ws/install/create_msgs/share/create_msgs/cmake/export_create_msgs__rosidl_typesupport_fastrtps_cExport.cmake
[0.601s] -- Up-to-date: /home/user/test_ws/install/create_msgs/share/create_msgs/cmake/export_create_msgs__rosidl_typesupport_fastrtps_cExport-noconfig.cmake
[0.601s] -- Up-to-date: /home/user/test_ws/install/create_msgs/share/create_msgs/cmake/create_msgs__rosidl_typesupport_introspection_cExport.cmake
[0.601s] -- Up-to-date: /home/user/test_ws/install/create_msgs/share/create_msgs/cmake/create_msgs__rosidl_typesupport_introspection_cExport-noconfig.cmake
[0.601s] -- Up-to-date: /home/user/test_ws/install/create_msgs/share/create_msgs/cmake/create_msgs__rosidl_typesupport_cExport.cmake
[0.601s] -- Up-to-date: /home/user/test_ws/install/create_msgs/share/create_msgs/cmake/create_msgs__rosidl_typesupport_cExport-noconfig.cmake
[0.602s] -- Up-to-date: /home/user/test_ws/install/create_msgs/share/create_msgs/cmake/export_create_msgs__rosidl_generator_cppExport.cmake
[0.602s] -- Up-to-date: /home/user/test_ws/install/create_msgs/share/create_msgs/cmake/export_create_msgs__rosidl_typesupport_fastrtps_cppExport.cmake
[0.602s] -- Up-to-date: /home/user/test_ws/install/create_msgs/share/create_msgs/cmake/export_create_msgs__rosidl_typesupport_fastrtps_cppExport-noconfig.cmake
[0.602s] -- Up-to-date: /home/user/test_ws/install/create_msgs/share/create_msgs/cmake/create_msgs__rosidl_typesupport_introspection_cppExport.cmake
[0.602s] -- Up-to-date: /home/user/test_ws/install/create_msgs/share/create_msgs/cmake/create_msgs__rosidl_typesupport_introspection_cppExport-noconfig.cmake
[0.602s] -- Up-to-date: /home/user/test_ws/install/create_msgs/share/create_msgs/cmake/create_msgs__rosidl_typesupport_cppExport.cmake
[0.602s] -- Up-to-date: /home/user/test_ws/install/create_msgs/share/create_msgs/cmake/create_msgs__rosidl_typesupport_cppExport-noconfig.cmake
[0.602s] -- Up-to-date: /home/user/test_ws/install/create_msgs/share/create_msgs/cmake/export_create_msgs__rosidl_generator_pyExport.cmake
[0.602s] -- Up-to-date: /home/user/test_ws/install/create_msgs/share/create_msgs/cmake/export_create_msgs__rosidl_generator_pyExport-noconfig.cmake
[0.602s] -- Up-to-date: /home/user/test_ws/install/create_msgs/share/create_msgs/cmake/rosidl_cmake-extras.cmake
[0.602s] -- Up-to-date: /home/user/test_ws/install/create_msgs/share/create_msgs/cmake/ament_cmake_export_dependencies-extras.cmake
[0.602s] -- Up-to-date: /home/user/test_ws/install/create_msgs/share/create_msgs/cmake/ament_cmake_export_include_directories-extras.cmake
[0.603s] -- Up-to-date: /home/user/test_ws/install/create_msgs/share/create_msgs/cmake/ament_cmake_export_libraries-extras.cmake
[0.603s] -- Up-to-date: /home/user/test_ws/install/create_msgs/share/create_msgs/cmake/ament_cmake_export_targets-extras.cmake
[0.603s] -- Up-to-date: /home/user/test_ws/install/create_msgs/share/create_msgs/cmake/rosidl_cmake_export_typesupport_targets-extras.cmake
[0.603s] -- Up-to-date: /home/user/test_ws/install/create_msgs/share/create_msgs/cmake/rosidl_cmake_export_typesupport_libraries-extras.cmake
[0.603s] -- Up-to-date: /home/user/test_ws/install/create_msgs/share/create_msgs/cmake/create_msgsConfig.cmake
[0.603s] -- Up-to-date: /home/user/test_ws/install/create_msgs/share/create_msgs/cmake/create_msgsConfig-version.cmake
[0.603s] -- Up-to-date: /home/user/test_ws/install/create_msgs/share/create_msgs/package.xml
[0.606s] Invoked command in '/home/user/test_ws/build/create_msgs' returned '0': CMAKE_PREFIX_PATH=${CMAKE_PREFIX_PATH}:/home/user/test_ws/install/create3_teleop:/home/user/test_ws/install/create3_examples_py:/home/user/launch_ws/install/py_launch_example:/home/user/create3_examples_ws/install/create3_teleop:/home/user/create3_examples_ws/install/create3_examples_py:/home/user/sweepbot_ws/install/sweepbot:/home/user/sweepbot_ws/install/my_teleop_config:/opt/ros/humble /usr/bin/cmake --install /home/user/test_ws/build/create_msgs
