[35m[1mConsolidate compiler generated dependencies of target create3_examples_msgs__rosidl_generator_c[0m
[  9%] Built target create3_examples_msgs__rosidl_generator_c
[ 12%] Built target create3_examples_msgs__cpp
[35m[1mConsolidate compiler generated dependencies of target create3_examples_msgs__rosidl_typesupport_fastrtps_c[0m
[35m[1mConsolidate compiler generated dependencies of target create3_examples_msgs__rosidl_typesupport_cpp[0m
[35m[1mConsolidate compiler generated dependencies of target create3_examples_msgs__rosidl_typesupport_introspection_c[0m
[ 12%] Built target ament_cmake_python_copy_create3_examples_msgs
[35m[1mConsolidate compiler generated dependencies of target create3_examples_msgs__rosidl_typesupport_c[0m
[35m[1mConsolidate compiler generated dependencies of target create3_examples_msgs__rosidl_typesupport_fastrtps_cpp[0m
[35m[1mConsolidate compiler generated dependencies of target create3_examples_msgs__rosidl_typesupport_introspection_cpp[0m
[ 22%] Built target create3_examples_msgs__rosidl_typesupport_fastrtps_c
[ 32%] Built target create3_examples_msgs__rosidl_typesupport_c
[ 41%] Built target create3_examples_msgs__rosidl_typesupport_cpp
[ 51%] Built target create3_examples_msgs__rosidl_typesupport_introspection_c
[ 61%] Built target create3_examples_msgs__rosidl_typesupport_fastrtps_cpp
[ 70%] Built target create3_examples_msgs__rosidl_typesupport_introspection_cpp
[ 70%] Built target create3_examples_msgs
[ 74%] Built target create3_examples_msgs__py
[35m[1mConsolidate compiler generated dependencies of target create3_examples_msgs__rosidl_generator_py[0m
[ 80%] Built target create3_examples_msgs__rosidl_generator_py
[35m[1mConsolidate compiler generated dependencies of target create3_examples_msgs__rosidl_typesupport_fastrtps_c__pyext[0m
[35m[1mConsolidate compiler generated dependencies of target create3_examples_msgs__rosidl_typesupport_introspection_c__pyext[0m
[35m[1mConsolidate compiler generated dependencies of target create3_examples_msgs__rosidl_typesupport_c__pyext[0m
[ 87%] Built target create3_examples_msgs__rosidl_typesupport_introspection_c__pyext
[ 93%] Built target create3_examples_msgs__rosidl_typesupport_c__pyext
[100%] Built target create3_examples_msgs__rosidl_typesupport_fastrtps_c__pyext
running egg_info
writing create3_examples_msgs.egg-info/PKG-INFO
writing dependency_links to create3_examples_msgs.egg-info/dependency_links.txt
writing top-level names to create3_examples_msgs.egg-info/top_level.txt
reading manifest file 'create3_examples_msgs.egg-info/SOURCES.txt'
writing manifest file 'create3_examples_msgs.egg-info/SOURCES.txt'
[100%] Built target ament_cmake_python_build_create3_examples_msgs_egg
-- Install configuration: ""
-- Installing: /home/user/test_ws/install/create3_examples_msgs/share/ament_index/resource_index/rosidl_interfaces/create3_examples_msgs
-- Installing: /home/user/test_ws/install/create3_examples_msgs/include/create3_examples_msgs/create3_examples_msgs
-- Installing: /home/user/test_ws/install/create3_examples_msgs/include/create3_examples_msgs/create3_examples_msgs/msg
-- Installing: /home/user/test_ws/install/create3_examples_msgs/include/create3_examples_msgs/create3_examples_msgs/msg/rosidl_generator_c__visibility_control.h
-- Installing: /home/user/test_ws/install/create3_examples_msgs/include/create3_examples_msgs/create3_examples_msgs/action
-- Installing: /home/user/test_ws/install/create3_examples_msgs/include/create3_examples_msgs/create3_examples_msgs/action/coverage.h
-- Installing: /home/user/test_ws/install/create3_examples_msgs/include/create3_examples_msgs/create3_examples_msgs/action/detail
-- Installing: /home/user/test_ws/install/create3_examples_msgs/include/create3_examples_msgs/create3_examples_msgs/action/detail/coverage__functions.c
-- Installing: /home/user/test_ws/install/create3_examples_msgs/include/create3_examples_msgs/create3_examples_msgs/action/detail/coverage__type_support.h
-- Installing: /home/user/test_ws/install/create3_examples_msgs/include/create3_examples_msgs/create3_examples_msgs/action/detail/coverage__functions.h
-- Installing: /home/user/test_ws/install/create3_examples_msgs/include/create3_examples_msgs/create3_examples_msgs/action/detail/coverage__struct.h
-- Installing: /home/user/test_ws/install/create3_examples_msgs/share/create3_examples_msgs/environment/library_path.sh
-- Installing: /home/user/test_ws/install/create3_examples_msgs/share/create3_examples_msgs/environment/library_path.dsv
-- Installing: /home/user/test_ws/install/create3_examples_msgs/lib/libcreate3_examples_msgs__rosidl_generator_c.so
-- Set runtime path of "/home/user/test_ws/install/create3_examples_msgs/lib/libcreate3_examples_msgs__rosidl_generator_c.so" to ""
-- Up-to-date: /home/user/test_ws/install/create3_examples_msgs/include/create3_examples_msgs/create3_examples_msgs
-- Up-to-date: /home/user/test_ws/install/create3_examples_msgs/include/create3_examples_msgs/create3_examples_msgs/msg
-- Installing: /home/user/test_ws/install/create3_examples_msgs/include/create3_examples_msgs/create3_examples_msgs/msg/rosidl_typesupport_fastrtps_c__visibility_control.h
-- Up-to-date: /home/user/test_ws/install/create3_examples_msgs/include/create3_examples_msgs/create3_examples_msgs/action
-- Up-to-date: /home/user/test_ws/install/create3_examples_msgs/include/create3_examples_msgs/create3_examples_msgs/action/detail
-- Installing: /home/user/test_ws/install/create3_examples_msgs/include/create3_examples_msgs/create3_examples_msgs/action/detail/coverage__rosidl_typesupport_fastrtps_c.h
-- Installing: /home/user/test_ws/install/create3_examples_msgs/lib/libcreate3_examples_msgs__rosidl_typesupport_fastrtps_c.so
-- Set runtime path of "/home/user/test_ws/install/create3_examples_msgs/lib/libcreate3_examples_msgs__rosidl_typesupport_fastrtps_c.so" to ""
-- Up-to-date: /home/user/test_ws/install/create3_examples_msgs/include/create3_examples_msgs/create3_examples_msgs
-- Up-to-date: /home/user/test_ws/install/create3_examples_msgs/include/create3_examples_msgs/create3_examples_msgs/msg
-- Installing: /home/user/test_ws/install/create3_examples_msgs/include/create3_examples_msgs/create3_examples_msgs/msg/rosidl_typesupport_introspection_c__visibility_control.h
-- Up-to-date: /home/user/test_ws/install/create3_examples_msgs/include/create3_examples_msgs/create3_examples_msgs/action
-- Up-to-date: /home/user/test_ws/install/create3_examples_msgs/include/create3_examples_msgs/create3_examples_msgs/action/detail
-- Installing: /home/user/test_ws/install/create3_examples_msgs/include/create3_examples_msgs/create3_examples_msgs/action/detail/coverage__rosidl_typesupport_introspection_c.h
-- Installing: /home/user/test_ws/install/create3_examples_msgs/include/create3_examples_msgs/create3_examples_msgs/action/detail/coverage__type_support.c
-- Installing: /home/user/test_ws/install/create3_examples_msgs/lib/libcreate3_examples_msgs__rosidl_typesupport_introspection_c.so
-- Set runtime path of "/home/user/test_ws/install/create3_examples_msgs/lib/libcreate3_examples_msgs__rosidl_typesupport_introspection_c.so" to ""
-- Installing: /home/user/test_ws/install/create3_examples_msgs/lib/libcreate3_examples_msgs__rosidl_typesupport_c.so
-- Set runtime path of "/home/user/test_ws/install/create3_examples_msgs/lib/libcreate3_examples_msgs__rosidl_typesupport_c.so" to ""
-- Up-to-date: /home/user/test_ws/install/create3_examples_msgs/include/create3_examples_msgs/create3_examples_msgs
-- Up-to-date: /home/user/test_ws/install/create3_examples_msgs/include/create3_examples_msgs/create3_examples_msgs/msg
-- Installing: /home/user/test_ws/install/create3_examples_msgs/include/create3_examples_msgs/create3_examples_msgs/msg/rosidl_generator_cpp__visibility_control.hpp
-- Up-to-date: /home/user/test_ws/install/create3_examples_msgs/include/create3_examples_msgs/create3_examples_msgs/action
-- Installing: /home/user/test_ws/install/create3_examples_msgs/include/create3_examples_msgs/create3_examples_msgs/action/coverage.hpp
-- Up-to-date: /home/user/test_ws/install/create3_examples_msgs/include/create3_examples_msgs/create3_examples_msgs/action/detail
-- Installing: /home/user/test_ws/install/create3_examples_msgs/include/create3_examples_msgs/create3_examples_msgs/action/detail/coverage__builder.hpp
-- Installing: /home/user/test_ws/install/create3_examples_msgs/include/create3_examples_msgs/create3_examples_msgs/action/detail/coverage__type_support.hpp
-- Installing: /home/user/test_ws/install/create3_examples_msgs/include/create3_examples_msgs/create3_examples_msgs/action/detail/coverage__struct.hpp
-- Installing: /home/user/test_ws/install/create3_examples_msgs/include/create3_examples_msgs/create3_examples_msgs/action/detail/coverage__traits.hpp
-- Up-to-date: /home/user/test_ws/install/create3_examples_msgs/include/create3_examples_msgs/create3_examples_msgs
-- Up-to-date: /home/user/test_ws/install/create3_examples_msgs/include/create3_examples_msgs/create3_examples_msgs/msg
-- Installing: /home/user/test_ws/install/create3_examples_msgs/include/create3_examples_msgs/create3_examples_msgs/msg/rosidl_typesupport_fastrtps_cpp__visibility_control.h
-- Up-to-date: /home/user/test_ws/install/create3_examples_msgs/include/create3_examples_msgs/create3_examples_msgs/action
-- Up-to-date: /home/user/test_ws/install/create3_examples_msgs/include/create3_examples_msgs/create3_examples_msgs/action/detail
-- Installing: /home/user/test_ws/install/create3_examples_msgs/include/create3_examples_msgs/create3_examples_msgs/action/detail/coverage__rosidl_typesupport_fastrtps_cpp.hpp
-- Installing: /home/user/test_ws/install/create3_examples_msgs/include/create3_examples_msgs/create3_examples_msgs/action/detail/dds_fastrtps
-- Installing: /home/user/test_ws/install/create3_examples_msgs/lib/libcreate3_examples_msgs__rosidl_typesupport_fastrtps_cpp.so
-- Set runtime path of "/home/user/test_ws/install/create3_examples_msgs/lib/libcreate3_examples_msgs__rosidl_typesupport_fastrtps_cpp.so" to ""
-- Up-to-date: /home/user/test_ws/install/create3_examples_msgs/include/create3_examples_msgs/create3_examples_msgs
-- Up-to-date: /home/user/test_ws/install/create3_examples_msgs/include/create3_examples_msgs/create3_examples_msgs/action
-- Up-to-date: /home/user/test_ws/install/create3_examples_msgs/include/create3_examples_msgs/create3_examples_msgs/action/detail
-- Installing: /home/user/test_ws/install/create3_examples_msgs/include/create3_examples_msgs/create3_examples_msgs/action/detail/coverage__type_support.cpp
-- Installing: /home/user/test_ws/install/create3_examples_msgs/include/create3_examples_msgs/create3_examples_msgs/action/detail/coverage__rosidl_typesupport_introspection_cpp.hpp
-- Installing: /home/user/test_ws/install/create3_examples_msgs/lib/libcreate3_examples_msgs__rosidl_typesupport_introspection_cpp.so
-- Set runtime path of "/home/user/test_ws/install/create3_examples_msgs/lib/libcreate3_examples_msgs__rosidl_typesupport_introspection_cpp.so" to ""
-- Installing: /home/user/test_ws/install/create3_examples_msgs/lib/libcreate3_examples_msgs__rosidl_typesupport_cpp.so
-- Set runtime path of "/home/user/test_ws/install/create3_examples_msgs/lib/libcreate3_examples_msgs__rosidl_typesupport_cpp.so" to ""
-- Installing: /home/user/test_ws/install/create3_examples_msgs/share/create3_examples_msgs/environment/pythonpath.sh
-- Installing: /home/user/test_ws/install/create3_examples_msgs/share/create3_examples_msgs/environment/pythonpath.dsv
-- Installing: /home/user/test_ws/install/create3_examples_msgs/local/lib/python3.10/dist-packages/create3_examples_msgs-1.0.0-py3.10.egg-info
-- Installing: /home/user/test_ws/install/create3_examples_msgs/local/lib/python3.10/dist-packages/create3_examples_msgs-1.0.0-py3.10.egg-info/top_level.txt
-- Installing: /home/user/test_ws/install/create3_examples_msgs/local/lib/python3.10/dist-packages/create3_examples_msgs-1.0.0-py3.10.egg-info/SOURCES.txt
-- Installing: /home/user/test_ws/install/create3_examples_msgs/local/lib/python3.10/dist-packages/create3_examples_msgs-1.0.0-py3.10.egg-info/dependency_links.txt
-- Installing: /home/user/test_ws/install/create3_examples_msgs/local/lib/python3.10/dist-packages/create3_examples_msgs-1.0.0-py3.10.egg-info/PKG-INFO
-- Installing: /home/user/test_ws/install/create3_examples_msgs/local/lib/python3.10/dist-packages/create3_examples_msgs
-- Installing: /home/user/test_ws/install/create3_examples_msgs/local/lib/python3.10/dist-packages/create3_examples_msgs/create3_examples_msgs_s__rosidl_typesupport_c.cpython-310-x86_64-linux-gnu.so
-- Installing: /home/user/test_ws/install/create3_examples_msgs/local/lib/python3.10/dist-packages/create3_examples_msgs/create3_examples_msgs_s__rosidl_typesupport_fastrtps_c.cpython-310-x86_64-linux-gnu.so
-- Installing: /home/user/test_ws/install/create3_examples_msgs/local/lib/python3.10/dist-packages/create3_examples_msgs/_create3_examples_msgs_s.ep.rosidl_typesupport_introspection_c.c
-- Installing: /home/user/test_ws/install/create3_examples_msgs/local/lib/python3.10/dist-packages/create3_examples_msgs/libcreate3_examples_msgs__rosidl_generator_py.so
-- Installing: /home/user/test_ws/install/create3_examples_msgs/local/lib/python3.10/dist-packages/create3_examples_msgs/create3_examples_msgs_s__rosidl_typesupport_introspection_c.cpython-310-x86_64-linux-gnu.so
-- Installing: /home/user/test_ws/install/create3_examples_msgs/local/lib/python3.10/dist-packages/create3_examples_msgs/__init__.py
-- Installing: /home/user/test_ws/install/create3_examples_msgs/local/lib/python3.10/dist-packages/create3_examples_msgs/_create3_examples_msgs_s.ep.rosidl_typesupport_c.c
-- Installing: /home/user/test_ws/install/create3_examples_msgs/local/lib/python3.10/dist-packages/create3_examples_msgs/action
-- Installing: /home/user/test_ws/install/create3_examples_msgs/local/lib/python3.10/dist-packages/create3_examples_msgs/action/_coverage_s.c
-- Installing: /home/user/test_ws/install/create3_examples_msgs/local/lib/python3.10/dist-packages/create3_examples_msgs/action/_coverage.py
-- Installing: /home/user/test_ws/install/create3_examples_msgs/local/lib/python3.10/dist-packages/create3_examples_msgs/action/__init__.py
-- Installing: /home/user/test_ws/install/create3_examples_msgs/local/lib/python3.10/dist-packages/create3_examples_msgs/_create3_examples_msgs_s.ep.rosidl_typesupport_fastrtps_c.c
Listing '/home/user/test_ws/install/create3_examples_msgs/local/lib/python3.10/dist-packages/create3_examples_msgs'...
Compiling '/home/user/test_ws/install/create3_examples_msgs/local/lib/python3.10/dist-packages/create3_examples_msgs/__init__.py'...
Listing '/home/user/test_ws/install/create3_examples_msgs/local/lib/python3.10/dist-packages/create3_examples_msgs/action'...
Compiling '/home/user/test_ws/install/create3_examples_msgs/local/lib/python3.10/dist-packages/create3_examples_msgs/action/__init__.py'...
Compiling '/home/user/test_ws/install/create3_examples_msgs/local/lib/python3.10/dist-packages/create3_examples_msgs/action/_coverage.py'...
-- Installing: /home/user/test_ws/install/create3_examples_msgs/local/lib/python3.10/dist-packages/create3_examples_msgs/create3_examples_msgs_s__rosidl_typesupport_fastrtps_c.cpython-310-x86_64-linux-gnu.so
-- Set runtime path of "/home/user/test_ws/install/create3_examples_msgs/local/lib/python3.10/dist-packages/create3_examples_msgs/create3_examples_msgs_s__rosidl_typesupport_fastrtps_c.cpython-310-x86_64-linux-gnu.so" to ""
-- Installing: /home/user/test_ws/install/create3_examples_msgs/local/lib/python3.10/dist-packages/create3_examples_msgs/create3_examples_msgs_s__rosidl_typesupport_introspection_c.cpython-310-x86_64-linux-gnu.so
-- Set runtime path of "/home/user/test_ws/install/create3_examples_msgs/local/lib/python3.10/dist-packages/create3_examples_msgs/create3_examples_msgs_s__rosidl_typesupport_introspection_c.cpython-310-x86_64-linux-gnu.so" to ""
-- Installing: /home/user/test_ws/install/create3_examples_msgs/local/lib/python3.10/dist-packages/create3_examples_msgs/create3_examples_msgs_s__rosidl_typesupport_c.cpython-310-x86_64-linux-gnu.so
-- Set runtime path of "/home/user/test_ws/install/create3_examples_msgs/local/lib/python3.10/dist-packages/create3_examples_msgs/create3_examples_msgs_s__rosidl_typesupport_c.cpython-310-x86_64-linux-gnu.so" to ""
-- Installing: /home/user/test_ws/install/create3_examples_msgs/lib/libcreate3_examples_msgs__rosidl_generator_py.so
-- Set runtime path of "/home/user/test_ws/install/create3_examples_msgs/lib/libcreate3_examples_msgs__rosidl_generator_py.so" to ""
-- Installing: /home/user/test_ws/install/create3_examples_msgs/share/create3_examples_msgs/action/Coverage.idl
-- Installing: /home/user/test_ws/install/create3_examples_msgs/share/create3_examples_msgs/action/Coverage.action
-- Installing: /home/user/test_ws/install/create3_examples_msgs/share/ament_index/resource_index/package_run_dependencies/create3_examples_msgs
-- Installing: /home/user/test_ws/install/create3_examples_msgs/share/ament_index/resource_index/parent_prefix_path/create3_examples_msgs
-- Installing: /home/user/test_ws/install/create3_examples_msgs/share/create3_examples_msgs/environment/ament_prefix_path.sh
-- Installing: /home/user/test_ws/install/create3_examples_msgs/share/create3_examples_msgs/environment/ament_prefix_path.dsv
-- Installing: /home/user/test_ws/install/create3_examples_msgs/share/create3_examples_msgs/environment/path.sh
-- Installing: /home/user/test_ws/install/create3_examples_msgs/share/create3_examples_msgs/environment/path.dsv
-- Installing: /home/user/test_ws/install/create3_examples_msgs/share/create3_examples_msgs/local_setup.bash
-- Installing: /home/user/test_ws/install/create3_examples_msgs/share/create3_examples_msgs/local_setup.sh
-- Installing: /home/user/test_ws/install/create3_examples_msgs/share/create3_examples_msgs/local_setup.zsh
-- Installing: /home/user/test_ws/install/create3_examples_msgs/share/create3_examples_msgs/local_setup.dsv
-- Installing: /home/user/test_ws/install/create3_examples_msgs/share/create3_examples_msgs/package.dsv
-- Installing: /home/user/test_ws/install/create3_examples_msgs/share/ament_index/resource_index/packages/create3_examples_msgs
-- Installing: /home/user/test_ws/install/create3_examples_msgs/share/create3_examples_msgs/cmake/export_create3_examples_msgs__rosidl_generator_cExport.cmake
-- Installing: /home/user/test_ws/install/create3_examples_msgs/share/create3_examples_msgs/cmake/export_create3_examples_msgs__rosidl_generator_cExport-noconfig.cmake
-- Installing: /home/user/test_ws/install/create3_examples_msgs/share/create3_examples_msgs/cmake/export_create3_examples_msgs__rosidl_typesupport_fastrtps_cExport.cmake
-- Installing: /home/user/test_ws/install/create3_examples_msgs/share/create3_examples_msgs/cmake/export_create3_examples_msgs__rosidl_typesupport_fastrtps_cExport-noconfig.cmake
-- Installing: /home/user/test_ws/install/create3_examples_msgs/share/create3_examples_msgs/cmake/create3_examples_msgs__rosidl_typesupport_introspection_cExport.cmake
-- Installing: /home/user/test_ws/install/create3_examples_msgs/share/create3_examples_msgs/cmake/create3_examples_msgs__rosidl_typesupport_introspection_cExport-noconfig.cmake
-- Installing: /home/user/test_ws/install/create3_examples_msgs/share/create3_examples_msgs/cmake/create3_examples_msgs__rosidl_typesupport_cExport.cmake
-- Installing: /home/user/test_ws/install/create3_examples_msgs/share/create3_examples_msgs/cmake/create3_examples_msgs__rosidl_typesupport_cExport-noconfig.cmake
-- Installing: /home/user/test_ws/install/create3_examples_msgs/share/create3_examples_msgs/cmake/export_create3_examples_msgs__rosidl_generator_cppExport.cmake
-- Installing: /home/user/test_ws/install/create3_examples_msgs/share/create3_examples_msgs/cmake/export_create3_examples_msgs__rosidl_typesupport_fastrtps_cppExport.cmake
-- Installing: /home/user/test_ws/install/create3_examples_msgs/share/create3_examples_msgs/cmake/export_create3_examples_msgs__rosidl_typesupport_fastrtps_cppExport-noconfig.cmake
-- Installing: /home/user/test_ws/install/create3_examples_msgs/share/create3_examples_msgs/cmake/create3_examples_msgs__rosidl_typesupport_introspection_cppExport.cmake
-- Installing: /home/user/test_ws/install/create3_examples_msgs/share/create3_examples_msgs/cmake/create3_examples_msgs__rosidl_typesupport_introspection_cppExport-noconfig.cmake
-- Installing: /home/user/test_ws/install/create3_examples_msgs/share/create3_examples_msgs/cmake/create3_examples_msgs__rosidl_typesupport_cppExport.cmake
-- Installing: /home/user/test_ws/install/create3_examples_msgs/share/create3_examples_msgs/cmake/create3_examples_msgs__rosidl_typesupport_cppExport-noconfig.cmake
-- Installing: /home/user/test_ws/install/create3_examples_msgs/share/create3_examples_msgs/cmake/export_create3_examples_msgs__rosidl_generator_pyExport.cmake
-- Installing: /home/user/test_ws/install/create3_examples_msgs/share/create3_examples_msgs/cmake/export_create3_examples_msgs__rosidl_generator_pyExport-noconfig.cmake
-- Installing: /home/user/test_ws/install/create3_examples_msgs/share/create3_examples_msgs/cmake/rosidl_cmake-extras.cmake
-- Installing: /home/user/test_ws/install/create3_examples_msgs/share/create3_examples_msgs/cmake/ament_cmake_export_dependencies-extras.cmake
-- Installing: /home/user/test_ws/install/create3_examples_msgs/share/create3_examples_msgs/cmake/ament_cmake_export_include_directories-extras.cmake
-- Installing: /home/user/test_ws/install/create3_examples_msgs/share/create3_examples_msgs/cmake/ament_cmake_export_libraries-extras.cmake
-- Installing: /home/user/test_ws/install/create3_examples_msgs/share/create3_examples_msgs/cmake/ament_cmake_export_targets-extras.cmake
-- Installing: /home/user/test_ws/install/create3_examples_msgs/share/create3_examples_msgs/cmake/rosidl_cmake_export_typesupport_targets-extras.cmake
-- Installing: /home/user/test_ws/install/create3_examples_msgs/share/create3_examples_msgs/cmake/rosidl_cmake_export_typesupport_libraries-extras.cmake
-- Installing: /home/user/test_ws/install/create3_examples_msgs/share/create3_examples_msgs/cmake/create3_examples_msgsConfig.cmake
-- Installing: /home/user/test_ws/install/create3_examples_msgs/share/create3_examples_msgs/cmake/create3_examples_msgsConfig-version.cmake
-- Installing: /home/user/test_ws/install/create3_examples_msgs/share/create3_examples_msgs/package.xml
