[0.060s] Invoking command in '/home/user/test_ws/build/create3_examples_msgs': CMAKE_PREFIX_PATH=${CMAKE_PREFIX_PATH}:/home/user/launch_ws/install/py_launch_example:/home/user/create3_examples_ws/install/create3_teleop:/home/user/create3_examples_ws/install/create3_examples_py:/home/user/sweepbot_ws/install/sweepbot:/home/user/sweepbot_ws/install/my_teleop_config:/opt/ros/humble /usr/bin/cmake --build /home/user/test_ws/build/create3_examples_msgs -- -j8 -l8
[0.966s] [35m[1mConsolidate compiler generated dependencies of target create3_examples_msgs__rosidl_generator_c[0m
[0.966s] [  9%] Built target create3_examples_msgs__rosidl_generator_c
[0.966s] [ 12%] Built target create3_examples_msgs__cpp
[0.966s] [35m[1mConsolidate compiler generated dependencies of target create3_examples_msgs__rosidl_typesupport_fastrtps_c[0m
[0.967s] [35m[1mConsolidate compiler generated dependencies of target create3_examples_msgs__rosidl_typesupport_cpp[0m
[0.967s] [35m[1mConsolidate compiler generated dependencies of target create3_examples_msgs__rosidl_typesupport_introspection_c[0m
[0.967s] [ 12%] Built target ament_cmake_python_copy_create3_examples_msgs
[0.967s] [35m[1mConsolidate compiler generated dependencies of target create3_examples_msgs__rosidl_typesupport_c[0m
[0.968s] [35m[1mConsolidate compiler generated dependencies of target create3_examples_msgs__rosidl_typesupport_fastrtps_cpp[0m
[0.968s] [35m[1mConsolidate compiler generated dependencies of target create3_examples_msgs__rosidl_typesupport_introspection_cpp[0m
[0.968s] [ 22%] Built target create3_examples_msgs__rosidl_typesupport_fastrtps_c
[0.968s] [ 32%] Built target create3_examples_msgs__rosidl_typesupport_c
[0.968s] [ 41%] Built target create3_examples_msgs__rosidl_typesupport_cpp
[0.968s] [ 51%] Built target create3_examples_msgs__rosidl_typesupport_introspection_c
[0.969s] [ 61%] Built target create3_examples_msgs__rosidl_typesupport_fastrtps_cpp
[0.969s] [ 70%] Built target create3_examples_msgs__rosidl_typesupport_introspection_cpp
[0.969s] [ 70%] Built target create3_examples_msgs
[0.969s] [ 74%] Built target create3_examples_msgs__py
[0.969s] [35m[1mConsolidate compiler generated dependencies of target create3_examples_msgs__rosidl_generator_py[0m
[0.969s] [ 80%] Built target create3_examples_msgs__rosidl_generator_py
[0.969s] [35m[1mConsolidate compiler generated dependencies of target create3_examples_msgs__rosidl_typesupport_fastrtps_c__pyext[0m
[0.969s] [35m[1mConsolidate compiler generated dependencies of target create3_examples_msgs__rosidl_typesupport_introspection_c__pyext[0m
[0.970s] [35m[1mConsolidate compiler generated dependencies of target create3_examples_msgs__rosidl_typesupport_c__pyext[0m
[0.970s] [ 87%] Built target create3_examples_msgs__rosidl_typesupport_introspection_c__pyext
[0.970s] [ 93%] Built target create3_examples_msgs__rosidl_typesupport_c__pyext
[0.970s] [100%] Built target create3_examples_msgs__rosidl_typesupport_fastrtps_c__pyext
[0.970s] running egg_info
[0.970s] writing create3_examples_msgs.egg-info/PKG-INFO
[0.971s] writing dependency_links to create3_examples_msgs.egg-info/dependency_links.txt
[0.971s] writing top-level names to create3_examples_msgs.egg-info/top_level.txt
[0.971s] reading manifest file 'create3_examples_msgs.egg-info/SOURCES.txt'
[0.971s] writing manifest file 'create3_examples_msgs.egg-info/SOURCES.txt'
[0.971s] [100%] Built target ament_cmake_python_build_create3_examples_msgs_egg
[0.996s] Invoked command in '/home/user/test_ws/build/create3_examples_msgs' returned '0': CMAKE_PREFIX_PATH=${CMAKE_PREFIX_PATH}:/home/user/launch_ws/install/py_launch_example:/home/user/create3_examples_ws/install/create3_teleop:/home/user/create3_examples_ws/install/create3_examples_py:/home/user/sweepbot_ws/install/sweepbot:/home/user/sweepbot_ws/install/my_teleop_config:/opt/ros/humble /usr/bin/cmake --build /home/user/test_ws/build/create3_examples_msgs -- -j8 -l8
[0.998s] Invoking command in '/home/user/test_ws/build/create3_examples_msgs': CMAKE_PREFIX_PATH=${CMAKE_PREFIX_PATH}:/home/user/launch_ws/install/py_launch_example:/home/user/create3_examples_ws/install/create3_teleop:/home/user/create3_examples_ws/install/create3_examples_py:/home/user/sweepbot_ws/install/sweepbot:/home/user/sweepbot_ws/install/my_teleop_config:/opt/ros/humble /usr/bin/cmake --install /home/user/test_ws/build/create3_examples_msgs
[1.021s] -- Install configuration: ""
[1.022s] -- Installing: /home/user/test_ws/install/create3_examples_msgs/share/ament_index/resource_index/rosidl_interfaces/create3_examples_msgs
[1.022s] -- Installing: /home/user/test_ws/install/create3_examples_msgs/include/create3_examples_msgs/create3_examples_msgs
[1.023s] -- Installing: /home/user/test_ws/install/create3_examples_msgs/include/create3_examples_msgs/create3_examples_msgs/msg
[1.025s] -- Installing: /home/user/test_ws/install/create3_examples_msgs/include/create3_examples_msgs/create3_examples_msgs/msg/rosidl_generator_c__visibility_control.h
[1.025s] -- Installing: /home/user/test_ws/install/create3_examples_msgs/include/create3_examples_msgs/create3_examples_msgs/action
[1.026s] -- Installing: /home/user/test_ws/install/create3_examples_msgs/include/create3_examples_msgs/create3_examples_msgs/action/coverage.h
[1.027s] -- Installing: /home/user/test_ws/install/create3_examples_msgs/include/create3_examples_msgs/create3_examples_msgs/action/detail
[1.027s] -- Installing: /home/user/test_ws/install/create3_examples_msgs/include/create3_examples_msgs/create3_examples_msgs/action/detail/coverage__functions.c
[1.028s] -- Installing: /home/user/test_ws/install/create3_examples_msgs/include/create3_examples_msgs/create3_examples_msgs/action/detail/coverage__type_support.h
[1.028s] -- Installing: /home/user/test_ws/install/create3_examples_msgs/include/create3_examples_msgs/create3_examples_msgs/action/detail/coverage__functions.h
[1.029s] -- Installing: /home/user/test_ws/install/create3_examples_msgs/include/create3_examples_msgs/create3_examples_msgs/action/detail/coverage__struct.h
[1.031s] -- Installing: /home/user/test_ws/install/create3_examples_msgs/share/create3_examples_msgs/environment/library_path.sh
[1.032s] -- Installing: /home/user/test_ws/install/create3_examples_msgs/share/create3_examples_msgs/environment/library_path.dsv
[1.034s] -- Installing: /home/user/test_ws/install/create3_examples_msgs/lib/libcreate3_examples_msgs__rosidl_generator_c.so
[1.036s] -- Set runtime path of "/home/user/test_ws/install/create3_examples_msgs/lib/libcreate3_examples_msgs__rosidl_generator_c.so" to ""
[1.039s] -- Up-to-date: /home/user/test_ws/install/create3_examples_msgs/include/create3_examples_msgs/create3_examples_msgs
[1.039s] -- Up-to-date: /home/user/test_ws/install/create3_examples_msgs/include/create3_examples_msgs/create3_examples_msgs/msg
[1.039s] -- Installing: /home/user/test_ws/install/create3_examples_msgs/include/create3_examples_msgs/create3_examples_msgs/msg/rosidl_typesupport_fastrtps_c__visibility_control.h
[1.040s] -- Up-to-date: /home/user/test_ws/install/create3_examples_msgs/include/create3_examples_msgs/create3_examples_msgs/action
[1.040s] -- Up-to-date: /home/user/test_ws/install/create3_examples_msgs/include/create3_examples_msgs/create3_examples_msgs/action/detail
[1.040s] -- Installing: /home/user/test_ws/install/create3_examples_msgs/include/create3_examples_msgs/create3_examples_msgs/action/detail/coverage__rosidl_typesupport_fastrtps_c.h
[1.040s] -- Installing: /home/user/test_ws/install/create3_examples_msgs/lib/libcreate3_examples_msgs__rosidl_typesupport_fastrtps_c.so
[1.041s] -- Set runtime path of "/home/user/test_ws/install/create3_examples_msgs/lib/libcreate3_examples_msgs__rosidl_typesupport_fastrtps_c.so" to ""
[1.041s] -- Up-to-date: /home/user/test_ws/install/create3_examples_msgs/include/create3_examples_msgs/create3_examples_msgs
[1.041s] -- Up-to-date: /home/user/test_ws/install/create3_examples_msgs/include/create3_examples_msgs/create3_examples_msgs/msg
[1.041s] -- Installing: /home/user/test_ws/install/create3_examples_msgs/include/create3_examples_msgs/create3_examples_msgs/msg/rosidl_typesupport_introspection_c__visibility_control.h
[1.042s] -- Up-to-date: /home/user/test_ws/install/create3_examples_msgs/include/create3_examples_msgs/create3_examples_msgs/action
[1.043s] -- Up-to-date: /home/user/test_ws/install/create3_examples_msgs/include/create3_examples_msgs/create3_examples_msgs/action/detail
[1.044s] -- Installing: /home/user/test_ws/install/create3_examples_msgs/include/create3_examples_msgs/create3_examples_msgs/action/detail/coverage__rosidl_typesupport_introspection_c.h
[1.044s] -- Installing: /home/user/test_ws/install/create3_examples_msgs/include/create3_examples_msgs/create3_examples_msgs/action/detail/coverage__type_support.c
[1.045s] -- Installing: /home/user/test_ws/install/create3_examples_msgs/lib/libcreate3_examples_msgs__rosidl_typesupport_introspection_c.so
[1.046s] -- Set runtime path of "/home/user/test_ws/install/create3_examples_msgs/lib/libcreate3_examples_msgs__rosidl_typesupport_introspection_c.so" to ""
[1.047s] -- Installing: /home/user/test_ws/install/create3_examples_msgs/lib/libcreate3_examples_msgs__rosidl_typesupport_c.so
[1.047s] -- Set runtime path of "/home/user/test_ws/install/create3_examples_msgs/lib/libcreate3_examples_msgs__rosidl_typesupport_c.so" to ""
[1.047s] -- Up-to-date: /home/user/test_ws/install/create3_examples_msgs/include/create3_examples_msgs/create3_examples_msgs
[1.047s] -- Up-to-date: /home/user/test_ws/install/create3_examples_msgs/include/create3_examples_msgs/create3_examples_msgs/msg
[1.047s] -- Installing: /home/user/test_ws/install/create3_examples_msgs/include/create3_examples_msgs/create3_examples_msgs/msg/rosidl_generator_cpp__visibility_control.hpp
[1.048s] -- Up-to-date: /home/user/test_ws/install/create3_examples_msgs/include/create3_examples_msgs/create3_examples_msgs/action
[1.048s] -- Installing: /home/user/test_ws/install/create3_examples_msgs/include/create3_examples_msgs/create3_examples_msgs/action/coverage.hpp
[1.049s] -- Up-to-date: /home/user/test_ws/install/create3_examples_msgs/include/create3_examples_msgs/create3_examples_msgs/action/detail
[1.049s] -- Installing: /home/user/test_ws/install/create3_examples_msgs/include/create3_examples_msgs/create3_examples_msgs/action/detail/coverage__builder.hpp
[1.049s] -- Installing: /home/user/test_ws/install/create3_examples_msgs/include/create3_examples_msgs/create3_examples_msgs/action/detail/coverage__type_support.hpp
[1.050s] -- Installing: /home/user/test_ws/install/create3_examples_msgs/include/create3_examples_msgs/create3_examples_msgs/action/detail/coverage__struct.hpp
[1.050s] -- Installing: /home/user/test_ws/install/create3_examples_msgs/include/create3_examples_msgs/create3_examples_msgs/action/detail/coverage__traits.hpp
[1.050s] -- Up-to-date: /home/user/test_ws/install/create3_examples_msgs/include/create3_examples_msgs/create3_examples_msgs
[1.051s] -- Up-to-date: /home/user/test_ws/install/create3_examples_msgs/include/create3_examples_msgs/create3_examples_msgs/msg
[1.052s] -- Installing: /home/user/test_ws/install/create3_examples_msgs/include/create3_examples_msgs/create3_examples_msgs/msg/rosidl_typesupport_fastrtps_cpp__visibility_control.h
[1.052s] -- Up-to-date: /home/user/test_ws/install/create3_examples_msgs/include/create3_examples_msgs/create3_examples_msgs/action
[1.052s] -- Up-to-date: /home/user/test_ws/install/create3_examples_msgs/include/create3_examples_msgs/create3_examples_msgs/action/detail
[1.052s] -- Installing: /home/user/test_ws/install/create3_examples_msgs/include/create3_examples_msgs/create3_examples_msgs/action/detail/coverage__rosidl_typesupport_fastrtps_cpp.hpp
[1.053s] -- Installing: /home/user/test_ws/install/create3_examples_msgs/include/create3_examples_msgs/create3_examples_msgs/action/detail/dds_fastrtps
[1.053s] -- Installing: /home/user/test_ws/install/create3_examples_msgs/lib/libcreate3_examples_msgs__rosidl_typesupport_fastrtps_cpp.so
[1.053s] -- Set runtime path of "/home/user/test_ws/install/create3_examples_msgs/lib/libcreate3_examples_msgs__rosidl_typesupport_fastrtps_cpp.so" to ""
[1.053s] -- Up-to-date: /home/user/test_ws/install/create3_examples_msgs/include/create3_examples_msgs/create3_examples_msgs
[1.054s] -- Up-to-date: /home/user/test_ws/install/create3_examples_msgs/include/create3_examples_msgs/create3_examples_msgs/action
[1.055s] -- Up-to-date: /home/user/test_ws/install/create3_examples_msgs/include/create3_examples_msgs/create3_examples_msgs/action/detail
[1.055s] -- Installing: /home/user/test_ws/install/create3_examples_msgs/include/create3_examples_msgs/create3_examples_msgs/action/detail/coverage__type_support.cpp
[1.055s] -- Installing: /home/user/test_ws/install/create3_examples_msgs/include/create3_examples_msgs/create3_examples_msgs/action/detail/coverage__rosidl_typesupport_introspection_cpp.hpp
[1.056s] -- Installing: /home/user/test_ws/install/create3_examples_msgs/lib/libcreate3_examples_msgs__rosidl_typesupport_introspection_cpp.so
[1.056s] -- Set runtime path of "/home/user/test_ws/install/create3_examples_msgs/lib/libcreate3_examples_msgs__rosidl_typesupport_introspection_cpp.so" to ""
[1.056s] -- Installing: /home/user/test_ws/install/create3_examples_msgs/lib/libcreate3_examples_msgs__rosidl_typesupport_cpp.so
[1.057s] -- Set runtime path of "/home/user/test_ws/install/create3_examples_msgs/lib/libcreate3_examples_msgs__rosidl_typesupport_cpp.so" to ""
[1.057s] -- Installing: /home/user/test_ws/install/create3_examples_msgs/share/create3_examples_msgs/environment/pythonpath.sh
[1.057s] -- Installing: /home/user/test_ws/install/create3_examples_msgs/share/create3_examples_msgs/environment/pythonpath.dsv
[1.058s] -- Installing: /home/user/test_ws/install/create3_examples_msgs/local/lib/python3.10/dist-packages/create3_examples_msgs-1.0.0-py3.10.egg-info
[1.058s] -- Installing: /home/user/test_ws/install/create3_examples_msgs/local/lib/python3.10/dist-packages/create3_examples_msgs-1.0.0-py3.10.egg-info/top_level.txt
[1.058s] -- Installing: /home/user/test_ws/install/create3_examples_msgs/local/lib/python3.10/dist-packages/create3_examples_msgs-1.0.0-py3.10.egg-info/SOURCES.txt
[1.058s] -- Installing: /home/user/test_ws/install/create3_examples_msgs/local/lib/python3.10/dist-packages/create3_examples_msgs-1.0.0-py3.10.egg-info/dependency_links.txt
[1.059s] -- Installing: /home/user/test_ws/install/create3_examples_msgs/local/lib/python3.10/dist-packages/create3_examples_msgs-1.0.0-py3.10.egg-info/PKG-INFO
[1.060s] -- Installing: /home/user/test_ws/install/create3_examples_msgs/local/lib/python3.10/dist-packages/create3_examples_msgs
[1.060s] -- Installing: /home/user/test_ws/install/create3_examples_msgs/local/lib/python3.10/dist-packages/create3_examples_msgs/create3_examples_msgs_s__rosidl_typesupport_c.cpython-310-x86_64-linux-gnu.so
[1.060s] -- Installing: /home/user/test_ws/install/create3_examples_msgs/local/lib/python3.10/dist-packages/create3_examples_msgs/create3_examples_msgs_s__rosidl_typesupport_fastrtps_c.cpython-310-x86_64-linux-gnu.so
[1.061s] -- Installing: /home/user/test_ws/install/create3_examples_msgs/local/lib/python3.10/dist-packages/create3_examples_msgs/_create3_examples_msgs_s.ep.rosidl_typesupport_introspection_c.c
[1.061s] -- Installing: /home/user/test_ws/install/create3_examples_msgs/local/lib/python3.10/dist-packages/create3_examples_msgs/libcreate3_examples_msgs__rosidl_generator_py.so
[1.061s] -- Installing: /home/user/test_ws/install/create3_examples_msgs/local/lib/python3.10/dist-packages/create3_examples_msgs/create3_examples_msgs_s__rosidl_typesupport_introspection_c.cpython-310-x86_64-linux-gnu.so
[1.062s] -- Installing: /home/user/test_ws/install/create3_examples_msgs/local/lib/python3.10/dist-packages/create3_examples_msgs/__init__.py
[1.062s] -- Installing: /home/user/test_ws/install/create3_examples_msgs/local/lib/python3.10/dist-packages/create3_examples_msgs/_create3_examples_msgs_s.ep.rosidl_typesupport_c.c
[1.062s] -- Installing: /home/user/test_ws/install/create3_examples_msgs/local/lib/python3.10/dist-packages/create3_examples_msgs/action
[1.062s] -- Installing: /home/user/test_ws/install/create3_examples_msgs/local/lib/python3.10/dist-packages/create3_examples_msgs/action/_coverage_s.c
[1.063s] -- Installing: /home/user/test_ws/install/create3_examples_msgs/local/lib/python3.10/dist-packages/create3_examples_msgs/action/_coverage.py
[1.063s] -- Installing: /home/user/test_ws/install/create3_examples_msgs/local/lib/python3.10/dist-packages/create3_examples_msgs/action/__init__.py
[1.063s] -- Installing: /home/user/test_ws/install/create3_examples_msgs/local/lib/python3.10/dist-packages/create3_examples_msgs/_create3_examples_msgs_s.ep.rosidl_typesupport_fastrtps_c.c
[1.119s] Listing '/home/user/test_ws/install/create3_examples_msgs/local/lib/python3.10/dist-packages/create3_examples_msgs'...
[1.119s] Compiling '/home/user/test_ws/install/create3_examples_msgs/local/lib/python3.10/dist-packages/create3_examples_msgs/__init__.py'...
[1.119s] Listing '/home/user/test_ws/install/create3_examples_msgs/local/lib/python3.10/dist-packages/create3_examples_msgs/action'...
[1.119s] Compiling '/home/user/test_ws/install/create3_examples_msgs/local/lib/python3.10/dist-packages/create3_examples_msgs/action/__init__.py'...
[1.119s] Compiling '/home/user/test_ws/install/create3_examples_msgs/local/lib/python3.10/dist-packages/create3_examples_msgs/action/_coverage.py'...
[1.129s] -- Installing: /home/user/test_ws/install/create3_examples_msgs/local/lib/python3.10/dist-packages/create3_examples_msgs/create3_examples_msgs_s__rosidl_typesupport_fastrtps_c.cpython-310-x86_64-linux-gnu.so
[1.130s] -- Set runtime path of "/home/user/test_ws/install/create3_examples_msgs/local/lib/python3.10/dist-packages/create3_examples_msgs/create3_examples_msgs_s__rosidl_typesupport_fastrtps_c.cpython-310-x86_64-linux-gnu.so" to ""
[1.131s] -- Installing: /home/user/test_ws/install/create3_examples_msgs/local/lib/python3.10/dist-packages/create3_examples_msgs/create3_examples_msgs_s__rosidl_typesupport_introspection_c.cpython-310-x86_64-linux-gnu.so
[1.131s] -- Set runtime path of "/home/user/test_ws/install/create3_examples_msgs/local/lib/python3.10/dist-packages/create3_examples_msgs/create3_examples_msgs_s__rosidl_typesupport_introspection_c.cpython-310-x86_64-linux-gnu.so" to ""
[1.132s] -- Installing: /home/user/test_ws/install/create3_examples_msgs/local/lib/python3.10/dist-packages/create3_examples_msgs/create3_examples_msgs_s__rosidl_typesupport_c.cpython-310-x86_64-linux-gnu.so
[1.133s] -- Set runtime path of "/home/user/test_ws/install/create3_examples_msgs/local/lib/python3.10/dist-packages/create3_examples_msgs/create3_examples_msgs_s__rosidl_typesupport_c.cpython-310-x86_64-linux-gnu.so" to ""
[1.133s] -- Installing: /home/user/test_ws/install/create3_examples_msgs/lib/libcreate3_examples_msgs__rosidl_generator_py.so
[1.133s] -- Set runtime path of "/home/user/test_ws/install/create3_examples_msgs/lib/libcreate3_examples_msgs__rosidl_generator_py.so" to ""
[1.133s] -- Installing: /home/user/test_ws/install/create3_examples_msgs/share/create3_examples_msgs/action/Coverage.idl
[1.134s] -- Installing: /home/user/test_ws/install/create3_examples_msgs/share/create3_examples_msgs/action/Coverage.action
[1.134s] -- Installing: /home/user/test_ws/install/create3_examples_msgs/share/ament_index/resource_index/package_run_dependencies/create3_examples_msgs
[1.136s] -- Installing: /home/user/test_ws/install/create3_examples_msgs/share/ament_index/resource_index/parent_prefix_path/create3_examples_msgs
[1.137s] -- Installing: /home/user/test_ws/install/create3_examples_msgs/share/create3_examples_msgs/environment/ament_prefix_path.sh
[1.137s] -- Installing: /home/user/test_ws/install/create3_examples_msgs/share/create3_examples_msgs/environment/ament_prefix_path.dsv
[1.137s] -- Installing: /home/user/test_ws/install/create3_examples_msgs/share/create3_examples_msgs/environment/path.sh
[1.137s] -- Installing: /home/user/test_ws/install/create3_examples_msgs/share/create3_examples_msgs/environment/path.dsv
[1.137s] -- Installing: /home/user/test_ws/install/create3_examples_msgs/share/create3_examples_msgs/local_setup.bash
[1.137s] -- Installing: /home/user/test_ws/install/create3_examples_msgs/share/create3_examples_msgs/local_setup.sh
[1.138s] -- Installing: /home/user/test_ws/install/create3_examples_msgs/share/create3_examples_msgs/local_setup.zsh
[1.138s] -- Installing: /home/user/test_ws/install/create3_examples_msgs/share/create3_examples_msgs/local_setup.dsv
[1.138s] -- Installing: /home/user/test_ws/install/create3_examples_msgs/share/create3_examples_msgs/package.dsv
[1.139s] -- Installing: /home/user/test_ws/install/create3_examples_msgs/share/ament_index/resource_index/packages/create3_examples_msgs
[1.140s] -- Installing: /home/user/test_ws/install/create3_examples_msgs/share/create3_examples_msgs/cmake/export_create3_examples_msgs__rosidl_generator_cExport.cmake
[1.141s] -- Installing: /home/user/test_ws/install/create3_examples_msgs/share/create3_examples_msgs/cmake/export_create3_examples_msgs__rosidl_generator_cExport-noconfig.cmake
[1.141s] -- Installing: /home/user/test_ws/install/create3_examples_msgs/share/create3_examples_msgs/cmake/export_create3_examples_msgs__rosidl_typesupport_fastrtps_cExport.cmake
[1.141s] -- Installing: /home/user/test_ws/install/create3_examples_msgs/share/create3_examples_msgs/cmake/export_create3_examples_msgs__rosidl_typesupport_fastrtps_cExport-noconfig.cmake
[1.141s] -- Installing: /home/user/test_ws/install/create3_examples_msgs/share/create3_examples_msgs/cmake/create3_examples_msgs__rosidl_typesupport_introspection_cExport.cmake
[1.141s] -- Installing: /home/user/test_ws/install/create3_examples_msgs/share/create3_examples_msgs/cmake/create3_examples_msgs__rosidl_typesupport_introspection_cExport-noconfig.cmake
[1.143s] -- Installing: /home/user/test_ws/install/create3_examples_msgs/share/create3_examples_msgs/cmake/create3_examples_msgs__rosidl_typesupport_cExport.cmake
[1.143s] -- Installing: /home/user/test_ws/install/create3_examples_msgs/share/create3_examples_msgs/cmake/create3_examples_msgs__rosidl_typesupport_cExport-noconfig.cmake
[1.144s] -- Installing: /home/user/test_ws/install/create3_examples_msgs/share/create3_examples_msgs/cmake/export_create3_examples_msgs__rosidl_generator_cppExport.cmake
[1.144s] -- Installing: /home/user/test_ws/install/create3_examples_msgs/share/create3_examples_msgs/cmake/export_create3_examples_msgs__rosidl_typesupport_fastrtps_cppExport.cmake
[1.145s] -- Installing: /home/user/test_ws/install/create3_examples_msgs/share/create3_examples_msgs/cmake/export_create3_examples_msgs__rosidl_typesupport_fastrtps_cppExport-noconfig.cmake
[1.145s] -- Installing: /home/user/test_ws/install/create3_examples_msgs/share/create3_examples_msgs/cmake/create3_examples_msgs__rosidl_typesupport_introspection_cppExport.cmake
[1.147s] -- Installing: /home/user/test_ws/install/create3_examples_msgs/share/create3_examples_msgs/cmake/create3_examples_msgs__rosidl_typesupport_introspection_cppExport-noconfig.cmake
[1.147s] -- Installing: /home/user/test_ws/install/create3_examples_msgs/share/create3_examples_msgs/cmake/create3_examples_msgs__rosidl_typesupport_cppExport.cmake
[1.147s] -- Installing: /home/user/test_ws/install/create3_examples_msgs/share/create3_examples_msgs/cmake/create3_examples_msgs__rosidl_typesupport_cppExport-noconfig.cmake
[1.147s] -- Installing: /home/user/test_ws/install/create3_examples_msgs/share/create3_examples_msgs/cmake/export_create3_examples_msgs__rosidl_generator_pyExport.cmake
[1.148s] -- Installing: /home/user/test_ws/install/create3_examples_msgs/share/create3_examples_msgs/cmake/export_create3_examples_msgs__rosidl_generator_pyExport-noconfig.cmake
[1.149s] -- Installing: /home/user/test_ws/install/create3_examples_msgs/share/create3_examples_msgs/cmake/rosidl_cmake-extras.cmake
[1.149s] -- Installing: /home/user/test_ws/install/create3_examples_msgs/share/create3_examples_msgs/cmake/ament_cmake_export_dependencies-extras.cmake
[1.149s] -- Installing: /home/user/test_ws/install/create3_examples_msgs/share/create3_examples_msgs/cmake/ament_cmake_export_include_directories-extras.cmake
[1.149s] -- Installing: /home/user/test_ws/install/create3_examples_msgs/share/create3_examples_msgs/cmake/ament_cmake_export_libraries-extras.cmake
[1.150s] -- Installing: /home/user/test_ws/install/create3_examples_msgs/share/create3_examples_msgs/cmake/ament_cmake_export_targets-extras.cmake
[1.150s] -- Installing: /home/user/test_ws/install/create3_examples_msgs/share/create3_examples_msgs/cmake/rosidl_cmake_export_typesupport_targets-extras.cmake
[1.150s] -- Installing: /home/user/test_ws/install/create3_examples_msgs/share/create3_examples_msgs/cmake/rosidl_cmake_export_typesupport_libraries-extras.cmake
[1.152s] -- Installing: /home/user/test_ws/install/create3_examples_msgs/share/create3_examples_msgs/cmake/create3_examples_msgsConfig.cmake
[1.153s] -- Installing: /home/user/test_ws/install/create3_examples_msgs/share/create3_examples_msgs/cmake/create3_examples_msgsConfig-version.cmake
[1.153s] -- Installing: /home/user/test_ws/install/create3_examples_msgs/share/create3_examples_msgs/package.xml
