[1.248s] Invoking command in '/home/user/test_ws/build/generic_motor_driver': CMAKE_PREFIX_PATH=${CMAKE_PREFIX_PATH}:/home/user/launch_ws/install/py_launch_example:/home/user/create3_examples_ws/install/create3_teleop:/home/user/create3_examples_ws/install/create3_examples_py:/home/user/sweepbot_ws/install/sweepbot:/home/user/sweepbot_ws/install/my_teleop_config:/opt/ros/humble /usr/bin/cmake --build /home/user/test_ws/build/generic_motor_driver -- -j8 -l8
[1.339s] -- Found ament_cmake: 1.3.11 (/opt/ros/humble/share/ament_cmake/cmake)
[1.671s] -- Found diagnostic_msgs: 4.9.0 (/opt/ros/humble/share/diagnostic_msgs/cmake)
[1.788s] -- Found rosidl_generator_c: 3.1.6 (/opt/ros/humble/share/rosidl_generator_c/cmake)
[1.803s] -- Found rosidl_adapter: 3.1.6 (/opt/ros/humble/share/rosidl_adapter/cmake)
[1.834s] -- Found rosidl_generator_cpp: 3.1.6 (/opt/ros/humble/share/rosidl_generator_cpp/cmake)
[1.895s] -- Using all available rosidl_typesupport_c: rosidl_typesupport_fastrtps_c;rosidl_typesupport_introspection_c
[1.952s] -- Using all available rosidl_typesupport_cpp: rosidl_typesupport_fastrtps_cpp;rosidl_typesupport_introspection_cpp
[2.179s] -- Found diagnostic_updater: 4.0.6 (/opt/ros/humble/share/diagnostic_updater/cmake)
[2.323s] -- Found rmw_implementation_cmake: 6.1.2 (/opt/ros/humble/share/rmw_implementation_cmake/cmake)
[2.332s] -- Found rmw_cyclonedds_cpp: 1.3.4 (/opt/ros/humble/share/rmw_cyclonedds_cpp/cmake)
[2.437s] -- Using RMW implementation 'rmw_cyclonedds_cpp' as default
[2.681s] -- Found geometry_msgs: 4.9.0 (/opt/ros/humble/share/geometry_msgs/cmake)
[2.759s] -- Found nav_msgs: 4.9.0 (/opt/ros/humble/share/nav_msgs/cmake)
[2.840s] -- Found sensor_msgs: 4.9.0 (/opt/ros/humble/share/sensor_msgs/cmake)
[2.929s] -- Found tf2_geometry_msgs: 0.25.13 (/opt/ros/humble/share/tf2_geometry_msgs/cmake)
[2.943s] -- Found eigen3_cmake_module: 0.1.1 (/opt/ros/humble/share/eigen3_cmake_module/cmake)
[2.953s] -- Ensuring Eigen3 include directory is part of orocos-kdl CMake target
[3.404s] -- Found ament_lint_auto: 0.12.14 (/opt/ros/humble/share/ament_lint_auto/cmake)
[3.685s] -- Added test 'copyright' to check source files copyright and LICENSE
[3.742s] -- Added test 'cppcheck' to perform static code analysis on C / C++ code
[3.742s] -- Configured cppcheck include dirs: /home/user/test_ws/src/create_robot/create_driver/include
[3.742s] -- Configured cppcheck exclude dirs and/or files: 
[3.779s] -- Added test 'cpplint' to check C / C++ code against the Google style
[3.780s] -- Configured cpplint exclude dirs and/or files: 
[3.784s] -- Added test 'flake8' to check Python code syntax and style conventions
[3.791s] -- Added test 'lint_cmake' to check CMake code style
[3.794s] -- Added test 'pep257' to check Python code against some of the docstring style conventions in PEP 257
[3.819s] -- Added test 'uncrustify' to check C / C++ code style
[3.819s] -- Configured uncrustify additional arguments: 
[3.819s] -- Added test 'xmllint' to check XML markup files
[3.825s] -- Configuring done
[3.875s] -- Generating done
[3.898s] -- Build files have been written to: /home/user/test_ws/build/generic_motor_driver
[3.999s] [35m[1mConsolidate compiler generated dependencies of target generic_motor_driver[0m
[4.065s] [100%] Built target generic_motor_driver
