[0.066s] Invoking command in '/home/user/test_ws/build/create3_coverage': CMAKE_PREFIX_PATH=/home/user/test_ws/install/create3_examples_msgs:/home/user/test_ws/src/create_robot/install/generic_motor_driver:/home/user/test_ws/src/create_robot/install/create_robot:/home/user/test_ws/src/create_robot/install/create_msgs:/home/user/test_ws/src/create_robot/install/create_bringup:/home/user/test_ws/src/create_robot/install/create_description:/home/user/test_ws/install/generic_motor_driver:/home/user/test_ws/install/create_description:/home/user/test_ws/install/create3_lidar_slam:/home/user/create3_examples_ws/install/create3_republisher:/home/user/create3_examples_ws/install/create3_lidar_slam:/home/user/create3_examples_ws/install/create3_coverage:/home/user/create3_examples_ws/install/create3_examples_msgs:/home/user/create_ws/install/create_robot:/home/user/create_ws/install/create_bringup:/home/user/create_ws/install/create_driver:/home/user/create_ws/install/libcreate:/home/user/create_ws/install/create_msgs:/home/user/create_ws/install/create_description:/home/user/launch_ws/install/py_launch_example:/home/user/create3_examples_ws/install/create3_teleop:/home/user/create3_examples_ws/install/create3_examples_py:/home/user/sweepbot_ws/install/sweepbot:/home/user/sweepbot_ws/install/my_teleop_config:/opt/ros/humble LD_LIBRARY_PATH=/home/user/test_ws/install/create3_examples_msgs/lib:/home/user/test_ws/src/create_robot/install/create_msgs/lib:/home/user/create3_examples_ws/install/create3_coverage/lib:/home/user/create3_examples_ws/install/create3_examples_msgs/lib:/home/user/create_ws/install/libcreate/lib:/home/user/create_ws/install/create_msgs/lib:/usr/lib/x86_64-linux-gnu/gazebo-11/plugins:/opt/ros/humble/opt/rviz_ogre_vendor/lib:/opt/ros/humble/lib/x86_64-linux-gnu:/opt/ros/humble/lib:/usr/lib/x86_64-linux-gnu/gazebo-11/plugins /usr/bin/cmake /home/user/test_ws/src/create3_examples/create3_coverage -DCMAKE_INSTALL_PREFIX=/home/user/test_ws/install/create3_coverage
[0.137s] -- The C compiler identification is GNU 11.4.0
[0.213s] -- The CXX compiler identification is GNU 11.4.0
[0.225s] -- Detecting C compiler ABI info
[0.308s] -- Detecting C compiler ABI info - done
[0.324s] -- Check for working C compiler: /usr/bin/cc - skipped
[0.325s] -- Detecting C compile features
[0.326s] -- Detecting C compile features - done
[0.331s] -- Detecting CXX compiler ABI info
[0.434s] -- Detecting CXX compiler ABI info - done
[0.451s] -- Check for working CXX compiler: /usr/bin/c++ - skipped
[0.451s] -- Detecting CXX compile features
[0.452s] -- Detecting CXX compile features - done
[0.461s] -- Found ament_cmake: 1.3.11 (/opt/ros/humble/share/ament_cmake/cmake)
[0.667s] -- Found Python3: /usr/bin/python3 (found version "3.10.12") found components: Interpreter 
[0.837s] -- Found create3_examples_msgs: 1.0.0 (/home/user/test_ws/install/create3_examples_msgs/share/create3_examples_msgs/cmake)
[0.921s] -- Found rosidl_generator_c: 3.1.6 (/opt/ros/humble/share/rosidl_generator_c/cmake)
[0.934s] -- Found rosidl_adapter: 3.1.6 (/opt/ros/humble/share/rosidl_adapter/cmake)
[0.951s] -- Found rosidl_generator_cpp: 3.1.6 (/opt/ros/humble/share/rosidl_generator_cpp/cmake)
[0.973s] -- Using all available rosidl_typesupport_c: rosidl_typesupport_fastrtps_c;rosidl_typesupport_introspection_c
[1.002s] -- Using all available rosidl_typesupport_cpp: rosidl_typesupport_fastrtps_cpp;rosidl_typesupport_introspection_cpp
[1.083s] -- Found geometry_msgs: 4.9.0 (/opt/ros/humble/share/geometry_msgs/cmake)
[1.133s] [31mCMake Error at CMakeLists.txt:22 (find_package):
[1.133s]   By not providing "Findirobot_create_msgs.cmake" in CMAKE_MODULE_PATH this
[1.133s]   project has asked CMake to find a package configuration file provided by
[1.133s]   "irobot_create_msgs", but CMake did not find one.
[1.133s] 
[1.133s]   Could not find a package configuration file provided by
[1.133s]   "irobot_create_msgs" with any of the following names:
[1.134s] 
[1.134s]     irobot_create_msgsConfig.cmake
[1.134s]     irobot_create_msgs-config.cmake
[1.134s] 
[1.134s]   Add the installation prefix of "irobot_create_msgs" to CMAKE_PREFIX_PATH or
[1.134s]   set "irobot_create_msgs_DIR" to a directory containing one of the above
[1.134s]   files.  If "irobot_create_msgs" provides a separate development package or
[1.134s]   SDK, be sure it has been installed.
[1.134s] 
[1.135s] [0m
[1.135s] -- Configuring incomplete, errors occurred!
[1.135s] See also "/home/user/test_ws/build/create3_coverage/CMakeFiles/CMakeOutput.log".
[1.140s] Invoked command in '/home/user/test_ws/build/create3_coverage' returned '1': CMAKE_PREFIX_PATH=/home/user/test_ws/install/create3_examples_msgs:/home/user/test_ws/src/create_robot/install/generic_motor_driver:/home/user/test_ws/src/create_robot/install/create_robot:/home/user/test_ws/src/create_robot/install/create_msgs:/home/user/test_ws/src/create_robot/install/create_bringup:/home/user/test_ws/src/create_robot/install/create_description:/home/user/test_ws/install/generic_motor_driver:/home/user/test_ws/install/create_description:/home/user/test_ws/install/create3_lidar_slam:/home/user/create3_examples_ws/install/create3_republisher:/home/user/create3_examples_ws/install/create3_lidar_slam:/home/user/create3_examples_ws/install/create3_coverage:/home/user/create3_examples_ws/install/create3_examples_msgs:/home/user/create_ws/install/create_robot:/home/user/create_ws/install/create_bringup:/home/user/create_ws/install/create_driver:/home/user/create_ws/install/libcreate:/home/user/create_ws/install/create_msgs:/home/user/create_ws/install/create_description:/home/user/launch_ws/install/py_launch_example:/home/user/create3_examples_ws/install/create3_teleop:/home/user/create3_examples_ws/install/create3_examples_py:/home/user/sweepbot_ws/install/sweepbot:/home/user/sweepbot_ws/install/my_teleop_config:/opt/ros/humble LD_LIBRARY_PATH=/home/user/test_ws/install/create3_examples_msgs/lib:/home/user/test_ws/src/create_robot/install/create_msgs/lib:/home/user/create3_examples_ws/install/create3_coverage/lib:/home/user/create3_examples_ws/install/create3_examples_msgs/lib:/home/user/create_ws/install/libcreate/lib:/home/user/create_ws/install/create_msgs/lib:/usr/lib/x86_64-linux-gnu/gazebo-11/plugins:/opt/ros/humble/opt/rviz_ogre_vendor/lib:/opt/ros/humble/lib/x86_64-linux-gnu:/opt/ros/humble/lib:/usr/lib/x86_64-linux-gnu/gazebo-11/plugins /usr/bin/cmake /home/user/test_ws/src/create3_examples/create3_coverage -DCMAKE_INSTALL_PREFIX=/home/user/test_ws/install/create3_coverage
