[0.055s] Invoking command in '/home/user/test_ws/build/create_description': CMAKE_PREFIX_PATH=${CMAKE_PREFIX_PATH}:/home/user/launch_ws/install/py_launch_example:/home/user/create3_examples_ws/install/create3_teleop:/home/user/create3_examples_ws/install/create3_examples_py:/home/user/sweepbot_ws/install/sweepbot:/home/user/sweepbot_ws/install/my_teleop_config:/opt/ros/humble /usr/bin/cmake /home/user/test_ws/src/create_robot/create_description -DCMAKE_INSTALL_PREFIX=/home/user/test_ws/install/create_description
[0.628s] -- The C compiler identification is GNU 11.4.0
[0.629s] -- The CXX compiler identification is GNU 11.4.0
[0.629s] -- Detecting C compiler ABI info
[0.630s] -- Detecting C compiler ABI info - done
[0.630s] -- Check for working C compiler: /usr/bin/cc - skipped
[0.630s] -- Detecting C compile features
[0.630s] -- Detecting C compile features - done
[0.630s] -- Detecting CXX compiler ABI info
[0.630s] -- Detecting CXX compiler ABI info - done
[0.630s] -- Check for working CXX compiler: /usr/bin/c++ - skipped
[0.631s] -- Detecting CXX compile features
[0.631s] -- Detecting CXX compile features - done
[0.631s] -- Found ament_cmake: 1.3.11 (/opt/ros/humble/share/ament_cmake/cmake)
[0.660s] -- Found Python3: /usr/bin/python3 (found version "3.10.12") found components: Interpreter 
[0.953s] -- Configuring done
[0.957s] -- Generating done
[0.960s] -- Build files have been written to: /home/user/test_ws/build/create_description
[1.194s] Invoked command in '/home/user/test_ws/build/create_description' returned '0': CMAKE_PREFIX_PATH=${CMAKE_PREFIX_PATH}:/home/user/launch_ws/install/py_launch_example:/home/user/create3_examples_ws/install/create3_teleop:/home/user/create3_examples_ws/install/create3_examples_py:/home/user/sweepbot_ws/install/sweepbot:/home/user/sweepbot_ws/install/my_teleop_config:/opt/ros/humble /usr/bin/cmake /home/user/test_ws/src/create_robot/create_description -DCMAKE_INSTALL_PREFIX=/home/user/test_ws/install/create_description
[1.197s] Invoking command in '/home/user/test_ws/build/create_description': CMAKE_PREFIX_PATH=${CMAKE_PREFIX_PATH}:/home/user/launch_ws/install/py_launch_example:/home/user/create3_examples_ws/install/create3_teleop:/home/user/create3_examples_ws/install/create3_examples_py:/home/user/sweepbot_ws/install/sweepbot:/home/user/sweepbot_ws/install/my_teleop_config:/opt/ros/humble /usr/bin/cmake --build /home/user/test_ws/build/create_description -- -j8 -l8
[1.263s] Invoked command in '/home/user/test_ws/build/create_description' returned '0': CMAKE_PREFIX_PATH=${CMAKE_PREFIX_PATH}:/home/user/launch_ws/install/py_launch_example:/home/user/create3_examples_ws/install/create3_teleop:/home/user/create3_examples_ws/install/create3_examples_py:/home/user/sweepbot_ws/install/sweepbot:/home/user/sweepbot_ws/install/my_teleop_config:/opt/ros/humble /usr/bin/cmake --build /home/user/test_ws/build/create_description -- -j8 -l8
[1.279s] Invoking command in '/home/user/test_ws/build/create_description': CMAKE_PREFIX_PATH=${CMAKE_PREFIX_PATH}:/home/user/launch_ws/install/py_launch_example:/home/user/create3_examples_ws/install/create3_teleop:/home/user/create3_examples_ws/install/create3_examples_py:/home/user/sweepbot_ws/install/sweepbot:/home/user/sweepbot_ws/install/my_teleop_config:/opt/ros/humble /usr/bin/cmake --install /home/user/test_ws/build/create_description
[1.292s] -- Install configuration: ""
[1.292s] -- Installing: /home/user/test_ws/install/create_description/share/create_description/launch
[1.292s] -- Installing: /home/user/test_ws/install/create_description/share/create_description/launch/create_1.launch
[1.292s] -- Installing: /home/user/test_ws/install/create_description/share/create_description/launch/roomba_400.launch
[1.293s] -- Installing: /home/user/test_ws/install/create_description/share/create_description/launch/create_2.launch
[1.293s] -- Installing: /home/user/test_ws/install/create_description/share/create_description/meshes
[1.293s] -- Installing: /home/user/test_ws/install/create_description/share/create_description/meshes/create_2.dae
[1.293s] -- Installing: /home/user/test_ws/install/create_description/share/create_description/meshes/create_1.dae
[1.295s] -- Installing: /home/user/test_ws/install/create_description/share/create_description/meshes/create_1.tga
[1.295s] -- Installing: /home/user/test_ws/install/create_description/share/create_description/urdf
[1.296s] -- Installing: /home/user/test_ws/install/create_description/share/create_description/urdf/create_base_gazebo.urdf.xacro
[1.296s] -- Installing: /home/user/test_ws/install/create_description/share/create_description/urdf/create_base.urdf.xacro
[1.296s] -- Installing: /home/user/test_ws/install/create_description/share/create_description/urdf/create_2_gazebo.urdf.xacro
[1.296s] -- Installing: /home/user/test_ws/install/create_description/share/create_description/urdf/create_1.urdf.xacro
[1.296s] -- Installing: /home/user/test_ws/install/create_description/share/create_description/urdf/create_1_gazebo.urdf.xacro
[1.297s] -- Installing: /home/user/test_ws/install/create_description/share/create_description/urdf/create_2.urdf.xacro
[1.297s] -- Installing: /home/user/test_ws/install/create_description/share/ament_index/resource_index/package_run_dependencies/create_description
[1.297s] -- Installing: /home/user/test_ws/install/create_description/share/ament_index/resource_index/parent_prefix_path/create_description
[1.297s] -- Installing: /home/user/test_ws/install/create_description/share/create_description/environment/ament_prefix_path.sh
[1.298s] -- Installing: /home/user/test_ws/install/create_description/share/create_description/environment/ament_prefix_path.dsv
[1.298s] -- Installing: /home/user/test_ws/install/create_description/share/create_description/environment/path.sh
[1.298s] -- Installing: /home/user/test_ws/install/create_description/share/create_description/environment/path.dsv
[1.298s] -- Installing: /home/user/test_ws/install/create_description/share/create_description/local_setup.bash
[1.298s] -- Installing: /home/user/test_ws/install/create_description/share/create_description/local_setup.sh
[1.299s] -- Installing: /home/user/test_ws/install/create_description/share/create_description/local_setup.zsh
[1.299s] -- Installing: /home/user/test_ws/install/create_description/share/create_description/local_setup.dsv
[1.299s] -- Installing: /home/user/test_ws/install/create_description/share/create_description/package.dsv
[1.299s] -- Installing: /home/user/test_ws/install/create_description/share/ament_index/resource_index/packages/create_description
[1.300s] -- Installing: /home/user/test_ws/install/create_description/share/create_description/cmake/create_descriptionConfig.cmake
[1.300s] -- Installing: /home/user/test_ws/install/create_description/share/create_description/cmake/create_descriptionConfig-version.cmake
[1.300s] -- Installing: /home/user/test_ws/install/create_description/share/create_description/package.xml
[1.303s] Invoked command in '/home/user/test_ws/build/create_description' returned '0': CMAKE_PREFIX_PATH=${CMAKE_PREFIX_PATH}:/home/user/launch_ws/install/py_launch_example:/home/user/create3_examples_ws/install/create3_teleop:/home/user/create3_examples_ws/install/create3_examples_py:/home/user/sweepbot_ws/install/sweepbot:/home/user/sweepbot_ws/install/my_teleop_config:/opt/ros/humble /usr/bin/cmake --install /home/user/test_ws/build/create_description
