[0.168s] DEBUG:colcon:Command line arguments: ['/usr/bin/colcon', 'build', '--packages-select', 'generic_motor_driver']
[0.169s] DEBUG:colcon:Parsed command line arguments: Namespace(log_base=None, log_level=None, verb_name='build', build_base='build', install_base='install', merge_install=False, symlink_install=False, test_result_base=None, continue_on_error=False, executor='parallel', parallel_workers=8, event_handlers=None, ignore_user_meta=False, metas=['./colcon.meta'], base_paths=['.'], packages_ignore=None, packages_ignore_regex=None, paths=None, packages_up_to=None, packages_up_to_regex=None, packages_above=None, packages_above_and_dependencies=None, packages_above_depth=None, packages_select_by_dep=None, packages_skip_by_dep=None, packages_skip_up_to=None, packages_select_build_failed=False, packages_skip_build_finished=False, packages_select_test_failures=False, packages_skip_test_passed=False, packages_select=['generic_motor_driver'], packages_skip=None, packages_select_regex=None, packages_skip_regex=None, packages_start=None, packages_end=None, allow_overriding=[], cmake_args=None, cmake_target=None, cmake_target_skip_unavailable=False, cmake_clean_cache=False, cmake_clean_first=False, cmake_force_configure=False, ament_cmake_args=None, catkin_cmake_args=None, catkin_skip_building_tests=False, verb_parser=<colcon_defaults.argument_parser.defaults.DefaultArgumentsDecorator object at 0x7c61e340b130>, verb_extension=<colcon_core.verb.build.BuildVerb object at 0x7c61e3594070>, main=<bound method BuildVerb.main of <colcon_core.verb.build.BuildVerb object at 0x7c61e3594070>>)
[0.463s] Level 1:colcon.colcon_core.package_discovery:discover_packages(colcon_meta) check parameters
[0.464s] Level 1:colcon.colcon_core.package_discovery:discover_packages(recursive) check parameters
[0.464s] Level 1:colcon.colcon_core.package_discovery:discover_packages(ignore) check parameters
[0.464s] Level 1:colcon.colcon_core.package_discovery:discover_packages(path) check parameters
[0.464s] Level 1:colcon.colcon_core.package_discovery:discover_packages(colcon_meta) discover
[0.464s] Level 1:colcon.colcon_core.package_discovery:discover_packages(recursive) discover
[0.464s] INFO:colcon.colcon_core.package_discovery:Crawling recursively for packages in '/home/user/test_ws'
[0.464s] Level 1:colcon.colcon_core.package_identification:_identify(.) by extensions ['ignore', 'ignore_ament_install']
[0.464s] Level 1:colcon.colcon_core.package_identification:_identify(.) by extension 'ignore'
[0.464s] Level 1:colcon.colcon_core.package_identification:_identify(.) by extension 'ignore_ament_install'
[0.464s] Level 1:colcon.colcon_core.package_identification:_identify(.) by extensions ['colcon_pkg']
[0.464s] Level 1:colcon.colcon_core.package_identification:_identify(.) by extension 'colcon_pkg'
[0.464s] Level 1:colcon.colcon_core.package_identification:_identify(.) by extensions ['colcon_meta']
[0.464s] Level 1:colcon.colcon_core.package_identification:_identify(.) by extension 'colcon_meta'
[0.464s] Level 1:colcon.colcon_core.package_identification:_identify(.) by extensions ['ros']
[0.464s] Level 1:colcon.colcon_core.package_identification:_identify(.) by extension 'ros'
[0.480s] Level 1:colcon.colcon_core.package_identification:_identify(.) by extensions ['cmake', 'python']
[0.480s] Level 1:colcon.colcon_core.package_identification:_identify(.) by extension 'cmake'
[0.480s] Level 1:colcon.colcon_core.package_identification:_identify(.) by extension 'python'
[0.480s] Level 1:colcon.colcon_core.package_identification:_identify(.) by extensions ['python_setup_py']
[0.480s] Level 1:colcon.colcon_core.package_identification:_identify(.) by extension 'python_setup_py'
[0.481s] Level 1:colcon.colcon_core.package_identification:_identify(build) by extensions ['ignore', 'ignore_ament_install']
[0.481s] Level 1:colcon.colcon_core.package_identification:_identify(build) by extension 'ignore'
[0.481s] Level 1:colcon.colcon_core.package_identification:_identify(build) ignored
[0.481s] Level 1:colcon.colcon_core.package_identification:_identify(install) by extensions ['ignore', 'ignore_ament_install']
[0.481s] Level 1:colcon.colcon_core.package_identification:_identify(install) by extension 'ignore'
[0.481s] Level 1:colcon.colcon_core.package_identification:_identify(install) ignored
[0.482s] Level 1:colcon.colcon_core.package_identification:_identify(log) by extensions ['ignore', 'ignore_ament_install']
[0.482s] Level 1:colcon.colcon_core.package_identification:_identify(log) by extension 'ignore'
[0.482s] Level 1:colcon.colcon_core.package_identification:_identify(log) ignored
[0.482s] Level 1:colcon.colcon_core.package_identification:_identify(src) by extensions ['ignore', 'ignore_ament_install']
[0.482s] Level 1:colcon.colcon_core.package_identification:_identify(src) by extension 'ignore'
[0.482s] Level 1:colcon.colcon_core.package_identification:_identify(src) by extension 'ignore_ament_install'
[0.482s] Level 1:colcon.colcon_core.package_identification:_identify(src) by extensions ['colcon_pkg']
[0.482s] Level 1:colcon.colcon_core.package_identification:_identify(src) by extension 'colcon_pkg'
[0.482s] Level 1:colcon.colcon_core.package_identification:_identify(src) by extensions ['colcon_meta']
[0.482s] Level 1:colcon.colcon_core.package_identification:_identify(src) by extension 'colcon_meta'
[0.483s] Level 1:colcon.colcon_core.package_identification:_identify(src) by extensions ['ros']
[0.483s] Level 1:colcon.colcon_core.package_identification:_identify(src) by extension 'ros'
[0.483s] Level 1:colcon.colcon_core.package_identification:_identify(src) by extensions ['cmake', 'python']
[0.483s] Level 1:colcon.colcon_core.package_identification:_identify(src) by extension 'cmake'
[0.483s] Level 1:colcon.colcon_core.package_identification:_identify(src) by extension 'python'
[0.483s] Level 1:colcon.colcon_core.package_identification:_identify(src) by extensions ['python_setup_py']
[0.483s] Level 1:colcon.colcon_core.package_identification:_identify(src) by extension 'python_setup_py'
[0.483s] Level 1:colcon.colcon_core.package_identification:_identify(src/create_robot) by extensions ['ignore', 'ignore_ament_install']
[0.483s] Level 1:colcon.colcon_core.package_identification:_identify(src/create_robot) by extension 'ignore'
[0.483s] Level 1:colcon.colcon_core.package_identification:_identify(src/create_robot) by extension 'ignore_ament_install'
[0.483s] Level 1:colcon.colcon_core.package_identification:_identify(src/create_robot) by extensions ['colcon_pkg']
[0.483s] Level 1:colcon.colcon_core.package_identification:_identify(src/create_robot) by extension 'colcon_pkg'
[0.483s] Level 1:colcon.colcon_core.package_identification:_identify(src/create_robot) by extensions ['colcon_meta']
[0.483s] Level 1:colcon.colcon_core.package_identification:_identify(src/create_robot) by extension 'colcon_meta'
[0.484s] Level 1:colcon.colcon_core.package_identification:_identify(src/create_robot) by extensions ['ros']
[0.484s] Level 1:colcon.colcon_core.package_identification:_identify(src/create_robot) by extension 'ros'
[0.484s] Level 1:colcon.colcon_core.package_identification:_identify(src/create_robot) by extensions ['cmake', 'python']
[0.484s] Level 1:colcon.colcon_core.package_identification:_identify(src/create_robot) by extension 'cmake'
[0.484s] Level 1:colcon.colcon_core.package_identification:_identify(src/create_robot) by extension 'python'
[0.484s] Level 1:colcon.colcon_core.package_identification:_identify(src/create_robot) by extensions ['python_setup_py']
[0.484s] Level 1:colcon.colcon_core.package_identification:_identify(src/create_robot) by extension 'python_setup_py'
[0.484s] Level 1:colcon.colcon_core.package_identification:_identify(src/create_robot/build) by extensions ['ignore', 'ignore_ament_install']
[0.484s] Level 1:colcon.colcon_core.package_identification:_identify(src/create_robot/build) by extension 'ignore'
[0.484s] Level 1:colcon.colcon_core.package_identification:_identify(src/create_robot/build) ignored
[0.484s] Level 1:colcon.colcon_core.package_identification:_identify(src/create_robot/create_bringup) by extensions ['ignore', 'ignore_ament_install']
[0.484s] Level 1:colcon.colcon_core.package_identification:_identify(src/create_robot/create_bringup) by extension 'ignore'
[0.484s] Level 1:colcon.colcon_core.package_identification:_identify(src/create_robot/create_bringup) by extension 'ignore_ament_install'
[0.485s] Level 1:colcon.colcon_core.package_identification:_identify(src/create_robot/create_bringup) by extensions ['colcon_pkg']
[0.485s] Level 1:colcon.colcon_core.package_identification:_identify(src/create_robot/create_bringup) by extension 'colcon_pkg'
[0.485s] Level 1:colcon.colcon_core.package_identification:_identify(src/create_robot/create_bringup) by extensions ['colcon_meta']
[0.485s] Level 1:colcon.colcon_core.package_identification:_identify(src/create_robot/create_bringup) by extension 'colcon_meta'
[0.485s] Level 1:colcon.colcon_core.package_identification:_identify(src/create_robot/create_bringup) by extensions ['ros']
[0.485s] Level 1:colcon.colcon_core.package_identification:_identify(src/create_robot/create_bringup) by extension 'ros'
[0.501s] DEBUG:colcon.colcon_core.package_identification:Package 'src/create_robot/create_bringup' with type 'ros.ament_cmake' and name 'create_bringup'
[0.501s] Level 1:colcon.colcon_core.package_identification:_identify(src/create_robot/create_description) by extensions ['ignore', 'ignore_ament_install']
[0.501s] Level 1:colcon.colcon_core.package_identification:_identify(src/create_robot/create_description) by extension 'ignore'
[0.501s] Level 1:colcon.colcon_core.package_identification:_identify(src/create_robot/create_description) by extension 'ignore_ament_install'
[0.501s] Level 1:colcon.colcon_core.package_identification:_identify(src/create_robot/create_description) by extensions ['colcon_pkg']
[0.501s] Level 1:colcon.colcon_core.package_identification:_identify(src/create_robot/create_description) by extension 'colcon_pkg'
[0.501s] Level 1:colcon.colcon_core.package_identification:_identify(src/create_robot/create_description) by extensions ['colcon_meta']
[0.501s] Level 1:colcon.colcon_core.package_identification:_identify(src/create_robot/create_description) by extension 'colcon_meta'
[0.501s] Level 1:colcon.colcon_core.package_identification:_identify(src/create_robot/create_description) by extensions ['ros']
[0.501s] Level 1:colcon.colcon_core.package_identification:_identify(src/create_robot/create_description) by extension 'ros'
[0.502s] DEBUG:colcon.colcon_core.package_identification:Package 'src/create_robot/create_description' with type 'ros.ament_cmake' and name 'create_description'
[0.502s] Level 1:colcon.colcon_core.package_identification:_identify(src/create_robot/create_driver) by extensions ['ignore', 'ignore_ament_install']
[0.502s] Level 1:colcon.colcon_core.package_identification:_identify(src/create_robot/create_driver) by extension 'ignore'
[0.503s] Level 1:colcon.colcon_core.package_identification:_identify(src/create_robot/create_driver) by extension 'ignore_ament_install'
[0.503s] Level 1:colcon.colcon_core.package_identification:_identify(src/create_robot/create_driver) by extensions ['colcon_pkg']
[0.503s] Level 1:colcon.colcon_core.package_identification:_identify(src/create_robot/create_driver) by extension 'colcon_pkg'
[0.503s] Level 1:colcon.colcon_core.package_identification:_identify(src/create_robot/create_driver) by extensions ['colcon_meta']
[0.503s] Level 1:colcon.colcon_core.package_identification:_identify(src/create_robot/create_driver) by extension 'colcon_meta'
[0.503s] Level 1:colcon.colcon_core.package_identification:_identify(src/create_robot/create_driver) by extensions ['ros']
[0.503s] Level 1:colcon.colcon_core.package_identification:_identify(src/create_robot/create_driver) by extension 'ros'
[0.504s] DEBUG:colcon.colcon_core.package_identification:Package 'src/create_robot/create_driver' with type 'ros.ament_cmake' and name 'generic_motor_driver'
[0.505s] Level 1:colcon.colcon_core.package_identification:_identify(src/create_robot/create_msgs) by extensions ['ignore', 'ignore_ament_install']
[0.505s] Level 1:colcon.colcon_core.package_identification:_identify(src/create_robot/create_msgs) by extension 'ignore'
[0.505s] Level 1:colcon.colcon_core.package_identification:_identify(src/create_robot/create_msgs) by extension 'ignore_ament_install'
[0.505s] Level 1:colcon.colcon_core.package_identification:_identify(src/create_robot/create_msgs) by extensions ['colcon_pkg']
[0.505s] Level 1:colcon.colcon_core.package_identification:_identify(src/create_robot/create_msgs) by extension 'colcon_pkg'
[0.505s] Level 1:colcon.colcon_core.package_identification:_identify(src/create_robot/create_msgs) by extensions ['colcon_meta']
[0.505s] Level 1:colcon.colcon_core.package_identification:_identify(src/create_robot/create_msgs) by extension 'colcon_meta'
[0.505s] Level 1:colcon.colcon_core.package_identification:_identify(src/create_robot/create_msgs) by extensions ['ros']
[0.505s] Level 1:colcon.colcon_core.package_identification:_identify(src/create_robot/create_msgs) by extension 'ros'
[0.506s] DEBUG:colcon.colcon_core.package_identification:Package 'src/create_robot/create_msgs' with type 'ros.ament_cmake' and name 'create_msgs'
[0.506s] Level 1:colcon.colcon_core.package_identification:_identify(src/create_robot/create_robot) by extensions ['ignore', 'ignore_ament_install']
[0.506s] Level 1:colcon.colcon_core.package_identification:_identify(src/create_robot/create_robot) by extension 'ignore'
[0.506s] Level 1:colcon.colcon_core.package_identification:_identify(src/create_robot/create_robot) by extension 'ignore_ament_install'
[0.507s] Level 1:colcon.colcon_core.package_identification:_identify(src/create_robot/create_robot) by extensions ['colcon_pkg']
[0.507s] Level 1:colcon.colcon_core.package_identification:_identify(src/create_robot/create_robot) by extension 'colcon_pkg'
[0.507s] Level 1:colcon.colcon_core.package_identification:_identify(src/create_robot/create_robot) by extensions ['colcon_meta']
[0.507s] Level 1:colcon.colcon_core.package_identification:_identify(src/create_robot/create_robot) by extension 'colcon_meta'
[0.507s] Level 1:colcon.colcon_core.package_identification:_identify(src/create_robot/create_robot) by extensions ['ros']
[0.507s] Level 1:colcon.colcon_core.package_identification:_identify(src/create_robot/create_robot) by extension 'ros'
[0.508s] DEBUG:colcon.colcon_core.package_identification:Package 'src/create_robot/create_robot' with type 'ros.ament_cmake' and name 'create_robot'
[0.508s] Level 1:colcon.colcon_core.package_identification:_identify(src/create_robot/install) by extensions ['ignore', 'ignore_ament_install']
[0.508s] Level 1:colcon.colcon_core.package_identification:_identify(src/create_robot/install) by extension 'ignore'
[0.508s] Level 1:colcon.colcon_core.package_identification:_identify(src/create_robot/install) ignored
[0.508s] Level 1:colcon.colcon_core.package_identification:_identify(src/create_robot/log) by extensions ['ignore', 'ignore_ament_install']
[0.508s] Level 1:colcon.colcon_core.package_identification:_identify(src/create_robot/log) by extension 'ignore'
[0.508s] Level 1:colcon.colcon_core.package_identification:_identify(src/create_robot/log) ignored
[0.508s] Level 1:colcon.colcon_core.package_discovery:discover_packages(recursive) using defaults
[0.508s] Level 1:colcon.colcon_core.package_discovery:discover_packages(ignore) discover
[0.508s] Level 1:colcon.colcon_core.package_discovery:discover_packages(ignore) using defaults
[0.508s] Level 1:colcon.colcon_core.package_discovery:discover_packages(path) discover
[0.508s] Level 1:colcon.colcon_core.package_discovery:discover_packages(path) using defaults
[0.537s] INFO:colcon.colcon_core.package_selection:Skipping not selected package 'create_description' in 'src/create_robot/create_description'
[0.537s] INFO:colcon.colcon_core.package_selection:Skipping not selected package 'create_msgs' in 'src/create_robot/create_msgs'
[0.537s] INFO:colcon.colcon_core.package_selection:Skipping not selected package 'create_bringup' in 'src/create_robot/create_bringup'
[0.537s] INFO:colcon.colcon_core.package_selection:Skipping not selected package 'create_robot' in 'src/create_robot/create_robot'
[0.538s] Level 1:colcon.colcon_core.package_discovery:discover_packages(prefix_path) check parameters
[0.538s] Level 1:colcon.colcon_core.package_discovery:discover_packages(prefix_path) discover
[0.543s] DEBUG:colcon.colcon_installed_package_information.package_discovery:Found 6 installed packages in /home/user/create3_examples_ws/install
[0.544s] DEBUG:colcon.colcon_installed_package_information.package_discovery:Found 7 installed packages in /home/user/create_ws/install
[0.545s] DEBUG:colcon.colcon_installed_package_information.package_discovery:Found 2 installed packages in /home/user/sweepbot_ws/install
[0.546s] DEBUG:colcon.colcon_installed_package_information.package_discovery:Found 1 installed packages in /home/user/launch_ws/install
[0.549s] DEBUG:colcon.colcon_installed_package_information.package_discovery:Found 435 installed packages in /opt/ros/humble
[0.552s] Level 1:colcon.colcon_core.package_discovery:discover_packages(prefix_path) using defaults
[0.632s] Level 5:colcon.colcon_core.verb:set package 'generic_motor_driver' build argument 'cmake_args' from command line to 'None'
[0.633s] Level 5:colcon.colcon_core.verb:set package 'generic_motor_driver' build argument 'cmake_target' from command line to 'None'
[0.633s] Level 5:colcon.colcon_core.verb:set package 'generic_motor_driver' build argument 'cmake_target_skip_unavailable' from command line to 'False'
[0.633s] Level 5:colcon.colcon_core.verb:set package 'generic_motor_driver' build argument 'cmake_clean_cache' from command line to 'False'
[0.633s] Level 5:colcon.colcon_core.verb:set package 'generic_motor_driver' build argument 'cmake_clean_first' from command line to 'False'
[0.633s] Level 5:colcon.colcon_core.verb:set package 'generic_motor_driver' build argument 'cmake_force_configure' from command line to 'False'
[0.633s] Level 5:colcon.colcon_core.verb:set package 'generic_motor_driver' build argument 'ament_cmake_args' from command line to 'None'
[0.633s] Level 5:colcon.colcon_core.verb:set package 'generic_motor_driver' build argument 'catkin_cmake_args' from command line to 'None'
[0.633s] Level 5:colcon.colcon_core.verb:set package 'generic_motor_driver' build argument 'catkin_skip_building_tests' from command line to 'False'
[0.633s] DEBUG:colcon.colcon_core.verb:Building package 'generic_motor_driver' with the following arguments: {'ament_cmake_args': None, 'build_base': '/home/user/test_ws/build/generic_motor_driver', 'catkin_cmake_args': None, 'catkin_skip_building_tests': False, 'cmake_args': None, 'cmake_clean_cache': False, 'cmake_clean_first': False, 'cmake_force_configure': False, 'cmake_target': None, 'cmake_target_skip_unavailable': False, 'install_base': '/home/user/test_ws/install/generic_motor_driver', 'merge_install': False, 'path': '/home/user/test_ws/src/create_robot/create_driver', 'symlink_install': False, 'test_result_base': None}
[0.634s] INFO:colcon.colcon_core.executor:Executing jobs using 'parallel' executor
[0.635s] DEBUG:colcon.colcon_parallel_executor.executor.parallel:run_until_complete
[0.636s] INFO:colcon.colcon_ros.task.ament_cmake.build:Building ROS package in '/home/user/test_ws/src/create_robot/create_driver' with build type 'ament_cmake'
[0.636s] INFO:colcon.colcon_cmake.task.cmake.build:Building CMake package in '/home/user/test_ws/src/create_robot/create_driver'
[0.642s] INFO:colcon.colcon_core.plugin_system:Skipping extension 'colcon_core.shell.bat': Not used on non-Windows systems
[0.643s] INFO:colcon.colcon_core.shell:Skip shell extension 'powershell' for command environment: Not usable outside of PowerShell
[0.643s] DEBUG:colcon.colcon_core.shell:Skip shell extension 'dsv' for command environment
[0.664s] DEBUG:colcon.colcon_core.event_handler.log_command:Invoking command in '/home/user/test_ws/build/generic_motor_driver': CMAKE_PREFIX_PATH=${CMAKE_PREFIX_PATH}:/home/user/launch_ws/install/py_launch_example:/home/user/create3_examples_ws/install/create3_teleop:/home/user/create3_examples_ws/install/create3_examples_py:/home/user/sweepbot_ws/install/sweepbot:/home/user/sweepbot_ws/install/my_teleop_config:/opt/ros/humble /usr/bin/cmake /home/user/test_ws/src/create_robot/create_driver -DCMAKE_INSTALL_PREFIX=/home/user/test_ws/install/generic_motor_driver
[1.735s] DEBUG:colcon.colcon_core.event_handler.log_command:Invoked command in '/home/user/test_ws/build/generic_motor_driver' returned '0': CMAKE_PREFIX_PATH=${CMAKE_PREFIX_PATH}:/home/user/launch_ws/install/py_launch_example:/home/user/create3_examples_ws/install/create3_teleop:/home/user/create3_examples_ws/install/create3_examples_py:/home/user/sweepbot_ws/install/sweepbot:/home/user/sweepbot_ws/install/my_teleop_config:/opt/ros/humble /usr/bin/cmake /home/user/test_ws/src/create_robot/create_driver -DCMAKE_INSTALL_PREFIX=/home/user/test_ws/install/generic_motor_driver
[1.738s] DEBUG:colcon.colcon_core.event_handler.log_command:Invoking command in '/home/user/test_ws/build/generic_motor_driver': CMAKE_PREFIX_PATH=${CMAKE_PREFIX_PATH}:/home/user/launch_ws/install/py_launch_example:/home/user/create3_examples_ws/install/create3_teleop:/home/user/create3_examples_ws/install/create3_examples_py:/home/user/sweepbot_ws/install/sweepbot:/home/user/sweepbot_ws/install/my_teleop_config:/opt/ros/humble /usr/bin/cmake --build /home/user/test_ws/build/generic_motor_driver -- -j8 -l8
[21.633s] DEBUG:colcon.colcon_core.event_handler.log_command:Invoked command in '/home/user/test_ws/build/generic_motor_driver' returned '0': CMAKE_PREFIX_PATH=${CMAKE_PREFIX_PATH}:/home/user/launch_ws/install/py_launch_example:/home/user/create3_examples_ws/install/create3_teleop:/home/user/create3_examples_ws/install/create3_examples_py:/home/user/sweepbot_ws/install/sweepbot:/home/user/sweepbot_ws/install/my_teleop_config:/opt/ros/humble /usr/bin/cmake --build /home/user/test_ws/build/generic_motor_driver -- -j8 -l8
[21.646s] DEBUG:colcon.colcon_core.event_handler.log_command:Invoking command in '/home/user/test_ws/build/generic_motor_driver': CMAKE_PREFIX_PATH=${CMAKE_PREFIX_PATH}:/home/user/launch_ws/install/py_launch_example:/home/user/create3_examples_ws/install/create3_teleop:/home/user/create3_examples_ws/install/create3_examples_py:/home/user/sweepbot_ws/install/sweepbot:/home/user/sweepbot_ws/install/my_teleop_config:/opt/ros/humble /usr/bin/cmake --install /home/user/test_ws/build/generic_motor_driver
[21.676s] Level 1:colcon.colcon_core.environment:create_environment_scripts_only(generic_motor_driver)
[21.677s] DEBUG:colcon.colcon_core.event_handler.log_command:Invoked command in '/home/user/test_ws/build/generic_motor_driver' returned '0': CMAKE_PREFIX_PATH=${CMAKE_PREFIX_PATH}:/home/user/launch_ws/install/py_launch_example:/home/user/create3_examples_ws/install/create3_teleop:/home/user/create3_examples_ws/install/create3_examples_py:/home/user/sweepbot_ws/install/sweepbot:/home/user/sweepbot_ws/install/my_teleop_config:/opt/ros/humble /usr/bin/cmake --install /home/user/test_ws/build/generic_motor_driver
[21.681s] Level 1:colcon.colcon_core.environment:checking '/home/user/test_ws/install/generic_motor_driver' for CMake module files
[21.682s] Level 1:colcon.colcon_core.environment:checking '/home/user/test_ws/install/generic_motor_driver' for CMake config files
[21.682s] Level 1:colcon.colcon_core.shell:create_environment_hook('generic_motor_driver', 'cmake_prefix_path')
[21.682s] INFO:colcon.colcon_core.shell:Creating environment hook '/home/user/test_ws/install/generic_motor_driver/share/generic_motor_driver/hook/cmake_prefix_path.ps1'
[21.683s] INFO:colcon.colcon_core.shell:Creating environment descriptor '/home/user/test_ws/install/generic_motor_driver/share/generic_motor_driver/hook/cmake_prefix_path.dsv'
[21.684s] INFO:colcon.colcon_core.shell:Creating environment hook '/home/user/test_ws/install/generic_motor_driver/share/generic_motor_driver/hook/cmake_prefix_path.sh'
[21.685s] Level 1:colcon.colcon_core.environment:checking '/home/user/test_ws/install/generic_motor_driver/lib'
[21.685s] Level 1:colcon.colcon_core.environment:checking '/home/user/test_ws/install/generic_motor_driver/bin'
[21.685s] Level 1:colcon.colcon_core.environment:checking '/home/user/test_ws/install/generic_motor_driver/lib/pkgconfig/generic_motor_driver.pc'
[21.686s] Level 1:colcon.colcon_core.environment:checking '/home/user/test_ws/install/generic_motor_driver/lib/python3.10/site-packages'
[21.686s] Level 1:colcon.colcon_core.environment:checking '/home/user/test_ws/install/generic_motor_driver/bin'
[21.686s] INFO:colcon.colcon_core.shell:Creating package script '/home/user/test_ws/install/generic_motor_driver/share/generic_motor_driver/package.ps1'
[21.688s] INFO:colcon.colcon_core.shell:Creating package descriptor '/home/user/test_ws/install/generic_motor_driver/share/generic_motor_driver/package.dsv'
[21.688s] INFO:colcon.colcon_core.shell:Creating package script '/home/user/test_ws/install/generic_motor_driver/share/generic_motor_driver/package.sh'
[21.689s] INFO:colcon.colcon_core.shell:Creating package script '/home/user/test_ws/install/generic_motor_driver/share/generic_motor_driver/package.bash'
[21.691s] INFO:colcon.colcon_core.shell:Creating package script '/home/user/test_ws/install/generic_motor_driver/share/generic_motor_driver/package.zsh'
[21.692s] Level 1:colcon.colcon_core.environment:create_file_with_runtime_dependencies(/home/user/test_ws/install/generic_motor_driver/share/colcon-core/packages/generic_motor_driver)
[21.693s] Level 1:colcon.colcon_core.environment:create_environment_scripts_only(generic_motor_driver)
[21.693s] Level 1:colcon.colcon_core.environment:checking '/home/user/test_ws/install/generic_motor_driver' for CMake module files
[21.694s] Level 1:colcon.colcon_core.environment:checking '/home/user/test_ws/install/generic_motor_driver' for CMake config files
[21.694s] Level 1:colcon.colcon_core.shell:create_environment_hook('generic_motor_driver', 'cmake_prefix_path')
[21.694s] INFO:colcon.colcon_core.shell:Creating environment hook '/home/user/test_ws/install/generic_motor_driver/share/generic_motor_driver/hook/cmake_prefix_path.ps1'
[21.695s] INFO:colcon.colcon_core.shell:Creating environment descriptor '/home/user/test_ws/install/generic_motor_driver/share/generic_motor_driver/hook/cmake_prefix_path.dsv'
[21.695s] INFO:colcon.colcon_core.shell:Creating environment hook '/home/user/test_ws/install/generic_motor_driver/share/generic_motor_driver/hook/cmake_prefix_path.sh'
[21.696s] Level 1:colcon.colcon_core.environment:checking '/home/user/test_ws/install/generic_motor_driver/lib'
[21.696s] Level 1:colcon.colcon_core.environment:checking '/home/user/test_ws/install/generic_motor_driver/bin'
[21.696s] Level 1:colcon.colcon_core.environment:checking '/home/user/test_ws/install/generic_motor_driver/lib/pkgconfig/generic_motor_driver.pc'
[21.696s] Level 1:colcon.colcon_core.environment:checking '/home/user/test_ws/install/generic_motor_driver/lib/python3.10/site-packages'
[21.697s] Level 1:colcon.colcon_core.environment:checking '/home/user/test_ws/install/generic_motor_driver/bin'
[21.697s] INFO:colcon.colcon_core.shell:Creating package script '/home/user/test_ws/install/generic_motor_driver/share/generic_motor_driver/package.ps1'
[21.698s] INFO:colcon.colcon_core.shell:Creating package descriptor '/home/user/test_ws/install/generic_motor_driver/share/generic_motor_driver/package.dsv'
[21.698s] INFO:colcon.colcon_core.shell:Creating package script '/home/user/test_ws/install/generic_motor_driver/share/generic_motor_driver/package.sh'
[21.699s] INFO:colcon.colcon_core.shell:Creating package script '/home/user/test_ws/install/generic_motor_driver/share/generic_motor_driver/package.bash'
[21.699s] INFO:colcon.colcon_core.shell:Creating package script '/home/user/test_ws/install/generic_motor_driver/share/generic_motor_driver/package.zsh'
[21.700s] Level 1:colcon.colcon_core.environment:create_file_with_runtime_dependencies(/home/user/test_ws/install/generic_motor_driver/share/colcon-core/packages/generic_motor_driver)
[21.700s] DEBUG:colcon.colcon_parallel_executor.executor.parallel:closing loop
[21.700s] DEBUG:colcon.colcon_parallel_executor.executor.parallel:loop closed
[21.700s] DEBUG:colcon.colcon_parallel_executor.executor.parallel:run_until_complete finished with '0'
[21.700s] DEBUG:colcon.colcon_core.event_reactor:joining thread
[21.708s] INFO:colcon.colcon_core.plugin_system:Skipping extension 'colcon_notification.desktop_notification.terminal_notifier': Not used on non-Darwin systems
[21.709s] INFO:colcon.colcon_core.plugin_system:Skipping extension 'colcon_notification.desktop_notification.win32': Not used on non-Windows systems
[21.709s] INFO:colcon.colcon_notification.desktop_notification:Sending desktop notification using 'notify2'
[21.722s] DEBUG:colcon.colcon_core.event_reactor:joined thread
[21.723s] INFO:colcon.colcon_core.shell:Creating prefix script '/home/user/test_ws/install/local_setup.ps1'
[21.725s] INFO:colcon.colcon_core.shell:Creating prefix util module '/home/user/test_ws/install/_local_setup_util_ps1.py'
[21.728s] INFO:colcon.colcon_core.shell:Creating prefix chain script '/home/user/test_ws/install/setup.ps1'
[21.730s] INFO:colcon.colcon_core.shell:Creating prefix script '/home/user/test_ws/install/local_setup.sh'
[21.731s] INFO:colcon.colcon_core.shell:Creating prefix util module '/home/user/test_ws/install/_local_setup_util_sh.py'
[21.732s] INFO:colcon.colcon_core.shell:Creating prefix chain script '/home/user/test_ws/install/setup.sh'
[21.734s] INFO:colcon.colcon_core.shell:Creating prefix script '/home/user/test_ws/install/local_setup.bash'
[21.735s] INFO:colcon.colcon_core.shell:Creating prefix chain script '/home/user/test_ws/install/setup.bash'
[21.737s] INFO:colcon.colcon_core.shell:Creating prefix script '/home/user/test_ws/install/local_setup.zsh'
[21.738s] INFO:colcon.colcon_core.shell:Creating prefix chain script '/home/user/test_ws/install/setup.zsh'
