[0.591s] Invoking command in '/home/user/test_ws/build/create3_republisher': CMAKE_PREFIX_PATH=${CMAKE_PREFIX_PATH}:/home/user/launch_ws/install/py_launch_example:/home/user/create3_examples_ws/install/create3_teleop:/home/user/create3_examples_ws/install/create3_examples_py:/home/user/sweepbot_ws/install/sweepbot:/home/user/sweepbot_ws/install/my_teleop_config:/opt/ros/humble /usr/bin/cmake /home/user/test_ws/src/create3_examples/create3_republisher -DCMAKE_INSTALL_PREFIX=/home/user/test_ws/install/create3_republisher
[0.680s] -- The C compiler identification is GNU 11.4.0
[0.761s] -- The CXX compiler identification is GNU 11.4.0
[0.770s] -- Detecting C compiler ABI info
[0.867s] -- Detecting C compiler ABI info - done
[0.886s] -- Check for working C compiler: /usr/bin/cc - skipped
[0.886s] -- Detecting C compile features
[0.887s] -- Detecting C compile features - done
[0.896s] -- Detecting CXX compiler ABI info
[0.997s] -- Detecting CXX compiler ABI info - done
[1.005s] -- Check for working CXX compiler: /usr/bin/c++ - skipped
[1.005s] -- Detecting CXX compile features
[1.006s] -- Detecting CXX compile features - done
[1.011s] -- Found ament_cmake: 1.3.11 (/opt/ros/humble/share/ament_cmake/cmake)
[1.237s] -- Found Python3: /usr/bin/python3 (found version "3.10.12") found components: Interpreter 
[1.448s] [31mCMake Error at CMakeLists.txt:15 (find_package):
[1.449s]   By not providing "Findirobot_create_msgs.cmake" in CMAKE_MODULE_PATH this
[1.449s]   project has asked CMake to find a package configuration file provided by
[1.449s]   "irobot_create_msgs", but CMake did not find one.
[1.449s] 
[1.449s]   Could not find a package configuration file provided by
[1.449s]   "irobot_create_msgs" with any of the following names:
[1.449s] 
[1.449s]     irobot_create_msgsConfig.cmake
[1.449s]     irobot_create_msgs-config.cmake
[1.450s] 
[1.450s]   Add the installation prefix of "irobot_create_msgs" to CMAKE_PREFIX_PATH or
[1.450s]   set "irobot_create_msgs_DIR" to a directory containing one of the above
[1.450s]   files.  If "irobot_create_msgs" provides a separate development package or
[1.450s]   SDK, be sure it has been installed.
[1.450s] 
[1.450s] [0m
[1.450s] -- Configuring incomplete, errors occurred!
[1.450s] See also "/home/user/test_ws/build/create3_republisher/CMakeFiles/CMakeOutput.log".
[1.455s] Invoked command in '/home/user/test_ws/build/create3_republisher' returned '1': CMAKE_PREFIX_PATH=${CMAKE_PREFIX_PATH}:/home/user/launch_ws/install/py_launch_example:/home/user/create3_examples_ws/install/create3_teleop:/home/user/create3_examples_ws/install/create3_examples_py:/home/user/sweepbot_ws/install/sweepbot:/home/user/sweepbot_ws/install/my_teleop_config:/opt/ros/humble /usr/bin/cmake /home/user/test_ws/src/create3_examples/create3_republisher -DCMAKE_INSTALL_PREFIX=/home/user/test_ws/install/create3_republisher
