[0.068s] Invoking command in '/home/user/test_ws/build/create_description': CMAKE_PREFIX_PATH=${CMAKE_PREFIX_PATH}:/home/user/launch_ws/install/py_launch_example:/home/user/create3_examples_ws/install/create3_teleop:/home/user/create3_examples_ws/install/create3_examples_py:/home/user/sweepbot_ws/install/sweepbot:/home/user/sweepbot_ws/install/my_teleop_config:/opt/ros/humble /usr/bin/cmake --build /home/user/test_ws/build/create_description -- -j8 -l8
[1.344s] Invoked command in '/home/user/test_ws/build/create_description' returned '0': CMAKE_PREFIX_PATH=${CMAKE_PREFIX_PATH}:/home/user/launch_ws/install/py_launch_example:/home/user/create3_examples_ws/install/create3_teleop:/home/user/create3_examples_ws/install/create3_examples_py:/home/user/sweepbot_ws/install/sweepbot:/home/user/sweepbot_ws/install/my_teleop_config:/opt/ros/humble /usr/bin/cmake --build /home/user/test_ws/build/create_description -- -j8 -l8
[1.344s] Invoking command in '/home/user/test_ws/build/create_description': CMAKE_PREFIX_PATH=${CMAKE_PREFIX_PATH}:/home/user/launch_ws/install/py_launch_example:/home/user/create3_examples_ws/install/create3_teleop:/home/user/create3_examples_ws/install/create3_examples_py:/home/user/sweepbot_ws/install/sweepbot:/home/user/sweepbot_ws/install/my_teleop_config:/opt/ros/humble /usr/bin/cmake --install /home/user/test_ws/build/create_description
[1.365s] -- Install configuration: ""
[1.370s] -- Up-to-date: /home/user/test_ws/install/create_description/share/create_description/launch
[1.370s] -- Up-to-date: /home/user/test_ws/install/create_description/share/create_description/launch/create_1.launch
[1.370s] -- Up-to-date: /home/user/test_ws/install/create_description/share/create_description/launch/roomba_400.launch
[1.371s] -- Up-to-date: /home/user/test_ws/install/create_description/share/create_description/launch/create_2.launch
[1.371s] -- Up-to-date: /home/user/test_ws/install/create_description/share/create_description/meshes
[1.371s] -- Up-to-date: /home/user/test_ws/install/create_description/share/create_description/meshes/create_2.dae
[1.371s] -- Up-to-date: /home/user/test_ws/install/create_description/share/create_description/meshes/create_1.dae
[1.371s] -- Up-to-date: /home/user/test_ws/install/create_description/share/create_description/meshes/create_1.tga
[1.371s] -- Up-to-date: /home/user/test_ws/install/create_description/share/create_description/urdf
[1.371s] -- Up-to-date: /home/user/test_ws/install/create_description/share/create_description/urdf/create_base_gazebo.urdf.xacro
[1.393s] -- Up-to-date: /home/user/test_ws/install/create_description/share/create_description/urdf/create_base.urdf.xacro
[1.394s] -- Up-to-date: /home/user/test_ws/install/create_description/share/create_description/urdf/create_2_gazebo.urdf.xacro
[1.394s] -- Up-to-date: /home/user/test_ws/install/create_description/share/create_description/urdf/create_1.urdf.xacro
[1.394s] -- Up-to-date: /home/user/test_ws/install/create_description/share/create_description/urdf/create_1_gazebo.urdf.xacro
[1.394s] -- Up-to-date: /home/user/test_ws/install/create_description/share/create_description/urdf/create_2.urdf.xacro
[1.394s] -- Up-to-date: /home/user/test_ws/install/create_description/share/ament_index/resource_index/package_run_dependencies/create_description
[1.394s] -- Up-to-date: /home/user/test_ws/install/create_description/share/ament_index/resource_index/parent_prefix_path/create_description
[1.394s] -- Up-to-date: /home/user/test_ws/install/create_description/share/create_description/environment/ament_prefix_path.sh
[1.394s] -- Up-to-date: /home/user/test_ws/install/create_description/share/create_description/environment/ament_prefix_path.dsv
[1.394s] -- Up-to-date: /home/user/test_ws/install/create_description/share/create_description/environment/path.sh
[1.395s] -- Up-to-date: /home/user/test_ws/install/create_description/share/create_description/environment/path.dsv
[1.395s] -- Up-to-date: /home/user/test_ws/install/create_description/share/create_description/local_setup.bash
[1.395s] -- Up-to-date: /home/user/test_ws/install/create_description/share/create_description/local_setup.sh
[1.395s] -- Up-to-date: /home/user/test_ws/install/create_description/share/create_description/local_setup.zsh
[1.395s] -- Up-to-date: /home/user/test_ws/install/create_description/share/create_description/local_setup.dsv
[1.395s] -- Up-to-date: /home/user/test_ws/install/create_description/share/create_description/package.dsv
[1.395s] -- Up-to-date: /home/user/test_ws/install/create_description/share/ament_index/resource_index/packages/create_description
[1.396s] -- Up-to-date: /home/user/test_ws/install/create_description/share/create_description/cmake/create_descriptionConfig.cmake
[1.396s] -- Up-to-date: /home/user/test_ws/install/create_description/share/create_description/cmake/create_descriptionConfig-version.cmake
[1.396s] -- Up-to-date: /home/user/test_ws/install/create_description/share/create_description/package.xml
