-- Install configuration: ""
-- Up-to-date: /home/user/test_ws/install/create_bringup/share/create_bringup/config
-- Up-to-date: /home/user/test_ws/install/create_bringup/share/create_bringup/config/dualshock4.yaml
-- Up-to-date: /home/user/test_ws/install/create_bringup/share/create_bringup/config/log710.yaml
-- Up-to-date: /home/user/test_ws/install/create_bringup/share/create_bringup/config/default.yaml
-- Up-to-date: /home/user/test_ws/install/create_bringup/share/create_bringup/config/xbox360.yaml
-- Up-to-date: /home/user/test_ws/install/create_bringup/share/create_bringup/launch
-- Up-to-date: /home/user/test_ws/install/create_bringup/share/create_bringup/launch/log
-- Up-to-date: /home/user/test_ws/install/create_bringup/share/create_bringup/launch/log/COLCON_IGNORE
-- Up-to-date: /home/user/test_ws/install/create_bringup/share/create_bringup/launch/log/latest_build
-- Up-to-date: /home/user/test_ws/install/create_bringup/share/create_bringup/launch/log/latest
-- Up-to-date: /home/user/test_ws/install/create_bringup/share/create_bringup/launch/log/build_2025-10-07_16-41-43
-- Up-to-date: /home/user/test_ws/install/create_bringup/share/create_bringup/launch/log/build_2025-10-07_16-41-43/events.log
-- Up-to-date: /home/user/test_ws/install/create_bringup/share/create_bringup/launch/log/build_2025-10-07_16-41-43/logger_all.log
-- Up-to-date: /home/user/test_ws/install/create_bringup/share/create_bringup/launch/build
-- Up-to-date: /home/user/test_ws/install/create_bringup/share/create_bringup/launch/build/COLCON_IGNORE
-- Up-to-date: /home/user/test_ws/install/create_bringup/share/create_bringup/launch/build/.built_by
-- Up-to-date: /home/user/test_ws/install/create_bringup/share/create_bringup/launch/genericJ.launch
-- Up-to-date: /home/user/test_ws/install/create_bringup/share/create_bringup/launch/create_1.launch
-- Up-to-date: /home/user/test_ws/install/create_bringup/share/create_bringup/launch/roomba_400.launch
-- Up-to-date: /home/user/test_ws/install/create_bringup/share/create_bringup/launch/create_2.launch
-- Up-to-date: /home/user/test_ws/install/create_bringup/share/create_bringup/launch/install
-- Up-to-date: /home/user/test_ws/install/create_bringup/share/create_bringup/launch/install/COLCON_IGNORE
-- Up-to-date: /home/user/test_ws/install/create_bringup/share/create_bringup/launch/install/local_setup.sh
-- Up-to-date: /home/user/test_ws/install/create_bringup/share/create_bringup/launch/install/setup.ps1
-- Up-to-date: /home/user/test_ws/install/create_bringup/share/create_bringup/launch/install/setup.zsh
-- Up-to-date: /home/user/test_ws/install/create_bringup/share/create_bringup/launch/install/setup.bash
-- Up-to-date: /home/user/test_ws/install/create_bringup/share/create_bringup/launch/install/setup.sh
-- Up-to-date: /home/user/test_ws/install/create_bringup/share/create_bringup/launch/install/_local_setup_util_sh.py
-- Up-to-date: /home/user/test_ws/install/create_bringup/share/create_bringup/launch/install/_local_setup_util_ps1.py
-- Up-to-date: /home/user/test_ws/install/create_bringup/share/create_bringup/launch/install/local_setup.ps1
-- Up-to-date: /home/user/test_ws/install/create_bringup/share/create_bringup/launch/install/local_setup.bash
-- Up-to-date: /home/user/test_ws/install/create_bringup/share/create_bringup/launch/install/.colcon_install_layout
-- Up-to-date: /home/user/test_ws/install/create_bringup/share/create_bringup/launch/install/local_setup.zsh
-- Up-to-date: /home/user/test_ws/install/create_bringup/share/create_bringup/launch/joy_teleop.launch
-- Up-to-date: /home/user/test_ws/install/create_bringup/share/ament_index/resource_index/package_run_dependencies/create_bringup
-- Up-to-date: /home/user/test_ws/install/create_bringup/share/ament_index/resource_index/parent_prefix_path/create_bringup
-- Installing: /home/user/test_ws/install/create_bringup/share/create_bringup/environment/ament_prefix_path.sh
-- Up-to-date: /home/user/test_ws/install/create_bringup/share/create_bringup/environment/ament_prefix_path.dsv
-- Installing: /home/user/test_ws/install/create_bringup/share/create_bringup/environment/path.sh
-- Up-to-date: /home/user/test_ws/install/create_bringup/share/create_bringup/environment/path.dsv
-- Up-to-date: /home/user/test_ws/install/create_bringup/share/create_bringup/local_setup.bash
-- Up-to-date: /home/user/test_ws/install/create_bringup/share/create_bringup/local_setup.sh
-- Up-to-date: /home/user/test_ws/install/create_bringup/share/create_bringup/local_setup.zsh
-- Up-to-date: /home/user/test_ws/install/create_bringup/share/create_bringup/local_setup.dsv
-- Installing: /home/user/test_ws/install/create_bringup/share/create_bringup/package.dsv
-- Up-to-date: /home/user/test_ws/install/create_bringup/share/ament_index/resource_index/packages/create_bringup
-- Up-to-date: /home/user/test_ws/install/create_bringup/share/create_bringup/cmake/create_bringupConfig.cmake
-- Up-to-date: /home/user/test_ws/install/create_bringup/share/create_bringup/cmake/create_bringupConfig-version.cmake
-- Up-to-date: /home/user/test_ws/install/create_bringup/share/create_bringup/package.xml
